20/07/15 17:00:11 432 [INFO,parse_data:130] parsing data from ./Greed_batch/Greed_batch2.txt...
20/07/15 17:00:17 964 [INFO,parse_data:188] parse finish. got 9911 datas
20/07/15 17:00:17 964 [INFO,parse_data:130] parsing data from ./Greed_batch/Greed_batch3.txt...
20/07/15 17:00:24 194 [INFO,parse_data:188] parse finish. got 9914 datas
20/07/15 17:00:24 195 [INFO,parse_data:130] parsing data from ./Greed_batch/Greed_batch4.txt...
20/07/15 17:00:30 620 [INFO,parse_data:188] parse finish. got 9950 datas
20/07/15 17:00:30 621 [INFO,parse_data:130] parsing data from ./Greed_batch/Greed_batch1.txt...
20/07/15 17:00:31 390 [INFO,parse_data:188] parse finish. got 1228 datas
20/07/15 17:00:31 393 [INFO,train:214] NN_Second [(236, 256), (256, 128), (128, 64), (64, 64), (64, 64), (64, 64), (64, 64), (64, 64), (64, 52)] 126004
20/07/15 17:00:31 727 [INFO,train:219] random init: 3.963040 0.260726
20/07/15 17:00:31 727 [INFO,train:220] epoch num: train_loss test_loss test_correct_ratio
20/07/15 17:00:32 622 [INFO,train:241]   0: 3.732431 3.060537 0.554560
20/07/15 17:01:25 360 [INFO,train:241]  50: 0.590768 0.594340 0.768730
20/07/15 17:02:19 319 [INFO,train:241] 100: 0.374418 0.334097 0.872150
20/07/15 17:03:10 713 [INFO,train:241] 150: 0.155546 0.211310 0.928339
20/07/15 17:04:05 717 [INFO,train:241] 200: 0.077419 0.073176 0.972313
20/07/15 17:04:58 642 [INFO,train:241] 250: 0.049176 0.050243 0.982085
20/07/15 17:05:42 457 [INFO,train:241] 300: 0.044225 0.045084 0.982085
20/07/15 17:06:25 685 [INFO,train:241] 350: 0.040970 0.039547 0.982085
20/07/15 17:07:11 219 [INFO,train:241] 400: 0.038280 0.036913 0.982085
20/07/15 17:07:59 934 [INFO,train:241] 450: 0.037392 0.036249 0.982085
20/07/15 17:08:43 812 [INFO,train:241] 500: 0.037173 0.036027 0.982085
20/07/15 17:09:32 340 [INFO,train:241] 550: 0.036964 0.035798 0.982085
20/07/15 17:10:18 015 [INFO,train:241] 600: 0.036770 0.035578 0.982085
20/07/15 17:11:11 135 [INFO,train:241] 650: 0.036575 0.035388 0.982085
20/07/15 17:12:00 827 [INFO,train:241] 700: 0.036385 0.035183 0.982085
20/07/15 17:12:47 996 [INFO,train:241] 750: 0.036187 0.035023 0.982085
20/07/15 17:13:41 433 [INFO,train:241] 800: 0.036002 0.034805 0.982085
20/07/15 17:14:31 969 [INFO,train:241] 850: 0.035833 0.034674 0.982085
20/07/15 17:15:20 639 [INFO,train:241] 900: 0.035669 0.034481 0.982899
20/07/15 17:16:37 034 [INFO,parse_data:130] parsing data from ./Greed_batch/Greed_batch2.txt...
20/07/15 17:16:42 246 [INFO,parse_data:188] parse finish. got 9911 datas
20/07/15 17:16:42 247 [INFO,parse_data:130] parsing data from ./Greed_batch/Greed_batch3.txt...
20/07/15 17:16:47 714 [INFO,parse_data:188] parse finish. got 9914 datas
20/07/15 17:16:47 714 [INFO,parse_data:130] parsing data from ./Greed_batch/Greed_batch4.txt...
20/07/15 17:16:53 026 [INFO,parse_data:188] parse finish. got 9950 datas
20/07/15 17:16:53 027 [INFO,parse_data:130] parsing data from ./Greed_batch/Greed_batch1.txt...
20/07/15 17:16:53 659 [INFO,parse_data:188] parse finish. got 1228 datas
20/07/15 17:16:53 662 [INFO,train:214] NN_Second [(236, 256), (256, 128), (128, 64), (64, 64), (64, 64), (64, 64), (64, 64), (64, 64), (64, 52)] 126004
20/07/15 17:16:53 902 [INFO,train:219] random init: 3.954849 0.211221
20/07/15 17:16:53 902 [INFO,train:220] epoch num: train_loss test_loss test_correct_ratio
20/07/15 17:16:54 629 [INFO,train:241]   0: 3.635399 2.538918 0.582248
20/07/15 17:17:29 837 [INFO,train:241]  50: 0.675886 0.733634 0.735342
20/07/15 17:18:06 030 [INFO,train:241] 100: 0.356372 0.394875 0.846091
20/07/15 17:18:41 665 [INFO,train:241] 150: 0.149583 0.133079 0.953583
20/07/15 17:19:17 768 [INFO,train:241] 200: 0.074602 0.063395 0.979642
20/07/15 17:20:00 816 [INFO,train:241] 250: 0.041589 0.043622 0.980456
20/07/15 17:20:48 330 [INFO,train:241] 300: 0.037283 0.038994 0.982899
20/07/15 17:21:35 847 [INFO,train:241] 350: 0.034901 0.037327 0.983713
20/07/15 17:22:25 049 [INFO,train:241] 400: 0.032870 0.035231 0.983713
20/07/15 17:23:17 099 [INFO,train:241] 450: 0.032017 0.034710 0.983713
20/07/15 17:24:09 664 [INFO,train:241] 500: 0.031842 0.034554 0.983713
20/07/15 17:25:01 161 [INFO,train:241] 550: 0.031685 0.034416 0.983713
20/07/15 17:25:51 577 [INFO,train:241] 600: 0.031535 0.034292 0.983713
20/07/15 17:26:42 480 [INFO,train:241] 650: 0.031390 0.034173 0.983713
20/07/15 17:27:35 447 [INFO,train:241] 700: 0.031249 0.034055 0.983713
20/07/15 17:28:26 941 [INFO,train:241] 750: 0.031111 0.033927 0.983713
20/07/15 18:28:25 314 [INFO,parse_data:164] parsing data from ./Greed_batch/Greed_batch2.txt...
20/07/15 18:28:30 080 [INFO,parse_data:222] parse finish. got 12288 datas
20/07/15 18:28:30 080 [INFO,parse_data:164] parsing data from ./Greed_batch/Greed_batch3.txt...
20/07/15 18:28:34 694 [INFO,parse_data:222] parse finish. got 12288 datas
20/07/15 18:28:34 695 [INFO,parse_data:164] parsing data from ./Greed_batch/Greed_batch4.txt...
20/07/15 18:28:39 426 [INFO,parse_data:222] parse finish. got 12288 datas
20/07/15 18:28:39 427 [INFO,parse_data:164] parsing data from ./Greed_batch/Greed_batch1.txt...
20/07/15 18:28:39 996 [INFO,parse_data:222] parse finish. got 1536 datas
20/07/15 18:28:39 999 [INFO,train:248] NN_First [(184, 256), (256, 128), (128, 64), (64, 64), (64, 64), (64, 64), (64, 64), (64, 64), (64, 52)] 112692
20/07/15 18:28:40 256 [INFO,train:253] random init: 3.951511 0.173177
20/07/15 18:28:40 256 [INFO,train:254] epoch num: train_loss test_loss test_correct_ratio
20/07/15 18:28:41 155 [INFO,train:275]   0: 3.722434 3.153930 0.289714
20/07/15 18:29:24 150 [INFO,train:275]  50: 1.641535 1.642628 0.345703
20/07/15 18:30:07 358 [INFO,train:275] 100: 1.067892 1.002435 0.643229
20/07/15 18:30:50 427 [INFO,train:275] 150: 0.689020 0.735024 0.738932
20/07/15 18:31:31 506 [INFO,train:275] 200: 0.384809 0.375553 0.875000
20/07/15 18:32:14 640 [INFO,train:275] 250: 0.173885 0.171192 0.948568
20/07/15 18:33:01 148 [INFO,train:275] 300: 0.138512 0.135603 0.957031
20/07/15 18:33:48 226 [INFO,train:275] 350: 0.118643 0.113343 0.962891
20/07/15 18:34:34 924 [INFO,train:275] 400: 0.104371 0.099652 0.964193
20/07/15 18:35:22 769 [INFO,train:275] 450: 0.093513 0.090701 0.965495
20/07/15 18:36:10 035 [INFO,train:275] 500: 0.091875 0.089240 0.965495
20/07/15 18:37:01 777 [INFO,train:275] 550: 0.090395 0.087887 0.965495
20/07/15 18:37:57 050 [INFO,train:275] 600: 0.089018 0.086637 0.966146
20/07/15 18:38:51 147 [INFO,train:275] 650: 0.087734 0.085474 0.966797
20/07/15 18:39:46 305 [INFO,train:275] 700: 0.086518 0.084405 0.967448
20/07/15 18:40:41 879 [INFO,train:275] 750: 0.085326 0.083449 0.967448
20/07/15 18:41:35 313 [INFO,train:278] saved net to NN_First_9_112692.ckpt
20/07/15 18:45:15 939 [INFO,parse_data:168] parsing data from ./Greed_batch/Greed_batch2.txt...
20/07/15 18:45:20 705 [INFO,parse_data:226] parse finish. got 12288 datas
20/07/15 18:45:20 706 [INFO,parse_data:168] parsing data from ./Greed_batch/Greed_batch3.txt...
20/07/15 18:45:25 412 [INFO,parse_data:226] parse finish. got 12288 datas
20/07/15 18:45:25 412 [INFO,parse_data:168] parsing data from ./Greed_batch/Greed_batch4.txt...
20/07/15 18:45:30 163 [INFO,parse_data:226] parse finish. got 12288 datas
20/07/15 18:45:30 163 [INFO,parse_data:168] parsing data from ./Greed_batch/Greed_batch1.txt...
20/07/15 18:45:30 764 [INFO,parse_data:226] parse finish. got 1536 datas
20/07/15 18:45:30 767 [INFO,train:252] NN_First [(184, 256), (256, 128), (128, 64), (64, 64), (64, 64), (64, 64), (64, 64), (64, 64), (64, 64), (64, 64), (64, 52)] 121012
20/07/15 18:45:31 030 [INFO,train:257] random init: 3.932105 0.184245
20/07/15 18:45:31 031 [INFO,train:258] epoch num: train_loss test_loss test_correct_ratio
20/07/15 18:45:32 026 [INFO,train:279]   0: 3.594458 2.388234 0.287760
20/07/15 18:46:22 051 [INFO,train:279]  50: 1.691748 1.709871 0.339193
20/07/15 18:47:10 158 [INFO,train:279] 100: 1.689014 1.707523 0.339844
20/07/15 18:48:00 121 [INFO,train:279] 150: 1.687725 1.706205 0.340495
20/07/15 18:48:56 579 [INFO,train:279] 200: 1.684198 1.699785 0.351562
20/07/15 18:49:53 332 [INFO,train:279] 250: 1.681654 1.697306 0.349609
20/07/15 18:50:47 277 [INFO,train:279] 300: 1.681613 1.697264 0.349609
20/07/15 18:51:41 948 [INFO,train:279] 350: 1.681610 1.697265 0.349609
20/07/15 18:52:35 469 [INFO,train:279] 400: 1.680692 1.697120 0.349609
20/07/15 18:53:27 848 [INFO,parse_data:168] parsing data from ./Greed_batch/Greed_batch2.txt...
20/07/15 18:53:33 478 [INFO,parse_data:226] parse finish. got 12288 datas
20/07/15 18:53:33 479 [INFO,parse_data:168] parsing data from ./Greed_batch/Greed_batch3.txt...
20/07/15 18:53:39 115 [INFO,parse_data:226] parse finish. got 12288 datas
20/07/15 18:53:39 116 [INFO,parse_data:168] parsing data from ./Greed_batch/Greed_batch4.txt...
20/07/15 18:53:44 813 [INFO,parse_data:226] parse finish. got 12288 datas
20/07/15 18:53:44 813 [INFO,parse_data:168] parsing data from ./Greed_batch/Greed_batch5.txt...
20/07/15 18:53:50 449 [INFO,parse_data:226] parse finish. got 12288 datas
20/07/15 18:53:50 450 [INFO,parse_data:168] parsing data from ./Greed_batch/Greed_batch6.txt...
20/07/15 18:53:56 152 [INFO,parse_data:226] parse finish. got 12288 datas
20/07/15 18:53:56 152 [INFO,parse_data:168] parsing data from ./Greed_batch/Greed_batch7.txt...
20/07/15 18:54:01 904 [INFO,parse_data:226] parse finish. got 12288 datas
20/07/15 18:54:01 905 [INFO,parse_data:168] parsing data from ./Greed_batch/Greed_batch1.txt...
20/07/15 18:54:02 620 [INFO,parse_data:226] parse finish. got 1536 datas
20/07/15 18:54:02 622 [INFO,train:252] NN_First [(184, 256), (256, 128), (128, 64), (64, 64), (64, 64), (64, 64), (64, 64), (64, 64), (64, 64), (64, 64), (64, 52)] 121012
20/07/15 18:54:03 213 [INFO,train:257] random init: 3.931948 0.176432
20/07/15 18:54:03 213 [INFO,train:258] epoch num: train_loss test_loss test_correct_ratio
20/07/15 18:54:05 349 [INFO,train:279]   0: 2.568461 1.730319 0.315755
20/07/15 18:55:56 475 [INFO,train:279]  50: 1.685261 1.708173 0.336589
20/07/15 18:57:50 905 [INFO,train:279] 100: 1.373855 1.385828 0.492839
20/07/15 18:59:44 201 [INFO,train:279] 150: 0.899180 0.938476 0.662760
20/07/15 19:01:32 679 [INFO,train:279] 200: 0.531577 0.503420 0.823568
20/07/15 19:03:21 573 [INFO,train:279] 250: 0.261423 0.245901 0.910156
20/07/15 19:05:13 768 [INFO,train:279] 300: 0.201739 0.182520 0.939453
20/07/15 19:07:05 702 [INFO,train:279] 350: 0.171889 0.153271 0.951172
20/07/15 19:09:02 439 [INFO,train:279] 400: 0.137744 0.106576 0.961589
20/07/15 19:11:01 859 [INFO,train:279] 450: 0.105642 0.083070 0.964844
20/07/15 19:13:04 552 [INFO,train:279] 500: 0.100320 0.078246 0.965495
20/07/15 19:15:06 294 [INFO,train:279] 550: 0.096522 0.075137 0.966146
20/07/15 19:17:12 578 [INFO,train:279] 600: 0.093378 0.072306 0.967448
20/07/15 19:19:16 928 [INFO,train:279] 650: 0.090704 0.070428 0.967448
20/07/15 19:21:25 630 [INFO,train:279] 700: 0.088224 0.067957 0.968099
20/07/15 19:23:33 401 [INFO,train:279] 750: 0.086075 0.064529 0.969401
20/07/15 19:25:33 803 [INFO,train:282] saved net to NN_First_11_121012.ckpt
20/07/15 22:00:51 342 [INFO,parse_data:168] parsing data from ./Greed_batch/Greed_batch2.txt...
20/07/15 22:00:56 929 [INFO,parse_data:226] parse finish. got 9949 datas
20/07/15 22:00:56 930 [INFO,parse_data:168] parsing data from ./Greed_batch/Greed_batch3.txt...
20/07/15 22:01:02 657 [INFO,parse_data:226] parse finish. got 9970 datas
20/07/15 22:01:02 658 [INFO,parse_data:168] parsing data from ./Greed_batch/Greed_batch4.txt...
20/07/15 22:01:07 965 [INFO,parse_data:226] parse finish. got 9952 datas
20/07/15 22:01:07 966 [INFO,parse_data:168] parsing data from ./Greed_batch/Greed_batch1.txt...
20/07/15 22:01:08 646 [INFO,parse_data:226] parse finish. got 1255 datas
20/07/15 22:01:08 648 [INFO,train:252] NN_Last(
  (fc1): Linear(in_features=340, out_features=256, bias=True)
  (fc2): Linear(in_features=256, out_features=128, bias=True)
  (fc3): Linear(in_features=128, out_features=64, bias=True)
  (fc4): Linear(in_features=64, out_features=64, bias=True)
  (fc5): Linear(in_features=64, out_features=52, bias=True)
) 135988
20/07/15 22:01:08 888 [INFO,train:257] random init: 3.959430 0.221670
20/07/15 22:01:08 889 [INFO,train:258] epoch num: train_loss test_loss test_correct_ratio
20/07/15 22:01:09 554 [INFO,train:279]   0: 3.293898 1.019839 0.635857
20/07/15 22:01:39 907 [INFO,train:279]  50: 0.281014 0.162226 0.943426
20/07/15 22:02:12 432 [INFO,train:279] 100: 0.030322 0.017534 0.996016
20/07/15 22:02:49 943 [INFO,train:279] 150: 0.001633 0.000686 1.000000
20/07/15 22:03:38 367 [INFO,train:279] 200: 0.000316 0.000188 1.000000
20/07/15 22:04:29 058 [INFO,train:279] 250: 0.000284 0.000166 1.000000
20/07/15 22:05:20 211 [INFO,train:279] 300: 0.000262 0.000154 1.000000
20/07/15 22:06:11 469 [INFO,train:279] 350: 0.000243 0.000144 1.000000
20/07/15 22:07:03 320 [INFO,train:279] 400: 0.000226 0.000135 1.000000
20/07/15 22:07:55 700 [INFO,train:279] 450: 0.000224 0.000134 1.000000
20/07/15 22:08:49 594 [INFO,train:279] 500: 0.000223 0.000133 1.000000
20/07/15 22:09:43 511 [INFO,train:279] 550: 0.000222 0.000133 1.000000
20/07/15 22:10:36 692 [INFO,train:279] 600: 0.000221 0.000132 1.000000
20/07/15 22:11:42 194 [INFO,train:279] 650: 0.000219 0.000131 1.000000
20/07/15 22:12:43 728 [INFO,train:279] 700: 0.000218 0.000131 1.000000
20/07/15 22:13:41 076 [INFO,train:279] 750: 0.000217 0.000130 1.000000
20/07/15 22:15:37 246 [INFO,parse_data:177] parsing data from ./Greed_batch/Greed_batch2.txt...
20/07/15 22:15:42 922 [INFO,parse_data:235] parse finish. got 9949 datas
20/07/15 22:15:42 923 [INFO,parse_data:177] parsing data from ./Greed_batch/Greed_batch3.txt...
20/07/15 22:15:48 411 [INFO,parse_data:235] parse finish. got 9970 datas
20/07/15 22:15:48 412 [INFO,parse_data:177] parsing data from ./Greed_batch/Greed_batch4.txt...
20/07/15 22:15:53 982 [INFO,parse_data:235] parse finish. got 9952 datas
20/07/15 22:15:53 983 [INFO,parse_data:177] parsing data from ./Greed_batch/Greed_batch1.txt...
20/07/15 22:15:54 668 [INFO,parse_data:235] parse finish. got 1255 datas
20/07/15 22:15:54 670 [INFO,train:261] NN_Last [(340, 256), (256, 128), (128, 64), (64, 64), (64, 52)] 135988
20/07/15 22:15:54 921 [INFO,train:266] random init: 3.942955 0.245527
20/07/15 22:15:54 922 [INFO,train:267] epoch num: train_loss test_loss test_correct_ratio
20/07/15 22:15:55 612 [INFO,train:288]   0: 3.383169 1.077813 0.673307
20/07/15 22:16:28 911 [INFO,train:288]  50: 0.239802 0.163557 0.945817
20/07/15 22:17:00 284 [INFO,train:288] 100: 0.003760 0.001901 1.000000
20/07/15 22:17:38 125 [INFO,train:288] 150: 0.001789 0.001166 1.000000
20/07/15 22:18:18 374 [INFO,train:291] saved net to NN_Last_5_135988.ckpt
20/07/15 23:17:21 210 [INFO,test_accu:295] NN_First [(184, 256), (256, 128), (128, 64), (64, 64), (64, 64), (64, 64), (64, 64), (64, 64), (64, 64), (64, 64), (64, 52)] 121012
20/07/15 23:17:21 212 [INFO,parse_data:177] parsing data from ./Greed_batch/Greed_batch1.txt...
20/07/15 23:17:21 781 [INFO,parse_data:235] parse finish. got 1536 datas
20/07/15 23:18:50 602 [INFO,test_accu:295] NN_First [(184, 256), (256, 128), (128, 64), (64, 64), (64, 64), (64, 64), (64, 64), (64, 64), (64, 64), (64, 64), (64, 52)] 121012
20/07/15 23:18:50 606 [INFO,parse_data:177] parsing data from ./Greed_batch/Greed_batch1.txt...
20/07/15 23:18:51 229 [INFO,parse_data:235] parse finish. got 1536 datas
20/07/15 23:19:08 389 [INFO,test_accu:295] NN_First [(184, 256), (256, 128), (128, 64), (64, 64), (64, 64), (64, 64), (64, 64), (64, 64), (64, 64), (64, 64), (64, 52)] 121012
20/07/15 23:19:08 391 [INFO,parse_data:177] parsing data from ./Greed_batch/Greed_batch1.txt...
20/07/15 23:19:08 963 [INFO,parse_data:235] parse finish. got 1536 datas
20/07/15 23:19:18 228 [INFO,test_accu:295] NN_First [(184, 256), (256, 128), (128, 64), (64, 64), (64, 64), (64, 64), (64, 64), (64, 64), (64, 64), (64, 64), (64, 52)] 121012
20/07/15 23:19:18 230 [INFO,parse_data:177] parsing data from ./Greed_batch/Greed_batch1.txt...
20/07/15 23:19:18 793 [INFO,parse_data:235] parse finish. got 1536 datas
20/07/15 23:19:18 800 [INFO,test_accu:303] data size: torch.Size([1536, 184])
20/07/15 23:19:34 378 [INFO,test_accu:295] NN_First [(184, 256), (256, 128), (128, 64), (64, 64), (64, 64), (64, 64), (64, 64), (64, 64), (64, 64), (64, 64), (64, 52)] 121012
20/07/15 23:19:34 381 [INFO,parse_data:177] parsing data from ./Greed_batch/Greed_batch1.txt...
20/07/15 23:19:34 957 [INFO,parse_data:235] parse finish. got 1536 datas
20/07/15 23:19:34 964 [INFO,test_accu:303] data size: torch.Size([1536, 184])
20/07/15 23:19:46 169 [INFO,test_accu:295] NN_First [(184, 256), (256, 128), (128, 64), (64, 64), (64, 64), (64, 64), (64, 64), (64, 64), (64, 64), (64, 64), (64, 52)] 121012
20/07/15 23:19:46 172 [INFO,parse_data:177] parsing data from ./Greed_batch/Greed_batch1.txt...
20/07/15 23:19:46 742 [INFO,parse_data:235] parse finish. got 1536 datas
20/07/15 23:19:46 749 [INFO,test_accu:303] data size: torch.Size([1536, 184])
20/07/15 23:19:46 757 [INFO,test_accu:307] 17.198587 0.477214
20/07/15 23:22:08 597 [INFO,parse_data:177] parsing data from ./Greed_batch/Greed_batch2.txt...
20/07/15 23:22:22 826 [INFO,parse_data:177] parsing data from ./Greed_batch/Greed_batch2.txt...
20/07/15 23:22:28 257 [INFO,parse_data:235] parse finish. got 9949 datas
20/07/15 23:22:28 257 [INFO,parse_data:177] parsing data from ./Greed_batch/Greed_batch3.txt...
20/07/15 23:22:33 702 [INFO,parse_data:235] parse finish. got 9970 datas
20/07/15 23:22:33 702 [INFO,parse_data:177] parsing data from ./Greed_batch/Greed_batch1.txt...
20/07/15 23:22:34 408 [INFO,parse_data:235] parse finish. got 1255 datas
20/07/15 23:22:34 411 [INFO,train:261] NN_Last [(340, 256), (256, 128), (128, 64), (64, 64), (64, 52)] 135988
20/07/15 23:22:34 423 [INFO,train:266] random init: 3.948046 0.328287
20/07/15 23:22:34 424 [INFO,train:267] epoch num: train_loss test_loss test_correct_ratio
20/07/15 23:22:34 845 [INFO,train:288]   0: 3.833097 3.655978 0.535458
20/07/15 23:22:55 499 [INFO,train:288]  50: 0.265564 0.916751 0.802390
20/07/15 23:23:16 627 [INFO,train:288] 100: 0.046867 1.937378 0.822311
20/07/15 23:23:37 986 [INFO,train:288] 150: 0.007571 2.309883 0.828685
20/07/15 23:24:00 663 [INFO,train:291] saved net to NN_Last_5_135988.ckpt
20/07/15 23:25:04 182 [INFO,parse_data:177] parsing data from ./Greed_batch/Greed_batch2.txt...
20/07/15 23:25:09 560 [INFO,parse_data:235] parse finish. got 9949 datas
20/07/15 23:25:09 560 [INFO,parse_data:177] parsing data from ./Greed_batch/Greed_batch3.txt...
20/07/15 23:25:15 032 [INFO,parse_data:235] parse finish. got 9970 datas
20/07/15 23:25:15 032 [INFO,parse_data:177] parsing data from ./Greed_batch/Greed_batch1.txt...
20/07/15 23:25:15 732 [INFO,parse_data:235] parse finish. got 1255 datas
20/07/15 23:25:15 735 [INFO,train:261] NN_Last [(340, 256), (256, 128), (128, 64), (64, 64), (64, 52)] 135988
20/07/15 23:25:15 747 [INFO,train:266] random init: 3.954465 0.271713
20/07/15 23:25:15 748 [INFO,train:267] epoch num: train_loss test_loss test_correct_ratio
20/07/15 23:26:36 534 [INFO,parse_data:177] parsing data from ./Greed_batch/Greed_batch2.txt...
20/07/15 23:27:04 039 [INFO,parse_data:177] parsing data from ./Greed_batch/Greed_batch2.txt...
20/07/15 23:27:09 442 [INFO,parse_data:235] parse finish. got 9949 datas
20/07/15 23:27:09 442 [INFO,parse_data:177] parsing data from ./Greed_batch/Greed_batch3.txt...
20/07/15 23:27:15 047 [INFO,parse_data:235] parse finish. got 9970 datas
20/07/15 23:27:15 048 [INFO,parse_data:177] parsing data from ./Greed_batch/Greed_batch1.txt...
20/07/15 23:27:15 729 [INFO,parse_data:235] parse finish. got 1255 datas
20/07/15 23:27:15 731 [INFO,train:261] NN_Last [(340, 256), (256, 128), (128, 64), (64, 64), (64, 52)] 135988
20/07/15 23:27:15 743 [INFO,train:266] random init: 3.961448 0.274900
20/07/15 23:27:15 744 [INFO,train:267] epoch num: train_loss test_loss test_correct_ratio
20/07/15 23:27:16 198 [INFO,train:293] testloader indeed stoped
20/07/15 23:27:16 199 [INFO,train:294]   0: 3.805467 3.476036 0.539442
20/07/15 23:27:37 310 [INFO,train:293] testloader indeed stoped
20/07/15 23:27:37 310 [INFO,train:294]  50: 0.221517 0.993213 0.797610
20/07/15 23:27:59 248 [INFO,train:293] testloader indeed stoped
20/07/15 23:27:59 249 [INFO,train:294] 100: 0.058062 1.758867 0.811952
20/07/15 23:28:23 651 [INFO,train:293] testloader indeed stoped
20/07/15 23:28:23 653 [INFO,train:294] 150: 0.001565 3.525522 0.815936
20/07/15 23:28:50 481 [INFO,train:293] testloader indeed stoped
20/07/15 23:28:50 482 [INFO,train:294] 200: 0.000755 3.706127 0.819124
20/07/15 23:29:19 622 [INFO,parse_data:177] parsing data from ./Greed_batch/Greed_batch2.txt...
20/07/15 23:29:25 071 [INFO,parse_data:235] parse finish. got 9949 datas
20/07/15 23:29:25 071 [INFO,parse_data:177] parsing data from ./Greed_batch/Greed_batch3.txt...
20/07/15 23:29:30 468 [INFO,parse_data:235] parse finish. got 9970 datas
20/07/15 23:29:30 468 [INFO,parse_data:177] parsing data from ./Greed_batch/Greed_batch4.txt...
20/07/15 23:29:35 922 [INFO,parse_data:235] parse finish. got 9952 datas
20/07/15 23:29:35 923 [INFO,parse_data:177] parsing data from ./Greed_batch/Greed_batch1.txt...
20/07/15 23:29:36 622 [INFO,parse_data:235] parse finish. got 1255 datas
20/07/15 23:29:36 624 [INFO,train:261] NN_Last [(340, 256), (256, 128), (128, 64), (64, 64), (64, 52)] 135988
20/07/15 23:29:36 636 [INFO,train:266] random init: 3.948103 0.268526
20/07/15 23:29:36 637 [INFO,train:267] epoch num: train_loss test_loss test_correct_ratio
20/07/15 23:29:37 295 [INFO,train:293] testloader indeed stoped
20/07/15 23:29:37 296 [INFO,train:294]   0: 3.355739 1.053340 0.587251
20/07/15 23:30:10 136 [INFO,train:293] testloader indeed stoped
20/07/15 23:30:10 137 [INFO,train:294]  50: 0.196335 0.943096 0.832669
20/07/15 23:30:41 988 [INFO,train:293] testloader indeed stoped
20/07/15 23:30:41 989 [INFO,train:294] 100: 0.009208 2.620799 0.839841
20/07/15 23:31:21 803 [INFO,train:293] testloader indeed stoped
20/07/15 23:31:21 804 [INFO,train:294] 150: 0.006096 3.383534 0.831076
20/07/15 23:32:04 106 [INFO,train:293] testloader indeed stoped
20/07/15 23:32:04 107 [INFO,train:294] 200: 0.000783 4.078999 0.849402
20/07/15 23:32:43 479 [INFO,parse_data:177] parsing data from ./Greed_batch/Greed_batch2.txt...
20/07/15 23:32:48 843 [INFO,parse_data:235] parse finish. got 9949 datas
20/07/15 23:32:48 844 [INFO,parse_data:177] parsing data from ./Greed_batch/Greed_batch3.txt...
20/07/15 23:32:54 244 [INFO,parse_data:235] parse finish. got 9970 datas
20/07/15 23:32:54 245 [INFO,parse_data:177] parsing data from ./Greed_batch/Greed_batch4.txt...
20/07/15 23:32:59 629 [INFO,parse_data:235] parse finish. got 9952 datas
20/07/15 23:32:59 629 [INFO,parse_data:177] parsing data from ./Greed_batch/Greed_batch5.txt...
20/07/15 23:33:05 074 [INFO,parse_data:235] parse finish. got 9914 datas
20/07/15 23:33:05 075 [INFO,parse_data:177] parsing data from ./Greed_batch/Greed_batch6.txt...
20/07/15 23:33:10 548 [INFO,parse_data:235] parse finish. got 9980 datas
20/07/15 23:33:10 549 [INFO,parse_data:177] parsing data from ./Greed_batch/Greed_batch7.txt...
20/07/15 23:33:16 025 [INFO,parse_data:235] parse finish. got 9883 datas
20/07/15 23:33:16 025 [INFO,parse_data:177] parsing data from ./Greed_batch/Greed_batch1.txt...
20/07/15 23:33:16 702 [INFO,parse_data:235] parse finish. got 1255 datas
20/07/15 23:33:16 704 [INFO,train:261] NN_Last [(340, 256), (256, 128), (128, 64), (64, 64), (64, 52)] 135988
20/07/15 23:33:16 718 [INFO,train:266] random init: 3.927470 0.390438
20/07/15 23:33:16 718 [INFO,train:267] epoch num: train_loss test_loss test_correct_ratio
20/07/15 23:33:18 065 [INFO,train:293] testloader indeed stoped
20/07/15 23:33:18 066 [INFO,train:294]   0: 2.033621 0.896535 0.676494
20/07/15 23:34:22 984 [INFO,train:293] testloader indeed stoped
20/07/15 23:34:22 985 [INFO,train:294]  50: 0.078033 1.021720 0.855777
20/07/15 23:35:31 600 [INFO,train:293] testloader indeed stoped
20/07/15 23:35:31 602 [INFO,train:294] 100: 0.024722 1.760601 0.881275
20/07/15 23:36:51 505 [INFO,train:293] testloader indeed stoped
20/07/15 23:36:51 506 [INFO,train:294] 150: 0.001150 2.521170 0.890837
20/07/15 23:38:30 638 [INFO,train:293] testloader indeed stoped
20/07/15 23:38:30 639 [INFO,train:294] 200: 0.000166 3.222403 0.892430
20/07/15 23:40:23 022 [INFO,train:293] testloader indeed stoped
20/07/15 23:40:23 025 [INFO,train:294] 250: 0.000152 3.257703 0.892430
20/07/15 23:42:25 646 [INFO,train:293] testloader indeed stoped
20/07/15 23:42:25 647 [INFO,train:294] 300: 0.000140 3.291483 0.893227
20/07/15 23:44:28 596 [INFO,train:293] testloader indeed stoped
20/07/15 23:44:28 598 [INFO,train:294] 350: 0.000130 3.323336 0.893227
20/07/15 23:46:31 808 [INFO,train:293] testloader indeed stoped
20/07/15 23:46:31 809 [INFO,train:294] 400: 0.000121 3.352463 0.894821
20/07/15 23:48:28 664 [INFO,train:293] testloader indeed stoped
20/07/15 23:48:28 665 [INFO,train:294] 450: 0.000121 3.353785 0.894821
20/07/15 23:50:24 678 [INFO,train:293] testloader indeed stoped
20/07/15 23:50:24 679 [INFO,train:294] 500: 0.000120 3.355463 0.894821
20/07/15 23:52:21 818 [INFO,train:293] testloader indeed stoped
20/07/15 23:52:21 819 [INFO,train:294] 550: 0.000120 3.357166 0.894821
20/07/15 23:54:19 902 [INFO,train:293] testloader indeed stoped
20/07/15 23:54:19 903 [INFO,train:294] 600: 0.000119 3.358866 0.894821
20/07/15 23:56:17 123 [INFO,train:293] testloader indeed stoped
20/07/15 23:56:17 125 [INFO,train:294] 650: 0.000118 3.360523 0.894821
20/07/15 23:58:14 474 [INFO,train:293] testloader indeed stoped
20/07/15 23:58:14 475 [INFO,train:294] 700: 0.000118 3.362208 0.894821
20/07/16 00:00:11 983 [INFO,train:293] testloader indeed stoped
20/07/16 00:00:11 985 [INFO,train:294] 750: 0.000117 3.363928 0.894821
20/07/16 00:02:09 468 [INFO,train:293] testloader indeed stoped
20/07/16 00:02:09 469 [INFO,train:294] 800: 0.000117 3.365591 0.894821
20/07/16 00:05:13 055 [INFO,test_accu:301] NN_First [(184, 256), (256, 128), (128, 64), (64, 64), (64, 64), (64, 64), (64, 64), (64, 64), (64, 64), (64, 64), (64, 52)] 121012
20/07/16 00:05:13 058 [INFO,parse_data:177] parsing data from ./Greed_batch/Greed_batch1.txt...
20/07/16 00:05:13 629 [INFO,parse_data:235] parse finish. got 1536 datas
20/07/16 00:05:13 635 [INFO,test_accu:309] data size: torch.Size([1536, 184])
20/07/16 00:05:13 646 [INFO,test_accu:318] testloader indeed stoped
20/07/16 00:05:13 646 [INFO,test_accu:319] 17.198587 0.477214
20/07/16 00:07:22 340 [INFO,test_accu:301] NN_First [(184, 256), (256, 128), (128, 64), (64, 64), (64, 64), (64, 64), (64, 64), (64, 64), (64, 64), (64, 64), (64, 52)] 121012
20/07/16 00:07:22 343 [INFO,parse_data:177] parsing data from ./Greed_batch/Greed_batch1.txt...
20/07/16 00:07:22 907 [INFO,parse_data:235] parse finish. got 1536 datas
20/07/16 00:07:22 914 [INFO,test_accu:309] data size: torch.Size([1536, 184])
20/07/16 00:07:22 925 [INFO,test_accu:318] testloader indeed stoped
20/07/16 00:07:22 925 [INFO,test_accu:319] 17.198587 0.477214
20/07/16 00:07:22 929 [INFO,test_accu:301] NN_Second(
  (fc1): Linear(in_features=236, out_features=256, bias=True)
  (fc2): Linear(in_features=256, out_features=128, bias=True)
  (fc3): Linear(in_features=128, out_features=64, bias=True)
  (fc4): Linear(in_features=64, out_features=64, bias=True)
  (fc5): Linear(in_features=64, out_features=64, bias=True)
  (fc6): Linear(in_features=64, out_features=64, bias=True)
  (fc7): Linear(in_features=64, out_features=64, bias=True)
  (fc8): Linear(in_features=64, out_features=64, bias=True)
  (fc9): Linear(in_features=64, out_features=52, bias=True)
)
20/07/16 00:07:22 931 [INFO,parse_data:177] parsing data from ./Greed_batch/Greed_batch1.txt...
20/07/16 00:07:23 591 [INFO,parse_data:235] parse finish. got 1228 datas
20/07/16 00:07:23 595 [INFO,test_accu:309] data size: torch.Size([1228, 236])
20/07/16 00:07:23 600 [INFO,test_accu:318] testloader indeed stoped
20/07/16 00:07:23 601 [INFO,test_accu:319] 9.488150 0.715798
20/07/16 00:07:23 605 [INFO,test_accu:301] NN_Third [(288, 256), (256, 128), (128, 64), (64, 64), (64, 64), (64, 64), (64, 52)] 130996
20/07/16 00:07:23 607 [INFO,parse_data:177] parsing data from ./Greed_batch/Greed_batch1.txt...
20/07/16 00:07:24 282 [INFO,parse_data:235] parse finish. got 1233 datas
20/07/16 00:07:24 288 [INFO,test_accu:309] data size: torch.Size([1233, 288])
20/07/16 00:07:24 294 [INFO,test_accu:318] testloader indeed stoped
20/07/16 00:07:24 295 [INFO,test_accu:319] 7.238100 0.797242
20/07/16 00:07:24 300 [INFO,test_accu:301] NN_Last [(340, 256), (256, 128), (128, 64), (64, 64), (64, 52)] 135988
20/07/16 00:07:24 301 [INFO,parse_data:177] parsing data from ./Greed_batch/Greed_batch1.txt...
20/07/16 00:07:24 982 [INFO,parse_data:235] parse finish. got 1255 datas
20/07/16 00:07:24 988 [INFO,test_accu:309] data size: torch.Size([1255, 340])
20/07/16 00:07:24 995 [INFO,test_accu:318] testloader indeed stoped
20/07/16 00:07:24 996 [INFO,test_accu:319] 2.393224 0.857371
20/07/16 00:08:25 498 [INFO,test_accu:307] NN_First [(184, 256), (256, 128), (128, 64), (64, 64), (64, 64), (64, 64), (64, 64), (64, 64), (64, 64), (64, 64), (64, 52)] 121012
20/07/16 00:08:25 502 [INFO,parse_data:183] parsing data from ./Greed_batch/Greed_batch1.txt...
20/07/16 00:08:26 099 [INFO,parse_data:241] parse finish. got 1536 datas
20/07/16 00:08:26 106 [INFO,test_accu:315] data size: torch.Size([1536, 184])
20/07/16 00:08:26 119 [INFO,test_accu:324] testloader indeed stoped
20/07/16 00:08:26 120 [INFO,test_accu:325] 17.198587 0.477214
20/07/16 00:08:43 499 [INFO,test_accu:307] NN_Second [(236, 256), (256, 128), (128, 64), (64, 64), (64, 64), (64, 64), (64, 64), (64, 64), (64, 52)] 126004
20/07/16 00:08:43 502 [INFO,parse_data:183] parsing data from ./Greed_batch/Greed_batch1.txt...
20/07/16 00:08:44 323 [INFO,parse_data:241] parse finish. got 1228 datas
20/07/16 00:08:44 330 [INFO,test_accu:315] data size: torch.Size([1228, 236])
20/07/16 00:08:44 339 [INFO,test_accu:324] testloader indeed stoped
20/07/16 00:08:44 340 [INFO,test_accu:325] 9.488150 0.715798
20/07/16 00:08:59 574 [INFO,test_accu:307] NN_Third [(288, 256), (256, 128), (128, 64), (64, 64), (64, 64), (64, 64), (64, 52)] 130996
20/07/16 00:08:59 576 [INFO,parse_data:183] parsing data from ./Greed_batch/Greed_batch1.txt...
20/07/16 00:09:00 304 [INFO,parse_data:241] parse finish. got 1233 datas
20/07/16 00:09:00 310 [INFO,test_accu:315] data size: torch.Size([1233, 288])
20/07/16 00:09:00 316 [INFO,test_accu:324] testloader indeed stoped
20/07/16 00:09:00 317 [INFO,test_accu:325] 7.238100 0.797242
20/07/16 00:09:14 548 [INFO,test_accu:307] NN_Last [(340, 256), (256, 128), (128, 64), (64, 64), (64, 52)] 135988
20/07/16 00:09:14 551 [INFO,parse_data:183] parsing data from ./Greed_batch/Greed_batch1.txt...
20/07/16 00:09:15 254 [INFO,parse_data:241] parse finish. got 1255 datas
20/07/16 00:09:15 260 [INFO,test_accu:315] data size: torch.Size([1255, 340])
20/07/16 00:09:15 271 [INFO,test_accu:324] testloader indeed stoped
20/07/16 00:09:15 272 [INFO,test_accu:325] 2.393224 0.857371
