20/12/10 08:40:14 157 [ERR,main:457] :
Traceback (most recent call last):
  File "./MrZeroTree.py", line 455, in main
    train(pv_net)
  File "./MrZeroTree.py", line 397, in train
    p.start()
  File "/usr/lib/python3.6/multiprocessing/process.py", line 105, in start
    self._popen = self._Popen(self)
  File "/usr/lib/python3.6/multiprocessing/context.py", line 223, in _Popen
    return _default_context.get_context().Process._Popen(process_obj)
  File "/usr/lib/python3.6/multiprocessing/context.py", line 284, in _Popen
    return Popen(process_obj)
OSError: [Errno 24] Too many open files

[W CudaIPCTypes.cpp:22] Producer process has been terminated before all shared CUDA tensors released. See Note [Sharing CUDA tensors]

20/12/10 02:11:29 879 [INFO,main:453] init pv_net: PV_NET [(688, 1024), (1024, 1024), (1024, 256), (256, 256), (256, 256), (256, 256), (256, 256), (256, 256), (256, 256), (256, 52), (256, 1)] 2425909
20/12/10 02:11:31 775 [INFO,train:380] optimizer: {'lr': 0.001, 'betas': (0.9, 0.999), 'eps': 1e-07, 'weight_decay': 0.0001, 'amsgrad': False}
20/12/10 02:11:32 399 [INFO,benchmark:279] start benchmark against MrGreed for 1024x2
20/12/10 02:12:34 729 [INFO,train:412] #epoch: loss1 loss2 grad1/grad2 amp_probe #train_datas
20/12/10 02:12:34 739 [INFO,train:427] 0: 2.56 63.35 0.0060 0.0189 1316
20/12/10 02:12:34 752 [INFO,train:443]         epoch 0 age 0: 2.56 63.35
20/12/10 02:12:34 835 [INFO,train:443]         epoch 0 age 10: 2.44 39.38
20/12/10 02:12:34 935 [INFO,train:443]         epoch 0 age 20: 2.27 13.72
20/12/10 02:12:35 034 [INFO,train:443]         epoch 0 age 30: 2.16 7.09
20/12/10 02:12:35 129 [INFO,train:443]         epoch 0 age 40: 2.00 4.94
20/12/10 02:17:32 456 [INFO,benchmark:301] benchmark at epoch 0's result: -281.70 5.11
20/12/10 02:23:12 666 [INFO,train:427] 10: 3.38 59.15 0.0656 0.0196 1220
20/12/10 02:23:12 672 [INFO,train:443]         epoch 10 age 0: 3.38 59.15
20/12/10 02:23:12 746 [INFO,train:443]         epoch 10 age 10: 2.11 24.33
20/12/10 02:23:12 829 [INFO,train:443]         epoch 10 age 20: 1.67 10.69
20/12/10 02:23:12 913 [INFO,train:443]         epoch 10 age 30: 1.36 6.33
20/12/10 02:23:12 998 [INFO,train:443]         epoch 10 age 40: 1.11 2.69
20/12/10 02:32:43 733 [INFO,benchmark:279] start benchmark against MrGreed for 1024x2
20/12/10 02:33:46 387 [INFO,train:427] 20: 3.07 71.42 0.0603 0.0217 1272
20/12/10 02:33:46 397 [INFO,train:443]         epoch 20 age 0: 3.07 71.42
20/12/10 02:33:46 486 [INFO,train:443]         epoch 20 age 10: 1.96 15.28
20/12/10 02:33:46 582 [INFO,train:443]         epoch 20 age 20: 1.47 10.56
20/12/10 02:33:46 680 [INFO,train:443]         epoch 20 age 30: 1.15 7.94
20/12/10 02:33:46 777 [INFO,train:443]         epoch 20 age 40: 0.90 6.76
20/12/10 02:38:42 259 [INFO,benchmark:301] benchmark at epoch 20's result: -260.21 5.34

20/12/10 02:45:23 591 [INFO,main:453] init pv_net: PV_NET [(688, 1024), (1024, 1024), (1024, 256), (256, 256), (256, 256), (256, 256), (256, 256), (256, 256), (256, 256), (256, 52), (256, 1)] 2425909
20/12/10 02:45:25 472 [INFO,train:380] optimizer: {'lr': 0.001, 'betas': (0.9, 0.999), 'eps': 1e-07, 'weight_decay': 0.0001, 'amsgrad': False}
20/12/10 02:45:26 069 [INFO,benchmark:279] start benchmark against MrGreed for 1024x2
20/12/10 02:46:30 406 [INFO,train:412] #epoch: loss1 loss2 grad1/grad2 amp_probe #train_datas
20/12/10 02:46:30 416 [INFO,train:427] 0: 2.54 47.14 0.0045 0.0192 1332
20/12/10 02:46:30 429 [INFO,train:443]         epoch 0 age 0: 2.54 47.14
20/12/10 02:46:30 510 [INFO,train:443]         epoch 0 age 10: 2.37 23.90
20/12/10 02:46:30 610 [INFO,train:443]         epoch 0 age 20: 2.07 15.14
20/12/10 02:46:30 708 [INFO,train:443]         epoch 0 age 30: 1.97 10.45
20/12/10 02:46:30 802 [INFO,train:443]         epoch 0 age 40: 1.85 7.30
20/12/10 02:51:23 889 [INFO,benchmark:301] benchmark at epoch 0's result: -286.04 5.21
20/12/10 02:57:05 124 [INFO,train:427] 10: 3.05 98.57 0.0207 0.0203 1268
20/12/10 02:57:05 133 [INFO,train:443]         epoch 10 age 0: 3.05 98.57
20/12/10 02:57:05 212 [INFO,train:443]         epoch 10 age 10: 2.51 42.22
20/12/10 02:57:05 299 [INFO,train:443]         epoch 10 age 20: 2.14 14.97
20/12/10 02:57:05 387 [INFO,train:443]         epoch 10 age 30: 1.74 9.12
20/12/10 02:57:05 470 [INFO,train:443]         epoch 10 age 40: 1.34 8.98
20/12/10 03:06:36 884 [INFO,benchmark:279] start benchmark against MrGreed for 1024x2
20/12/10 03:07:41 831 [INFO,train:427] 20: 3.35 58.19 0.0681 0.0219 1320
20/12/10 03:07:41 837 [INFO,train:443]         epoch 20 age 0: 3.35 58.19
20/12/10 03:07:41 911 [INFO,train:443]         epoch 20 age 10: 1.61 18.15
20/12/10 03:07:41 994 [INFO,train:443]         epoch 20 age 20: 1.08 9.54
20/12/10 03:07:42 088 [INFO,train:443]         epoch 20 age 30: 0.71 7.17
20/12/10 03:07:42 188 [INFO,train:443]         epoch 20 age 40: 0.43 8.94
20/12/10 03:12:37 755 [INFO,benchmark:301] benchmark at epoch 20's result: -259.44 5.11
20/12/10 03:18:17 850 [INFO,train:427] 30: 3.20 77.73 0.1044 0.0245 1320
20/12/10 03:18:17 855 [INFO,train:443]         epoch 30 age 0: 3.20 77.73
20/12/10 03:18:17 930 [INFO,train:443]         epoch 30 age 10: 1.62 60.30
20/12/10 03:18:18 013 [INFO,train:443]         epoch 30 age 20: 1.11 18.18
20/12/10 03:18:18 103 [INFO,train:443]         epoch 30 age 30: 0.75 9.51
20/12/10 03:18:18 192 [INFO,train:443]         epoch 30 age 40: 0.56 7.74
20/12/10 03:27:38 672 [INFO,benchmark:279] start benchmark against MrGreed for 1024x2
20/12/10 03:28:42 698 [INFO,train:427] 40: 2.57 49.22 0.0191 0.0262 1268
20/12/10 03:28:42 703 [INFO,train:443]         epoch 40 age 0: 2.57 49.22
20/12/10 03:28:42 778 [INFO,train:443]         epoch 40 age 10: 1.28 11.25
20/12/10 03:28:42 870 [INFO,train:443]         epoch 40 age 20: 0.89 7.90
20/12/10 03:28:42 965 [INFO,train:443]         epoch 40 age 30: 0.62 5.11
20/12/10 03:28:43 059 [INFO,train:443]         epoch 40 age 40: 0.44 5.14
20/12/10 03:33:34 531 [INFO,benchmark:301] benchmark at epoch 40's result: -281.27 5.17
20/12/10 03:39:12 104 [INFO,train:427] 50: 2.44 81.31 0.0164 0.0287 1276
20/12/10 03:39:12 113 [INFO,train:443]         epoch 50 age 0: 2.44 81.31
20/12/10 03:39:12 184 [INFO,train:443]         epoch 50 age 10: 1.27 29.66
20/12/10 03:39:12 269 [INFO,train:443]         epoch 50 age 20: 0.84 13.44
20/12/10 03:39:12 358 [INFO,train:443]         epoch 50 age 30: 0.58 6.52
20/12/10 03:39:12 445 [INFO,train:443]         epoch 50 age 40: 0.40 4.19
20/12/10 03:48:34 392 [INFO,benchmark:279] start benchmark against MrGreed for 1024x2
20/12/10 03:49:36 180 [INFO,train:427] 60: 3.03 51.80 0.0373 0.0307 1196
20/12/10 03:49:36 192 [INFO,train:443]         epoch 60 age 0: 3.03 51.80
20/12/10 03:49:36 288 [INFO,train:443]         epoch 60 age 10: 1.13 12.62
20/12/10 03:49:36 373 [INFO,train:443]         epoch 60 age 20: 0.64 6.74
20/12/10 03:49:36 462 [INFO,train:443]         epoch 60 age 30: 0.39 4.22
20/12/10 03:49:36 555 [INFO,train:443]         epoch 60 age 40: 0.24 4.32
20/12/10 03:54:29 146 [INFO,benchmark:301] benchmark at epoch 60's result: -300.70 5.11
20/12/10 03:59:57 944 [INFO,train:427] 70: 2.66 49.90 0.0414 0.0336 1332
20/12/10 03:59:57 950 [INFO,train:443]         epoch 70 age 0: 2.66 49.90
20/12/10 03:59:58 034 [INFO,train:443]         epoch 70 age 10: 0.86 14.95
20/12/10 03:59:58 133 [INFO,train:443]         epoch 70 age 20: 0.52 9.44
20/12/10 03:59:58 225 [INFO,train:443]         epoch 70 age 30: 0.33 5.14
20/12/10 03:59:58 313 [INFO,train:443]         epoch 70 age 40: 0.22 3.32
20/12/10 04:09:19 612 [INFO,benchmark:279] start benchmark against MrGreed for 1024x2
20/12/10 04:10:21 196 [INFO,train:427] 80: 2.69 48.70 0.0477 0.0365 1268
20/12/10 04:10:21 205 [INFO,train:443]         epoch 80 age 0: 2.69 48.70
20/12/10 04:10:21 288 [INFO,train:443]         epoch 80 age 10: 0.97 18.72
20/12/10 04:10:21 379 [INFO,train:443]         epoch 80 age 20: 0.60 10.16
20/12/10 04:10:21 471 [INFO,train:443]         epoch 80 age 30: 0.37 5.58
20/12/10 04:10:21 565 [INFO,train:443]         epoch 80 age 40: 0.24 7.98
20/12/10 04:15:14 455 [INFO,benchmark:301] benchmark at epoch 80's result: -289.06 5.25
20/12/10 04:20:43 458 [INFO,train:427] 90: 2.28 45.11 0.0385 0.0393 1220
20/12/10 04:20:43 464 [INFO,train:443]         epoch 90 age 0: 2.28 45.11
20/12/10 04:20:43 536 [INFO,train:443]         epoch 90 age 10: 0.84 20.38
20/12/10 04:20:43 618 [INFO,train:443]         epoch 90 age 20: 0.42 9.15
20/12/10 04:20:43 701 [INFO,train:443]         epoch 90 age 30: 0.24 4.93
20/12/10 04:20:43 786 [INFO,train:443]         epoch 90 age 40: 0.16 7.57
20/12/10 04:29:57 751 [INFO,benchmark:279] start benchmark against MrGreed for 1024x2
20/12/10 04:31:01 676 [INFO,train:427] 100: 2.13 52.91 0.0404 0.0416 1288
20/12/10 04:31:01 682 [INFO,train:443]         epoch 100 age 0: 2.13 52.91
20/12/10 04:31:01 765 [INFO,train:443]         epoch 100 age 10: 0.73 14.02
20/12/10 04:31:01 862 [INFO,train:443]         epoch 100 age 20: 0.42 7.82
20/12/10 04:31:01 958 [INFO,train:443]         epoch 100 age 30: 0.25 4.49
20/12/10 04:31:02 055 [INFO,train:443]         epoch 100 age 40: 0.16 3.02
20/12/10 04:35:53 095 [INFO,benchmark:301] benchmark at epoch 100's result: -284.73 5.09
20/12/10 04:41:38 119 [INFO,train:427] 110: 1.68 77.16 0.0143 0.0436 1228
20/12/10 04:41:38 125 [INFO,train:443]         epoch 110 age 0: 1.68 77.16
20/12/10 04:41:38 201 [INFO,train:443]         epoch 110 age 10: 0.63 24.19
20/12/10 04:41:38 302 [INFO,train:443]         epoch 110 age 20: 0.33 11.86
20/12/10 04:41:38 389 [INFO,train:443]         epoch 110 age 30: 0.19 7.21
20/12/10 04:41:38 475 [INFO,train:443]         epoch 110 age 40: 0.13 5.21
20/12/10 04:51:04 675 [INFO,benchmark:279] start benchmark against MrGreed for 1024x2
20/12/10 04:52:06 540 [INFO,train:427] 120: 2.18 59.28 0.0306 0.0465 1224
20/12/10 04:52:06 548 [INFO,train:443]         epoch 120 age 0: 2.18 59.28
20/12/10 04:52:06 626 [INFO,train:443]         epoch 120 age 10: 0.78 15.03
20/12/10 04:52:06 720 [INFO,train:443]         epoch 120 age 20: 0.44 7.86
20/12/10 04:52:06 809 [INFO,train:443]         epoch 120 age 30: 0.25 5.08
20/12/10 04:52:06 900 [INFO,train:443]         epoch 120 age 40: 0.16 3.42
20/12/10 04:57:03 503 [INFO,benchmark:301] benchmark at epoch 120's result: -286.57 5.23
20/12/10 05:02:44 041 [INFO,train:427] 130: 2.06 66.06 0.0306 0.0490 1304
20/12/10 05:02:44 047 [INFO,train:443]         epoch 130 age 0: 2.06 66.06
20/12/10 05:02:44 119 [INFO,train:443]         epoch 130 age 10: 0.68 27.55
20/12/10 05:02:44 204 [INFO,train:443]         epoch 130 age 20: 0.41 16.02
20/12/10 05:02:44 293 [INFO,train:443]         epoch 130 age 30: 0.23 9.71
20/12/10 05:02:44 380 [INFO,train:443]         epoch 130 age 40: 0.16 4.01
20/12/10 05:12:20 096 [INFO,benchmark:279] start benchmark against MrGreed for 1024x2
20/12/10 05:13:29 344 [INFO,train:427] 140: 2.04 45.76 0.0233 0.0514 1248
20/12/10 05:13:29 353 [INFO,train:443]         epoch 140 age 0: 2.04 45.76
20/12/10 05:13:29 426 [INFO,train:443]         epoch 140 age 10: 0.70 16.86
20/12/10 05:13:29 517 [INFO,train:443]         epoch 140 age 20: 0.38 8.54
20/12/10 05:13:29 609 [INFO,train:443]         epoch 140 age 30: 0.22 4.58
20/12/10 05:13:29 704 [INFO,train:443]         epoch 140 age 40: 0.15 5.58
20/12/10 05:18:14 947 [INFO,benchmark:301] benchmark at epoch 140's result: -280.39 5.05
20/12/10 05:24:41 405 [INFO,train:427] 150: 1.81 51.60 0.0532 0.0542 1288
20/12/10 05:24:41 411 [INFO,train:443]         epoch 150 age 0: 1.81 51.60
20/12/10 05:24:41 483 [INFO,train:443]         epoch 150 age 10: 0.70 23.34
20/12/10 05:24:41 568 [INFO,train:443]         epoch 150 age 20: 0.42 11.22
20/12/10 05:24:41 659 [INFO,train:443]         epoch 150 age 30: 0.25 5.59
20/12/10 05:24:41 751 [INFO,train:443]         epoch 150 age 40: 0.16 4.75
20/12/10 05:34:40 128 [INFO,benchmark:279] start benchmark against MrGreed for 1024x2
20/12/10 05:35:46 044 [INFO,train:427] 160: 1.91 50.05 0.0265 0.0566 1268
20/12/10 05:35:46 053 [INFO,train:443]         epoch 160 age 0: 1.91 50.05
20/12/10 05:35:46 138 [INFO,train:443]         epoch 160 age 10: 0.62 17.53
20/12/10 05:35:46 232 [INFO,train:443]         epoch 160 age 20: 0.35 11.25
20/12/10 05:35:46 331 [INFO,train:443]         epoch 160 age 30: 0.21 7.14
20/12/10 05:35:46 429 [INFO,train:443]         epoch 160 age 40: 0.13 3.93
20/12/10 05:40:31 792 [INFO,benchmark:301] benchmark at epoch 160's result: -283.59 5.12
20/12/10 05:46:52 658 [INFO,train:427] 170: 2.09 85.90 0.0276 0.0595 1176
20/12/10 05:46:52 664 [INFO,train:443]         epoch 170 age 0: 2.09 85.90
20/12/10 05:46:52 737 [INFO,train:443]         epoch 170 age 10: 0.70 34.98
20/12/10 05:46:52 824 [INFO,train:443]         epoch 170 age 20: 0.37 12.92
20/12/10 05:46:52 912 [INFO,train:443]         epoch 170 age 30: 0.22 7.62
20/12/10 05:46:52 997 [INFO,train:443]         epoch 170 age 40: 0.14 3.96
20/12/10 05:56:55 981 [INFO,benchmark:279] start benchmark against MrGreed for 1024x2
20/12/10 05:58:03 833 [INFO,train:427] 180: 1.85 70.14 0.0273 0.0622 1244
20/12/10 05:58:03 842 [INFO,train:443]         epoch 180 age 0: 1.85 70.14
20/12/10 05:58:03 924 [INFO,train:443]         epoch 180 age 10: 0.65 18.24
20/12/10 05:58:04 019 [INFO,train:443]         epoch 180 age 20: 0.37 11.75
20/12/10 05:58:04 113 [INFO,train:443]         epoch 180 age 30: 0.23 6.50
20/12/10 05:58:04 211 [INFO,train:443]         epoch 180 age 40: 0.16 3.12
20/12/10 06:02:56 081 [INFO,benchmark:301] benchmark at epoch 180's result: -271.97 5.24
20/12/10 06:09:10 896 [INFO,train:427] 190: 2.05 66.09 0.0540 0.0644 1240
20/12/10 06:09:10 902 [INFO,train:443]         epoch 190 age 0: 2.05 66.09
20/12/10 06:09:10 974 [INFO,train:443]         epoch 190 age 10: 0.71 24.61
20/12/10 06:09:11 066 [INFO,train:443]         epoch 190 age 20: 0.39 10.01
20/12/10 06:09:11 158 [INFO,train:443]         epoch 190 age 30: 0.25 7.45
20/12/10 06:09:11 245 [INFO,train:443]         epoch 190 age 40: 0.16 4.71
20/12/10 06:19:02 637 [INFO,benchmark:279] start benchmark against MrGreed for 1024x2
20/12/10 06:20:10 160 [INFO,train:427] 200: 2.02 48.33 0.0438 0.0668 1284
20/12/10 06:20:10 170 [INFO,train:443]         epoch 200 age 0: 2.02 48.33
20/12/10 06:20:10 257 [INFO,train:443]         epoch 200 age 10: 0.70 19.63
20/12/10 06:20:10 353 [INFO,train:443]         epoch 200 age 20: 0.36 11.99
20/12/10 06:20:10 444 [INFO,train:443]         epoch 200 age 30: 0.21 8.21
20/12/10 06:20:10 539 [INFO,train:443]         epoch 200 age 40: 0.13 4.87
20/12/10 06:25:01 778 [INFO,benchmark:301] benchmark at epoch 200's result: -291.10 5.06
20/12/10 06:31:11 313 [INFO,train:427] 210: 1.99 47.43 0.0539 0.0693 1188
20/12/10 06:31:11 319 [INFO,train:443]         epoch 210 age 0: 1.99 47.43
20/12/10 06:31:11 391 [INFO,train:443]         epoch 210 age 10: 0.59 20.45
20/12/10 06:31:11 474 [INFO,train:443]         epoch 210 age 20: 0.30 8.68
20/12/10 06:31:11 558 [INFO,train:443]         epoch 210 age 30: 0.17 4.14
20/12/10 06:31:11 643 [INFO,train:443]         epoch 210 age 40: 0.11 6.42
20/12/10 06:41:13 446 [INFO,benchmark:279] start benchmark against MrGreed for 1024x2
20/12/10 06:42:23 299 [INFO,train:427] 220: 1.81 41.68 0.0487 0.0717 1264
20/12/10 06:42:23 305 [INFO,train:443]         epoch 220 age 0: 1.81 41.68
20/12/10 06:42:23 397 [INFO,train:443]         epoch 220 age 10: 0.67 15.50
20/12/10 06:42:23 495 [INFO,train:443]         epoch 220 age 20: 0.37 9.30
20/12/10 06:42:23 594 [INFO,train:443]         epoch 220 age 30: 0.21 5.68
20/12/10 06:42:23 692 [INFO,train:443]         epoch 220 age 40: 0.14 3.70
20/12/10 06:47:26 900 [INFO,benchmark:301] benchmark at epoch 220's result: -269.03 5.24
20/12/10 06:53:36 123 [INFO,train:427] 230: 2.00 67.34 0.0506 0.0742 1268
20/12/10 06:53:36 129 [INFO,train:443]         epoch 230 age 0: 2.00 67.34
20/12/10 06:53:36 203 [INFO,train:443]         epoch 230 age 10: 0.62 23.00
20/12/10 06:53:36 288 [INFO,train:443]         epoch 230 age 20: 0.33 8.96
20/12/10 06:53:36 374 [INFO,train:443]         epoch 230 age 30: 0.20 5.22
20/12/10 06:53:36 461 [INFO,train:443]         epoch 230 age 40: 0.13 3.61
20/12/10 07:03:37 487 [INFO,benchmark:279] start benchmark against MrGreed for 1024x2
20/12/10 07:04:44 947 [INFO,train:427] 240: 1.62 52.38 0.0512 0.0756 1280
20/12/10 07:04:44 956 [INFO,train:443]         epoch 240 age 0: 1.62 52.38
20/12/10 07:04:45 037 [INFO,train:443]         epoch 240 age 10: 0.64 22.25
20/12/10 07:04:45 138 [INFO,train:443]         epoch 240 age 20: 0.36 11.66
20/12/10 07:04:45 234 [INFO,train:443]         epoch 240 age 30: 0.24 6.79
20/12/10 07:04:45 326 [INFO,train:443]         epoch 240 age 40: 0.16 3.91
20/12/10 07:09:36 033 [INFO,benchmark:301] benchmark at epoch 240's result: -272.19 5.19
20/12/10 07:15:53 658 [INFO,train:427] 250: 1.71 74.52 0.0299 0.0770 1324
20/12/10 07:15:53 664 [INFO,train:443]         epoch 250 age 0: 1.71 74.52
20/12/10 07:15:53 736 [INFO,train:443]         epoch 250 age 10: 0.50 31.08
20/12/10 07:15:53 822 [INFO,train:443]         epoch 250 age 20: 0.33 13.81
20/12/10 07:15:53 911 [INFO,train:443]         epoch 250 age 30: 0.21 8.28
20/12/10 07:15:53 998 [INFO,train:443]         epoch 250 age 40: 0.14 5.64
20/12/10 07:25:45 985 [INFO,benchmark:279] start benchmark against MrGreed for 1024x2
20/12/10 07:26:51 791 [INFO,train:427] 260: 1.47 48.92 0.0361 0.0781 1288
20/12/10 07:26:51 798 [INFO,train:443]         epoch 260 age 0: 1.47 48.92
20/12/10 07:26:51 872 [INFO,train:443]         epoch 260 age 10: 0.56 15.71
20/12/10 07:26:51 960 [INFO,train:443]         epoch 260 age 20: 0.33 8.46
20/12/10 07:26:52 056 [INFO,train:443]         epoch 260 age 30: 0.19 5.11
20/12/10 07:26:52 137 [INFO,train:443]         epoch 260 age 40: 0.12 3.50
20/12/10 07:31:40 213 [INFO,benchmark:301] benchmark at epoch 260's result: -272.78 5.07
20/12/10 07:37:56 319 [INFO,train:427] 270: 1.79 43.97 0.0737 0.0805 1236
20/12/10 07:37:56 325 [INFO,train:443]         epoch 270 age 0: 1.79 43.97
20/12/10 07:37:56 399 [INFO,train:443]         epoch 270 age 10: 0.55 21.49
20/12/10 07:37:56 483 [INFO,train:443]         epoch 270 age 20: 0.30 15.11
20/12/10 07:37:56 566 [INFO,train:443]         epoch 270 age 30: 0.19 12.71
20/12/10 07:37:56 650 [INFO,train:443]         epoch 270 age 40: 0.12 10.26
20/12/10 07:47:46 870 [INFO,benchmark:279] start benchmark against MrGreed for 1024x2
20/12/10 07:48:52 854 [INFO,train:427] 280: 1.67 38.75 0.0342 0.0815 1212
20/12/10 07:48:52 860 [INFO,train:443]         epoch 280 age 0: 1.67 38.75
20/12/10 07:48:52 931 [INFO,train:443]         epoch 280 age 10: 0.48 18.73
20/12/10 07:48:53 024 [INFO,train:443]         epoch 280 age 20: 0.30 12.18
20/12/10 07:48:53 109 [INFO,train:443]         epoch 280 age 30: 0.19 5.85
20/12/10 07:48:53 200 [INFO,train:443]         epoch 280 age 40: 0.12 3.57
20/12/10 07:53:34 269 [INFO,benchmark:301] benchmark at epoch 280's result: -272.47 5.24
20/12/10 08:00:05 551 [INFO,train:427] 290: 1.50 38.43 0.0446 0.0838 1276
20/12/10 08:00:05 557 [INFO,train:443]         epoch 290 age 0: 1.50 38.43
20/12/10 08:00:05 637 [INFO,train:443]         epoch 290 age 10: 0.51 18.17
20/12/10 08:00:05 724 [INFO,train:443]         epoch 290 age 20: 0.26 11.72
20/12/10 08:00:05 810 [INFO,train:443]         epoch 290 age 30: 0.14 7.22
20/12/10 08:00:05 901 [INFO,train:443]         epoch 290 age 40: 0.09 4.41
20/12/10 08:10:04 569 [INFO,benchmark:279] start benchmark against MrGreed for 1024x2
20/12/10 08:11:12 051 [INFO,train:427] 300: 1.57 40.94 0.0292 0.0840 1256
20/12/10 08:11:12 059 [INFO,train:443]         epoch 300 age 0: 1.57 40.94
20/12/10 08:11:12 141 [INFO,train:443]         epoch 300 age 10: 0.45 16.06
20/12/10 08:11:12 240 [INFO,train:443]         epoch 300 age 20: 0.25 9.35
20/12/10 08:11:12 334 [INFO,train:443]         epoch 300 age 30: 0.15 5.92
20/12/10 08:11:12 426 [INFO,train:443]         epoch 300 age 40: 0.09 4.01
20/12/10 08:16:08 976 [INFO,benchmark:301] benchmark at epoch 300's result: -292.16 5.09
20/12/10 08:22:25 590 [INFO,train:427] 310: 1.66 53.39 0.0477 0.0864 1280
20/12/10 08:22:25 596 [INFO,train:443]         epoch 310 age 0: 1.66 53.39
20/12/10 08:22:25 679 [INFO,train:443]         epoch 310 age 10: 0.62 21.14
20/12/10 08:22:25 776 [INFO,train:443]         epoch 310 age 20: 0.33 11.50
20/12/10 08:22:25 858 [INFO,train:443]         epoch 310 age 30: 0.20 6.82
20/12/10 08:22:25 929 [INFO,train:443]         epoch 310 age 40: 0.13 3.64
20/12/10 08:32:20 319 [INFO,benchmark:279] start benchmark against MrGreed for 1024x2
20/12/10 08:33:27 556 [INFO,train:427] 320: 1.31 78.45 0.0133 0.0885 1228
20/12/10 08:33:27 565 [INFO,train:443]         epoch 320 age 0: 1.31 78.45
20/12/10 08:33:27 653 [INFO,train:443]         epoch 320 age 10: 0.60 21.65
20/12/10 08:33:27 744 [INFO,train:443]         epoch 320 age 20: 0.34 11.33
20/12/10 08:33:27 836 [INFO,train:443]         epoch 320 age 30: 0.22 7.46
20/12/10 08:33:27 931 [INFO,train:443]         epoch 320 age 40: 0.15 4.68
20/12/10 08:38:26 392 [INFO,benchmark:301] benchmark at epoch 320's result: -254.83 5.31