20/12/21 22:19:47 390 [INFO,<module>:536] sharing_strategy: file_system
20/12/21 22:19:49 379 [INFO,main:510] start from: ./ZeroNets/mimic-greed-514-shi/PV_NET-11-2247733-300.pkl
20/12/21 22:19:49 379 [INFO,train:410] BETA: 0.20, VALUE_RENORMAL: 10, BENCHMARK_METHOD: -1
20/12/21 22:19:49 379 [INFO,train:412] loss2_weight: 0.03, data_rounds: 3x12, train_sample: -2, pv_deep: 1, review_number: 3, age_in_epoch: 3
20/12/21 22:19:49 379 [INFO,train:417] optimizer: {'lr': 0.0004, 'betas': (0.9, 0.999), 'eps': 1e-07, 'weight_decay': 0.0001, 'amsgrad': False}
20/12/21 22:19:49 379 [INFO,train:423] #epoch: loss1 loss2 grad1/grad2 amp_probe #train_datas
20/12/21 22:19:49 978 [INFO,benchmark:291] start benchmark against MrGreed for 512x2
20/12/21 22:22:09 088 [INFO,train:485] 0: 0.94 55.55 0.0233 0.0559 31172
20/12/21 22:22:09 136 [INFO,train:501]         epoch 0 age 0: 0.94 55.55
20/12/21 22:22:09 183 [INFO,train:501]         epoch 0 age 1: 0.83 52.92
20/12/21 22:22:09 229 [INFO,train:501]         epoch 0 age 2: 0.75 50.95
20/12/21 22:22:59 346 [INFO,train:485] 1: 0.70 50.22 0.0223 0.0560 31182
20/12/21 22:22:59 394 [INFO,train:501]         epoch 1 age 0: 0.70 50.22
20/12/21 22:22:59 441 [INFO,train:501]         epoch 1 age 1: 0.65 49.11
20/12/21 22:22:59 488 [INFO,train:501]         epoch 1 age 2: 0.62 48.11
20/12/21 22:23:49 449 [INFO,train:485] 2: 0.61 45.11 0.0301 0.0560 31176
20/12/21 22:23:49 494 [INFO,train:501]         epoch 2 age 0: 0.61 45.11
20/12/21 22:23:49 534 [INFO,train:501]         epoch 2 age 1: 0.58 44.33
20/12/21 22:23:49 574 [INFO,train:501]         epoch 2 age 2: 0.56 43.59
20/12/21 22:24:37 880 [INFO,train:485] 3: 0.57 44.75 0.0204 0.0560 31208
20/12/21 22:24:37 929 [INFO,train:501]         epoch 3 age 0: 0.57 44.75
20/12/21 22:24:37 975 [INFO,train:501]         epoch 3 age 1: 0.55 44.08
20/12/21 22:24:38 022 [INFO,train:501]         epoch 3 age 2: 0.53 43.39
20/12/21 22:25:27 753 [INFO,train:485] 4: 0.53 47.70 0.0145 0.0559 31366
20/12/21 22:25:27 795 [INFO,train:501]         epoch 4 age 0: 0.53 47.70
20/12/21 22:25:27 835 [INFO,train:501]         epoch 4 age 1: 0.51 47.07
20/12/21 22:25:27 875 [INFO,train:501]         epoch 4 age 2: 0.49 46.35
20/12/21 22:26:18 944 [INFO,train:485] 5: 0.49 49.11 0.0122 0.0558 30755
20/12/21 22:26:18 992 [INFO,train:501]         epoch 5 age 0: 0.49 49.11
20/12/21 22:26:19 038 [INFO,train:501]         epoch 5 age 1: 0.47 48.28
20/12/21 22:26:19 085 [INFO,train:501]         epoch 5 age 2: 0.46 47.43
20/12/21 22:28:23 268 [INFO,benchmark:317] benchmark at epoch 0's result: -132.00 8.00
20/12/21 22:30:30 684 [INFO,train:485] 10: 0.49 52.54 0.0081 0.0552 31086
20/12/21 22:30:30 731 [INFO,train:501]         epoch 10 age 0: 0.49 52.54
20/12/21 22:30:30 778 [INFO,train:501]         epoch 10 age 1: 0.49 51.88
20/12/21 22:30:30 821 [INFO,train:501]         epoch 10 age 2: 0.48 51.03
20/12/21 22:34:37 539 [INFO,train:485] 15: 0.52 48.68 0.0074 0.0546 31104
20/12/21 22:34:37 587 [INFO,train:501]         epoch 15 age 0: 0.52 48.68
20/12/21 22:34:37 634 [INFO,train:501]         epoch 15 age 1: 0.52 47.73
20/12/21 22:34:37 681 [INFO,train:501]         epoch 15 age 2: 0.51 46.67
20/12/21 22:38:41 333 [INFO,train:485] 20: 0.49 53.33 0.0045 0.0538 31398
20/12/21 22:38:41 378 [INFO,train:501]         epoch 20 age 0: 0.49 53.33
20/12/21 22:38:41 418 [INFO,train:501]         epoch 20 age 1: 0.49 51.66
20/12/21 22:38:41 459 [INFO,train:501]         epoch 20 age 2: 0.48 49.94
20/12/21 22:42:50 521 [INFO,train:485] 25: 0.52 51.63 0.0055 0.0533 31233
20/12/21 22:42:50 568 [INFO,train:501]         epoch 25 age 0: 0.52 51.63
20/12/21 22:42:50 615 [INFO,train:501]         epoch 25 age 1: 0.51 50.34
20/12/21 22:42:50 662 [INFO,train:501]         epoch 25 age 2: 0.50 49.10
20/12/21 22:47:02 424 [INFO,train:485] 30: 0.53 54.15 0.0076 0.0529 31573
20/12/21 22:47:02 472 [INFO,train:501]         epoch 30 age 0: 0.53 54.15
20/12/21 22:47:02 520 [INFO,train:501]         epoch 30 age 1: 0.52 52.78
20/12/21 22:47:02 567 [INFO,train:501]         epoch 30 age 2: 0.51 51.27
20/12/21 22:51:08 198 [INFO,train:485] 35: 0.52 49.28 0.0041 0.0525 30844
20/12/21 22:51:08 244 [INFO,train:501]         epoch 35 age 0: 0.52 49.28
20/12/21 22:51:08 290 [INFO,train:501]         epoch 35 age 1: 0.51 48.07
20/12/21 22:51:08 329 [INFO,train:501]         epoch 35 age 2: 0.51 46.97
20/12/21 22:55:17 302 [INFO,train:485] 40: 0.53 51.44 0.0078 0.0522 30844
20/12/21 22:55:17 349 [INFO,train:501]         epoch 40 age 0: 0.53 51.44
20/12/21 22:55:17 395 [INFO,train:501]         epoch 40 age 1: 0.52 50.48
20/12/21 22:55:17 435 [INFO,train:501]         epoch 40 age 2: 0.51 49.40
20/12/21 23:11:52 512 [INFO,train:485] 60: 0.50 47.78 0.0062 0.0519 30719
20/12/21 23:11:52 558 [INFO,train:501]         epoch 60 age 0: 0.50 47.78
20/12/21 23:11:52 605 [INFO,train:501]         epoch 60 age 1: 0.49 46.67
20/12/21 23:11:52 645 [INFO,train:501]         epoch 60 age 2: 0.48 45.38
20/12/21 23:27:29 635 [INFO,benchmark:291] start benchmark against MrGreed for 512x2
20/12/21 23:28:18 683 [INFO,train:485] 80: 0.47 47.33 0.0048 0.0520 30776
20/12/21 23:28:18 729 [INFO,train:501]         epoch 80 age 0: 0.47 47.33
20/12/21 23:28:18 774 [INFO,train:501]         epoch 80 age 1: 0.47 46.14
20/12/21 23:28:18 813 [INFO,train:501]         epoch 80 age 2: 0.47 44.84
20/12/21 23:36:11 480 [INFO,benchmark:317] benchmark at epoch 80's result: -112.10 8.09
20/12/21 23:44:57 513 [INFO,train:485] 100: 0.47 44.12 0.0041 0.0520 31325
20/12/21 23:44:57 560 [INFO,train:501]         epoch 100 age 0: 0.47 44.12
20/12/21 23:44:57 602 [INFO,train:501]         epoch 100 age 1: 0.47 42.58
20/12/21 23:44:57 642 [INFO,train:501]         epoch 100 age 2: 0.46 40.93
20/12/22 00:01:35 970 [INFO,train:485] 120: 0.48 43.59 0.0081 0.0524 31488
20/12/22 00:01:36 016 [INFO,train:501]         epoch 120 age 0: 0.48 43.59
20/12/22 00:01:36 055 [INFO,train:501]         epoch 120 age 1: 0.48 42.78
20/12/22 00:01:36 096 [INFO,train:501]         epoch 120 age 2: 0.47 41.90
20/12/22 00:18:12 053 [INFO,train:485] 140: 0.48 44.35 0.0054 0.0523 30262
20/12/22 00:18:12 099 [INFO,train:501]         epoch 140 age 0: 0.48 44.35
20/12/22 00:18:12 145 [INFO,train:501]         epoch 140 age 1: 0.48 43.48
20/12/22 00:18:12 188 [INFO,train:501]         epoch 140 age 2: 0.47 42.44
20/12/22 00:34:54 665 [INFO,benchmark:291] start benchmark against MrGreed for 512x2
20/12/22 00:35:48 440 [INFO,train:485] 160: 0.51 45.52 0.0053 0.0524 30647
20/12/22 00:35:48 486 [INFO,train:501]         epoch 160 age 0: 0.51 45.52
20/12/22 00:35:48 532 [INFO,train:501]         epoch 160 age 1: 0.50 44.43
20/12/22 00:35:48 571 [INFO,train:501]         epoch 160 age 2: 0.49 43.45
20/12/22 00:43:50 087 [INFO,benchmark:317] benchmark at epoch 160's result: -105.62 8.31
20/12/22 00:53:43 521 [INFO,train:485] 180: 0.48 46.81 0.0035 0.0524 30651
20/12/22 00:53:43 568 [INFO,train:501]         epoch 180 age 0: 0.48 46.81
20/12/22 00:53:43 608 [INFO,train:501]         epoch 180 age 1: 0.47 45.15
20/12/22 00:53:43 648 [INFO,train:501]         epoch 180 age 2: 0.47 43.42
20/12/22 01:11:29 934 [INFO,train:485] 200: 0.48 49.72 0.0066 0.0526 30766
20/12/22 01:11:29 981 [INFO,train:501]         epoch 200 age 0: 0.48 49.72
20/12/22 01:11:30 028 [INFO,train:501]         epoch 200 age 1: 0.48 48.58
20/12/22 01:11:30 074 [INFO,train:501]         epoch 200 age 2: 0.47 47.49
20/12/22 01:29:02 180 [INFO,train:485] 220: 0.43 41.92 0.0051 0.0531 31648
20/12/22 01:29:02 228 [INFO,train:501]         epoch 220 age 0: 0.43 41.92
20/12/22 01:29:02 276 [INFO,train:501]         epoch 220 age 1: 0.42 41.17
20/12/22 01:29:02 323 [INFO,train:501]         epoch 220 age 2: 0.42 40.33
20/12/22 01:45:49 225 [INFO,benchmark:291] start benchmark against MrGreed for 512x2
20/12/22 01:46:42 356 [INFO,train:485] 240: 0.48 42.48 0.0071 0.0530 30809
20/12/22 01:46:42 401 [INFO,train:501]         epoch 240 age 0: 0.48 42.48
20/12/22 01:46:42 441 [INFO,train:501]         epoch 240 age 1: 0.48 41.69
20/12/22 01:46:42 481 [INFO,train:501]         epoch 240 age 2: 0.47 40.74
20/12/22 01:54:46 595 [INFO,benchmark:317] benchmark at epoch 240's result: -127.85 8.54
20/12/22 02:04:41 250 [INFO,train:485] 260: 0.49 47.70 0.0048 0.0535 31183
20/12/22 02:04:41 298 [INFO,train:501]         epoch 260 age 0: 0.49 47.70
20/12/22 02:04:41 345 [INFO,train:501]         epoch 260 age 1: 0.49 46.29
20/12/22 02:04:41 392 [INFO,train:501]         epoch 260 age 2: 0.48 44.81
20/12/22 02:22:27 528 [INFO,train:485] 280: 0.52 50.14 0.0058 0.0539 31447
20/12/22 02:22:27 575 [INFO,train:501]         epoch 280 age 0: 0.52 50.14
20/12/22 02:22:27 623 [INFO,train:501]         epoch 280 age 1: 0.51 48.73
20/12/22 02:22:27 668 [INFO,train:501]         epoch 280 age 2: 0.50 46.85
20/12/22 02:40:18 085 [INFO,train:485] 300: 0.49 47.84 0.0053 0.0539 31306
20/12/22 02:40:18 131 [INFO,train:501]         epoch 300 age 0: 0.49 47.84
20/12/22 02:40:18 171 [INFO,train:501]         epoch 300 age 1: 0.48 46.71
20/12/22 02:40:18 211 [INFO,train:501]         epoch 300 age 2: 0.48 45.28
20/12/22 02:57:17 812 [INFO,benchmark:291] start benchmark against MrGreed for 512x2
20/12/22 02:58:12 501 [INFO,train:485] 320: 0.49 42.52 0.0059 0.0543 31330
20/12/22 02:58:12 548 [INFO,train:501]         epoch 320 age 0: 0.49 42.52
20/12/22 02:58:12 592 [INFO,train:501]         epoch 320 age 1: 0.48 41.14
20/12/22 02:58:12 632 [INFO,train:501]         epoch 320 age 2: 0.47 39.56
20/12/22 03:05:58 657 [INFO,benchmark:317] benchmark at epoch 320's result: -161.49 7.89
20/12/22 03:06:37 496 [ERR,train:457] get data failed at epoch 326, has got 27444 datas.:
Traceback (most recent call last):
  File "./MrZeroTree.py", line 454, in train
    queue_get=data_queue.get(block=True,timeout=data_timeout*3+30)
  File "/usr/lib/python3.6/multiprocessing/queues.py", line 105, in get
    raise Empty
queue.Empty

20/12/22 03:06:37 497 [INFO,train:458] resting...
20/12/22 03:21:00 114 [INFO,train:485] 340: 0.52 46.66 0.0057 0.0548 30884
20/12/22 03:21:00 157 [INFO,train:501]         epoch 340 age 0: 0.52 46.66
20/12/22 03:21:00 196 [INFO,train:501]         epoch 340 age 1: 0.51 45.74
20/12/22 03:21:00 236 [INFO,train:501]         epoch 340 age 2: 0.51 44.67
20/12/22 03:32:00 407 [ERR,train:457] get data failed at epoch 349, has got 27255 datas.:
Traceback (most recent call last):
  File "./MrZeroTree.py", line 454, in train
    queue_get=data_queue.get(block=True,timeout=data_timeout*3+30)
  File "/usr/lib/python3.6/multiprocessing/queues.py", line 105, in get
    raise Empty
queue.Empty

20/12/22 03:32:00 407 [INFO,train:458] resting...
20/12/22 03:43:54 853 [INFO,train:485] 360: 0.52 46.17 0.0044 0.0548 30918
20/12/22 03:43:54 901 [INFO,train:501]         epoch 360 age 0: 0.52 46.17
20/12/22 03:43:54 947 [INFO,train:501]         epoch 360 age 1: 0.51 44.52
20/12/22 03:43:54 994 [INFO,train:501]         epoch 360 age 2: 0.51 43.02
20/12/22 04:01:48 078 [INFO,train:485] 380: 0.43 41.65 0.0051 0.0553 30844
20/12/22 04:01:48 124 [INFO,train:501]         epoch 380 age 0: 0.43 41.65
20/12/22 04:01:48 171 [INFO,train:501]         epoch 380 age 1: 0.43 40.79
20/12/22 04:01:48 214 [INFO,train:501]         epoch 380 age 2: 0.43 39.92
20/12/22 04:18:46 495 [INFO,benchmark:291] start benchmark against MrGreed for 512x2
20/12/22 04:19:41 073 [INFO,train:485] 400: 0.44 42.03 0.0046 0.0555 31535
20/12/22 04:19:41 121 [INFO,train:501]         epoch 400 age 0: 0.44 42.03
20/12/22 04:19:41 168 [INFO,train:501]         epoch 400 age 1: 0.44 40.94
20/12/22 04:19:41 214 [INFO,train:501]         epoch 400 age 2: 0.43 39.92
20/12/22 04:27:40 298 [INFO,benchmark:317] benchmark at epoch 400's result: -91.64 8.13
20/12/22 04:37:42 103 [INFO,train:485] 420: 0.48 44.15 0.0062 0.0557 30516
20/12/22 04:37:42 150 [INFO,train:501]         epoch 420 age 0: 0.48 44.15
20/12/22 04:37:42 196 [INFO,train:501]         epoch 420 age 1: 0.47 42.94
20/12/22 04:37:42 243 [INFO,train:501]         epoch 420 age 2: 0.47 41.63
20/12/22 04:55:53 869 [ERR,train:457] get data failed at epoch 437, has got 27962 datas.:
Traceback (most recent call last):
  File "./MrZeroTree.py", line 454, in train
    queue_get=data_queue.get(block=True,timeout=data_timeout*3+30)
  File "/usr/lib/python3.6/multiprocessing/queues.py", line 105, in get
    raise Empty
queue.Empty

20/12/22 04:55:53 870 [INFO,train:458] resting...
20/12/22 05:00:33 316 [INFO,train:485] 440: 0.46 43.49 0.0037 0.0560 30371
20/12/22 05:00:33 363 [INFO,train:501]         epoch 440 age 0: 0.46 43.49
20/12/22 05:00:33 408 [INFO,train:501]         epoch 440 age 1: 0.46 41.75
20/12/22 05:00:33 454 [INFO,train:501]         epoch 440 age 2: 0.45 39.70
20/12/22 05:18:21 496 [INFO,train:485] 460: 0.49 42.39 0.0079 0.0562 30862
20/12/22 05:18:21 539 [INFO,train:501]         epoch 460 age 0: 0.49 42.39
20/12/22 05:18:21 582 [INFO,train:501]         epoch 460 age 1: 0.48 41.37
20/12/22 05:18:21 624 [INFO,train:501]         epoch 460 age 2: 0.48 40.25
20/12/22 05:35:14 390 [INFO,benchmark:291] start benchmark against MrGreed for 512x2
20/12/22 05:36:06 610 [INFO,train:485] 480: 0.50 42.73 0.0048 0.0564 30346
20/12/22 05:36:06 657 [INFO,train:501]         epoch 480 age 0: 0.50 42.73
20/12/22 05:36:06 701 [INFO,train:501]         epoch 480 age 1: 0.49 41.81
20/12/22 05:36:06 740 [INFO,train:501]         epoch 480 age 2: 0.49 40.68
20/12/22 05:44:05 395 [INFO,benchmark:317] benchmark at epoch 480's result: -83.42 8.36
20/12/22 05:54:10 146 [INFO,train:485] 500: 0.49 43.12 0.0057 0.0568 31248
20/12/22 05:54:10 194 [INFO,train:501]         epoch 500 age 0: 0.49 43.12
20/12/22 05:54:10 241 [INFO,train:501]         epoch 500 age 1: 0.48 42.03
20/12/22 05:54:10 288 [INFO,train:501]         epoch 500 age 2: 0.48 40.97
20/12/22 06:12:04 436 [INFO,train:485] 520: 0.50 42.55 0.0049 0.0569 30351
20/12/22 06:12:04 483 [INFO,train:501]         epoch 520 age 0: 0.50 42.55
20/12/22 06:12:04 528 [INFO,train:501]         epoch 520 age 1: 0.50 41.32
20/12/22 06:12:04 573 [INFO,train:501]         epoch 520 age 2: 0.49 40.05
20/12/22 06:29:55 934 [INFO,train:485] 540: 0.48 37.22 0.0043 0.0572 30982
20/12/22 06:29:55 981 [INFO,train:501]         epoch 540 age 0: 0.48 37.22
20/12/22 06:29:56 025 [INFO,train:501]         epoch 540 age 1: 0.47 36.33
20/12/22 06:29:56 065 [INFO,train:501]         epoch 540 age 2: 0.47 35.51
20/12/22 06:46:47 595 [INFO,benchmark:291] start benchmark against MrGreed for 512x2
20/12/22 06:47:39 297 [INFO,train:485] 560: 0.48 39.77 0.0080 0.0572 30796
20/12/22 06:47:39 344 [INFO,train:501]         epoch 560 age 0: 0.48 39.77
20/12/22 06:47:39 390 [INFO,train:501]         epoch 560 age 1: 0.47 39.12
20/12/22 06:47:39 437 [INFO,train:501]         epoch 560 age 2: 0.47 38.26
20/12/22 06:55:46 911 [INFO,benchmark:317] benchmark at epoch 560's result: -116.02 8.14
20/12/22 07:05:35 970 [INFO,train:485] 580: 0.49 42.15 0.0043 0.0575 30162
20/12/22 07:05:36 016 [INFO,train:501]         epoch 580 age 0: 0.49 42.15
20/12/22 07:05:36 061 [INFO,train:501]         epoch 580 age 1: 0.49 40.73
20/12/22 07:05:36 103 [INFO,train:501]         epoch 580 age 2: 0.48 39.32
20/12/22 07:23:17 134 [INFO,train:485] 600: 0.46 42.74 0.0032 0.0578 30766
20/12/22 07:23:17 181 [INFO,train:501]         epoch 600 age 0: 0.46 42.74
20/12/22 07:23:17 227 [INFO,train:501]         epoch 600 age 1: 0.46 41.13
20/12/22 07:23:17 270 [INFO,train:501]         epoch 600 age 2: 0.46 39.76
20/12/22 07:41:02 098 [INFO,train:485] 620: 0.50 41.99 0.0056 0.0580 31298
20/12/22 07:41:02 140 [INFO,train:501]         epoch 620 age 0: 0.50 41.99
20/12/22 07:41:02 180 [INFO,train:501]         epoch 620 age 1: 0.49 40.70
20/12/22 07:41:02 220 [INFO,train:501]         epoch 620 age 2: 0.49 39.47
20/12/22 07:58:12 048 [INFO,benchmark:291] start benchmark against MrGreed for 512x2
20/12/22 08:00:23 693 [INFO,train:485] 640: 0.45 40.09 0.0042 0.0582 30936
20/12/22 08:00:23 740 [INFO,train:501]         epoch 640 age 0: 0.45 40.09
20/12/22 08:00:23 787 [INFO,train:501]         epoch 640 age 1: 0.45 38.82
20/12/22 08:00:23 833 [INFO,train:501]         epoch 640 age 2: 0.44 37.45
