20/12/14 17:37:22 294 [INFO,<module>:561] sharing_strategy: file_system
20/12/14 17:37:24 231 [INFO,main:528] start from: ./ZeroNets/from-one-6d/PV_NET-11-2247733-300.pkl
20/12/14 17:37:24 231 [INFO,train:440] optimizer: {'lr': 0.0002, 'betas': (0.9, 0.999), 'eps': 1e-07, 'weight_decay': 0.0001, 'amsgrad': False}
20/12/14 17:37:24 231 [INFO,train:444] LOSS2_WEIGHT: 0.0300, BETA: 0.20, VALUE_RENORMAL: 10, BENCHMARK_METHOD: -1, TRAIN_SAMPLE: -1, REVIEW_NUMBER: 3, DATA_ROUNDS: 3x6
20/12/14 17:37:24 794 [INFO,benchmark:311] start benchmark against MrGreed for 512x2
20/12/14 17:37:45 918 [INFO,train:486] #epoch: loss1 loss2 grad1/grad2 amp_probe #train_datas
20/12/14 17:37:45 955 [INFO,train:503] 0: 0.21 29.10 0.0074 0.0536 13264
20/12/14 17:37:45 977 [INFO,train:519]         epoch 0 age 0: 0.21 29.10
20/12/14 17:37:45 001 [INFO,train:519]         epoch 0 age 1: 0.20 27.05
20/12/14 17:37:46 022 [INFO,train:519]         epoch 0 age 2: 0.19 25.39
20/12/14 17:37:56 416 [INFO,train:503] 1: 0.19 25.35 0.0093 0.0535 13275
20/12/14 17:37:56 438 [INFO,train:519]         epoch 1 age 0: 0.19 25.35
20/12/14 17:37:56 459 [INFO,train:519]         epoch 1 age 1: 0.18 24.39
20/12/14 17:37:56 481 [INFO,train:519]         epoch 1 age 2: 0.18 23.39
20/12/14 17:38:06 707 [INFO,train:503] 2: 0.19 28.21 0.0088 0.0535 13262
20/12/14 17:38:06 729 [INFO,train:519]         epoch 2 age 0: 0.19 28.21
20/12/14 17:38:06 750 [INFO,train:519]         epoch 2 age 1: 0.19 27.42
20/12/14 17:38:06 772 [INFO,train:519]         epoch 2 age 2: 0.19 26.57
20/12/14 17:38:17 224 [INFO,train:503] 3: 0.20 30.20 0.0077 0.0534 13286
20/12/14 17:38:17 246 [INFO,train:519]         epoch 3 age 0: 0.20 30.20
20/12/14 17:38:17 268 [INFO,train:519]         epoch 3 age 1: 0.20 29.19
20/12/14 17:38:17 289 [INFO,train:519]         epoch 3 age 2: 0.19 28.09
20/12/14 17:38:27 694 [INFO,train:503] 4: 0.20 31.75 0.0072 0.0534 13282
20/12/14 17:38:27 715 [INFO,train:519]         epoch 4 age 0: 0.20 31.75
20/12/14 17:38:27 737 [INFO,train:519]         epoch 4 age 1: 0.19 30.78
20/12/14 17:38:27 759 [INFO,train:519]         epoch 4 age 2: 0.18 29.72
20/12/14 17:38:38 203 [INFO,train:503] 5: 0.20 28.17 0.0059 0.0533 13355
20/12/14 17:38:38 225 [INFO,train:519]         epoch 5 age 0: 0.20 28.17
20/12/14 17:38:38 245 [INFO,train:519]         epoch 5 age 1: 0.19 27.20
20/12/14 17:38:38 263 [INFO,train:519]         epoch 5 age 2: 0.19 26.14
20/12/14 17:39:29 961 [INFO,train:503] 10: 0.23 32.46 0.0048 0.0533 13238
20/12/14 17:39:29 983 [INFO,train:519]         epoch 10 age 0: 0.23 32.46
20/12/14 17:39:29 001 [INFO,train:519]         epoch 10 age 1: 0.23 31.64
20/12/14 17:39:30 019 [INFO,train:519]         epoch 10 age 2: 0.22 30.57
20/12/14 17:40:21 805 [INFO,train:503] 15: 0.22 34.72 0.0052 0.0532 13154
20/12/14 17:40:21 826 [INFO,train:519]         epoch 15 age 0: 0.22 34.72
20/12/14 17:40:21 847 [INFO,train:519]         epoch 15 age 1: 0.22 34.06
20/12/14 17:40:21 869 [INFO,train:519]         epoch 15 age 2: 0.21 33.24
20/12/14 17:41:13 934 [INFO,train:503] 20: 0.25 30.88 0.0059 0.0530 13220
20/12/14 17:41:13 956 [INFO,train:519]         epoch 20 age 0: 0.25 30.88
20/12/14 17:41:13 977 [INFO,train:519]         epoch 20 age 1: 0.24 29.93
20/12/14 17:41:13 999 [INFO,train:519]         epoch 20 age 2: 0.24 28.89
20/12/14 17:42:06 118 [INFO,train:503] 25: 0.25 33.78 0.0045 0.0529 13231
20/12/14 17:42:06 139 [INFO,train:519]         epoch 25 age 0: 0.25 33.78
20/12/14 17:42:06 161 [INFO,train:519]         epoch 25 age 1: 0.24 32.75
20/12/14 17:42:06 182 [INFO,train:519]         epoch 25 age 2: 0.23 31.65
20/12/14 17:42:57 818 [INFO,train:503] 30: 0.21 34.27 0.0062 0.0528 13135
20/12/14 17:42:57 840 [INFO,train:519]         epoch 30 age 0: 0.21 34.27
20/12/14 17:42:57 861 [INFO,train:519]         epoch 30 age 1: 0.21 33.30
20/12/14 17:42:57 882 [INFO,train:519]         epoch 30 age 2: 0.20 32.18
20/12/14 17:43:49 649 [INFO,train:503] 35: 0.23 31.69 0.0056 0.0528 13306
20/12/14 17:43:49 671 [INFO,train:519]         epoch 35 age 0: 0.23 31.69
20/12/14 17:43:49 692 [INFO,train:519]         epoch 35 age 1: 0.23 30.86
20/12/14 17:43:49 714 [INFO,train:519]         epoch 35 age 2: 0.22 29.81
20/12/14 17:45:23 574 [INFO,benchmark:337] benchmark at epoch 0's result: -41.08 8.35
20/12/14 17:46:26 720 [INFO,train:503] 50: 0.23 33.57 0.0091 0.0529 13228
20/12/14 17:46:26 741 [INFO,train:519]         epoch 50 age 0: 0.23 33.57
20/12/14 17:46:26 763 [INFO,train:519]         epoch 50 age 1: 0.23 32.36
20/12/14 17:46:26 784 [INFO,train:519]         epoch 50 age 2: 0.22 31.09
20/12/14 17:54:51 291 [INFO,benchmark:311] start benchmark against MrGreed for 512x2
20/12/14 17:55:01 379 [INFO,train:503] 100: 0.23 32.01 0.0056 0.0532 13184
20/12/14 17:55:01 401 [INFO,train:519]         epoch 100 age 0: 0.23 32.01
20/12/14 17:55:01 423 [INFO,train:519]         epoch 100 age 1: 0.23 31.02
20/12/14 17:55:01 444 [INFO,train:519]         epoch 100 age 2: 0.22 29.81
20/12/14 18:02:50 877 [INFO,benchmark:337] benchmark at epoch 100's result: -45.52 8.50
20/12/14 18:04:12 652 [INFO,train:503] 150: 0.25 31.47 0.0090 0.0532 13264
20/12/14 18:04:12 673 [INFO,train:519]         epoch 150 age 0: 0.25 31.47
20/12/14 18:04:12 695 [INFO,train:519]         epoch 150 age 1: 0.24 30.75
20/12/14 18:04:12 714 [INFO,train:519]         epoch 150 age 2: 0.24 29.95
20/12/14 18:16:01 418 [INFO,benchmark:311] start benchmark against MrGreed for 512x2
20/12/14 18:16:16 076 [INFO,train:503] 200: 0.29 32.80 0.0096 0.0531 13267
20/12/14 18:16:16 098 [INFO,train:519]         epoch 200 age 0: 0.29 32.80
20/12/14 18:16:16 119 [INFO,train:519]         epoch 200 age 1: 0.29 31.73
20/12/14 18:16:16 141 [INFO,train:519]         epoch 200 age 2: 0.28 30.52
20/12/14 18:23:55 119 [INFO,benchmark:337] benchmark at epoch 200's result: -55.33 8.26
20/12/14 18:28:30 218 [INFO,train:503] 250: 0.25 29.40 0.0088 0.0537 13245
20/12/14 18:28:30 240 [INFO,train:519]         epoch 250 age 0: 0.25 29.40
20/12/14 18:28:30 261 [INFO,train:519]         epoch 250 age 1: 0.24 28.59
20/12/14 18:28:30 283 [INFO,train:519]         epoch 250 age 2: 0.23 27.87
20/12/14 18:40:19 194 [INFO,benchmark:311] start benchmark against MrGreed for 512x2
20/12/14 18:40:33 847 [INFO,train:503] 300: 0.27 31.21 0.0082 0.0541 13360
20/12/14 18:40:33 869 [INFO,train:519]         epoch 300 age 0: 0.27 31.21
20/12/14 18:40:33 891 [INFO,train:519]         epoch 300 age 1: 0.26 30.05
20/12/14 18:40:33 912 [INFO,train:519]         epoch 300 age 2: 0.25 29.23
20/12/14 18:44:31 304 [INFO,train:503] 316: 0.23 27.99 0.0041 0.0541 13122
20/12/14 18:44:31 325 [INFO,train:519]         epoch 316 age 0: 0.23 27.99
20/12/14 18:44:31 346 [INFO,train:519]         epoch 316 age 1: 0.22 27.20
20/12/14 18:44:31 367 [INFO,train:519]         epoch 316 age 2: 0.22 26.28
20/12/14 18:44:46 087 [INFO,train:503] 317: 0.22 30.54 0.0080 0.0541 13124
20/12/14 18:44:46 109 [INFO,train:519]         epoch 317 age 0: 0.22 30.54
20/12/14 18:44:46 131 [INFO,train:519]         epoch 317 age 1: 0.22 30.03
20/12/14 18:44:46 152 [INFO,train:519]         epoch 317 age 2: 0.21 29.29
20/12/14 18:45:01 173 [INFO,train:503] 318: 0.23 32.15 0.0046 0.0541 13178
20/12/14 18:45:01 195 [INFO,train:519]         epoch 318 age 0: 0.23 32.15
20/12/14 18:45:01 216 [INFO,train:519]         epoch 318 age 1: 0.22 31.10
20/12/14 18:45:01 236 [INFO,train:519]         epoch 318 age 2: 0.22 30.13
20/12/14 18:45:16 009 [INFO,train:503] 319: 0.22 32.70 0.0030 0.0541 13174
20/12/14 18:45:16 030 [INFO,train:519]         epoch 319 age 0: 0.22 32.70
20/12/14 18:45:16 052 [INFO,train:519]         epoch 319 age 1: 0.21 32.00
20/12/14 18:45:16 072 [INFO,train:519]         epoch 319 age 2: 0.21 30.92
20/12/14 18:48:19 471 [INFO,benchmark:337] benchmark at epoch 300's result: -52.11 8.51
20/12/14 18:52:47 470 [INFO,train:503] 350: 0.24 29.51 0.0049 0.0541 13232
20/12/14 18:52:47 492 [INFO,train:519]         epoch 350 age 0: 0.24 29.51
20/12/14 18:52:47 513 [INFO,train:519]         epoch 350 age 1: 0.24 28.73
20/12/14 18:52:47 534 [INFO,train:519]         epoch 350 age 2: 0.23 27.74
20/12/14 19:04:32 764 [ERR,train:476] get data failed at epoch 395, has got 11746 datas:
Traceback (most recent call last):
  File "./MrZeroTree.py", line 473, in train
    queue_get=data_queue.get(block=True,timeout=data_timeout*3+30)
  File "/usr/lib/python3.6/multiprocessing/queues.py", line 105, in get
    raise Empty
queue.Empty

20/12/14 19:04:52 786 [INFO,train:478] enough rest, continue
20/12/14 19:05:50 856 [INFO,benchmark:311] start benchmark against MrGreed for 512x2
20/12/14 19:06:05 394 [INFO,train:503] 400: 0.26 32.92 0.0032 0.0545 13049
20/12/14 19:06:05 415 [INFO,train:519]         epoch 400 age 0: 0.26 32.92
20/12/14 19:06:05 436 [INFO,train:519]         epoch 400 age 1: 0.26 31.23
20/12/14 19:06:05 458 [INFO,train:519]         epoch 400 age 2: 0.25 29.70
20/12/14 19:13:41 574 [INFO,benchmark:337] benchmark at epoch 400's result: -50.18 8.13
20/12/14 19:18:18 318 [INFO,train:503] 450: 0.28 32.03 0.0062 0.0548 13116
20/12/14 19:18:18 340 [INFO,train:519]         epoch 450 age 0: 0.28 32.03
20/12/14 19:18:18 361 [INFO,train:519]         epoch 450 age 1: 0.28 31.15
20/12/14 19:18:18 383 [INFO,train:519]         epoch 450 age 2: 0.28 30.24
20/12/14 19:30:07 584 [INFO,benchmark:311] start benchmark against MrGreed for 512x2
20/12/14 19:30:22 342 [INFO,train:503] 500: 0.26 33.10 0.0069 0.0551 13202
20/12/14 19:30:22 363 [INFO,train:519]         epoch 500 age 0: 0.26 33.10
20/12/14 19:30:22 385 [INFO,train:519]         epoch 500 age 1: 0.26 32.38
20/12/14 19:30:22 406 [INFO,train:519]         epoch 500 age 2: 0.25 31.49
20/12/14 19:38:02 047 [INFO,benchmark:337] benchmark at epoch 500's result: -33.01 8.18
20/12/14 19:42:35 226 [INFO,train:503] 550: 0.25 33.65 0.0034 0.0552 13310
20/12/14 19:42:35 248 [INFO,train:519]         epoch 550 age 0: 0.25 33.65
20/12/14 19:42:35 270 [INFO,train:519]         epoch 550 age 1: 0.25 32.15
20/12/14 19:42:35 291 [INFO,train:519]         epoch 550 age 2: 0.24 30.42
20/12/14 19:54:19 670 [INFO,benchmark:311] start benchmark against MrGreed for 512x2
20/12/14 19:54:35 619 [INFO,train:503] 600: 0.23 38.69 0.0045 0.0556 13142
20/12/14 19:54:35 641 [INFO,train:519]         epoch 600 age 0: 0.23 38.69
20/12/14 19:54:35 662 [INFO,train:519]         epoch 600 age 1: 0.22 37.00
20/12/14 19:54:35 684 [INFO,train:519]         epoch 600 age 2: 0.22 35.73
20/12/14 19:58:01 869 [ERR,train:476] get data failed at epoch 610, has got 11720 datas:
Traceback (most recent call last):
  File "./MrZeroTree.py", line 473, in train
    queue_get=data_queue.get(block=True,timeout=data_timeout*3+30)
  File "/usr/lib/python3.6/multiprocessing/queues.py", line 105, in get
    raise Empty
queue.Empty

20/12/14 19:58:21 890 [INFO,train:478] enough rest, continue
20/12/14 19:59:34 758 [ERR,train:476] get data failed at epoch 611, has got 10722 datas:
Traceback (most recent call last):
  File "./MrZeroTree.py", line 473, in train
    queue_get=data_queue.get(block=True,timeout=data_timeout*3+30)
  File "/usr/lib/python3.6/multiprocessing/queues.py", line 105, in get
    raise Empty
queue.Empty

20/12/14 19:59:54 779 [INFO,train:478] enough rest, continue
20/12/14 20:01:07 415 [ERR,train:476] get data failed at epoch 612, has got 10108 datas:
Traceback (most recent call last):
  File "./MrZeroTree.py", line 473, in train
    queue_get=data_queue.get(block=True,timeout=data_timeout*3+30)
  File "/usr/lib/python3.6/multiprocessing/queues.py", line 105, in get
    raise Empty
queue.Empty

20/12/14 20:01:27 436 [INFO,train:478] enough rest, continue
20/12/14 20:01:56 902 [INFO,benchmark:337] benchmark at epoch 600's result: -54.75 8.12
20/12/14 20:10:39 364 [INFO,train:503] 650: 0.23 29.86 0.0058 0.0563 13260
20/12/14 20:10:39 385 [INFO,train:519]         epoch 650 age 0: 0.23 29.86
20/12/14 20:10:39 407 [INFO,train:519]         epoch 650 age 1: 0.22 29.51
20/12/14 20:10:39 428 [INFO,train:519]         epoch 650 age 2: 0.21 28.65
20/12/14 21:40:25 487 [ERR,main:532] :
Traceback (most recent call last):
  File "./MrZeroTree.py", line 530, in main
    train(pv_net)
  File "./MrZeroTree.py", line 467, in train
    p.start()
  File "/usr/lib/python3.6/multiprocessing/process.py", line 105, in start
    self._popen = self._Popen(self)
  File "/usr/lib/python3.6/multiprocessing/context.py", line 223, in _Popen
    return _default_context.get_context().Process._Popen(process_obj)
  File "/usr/lib/python3.6/multiprocessing/context.py", line 284, in _Popen
    return Popen(process_obj)
KeyboardInterrupt

