20/12/20 13:16:43 297 [INFO,<module>:541] sharing_strategy: file_system
20/12/20 13:16:45 223 [INFO,main:515] start from: ./ZeroNets/mimic-greed-514-shi/PV_NET-11-2247733-300.pkl
20/12/20 13:16:45 223 [INFO,train:412] BETA: 0.20, VALUE_RENORMAL: 10, BENCHMARK_METHOD: -1
20/12/20 13:16:45 223 [INFO,train:414] loss2_weight: 0.03, data_rounds: 3x12, train_sample: -1, pv_deep: 5, review_number: 3, age_in_epoch: 3
20/12/20 13:16:45 224 [INFO,train:419] optimizer: {'lr': 0.0004, 'betas': (0.9, 0.999), 'eps': 1e-07, 'weight_decay': 0.0001, 'amsgrad': False}
20/12/20 13:16:45 224 [INFO,train:425] #epoch: loss1 loss2 grad1/grad2 amp_probe #train_datas
20/12/20 13:16:45 820 [INFO,benchmark:287] start benchmark against MrGreed for 512x2
20/12/20 13:20:18 025 [INFO,train:490] 0: 1.33 85.08 0.0310 0.0559 31000
20/12/20 13:20:18 072 [INFO,train:506]         epoch 0 age 0: 1.33 85.08
20/12/20 13:20:18 113 [INFO,train:506]         epoch 0 age 1: 1.22 82.96
20/12/20 13:20:18 152 [INFO,train:506]         epoch 0 age 2: 1.14 81.51
20/12/20 13:21:31 071 [INFO,train:490] 1: 1.10 83.17 0.0404 0.0560 30867
20/12/20 13:21:31 112 [INFO,train:506]         epoch 1 age 0: 1.10 83.17
20/12/20 13:21:31 152 [INFO,train:506]         epoch 1 age 1: 1.04 82.20
20/12/20 13:21:31 192 [INFO,train:506]         epoch 1 age 2: 1.00 81.29
20/12/20 13:22:46 026 [INFO,train:490] 2: 1.01 85.13 0.0298 0.0561 31218
20/12/20 13:22:46 073 [INFO,train:506]         epoch 2 age 0: 1.01 85.13
20/12/20 13:22:46 115 [INFO,train:506]         epoch 2 age 1: 0.98 84.41
20/12/20 13:22:46 155 [INFO,train:506]         epoch 2 age 2: 0.95 83.69
20/12/20 13:23:59 072 [INFO,train:490] 3: 0.99 86.58 0.0278 0.0561 31192
20/12/20 13:23:59 120 [INFO,train:506]         epoch 3 age 0: 0.99 86.58
20/12/20 13:23:59 167 [INFO,train:506]         epoch 3 age 1: 0.96 85.92
20/12/20 13:23:59 214 [INFO,train:506]         epoch 3 age 2: 0.94 85.28
20/12/20 13:25:15 047 [INFO,train:490] 4: 0.97 91.79 0.0217 0.0561 31623
20/12/20 13:25:15 092 [INFO,train:506]         epoch 4 age 0: 0.97 91.79
20/12/20 13:25:15 134 [INFO,train:506]         epoch 4 age 1: 0.95 91.22
20/12/20 13:25:15 175 [INFO,train:506]         epoch 4 age 2: 0.93 90.51
20/12/20 13:25:22 628 [INFO,benchmark:313] benchmark at epoch 0's result: -128.33 8.24
20/12/20 13:26:25 769 [INFO,train:490] 5: 0.95 96.85 0.0147 0.0560 31286
20/12/20 13:26:25 816 [INFO,train:506]         epoch 5 age 0: 0.95 96.85
20/12/20 13:26:25 863 [INFO,train:506]         epoch 5 age 1: 0.93 96.07
20/12/20 13:26:25 903 [INFO,train:506]         epoch 5 age 2: 0.91 95.20
20/12/20 13:32:37 918 [INFO,train:490] 10: 0.86 99.48 0.0076 0.0557 31558
20/12/20 13:32:37 963 [INFO,train:506]         epoch 10 age 0: 0.86 99.48
20/12/20 13:32:38 008 [INFO,train:506]         epoch 10 age 1: 0.86 98.59
20/12/20 13:32:38 052 [INFO,train:506]         epoch 10 age 2: 0.85 97.59
20/12/20 13:38:47 266 [INFO,train:490] 15: 0.90 98.03 0.0045 0.0551 30396
20/12/20 13:38:47 311 [INFO,train:506]         epoch 15 age 0: 0.90 98.03
20/12/20 13:38:47 349 [INFO,train:506]         epoch 15 age 1: 0.90 96.89
20/12/20 13:38:47 389 [INFO,train:506]         epoch 15 age 2: 0.90 95.68
20/12/20 13:44:53 199 [INFO,train:490] 20: 0.92 107.64 0.0030 0.0544 30760
20/12/20 13:44:53 246 [INFO,train:506]         epoch 20 age 0: 0.92 107.64
20/12/20 13:44:53 290 [INFO,train:506]         epoch 20 age 1: 0.91 105.80
20/12/20 13:44:53 329 [INFO,train:506]         epoch 20 age 2: 0.90 103.81
20/12/20 13:51:05 187 [INFO,train:490] 25: 0.90 105.57 0.0024 0.0540 30475
20/12/20 13:51:05 233 [INFO,train:506]         epoch 25 age 0: 0.90 105.57
20/12/20 13:51:05 279 [INFO,train:506]         epoch 25 age 1: 0.90 103.80
20/12/20 13:51:05 320 [INFO,train:506]         epoch 25 age 2: 0.89 101.93
20/12/20 13:57:12 419 [INFO,train:490] 30: 0.92 105.92 0.0022 0.0537 30934
20/12/20 13:57:12 467 [INFO,train:506]         epoch 30 age 0: 0.92 105.92
20/12/20 13:57:12 509 [INFO,train:506]         epoch 30 age 1: 0.92 104.33
20/12/20 13:57:12 549 [INFO,train:506]         epoch 30 age 2: 0.91 102.58
20/12/20 14:03:21 113 [INFO,train:490] 35: 0.92 104.17 0.0026 0.0536 30910
20/12/20 14:03:21 160 [INFO,train:506]         epoch 35 age 0: 0.92 104.17
20/12/20 14:03:21 206 [INFO,train:506]         epoch 35 age 1: 0.91 102.66
20/12/20 14:03:21 252 [INFO,train:506]         epoch 35 age 2: 0.91 100.76
20/12/20 14:09:35 994 [INFO,train:490] 40: 0.85 105.65 0.0019 0.0535 31110
20/12/20 14:09:36 042 [INFO,train:506]         epoch 40 age 0: 0.85 105.65
20/12/20 14:09:36 089 [INFO,train:506]         epoch 40 age 1: 0.85 104.00
20/12/20 14:09:36 135 [INFO,train:506]         epoch 40 age 2: 0.85 102.06
20/12/20 14:34:16 907 [INFO,train:490] 60: 0.90 100.02 0.0026 0.0534 29875
20/12/20 14:34:16 953 [INFO,train:506]         epoch 60 age 0: 0.90 100.02
20/12/20 14:34:16 998 [INFO,train:506]         epoch 60 age 1: 0.89 98.84
20/12/20 14:34:17 043 [INFO,train:506]         epoch 60 age 2: 0.89 97.46
20/12/20 14:57:42 888 [INFO,benchmark:287] start benchmark against MrGreed for 512x2
20/12/20 14:59:00 107 [INFO,train:490] 80: 0.88 103.01 0.0030 0.0534 30789
20/12/20 14:59:00 151 [INFO,train:506]         epoch 80 age 0: 0.88 103.01
20/12/20 14:59:00 191 [INFO,train:506]         epoch 80 age 1: 0.88 101.91
20/12/20 14:59:00 230 [INFO,train:506]         epoch 80 age 2: 0.87 100.67
20/12/20 15:06:36 571 [INFO,benchmark:313] benchmark at epoch 80's result: -135.11 7.92
20/12/20 15:23:51 368 [INFO,train:490] 100: 0.87 95.49 0.0020 0.0536 30733
20/12/20 15:23:51 415 [INFO,train:506]         epoch 100 age 0: 0.87 95.49
20/12/20 15:23:51 455 [INFO,train:506]         epoch 100 age 1: 0.87 94.36
20/12/20 15:23:51 495 [INFO,train:506]         epoch 100 age 2: 0.87 93.15
20/12/20 15:48:35 684 [INFO,train:490] 120: 0.90 93.44 0.0034 0.0538 30903
20/12/20 15:48:35 731 [INFO,train:506]         epoch 120 age 0: 0.90 93.44
20/12/20 15:48:35 778 [INFO,train:506]         epoch 120 age 1: 0.90 92.25
20/12/20 15:48:35 824 [INFO,train:506]         epoch 120 age 2: 0.89 90.91
20/12/20 16:13:35 396 [INFO,train:490] 140: 0.91 99.65 0.0011 0.0539 30531
20/12/20 16:13:35 443 [INFO,train:506]         epoch 140 age 0: 0.91 99.65
20/12/20 16:13:35 490 [INFO,train:506]         epoch 140 age 1: 0.90 97.57
20/12/20 16:13:35 536 [INFO,train:506]         epoch 140 age 2: 0.90 95.77
20/12/20 16:42:17 057 [ERR,train:459] get data failed at epoch 159, has got 27770 datas.:
Traceback (most recent call last):
  File "./MrZeroTree.py", line 456, in train
    queue_get=data_queue.get(block=True,timeout=data_timeout*3+30)
  File "/usr/lib/python3.6/multiprocessing/queues.py", line 105, in get
    raise Empty
queue.Empty

20/12/20 16:42:17 073 [INFO,train:460] resting...
20/12/20 16:44:17 967 [INFO,benchmark:287] start benchmark against MrGreed for 512x2
20/12/20 16:45:36 870 [INFO,train:490] 160: 0.88 97.62 0.0027 0.0544 28426
20/12/20 16:45:36 910 [INFO,train:506]         epoch 160 age 0: 0.88 97.62
20/12/20 16:45:36 946 [INFO,train:506]         epoch 160 age 1: 0.88 96.36
20/12/20 16:45:36 983 [INFO,train:506]         epoch 160 age 2: 0.88 95.10
20/12/20 16:50:55 926 [ERR,train:459] get data failed at epoch 161, has got 25627 datas.:
Traceback (most recent call last):
  File "./MrZeroTree.py", line 456, in train
    queue_get=data_queue.get(block=True,timeout=data_timeout*3+30)
  File "/usr/lib/python3.6/multiprocessing/queues.py", line 105, in get
    raise Empty
queue.Empty

20/12/20 16:50:55 927 [INFO,train:460] resting...
20/12/20 16:52:25 404 [INFO,benchmark:313] benchmark at epoch 160's result: -113.21 8.26
20/12/20 17:17:49 717 [INFO,train:490] 180: 0.88 96.35 0.0016 0.0549 30518
20/12/20 17:17:49 763 [INFO,train:506]         epoch 180 age 0: 0.88 96.35
20/12/20 17:17:49 810 [INFO,train:506]         epoch 180 age 1: 0.87 94.64
20/12/20 17:17:49 849 [INFO,train:506]         epoch 180 age 2: 0.87 92.39
20/12/20 17:44:00 070 [INFO,train:490] 200: 0.85 101.99 0.0019 0.0550 30932
20/12/20 17:44:00 113 [INFO,train:506]         epoch 200 age 0: 0.85 101.99
20/12/20 17:44:00 153 [INFO,train:506]         epoch 200 age 1: 0.85 100.29
20/12/20 17:44:00 193 [INFO,train:506]         epoch 200 age 2: 0.84 98.55
20/12/20 18:10:01 116 [INFO,train:490] 220: 0.89 100.83 0.0026 0.0556 30760
20/12/20 18:10:01 162 [INFO,train:506]         epoch 220 age 0: 0.89 100.83
20/12/20 18:10:01 204 [INFO,train:506]         epoch 220 age 1: 0.88 98.90
20/12/20 18:10:01 243 [INFO,train:506]         epoch 220 age 2: 0.87 96.96
20/12/20 18:34:49 072 [INFO,benchmark:287] start benchmark against MrGreed for 512x2
20/12/20 18:36:06 304 [INFO,train:490] 240: 0.87 106.44 0.0012 0.0559 30783
20/12/20 18:36:06 351 [INFO,train:506]         epoch 240 age 0: 0.87 106.44
20/12/20 18:36:06 398 [INFO,train:506]         epoch 240 age 1: 0.87 104.15
20/12/20 18:36:06 444 [INFO,train:506]         epoch 240 age 2: 0.86 101.46
20/12/20 18:43:22 547 [INFO,benchmark:313] benchmark at epoch 240's result: -126.78 8.01
20/12/20 19:02:14 317 [INFO,train:490] 260: 0.90 103.11 0.0015 0.0566 30091
20/12/20 19:02:14 363 [INFO,train:506]         epoch 260 age 0: 0.90 103.11
20/12/20 19:02:14 408 [INFO,train:506]         epoch 260 age 1: 0.90 101.32
20/12/20 19:02:14 450 [INFO,train:506]         epoch 260 age 2: 0.89 99.60
20/12/20 19:28:09 264 [INFO,train:490] 280: 0.88 93.47 0.0011 0.0568 30166
20/12/20 19:28:09 310 [INFO,train:506]         epoch 280 age 0: 0.88 93.47
20/12/20 19:28:09 356 [INFO,train:506]         epoch 280 age 1: 0.88 91.24
20/12/20 19:28:09 401 [INFO,train:506]         epoch 280 age 2: 0.87 88.88
20/12/20 19:54:18 166 [INFO,train:490] 300: 0.88 93.65 0.0021 0.0572 30352
20/12/20 19:54:18 212 [INFO,train:506]         epoch 300 age 0: 0.88 93.65
20/12/20 19:54:18 258 [INFO,train:506]         epoch 300 age 1: 0.87 92.93
20/12/20 19:54:18 304 [INFO,train:506]         epoch 300 age 2: 0.87 91.99
20/12/20 20:18:54 290 [INFO,benchmark:287] start benchmark against MrGreed for 512x2
20/12/20 20:20:13 369 [INFO,train:490] 320: 0.89 96.42 0.0012 0.0573 30875
20/12/20 20:20:13 416 [INFO,train:506]         epoch 320 age 0: 0.89 96.42
20/12/20 20:20:13 463 [INFO,train:506]         epoch 320 age 1: 0.88 94.38
20/12/20 20:20:13 504 [INFO,train:506]         epoch 320 age 2: 0.88 93.11
20/12/20 20:27:30 602 [INFO,benchmark:313] benchmark at epoch 320's result: -95.66 8.25
20/12/20 20:46:13 186 [INFO,train:490] 340: 0.91 96.39 0.0021 0.0576 30622
20/12/20 20:46:13 233 [INFO,train:506]         epoch 340 age 0: 0.91 96.39
20/12/20 20:46:13 279 [INFO,train:506]         epoch 340 age 1: 0.91 95.09
20/12/20 20:46:13 325 [INFO,train:506]         epoch 340 age 2: 0.91 93.49
20/12/20 21:12:08 893 [INFO,train:490] 360: 0.90 103.90 0.0011 0.0582 30731
20/12/20 21:12:08 940 [INFO,train:506]         epoch 360 age 0: 0.90 103.90
20/12/20 21:12:08 987 [INFO,train:506]         epoch 360 age 1: 0.90 102.05
20/12/20 21:12:09 033 [INFO,train:506]         epoch 360 age 2: 0.89 99.69
20/12/20 21:38:14 529 [INFO,train:490] 380: 0.87 89.02 0.0017 0.0583 31180
20/12/20 21:38:14 576 [INFO,train:506]         epoch 380 age 0: 0.87 89.02
20/12/20 21:38:14 623 [INFO,train:506]         epoch 380 age 1: 0.87 87.72
20/12/20 21:38:14 670 [INFO,train:506]         epoch 380 age 2: 0.86 86.54
20/12/20 21:48:48 262 [ERR,train:459] get data failed at epoch 385, has got 27944 datas.:
Traceback (most recent call last):
  File "./MrZeroTree.py", line 456, in train
    queue_get=data_queue.get(block=True,timeout=data_timeout*3+30)
  File "/usr/lib/python3.6/multiprocessing/queues.py", line 105, in get
    raise Empty
queue.Empty

20/12/20 21:48:48 263 [INFO,train:460] resting...
20/12/20 22:08:56 660 [INFO,benchmark:287] start benchmark against MrGreed for 512x2
20/12/20 22:10:16 410 [INFO,train:490] 400: 0.91 96.03 0.0024 0.0587 30806
20/12/20 22:10:16 456 [INFO,train:506]         epoch 400 age 0: 0.91 96.03
20/12/20 22:10:16 503 [INFO,train:506]         epoch 400 age 1: 0.91 94.78
20/12/20 22:10:16 543 [INFO,train:506]         epoch 400 age 2: 0.90 93.56
20/12/20 22:17:30 802 [INFO,benchmark:313] benchmark at epoch 400's result: -110.04 8.33
20/12/20 22:30:12 327 [ERR,prepare_train_data:389] :
Traceback (most recent call last):
  File "/home/spinor/youran/MrIfOffline/MrZeroTree.py", line 380, in prepare_train_data
    interface.step()
  File "/home/spinor/youran/MrIfOffline/OfflineInterface.py", line 63, in step
    choice=self.players[self.pnext].pick_a_card()
  File "/home/spinor/youran/MrIfOffline/MrZeroTree.py", line 253, in pick_a_card
    searcher.search(initialState=gamestate,needNodeValue=False)
  File "/home/spinor/youran/MrIfOffline/MCTS/mcts.py", line 69, in search
    self.executeRound()
  File "/home/spinor/youran/MrIfOffline/MCTS/mcts.py", line 84, in executeRound
    reward = self.rollout(node.state,self.pv_deep)
KeyboardInterrupt

20/12/20 22:30:12 327 [ERR,prepare_train_data:389] :
Traceback (most recent call last):
  File "/home/spinor/youran/MrIfOffline/MrZeroTree.py", line 380, in prepare_train_data
    interface.step()
  File "/home/spinor/youran/MrIfOffline/OfflineInterface.py", line 63, in step
    choice=self.players[self.pnext].pick_a_card()
  File "/home/spinor/youran/MrIfOffline/MrZeroTree.py", line 253, in pick_a_card
    searcher.search(initialState=gamestate,needNodeValue=False)
  File "/home/spinor/youran/MrIfOffline/MCTS/mcts.py", line 69, in search
    self.executeRound()
  File "/home/spinor/youran/MrIfOffline/MCTS/mcts.py", line 84, in executeRound
    reward = self.rollout(node.state,self.pv_deep)
KeyboardInterrupt

20/12/20 22:30:12 327 [ERR,main:519] :
Traceback (most recent call last):
  File "./MrZeroTree.py", line 517, in main
    train(pv_net)
  File "./MrZeroTree.py", line 448, in train
    time.sleep(data_timeout//2)
KeyboardInterrupt

20/12/20 22:30:12 820 [ERR,prepare_train_data:389] :
Traceback (most recent call last):
  File "/home/spinor/youran/MrIfOffline/MrZeroTree.py", line 380, in prepare_train_data
    interface.step()
  File "/home/spinor/youran/MrIfOffline/OfflineInterface.py", line 63, in step
    choice=self.players[self.pnext].pick_a_card()
  File "/home/spinor/youran/MrIfOffline/MrZeroTree.py", line 253, in pick_a_card
    searcher.search(initialState=gamestate,needNodeValue=False)
  File "/home/spinor/youran/MrIfOffline/MCTS/mcts.py", line 69, in search
    self.executeRound()
  File "/home/spinor/youran/MrIfOffline/MCTS/mcts.py", line 84, in executeRound
    reward = self.rollout(node.state,self.pv_deep)
KeyboardInterrupt

