20/12/23 19:01:48 423 [INFO,<module>:534] sharing_strategy: file_system
20/12/23 19:01:48 452 [INFO,main:505] init pv_net: PV_NET [(514, 1024), (1024, 1024), (1024, 256), (256, 256), (256, 256), (256, 256), (256, 256), (256, 256), (256, 256), (256, 52), (256, 1)] 2247733
20/12/23 19:01:48 452 [INFO,train:408] BETA: 0.20, VALUE_RENORMAL: 10, BENCHMARK_SAMPLE: -1
20/12/23 19:01:48 452 [INFO,train:410] loss2_weight: 0.03, data_rounds: 3x12, train_sample: -2, pv_deep: 0, review_number: 3, age_in_epoch: 3
20/12/23 19:01:50 391 [INFO,train:415] optimizer: {'lr': 0.0001, 'betas': (0.9, 0.999), 'eps': 1e-07, 'weight_decay': 0.0001, 'amsgrad': False}
20/12/23 19:01:50 391 [INFO,train:421] #epoch: loss1 loss2 grad1/grad2 amp_probe #train_datas
20/12/23 19:01:50 973 [INFO,benchmark:291] start benchmark against MrGreed for 512x2
20/12/23 19:03:01 387 [INFO,train:482] 0: 3.02 52.49 0.2483 0.0222 31160
20/12/23 19:03:01 434 [INFO,train:497]         epoch 0 age 0: 3.02 52.49
20/12/23 19:03:01 481 [INFO,train:497]         epoch 0 age 1: 3.01 52.48
20/12/23 19:03:01 525 [INFO,train:497]         epoch 0 age 2: 3.00 52.48
20/12/23 19:03:29 113 [INFO,train:482] 1: 3.02 53.98 0.2372 0.0222 30674
20/12/23 19:03:29 154 [INFO,train:497]         epoch 1 age 0: 3.02 53.98
20/12/23 19:03:29 194 [INFO,train:497]         epoch 1 age 1: 3.01 53.98
20/12/23 19:03:29 235 [INFO,train:497]         epoch 1 age 2: 3.00 53.98
20/12/23 19:03:56 395 [INFO,train:482] 2: 2.99 35.60 0.1735 0.0222 30662
20/12/23 19:03:56 442 [INFO,train:497]         epoch 2 age 0: 2.99 35.60
20/12/23 19:03:56 489 [INFO,train:497]         epoch 2 age 1: 2.98 35.60
20/12/23 19:03:56 529 [INFO,train:497]         epoch 2 age 2: 2.97 35.59
20/12/23 19:04:23 576 [INFO,train:482] 3: 2.95 34.25 0.2283 0.0222 30698
20/12/23 19:04:23 623 [INFO,train:497]         epoch 3 age 0: 2.95 34.25
20/12/23 19:04:23 670 [INFO,train:497]         epoch 3 age 1: 2.93 34.24
20/12/23 19:04:23 710 [INFO,train:497]         epoch 3 age 2: 2.92 34.23
20/12/23 19:04:51 646 [INFO,train:482] 4: 2.87 31.86 0.4708 0.0222 30742
20/12/23 19:04:51 692 [INFO,train:497]         epoch 4 age 0: 2.87 31.86
20/12/23 19:04:51 739 [INFO,train:497]         epoch 4 age 1: 2.85 31.85
20/12/23 19:04:51 780 [INFO,train:497]         epoch 4 age 2: 2.83 31.85
20/12/23 19:05:18 604 [INFO,train:482] 5: 2.81 34.00 0.4867 0.0222 30439
20/12/23 19:05:18 651 [INFO,train:497]         epoch 5 age 0: 2.81 34.00
20/12/23 19:05:18 697 [INFO,train:497]         epoch 5 age 1: 2.78 33.99
20/12/23 19:05:18 742 [INFO,train:497]         epoch 5 age 2: 2.74 33.97
20/12/23 19:07:34 916 [INFO,train:482] 10: 1.57 38.17 2.1259 0.0222 30448
20/12/23 19:07:34 962 [INFO,train:497]         epoch 10 age 0: 1.57 38.17
20/12/23 19:07:35 006 [INFO,train:497]         epoch 10 age 1: 1.44 38.22
20/12/23 19:07:35 046 [INFO,train:497]         epoch 10 age 2: 1.32 38.26
20/12/23 19:09:49 351 [INFO,train:482] 15: 0.40 38.71 0.0490 0.0222 30808
20/12/23 19:09:49 397 [INFO,train:497]         epoch 15 age 0: 0.40 38.71
20/12/23 19:09:49 442 [INFO,train:497]         epoch 15 age 1: 0.36 38.62
20/12/23 19:09:49 486 [INFO,train:497]         epoch 15 age 2: 0.33 38.57
20/12/23 19:10:36 888 [INFO,benchmark:315] benchmark at epoch 0's result: -210.99 8.09
20/12/23 19:12:05 000 [INFO,train:482] 20: 0.20 34.20 0.2200 0.0223 30885
20/12/23 19:12:06 048 [INFO,train:497]         epoch 20 age 0: 0.20 34.20
20/12/23 19:12:06 094 [INFO,train:497]         epoch 20 age 1: 0.19 34.18
20/12/23 19:12:06 140 [INFO,train:497]         epoch 20 age 2: 0.18 34.17
20/12/23 19:14:19 722 [INFO,train:482] 25: 0.16 35.71 0.0624 0.0223 30348
20/12/23 19:14:19 767 [INFO,train:497]         epoch 25 age 0: 0.16 35.71
20/12/23 19:14:19 810 [INFO,train:497]         epoch 25 age 1: 0.16 35.68
20/12/23 19:14:19 854 [INFO,train:497]         epoch 25 age 2: 0.16 35.67
20/12/23 19:16:34 270 [INFO,train:482] 30: 0.15 34.27 0.0704 0.0223 30992
20/12/23 19:16:34 317 [INFO,train:497]         epoch 30 age 0: 0.15 34.27
20/12/23 19:16:34 358 [INFO,train:497]         epoch 30 age 1: 0.15 34.26
20/12/23 19:16:34 398 [INFO,train:497]         epoch 30 age 2: 0.15 34.25
20/12/23 19:18:50 198 [INFO,train:482] 35: 0.12 32.91 0.0171 0.0223 30950
20/12/23 19:18:50 245 [INFO,train:497]         epoch 35 age 0: 0.12 32.91
20/12/23 19:18:50 291 [INFO,train:497]         epoch 35 age 1: 0.12 32.87
20/12/23 19:18:50 334 [INFO,train:497]         epoch 35 age 2: 0.12 32.87
20/12/23 19:21:07 349 [INFO,train:482] 40: 0.15 38.59 0.0272 0.0223 30513
20/12/23 19:21:07 397 [INFO,train:497]         epoch 40 age 0: 0.15 38.59
20/12/23 19:21:07 443 [INFO,train:497]         epoch 40 age 1: 0.14 38.58
20/12/23 19:21:07 489 [INFO,train:497]         epoch 40 age 2: 0.14 38.55
20/12/23 19:30:04 322 [INFO,train:482] 60: 0.15 38.41 0.0088 0.0222 31538
20/12/23 19:30:04 369 [INFO,train:497]         epoch 60 age 0: 0.15 38.41
20/12/23 19:30:04 414 [INFO,train:497]         epoch 60 age 1: 0.15 38.30
20/12/23 19:30:04 455 [INFO,train:497]         epoch 60 age 2: 0.15 38.19
20/12/23 19:38:30 525 [INFO,benchmark:291] start benchmark against MrGreed for 512x2
20/12/23 19:38:57 549 [INFO,train:482] 80: 0.26 34.31 0.0049 0.0222 30087
20/12/23 19:38:57 595 [INFO,train:497]         epoch 80 age 0: 0.26 34.31
20/12/23 19:38:57 641 [INFO,train:497]         epoch 80 age 1: 0.25 34.15
20/12/23 19:38:57 686 [INFO,train:497]         epoch 80 age 2: 0.25 34.09
20/12/23 19:47:14 461 [INFO,benchmark:315] benchmark at epoch 80's result: -174.64 8.17
20/12/23 19:47:58 257 [INFO,train:482] 100: 0.26 33.69 0.0044 0.0222 31559
20/12/23 19:47:58 306 [INFO,train:497]         epoch 100 age 0: 0.26 33.69
20/12/23 19:47:58 353 [INFO,train:497]         epoch 100 age 1: 0.26 33.40
20/12/23 19:47:58 400 [INFO,train:497]         epoch 100 age 2: 0.25 33.09
20/12/23 19:56:51 846 [INFO,train:482] 120: 0.30 37.74 0.0046 0.0221 30558
20/12/23 19:56:51 892 [INFO,train:497]         epoch 120 age 0: 0.30 37.74
20/12/23 19:56:51 938 [INFO,train:497]         epoch 120 age 1: 0.29 37.29
20/12/23 19:56:51 981 [INFO,train:497]         epoch 120 age 2: 0.29 36.94
20/12/23 20:05:45 480 [INFO,train:482] 140: 0.35 44.44 0.0012 0.0221 31329
20/12/23 20:05:45 528 [INFO,train:497]         epoch 140 age 0: 0.35 44.44
20/12/23 20:05:45 575 [INFO,train:497]         epoch 140 age 1: 0.35 43.40
20/12/23 20:05:45 622 [INFO,train:497]         epoch 140 age 2: 0.34 42.94
20/12/23 20:15:09 953 [INFO,benchmark:291] start benchmark against MrGreed for 512x2
20/12/23 20:15:41 051 [INFO,train:482] 160: 0.34 41.06 0.0094 0.0222 31316
20/12/23 20:15:41 099 [INFO,train:497]         epoch 160 age 0: 0.34 41.06
20/12/23 20:15:41 141 [INFO,train:497]         epoch 160 age 1: 0.33 40.76
20/12/23 20:15:41 182 [INFO,train:497]         epoch 160 age 2: 0.33 40.41
20/12/23 20:23:58 757 [INFO,benchmark:315] benchmark at epoch 160's result: -163.71 8.24
20/12/23 20:26:00 185 [INFO,train:482] 180: 0.32 37.97 0.0058 0.0221 30721
20/12/23 20:26:00 231 [INFO,train:497]         epoch 180 age 0: 0.32 37.97
20/12/23 20:26:00 273 [INFO,train:497]         epoch 180 age 1: 0.32 37.76
20/12/23 20:26:00 314 [INFO,train:497]         epoch 180 age 2: 0.31 37.28
20/12/23 20:36:13 459 [INFO,train:482] 200: 0.37 42.12 0.0038 0.0221 30739
20/12/23 20:36:13 506 [INFO,train:497]         epoch 200 age 0: 0.37 42.12
20/12/23 20:36:13 552 [INFO,train:497]         epoch 200 age 1: 0.37 41.73
20/12/23 20:36:13 595 [INFO,train:497]         epoch 200 age 2: 0.37 41.20
20/12/23 20:46:26 073 [INFO,train:482] 220: 0.33 41.25 0.0013 0.0222 30671
20/12/23 20:46:26 119 [INFO,train:497]         epoch 220 age 0: 0.33 41.25
20/12/23 20:46:26 159 [INFO,train:497]         epoch 220 age 1: 0.33 40.90
20/12/23 20:46:26 199 [INFO,train:497]         epoch 220 age 2: 0.33 40.72
20/12/23 20:55:20 682 [INFO,train:455]  AGAIN at epoch 234! Has got 27520 datas. resting...
20/12/23 20:59:55 868 [INFO,benchmark:291] start benchmark against MrGreed for 512x2
20/12/23 21:00:27 263 [INFO,train:482] 240: 0.36 45.75 0.0103 0.0222 30218
20/12/23 21:00:27 309 [INFO,train:497]         epoch 240 age 0: 0.36 45.75
20/12/23 21:00:27 356 [INFO,train:497]         epoch 240 age 1: 0.35 45.48
20/12/23 21:00:27 401 [INFO,train:497]         epoch 240 age 2: 0.34 44.98
20/12/23 21:08:27 460 [INFO,benchmark:315] benchmark at epoch 240's result: -152.82 8.12
20/12/23 21:10:49 396 [INFO,train:482] 260: 0.32 46.75 0.0024 0.0222 30519
20/12/23 21:10:49 442 [INFO,train:497]         epoch 260 age 0: 0.32 46.75
20/12/23 21:10:49 488 [INFO,train:497]         epoch 260 age 1: 0.31 46.14
20/12/23 21:10:49 530 [INFO,train:497]         epoch 260 age 2: 0.31 45.44
20/12/23 21:21:00 440 [INFO,train:482] 280: 0.26 41.40 0.0073 0.0222 32217
20/12/23 21:21:00 489 [INFO,train:497]         epoch 280 age 0: 0.26 41.40
20/12/23 21:21:00 537 [INFO,train:497]         epoch 280 age 1: 0.26 40.88
20/12/23 21:21:00 586 [INFO,train:497]         epoch 280 age 2: 0.26 40.49
20/12/23 21:31:15 948 [INFO,train:482] 300: 0.26 42.66 0.0041 0.0222 31565
20/12/23 21:31:15 993 [INFO,train:497]         epoch 300 age 0: 0.26 42.66
20/12/23 21:31:16 034 [INFO,train:497]         epoch 300 age 1: 0.26 42.30
20/12/23 21:31:16 076 [INFO,train:497]         epoch 300 age 2: 0.26 41.96
20/12/23 21:41:02 546 [INFO,benchmark:291] start benchmark against MrGreed for 512x2
20/12/23 21:41:33 670 [INFO,train:482] 320: 0.21 34.89 0.0034 0.0223 30549
20/12/23 21:41:33 717 [INFO,train:497]         epoch 320 age 0: 0.21 34.89
20/12/23 21:41:33 758 [INFO,train:497]         epoch 320 age 1: 0.20 34.75
20/12/23 21:41:33 799 [INFO,train:497]         epoch 320 age 2: 0.20 34.64
20/12/23 21:49:35 610 [INFO,benchmark:315] benchmark at epoch 320's result: -152.30 8.20
20/12/23 21:51:52 459 [INFO,train:482] 340: 0.23 40.68 0.0123 0.0223 31375
20/12/23 21:51:52 508 [INFO,train:497]         epoch 340 age 0: 0.23 40.68
20/12/23 21:51:52 555 [INFO,train:497]         epoch 340 age 1: 0.23 40.58
20/12/23 21:51:52 602 [INFO,train:497]         epoch 340 age 2: 0.22 40.45
20/12/23 22:02:02 643 [INFO,train:482] 360: 0.25 39.67 0.0044 0.0222 30449
20/12/23 22:02:02 690 [INFO,train:497]         epoch 360 age 0: 0.25 39.67
20/12/23 22:02:02 732 [INFO,train:497]         epoch 360 age 1: 0.25 39.35
20/12/23 22:02:02 772 [INFO,train:497]         epoch 360 age 2: 0.25 39.05
20/12/23 22:12:11 747 [INFO,train:482] 380: 0.26 41.34 0.0070 0.0222 30542
20/12/23 22:12:11 795 [INFO,train:497]         epoch 380 age 0: 0.26 41.34
20/12/23 22:12:11 837 [INFO,train:497]         epoch 380 age 1: 0.25 41.03
20/12/23 22:12:11 877 [INFO,train:497]         epoch 380 age 2: 0.25 40.65
20/12/23 22:21:59 598 [INFO,benchmark:291] start benchmark against MrGreed for 512x2
20/12/23 22:22:30 279 [INFO,train:482] 400: 0.24 39.40 0.0054 0.0223 30779
20/12/23 22:22:30 325 [INFO,train:497]         epoch 400 age 0: 0.24 39.40
20/12/23 22:22:30 371 [INFO,train:497]         epoch 400 age 1: 0.23 39.22
20/12/23 22:22:30 411 [INFO,train:497]         epoch 400 age 2: 0.23 38.96
20/12/23 22:30:48 849 [INFO,benchmark:315] benchmark at epoch 400's result: -108.62 8.37
20/12/23 22:32:53 187 [INFO,train:482] 420: 0.25 40.89 0.0110 0.0222 30840
20/12/23 22:32:53 234 [INFO,train:497]         epoch 420 age 0: 0.25 40.89
20/12/23 22:32:53 281 [INFO,train:497]         epoch 420 age 1: 0.25 40.61
20/12/23 22:32:53 327 [INFO,train:497]         epoch 420 age 2: 0.25 40.23
20/12/23 22:43:03 994 [INFO,train:482] 440: 0.28 42.41 0.0044 0.0222 31373
20/12/23 22:43:04 042 [INFO,train:497]         epoch 440 age 0: 0.28 42.41
20/12/23 22:43:04 083 [INFO,train:497]         epoch 440 age 1: 0.27 41.99
20/12/23 22:43:04 124 [INFO,train:497]         epoch 440 age 2: 0.27 41.47
20/12/23 22:53:23 596 [INFO,train:482] 460: 0.25 36.20 0.0039 0.0222 31408
20/12/23 22:53:23 644 [INFO,train:497]         epoch 460 age 0: 0.25 36.20
20/12/23 22:53:23 692 [INFO,train:497]         epoch 460 age 1: 0.25 35.79
20/12/23 22:53:23 739 [INFO,train:497]         epoch 460 age 2: 0.24 35.48
20/12/23 23:03:03 209 [INFO,benchmark:291] start benchmark against MrGreed for 512x2
20/12/23 23:03:35 546 [INFO,train:482] 480: 0.27 37.77 0.0100 0.0222 30643
20/12/23 23:03:35 593 [INFO,train:497]         epoch 480 age 0: 0.27 37.77
20/12/23 23:03:35 639 [INFO,train:497]         epoch 480 age 1: 0.27 37.70
20/12/23 23:03:35 686 [INFO,train:497]         epoch 480 age 2: 0.27 37.57
20/12/23 23:11:52 312 [INFO,benchmark:315] benchmark at epoch 480's result: -105.72 8.12
20/12/23 23:13:58 828 [INFO,train:482] 500: 0.30 39.28 0.0059 0.0222 30627
20/12/23 23:13:58 875 [INFO,train:497]         epoch 500 age 0: 0.30 39.28
20/12/23 23:13:58 914 [INFO,train:497]         epoch 500 age 1: 0.29 38.99
20/12/23 23:13:58 955 [INFO,train:497]         epoch 500 age 2: 0.28 38.62
20/12/23 23:24:20 963 [INFO,train:482] 520: 0.25 37.66 0.0037 0.0222 31538
20/12/23 23:24:21 010 [INFO,train:497]         epoch 520 age 0: 0.25 37.66
20/12/23 23:24:21 054 [INFO,train:497]         epoch 520 age 1: 0.25 37.43
20/12/23 23:24:21 096 [INFO,train:497]         epoch 520 age 2: 0.24 37.14
20/12/23 23:34:35 998 [INFO,train:482] 540: 0.24 37.05 0.0094 0.0222 30222
20/12/23 23:34:36 045 [INFO,train:497]         epoch 540 age 0: 0.24 37.05
20/12/23 23:34:36 090 [INFO,train:497]         epoch 540 age 1: 0.23 36.99
20/12/23 23:34:36 135 [INFO,train:497]         epoch 540 age 2: 0.23 36.79
20/12/23 23:44:21 503 [INFO,benchmark:291] start benchmark against MrGreed for 512x2
20/12/23 23:44:52 998 [INFO,train:482] 560: 0.26 39.30 0.0035 0.0222 30841
20/12/23 23:44:53 044 [INFO,train:497]         epoch 560 age 0: 0.26 39.30
20/12/23 23:44:53 091 [INFO,train:497]         epoch 560 age 1: 0.26 38.91
20/12/23 23:44:53 132 [INFO,train:497]         epoch 560 age 2: 0.25 38.38
20/12/23 23:50:48 234 [INFO,train:455]  AGAIN at epoch 568! Has got 27705 datas. resting...
20/12/23 23:52:50 027 [INFO,benchmark:315] benchmark at epoch 560's result: -97.70 8.54
20/12/23 23:57:39 235 [INFO,train:455]  AGAIN at epoch 574! Has got 27696 datas. resting...
20/12/24 00:02:45 173 [INFO,train:482] 580: 0.26 38.20 0.0057 0.0223 30266
20/12/24 00:02:45 219 [INFO,train:497]         epoch 580 age 0: 0.26 38.20
20/12/24 00:02:45 265 [INFO,train:497]         epoch 580 age 1: 0.26 38.11
20/12/24 00:02:45 310 [INFO,train:497]         epoch 580 age 2: 0.26 37.95
20/12/24 00:13:04 566 [INFO,train:482] 600: 0.29 38.18 0.0059 0.0223 31163
20/12/24 00:13:04 614 [INFO,train:497]         epoch 600 age 0: 0.29 38.18
20/12/24 00:13:04 655 [INFO,train:497]         epoch 600 age 1: 0.28 37.88
20/12/24 00:13:04 696 [INFO,train:497]         epoch 600 age 2: 0.28 37.53
20/12/24 00:18:57 321 [INFO,train:455]  AGAIN at epoch 608! Has got 27474 datas. resting...
20/12/24 00:27:07 980 [INFO,train:482] 620: 0.34 41.65 0.0064 0.0222 30783
20/12/24 00:27:08 028 [INFO,train:497]         epoch 620 age 0: 0.34 41.65
20/12/24 00:27:08 074 [INFO,train:497]         epoch 620 age 1: 0.33 41.32
20/12/24 00:27:08 120 [INFO,train:497]         epoch 620 age 2: 0.33 40.98
20/12/24 00:37:02 452 [INFO,benchmark:291] start benchmark against MrGreed for 512x2
20/12/24 00:38:14 401 [INFO,train:482] 640: 0.38 41.93 0.0087 0.0222 30912
20/12/24 00:38:14 447 [INFO,train:497]         epoch 640 age 0: 0.38 41.93
20/12/24 00:38:14 487 [INFO,train:497]         epoch 640 age 1: 0.37 41.60
20/12/24 00:38:14 527 [INFO,train:497]         epoch 640 age 2: 0.36 41.28
