21/01/09 20:36:53 411 [INFO,main:112] BETA: 0.20, VALUE_RENORMAL: 10, MCTS_EXPL: 30, BENCH_SMP_B: 5, BENCH_SMP_K: 0.0
21/01/09 20:36:53 471 [INFO,main:116] init pv_net: RES_NET_18 11199093
21/01/09 20:36:53 471 [INFO,train:24] loss2_weight: 0.03, data_rounds: 64, train_mcts_b: 0, train_mcts_k: 2.0, review_number: 3, age_in_epoch: 3
21/01/09 20:36:55 443 [INFO,train:29] optimizer: {'lr': 0.0001, 'betas': (0.3, 0.999), 'eps': 1e-07, 'weight_decay': 0.0001, 'amsgrad': False}
21/01/09 20:36:56 017 [INFO,benchmark:250] start benchmark against MrGreed for 512x2
21/01/09 20:38:06 151 [INFO,train:68] dloss at 0: 0.0138 0.2045 0.0672
21/01/09 20:38:07 689 [INFO,train:97] 0: 1.965 34.52 3328 52
21/01/09 20:38:07 689 [INFO,train:104]         epoch 0 age 0: 1.965 34.52
21/01/09 20:38:09 226 [INFO,train:104]         epoch 0 age 1: 0.549 30.78
21/01/09 20:38:10 765 [INFO,train:104]         epoch 0 age 2: 0.207 18.70
21/01/09 20:39:22 550 [INFO,train:68] dloss at 1: 0.0097 1.0519 0.0092
21/01/09 20:39:25 638 [INFO,train:97] 1: 0.170 38.92 6656 104
21/01/09 20:39:25 638 [INFO,train:104]         epoch 1 age 0: 0.188 28.81
21/01/09 20:39:28 715 [INFO,train:104]         epoch 1 age 1: 0.095 19.02
21/01/09 20:39:31 794 [INFO,train:104]         epoch 1 age 2: 0.065 16.76
21/01/09 20:40:42 366 [INFO,train:68] dloss at 2: 0.0089 1.0953 0.0081
21/01/09 20:40:46 003 [INFO,train:97] 2: 0.157 39.65 9984 156
21/01/09 20:40:46 003 [INFO,train:104]         epoch 2 age 0: 0.096 24.39
21/01/09 20:40:51 648 [INFO,train:104]         epoch 2 age 1: 0.051 17.51
21/01/09 20:40:56 316 [INFO,train:104]         epoch 2 age 2: 0.040 15.37
21/01/09 20:42:08 199 [INFO,train:68] dloss at 3: 0.0123 0.5572 0.0220
21/01/09 20:42:12 832 [INFO,train:97] 3: 0.167 35.35 9984 156
21/01/09 20:42:12 832 [INFO,train:104]         epoch 3 age 0: 0.082 22.03
21/01/09 20:42:17 466 [INFO,train:104]         epoch 3 age 1: 0.040 15.53
21/01/09 20:42:22 106 [INFO,train:104]         epoch 3 age 2: 0.032 14.05
21/01/09 20:43:32 894 [INFO,train:68] dloss at 4: 0.0133 0.7786 0.0171
21/01/09 20:43:37 539 [INFO,train:97] 4: 0.162 36.48 9984 156
21/01/09 20:43:37 539 [INFO,train:104]         epoch 4 age 0: 0.075 21.52
21/01/09 20:43:42 188 [INFO,train:104]         epoch 4 age 1: 0.035 14.24
21/01/09 20:43:46 843 [INFO,train:104]         epoch 4 age 2: 0.028 12.93
21/01/09 20:44:59 335 [INFO,train:68] dloss at 5: 0.0101 0.8585 0.0118
21/01/09 20:45:03 963 [INFO,train:97] 5: 0.171 38.59 9984 156
21/01/09 20:45:03 963 [INFO,train:104]         epoch 5 age 0: 0.076 21.48
21/01/09 20:45:08 598 [INFO,train:104]         epoch 5 age 1: 0.037 13.33
21/01/09 20:45:13 239 [INFO,train:104]         epoch 5 age 2: 0.028 12.12
21/01/09 20:52:07 750 [INFO,train:68] dloss at 10: 0.0132 1.0387 0.0127
21/01/09 20:52:12 393 [INFO,train:97] 10: 0.148 36.11 9984 156
21/01/09 20:52:12 393 [INFO,train:104]         epoch 10 age 0: 0.067 20.23
21/01/09 20:52:17 059 [INFO,train:104]         epoch 10 age 1: 0.034 13.62
21/01/09 20:52:21 711 [INFO,train:104]         epoch 10 age 2: 0.026 10.98
21/01/09 20:59:16 526 [INFO,train:68] dloss at 15: 0.0120 0.6504 0.0184
21/01/09 20:59:21 165 [INFO,train:97] 15: 0.138 36.98 9984 156
21/01/09 20:59:21 165 [INFO,train:104]         epoch 15 age 0: 0.065 19.28
21/01/09 20:59:25 817 [INFO,train:104]         epoch 15 age 1: 0.035 12.66
21/01/09 20:59:30 478 [INFO,train:104]         epoch 15 age 2: 0.027 10.65
21/01/09 21:00:54 272 [INFO,benchmark:275] benchmark at epoch 0's result: -226.98 7.83
21/01/09 21:06:19 919 [INFO,train:68] dloss at 20: 0.0046 1.2009 0.0038
21/01/09 21:06:24 535 [INFO,train:97] 20: 0.132 38.94 9984 156
21/01/09 21:06:24 535 [INFO,train:104]         epoch 20 age 0: 0.063 18.96
21/01/09 21:06:29 172 [INFO,train:104]         epoch 20 age 1: 0.037 12.79
21/01/09 21:06:33 802 [INFO,train:104]         epoch 20 age 2: 0.028 10.55
21/01/09 21:13:19 325 [INFO,train:68] dloss at 25: 0.0084 0.5762 0.0145
21/01/09 21:13:23 937 [INFO,train:97] 25: 0.134 36.37 9984 156
21/01/09 21:13:23 937 [INFO,train:104]         epoch 25 age 0: 0.062 18.59
21/01/09 21:13:28 547 [INFO,train:104]         epoch 25 age 1: 0.038 12.15
21/01/09 21:13:33 163 [INFO,train:104]         epoch 25 age 2: 0.029 9.32
21/01/09 21:34:19 648 [INFO,train:68] dloss at 40: 0.0024 0.3378 0.0071
21/01/09 21:34:24 265 [INFO,train:97] 40: 0.108 31.57 9984 156
21/01/09 21:34:24 265 [INFO,train:104]         epoch 40 age 0: 0.055 16.72
21/01/09 21:34:28 886 [INFO,train:104]         epoch 40 age 1: 0.035 11.05
21/01/09 21:34:33 515 [INFO,train:104]         epoch 40 age 2: 0.028 9.38
21/01/09 22:02:22 227 [INFO,train:68] dloss at 60: 0.0039 0.4011 0.0098
21/01/09 22:02:26 826 [INFO,train:97] 60: 0.123 35.28 9984 156
21/01/09 22:02:26 826 [INFO,train:104]         epoch 60 age 0: 0.059 17.52
21/01/09 22:02:31 437 [INFO,train:104]         epoch 60 age 1: 0.035 11.71
21/01/09 22:02:36 049 [INFO,train:104]         epoch 60 age 2: 0.027 9.75
21/01/09 22:29:23 997 [INFO,benchmark:250] start benchmark against MrGreed for 512x2
21/01/09 22:30:35 614 [INFO,train:68] dloss at 80: 0.0052 0.2649 0.0195
21/01/09 22:30:40 257 [INFO,train:97] 80: 0.119 25.88 9984 156
21/01/09 22:30:40 257 [INFO,train:104]         epoch 80 age 0: 0.057 14.09
21/01/09 22:30:44 926 [INFO,train:104]         epoch 80 age 1: 0.033 9.25
21/01/09 22:30:49 592 [INFO,train:104]         epoch 80 age 2: 0.025 7.45
21/01/09 22:53:32 026 [INFO,benchmark:275] benchmark at epoch 80's result: -117.71 8.30
21/01/09 22:59:18 402 [INFO,train:68] dloss at 100: 0.0019 0.6551 0.0029
21/01/09 22:59:23 006 [INFO,train:97] 100: 0.123 28.91 9984 156
21/01/09 22:59:23 006 [INFO,train:104]         epoch 100 age 0: 0.057 14.54
21/01/09 22:59:27 613 [INFO,train:104]         epoch 100 age 1: 0.031 8.99
21/01/09 22:59:32 233 [INFO,train:104]         epoch 100 age 2: 0.024 7.36
21/01/09 23:27:40 756 [INFO,train:68] dloss at 120: 0.0026 0.2758 0.0093
21/01/09 23:27:45 373 [INFO,train:97] 120: 0.135 28.51 9984 156
21/01/09 23:27:45 373 [INFO,train:104]         epoch 120 age 0: 0.061 14.16
21/01/09 23:27:49 993 [INFO,train:104]         epoch 120 age 1: 0.035 8.96
21/01/09 23:27:54 624 [INFO,train:104]         epoch 120 age 2: 0.026 6.96
21/01/09 23:55:55 840 [INFO,train:68] dloss at 140: 0.0005 0.4799 0.0011
21/01/09 23:56:00 432 [INFO,train:97] 140: 0.112 25.60 9984 156
21/01/09 23:56:00 432 [INFO,train:104]         epoch 140 age 0: 0.054 13.10
21/01/09 23:56:05 043 [INFO,train:104]         epoch 140 age 1: 0.031 8.61
21/01/09 23:56:09 655 [INFO,train:104]         epoch 140 age 2: 0.023 6.75
21/01/10 00:23:01 802 [INFO,benchmark:250] start benchmark against MrGreed for 512x2
21/01/10 00:24:13 813 [INFO,train:68] dloss at 160: 0.0039 0.4486 0.0086
21/01/10 00:24:18 460 [INFO,train:97] 160: 0.126 32.36 9984 156
21/01/10 00:24:18 460 [INFO,train:104]         epoch 160 age 0: 0.056 14.86
21/01/10 00:24:23 116 [INFO,train:104]         epoch 160 age 1: 0.031 9.18
21/01/10 00:24:27 772 [INFO,train:104]         epoch 160 age 2: 0.022 6.69
21/01/10 00:47:18 567 [INFO,benchmark:275] benchmark at epoch 160's result: -101.14 8.12
21/01/10 00:53:10 086 [INFO,train:68] dloss at 180: 0.0033 0.2589 0.0128
21/01/10 00:53:14 688 [INFO,train:97] 180: 0.121 22.16 9984 156
21/01/10 00:53:14 688 [INFO,train:104]         epoch 180 age 0: 0.055 12.22
21/01/10 00:53:19 288 [INFO,train:104]         epoch 180 age 1: 0.030 8.30
21/01/10 00:53:23 888 [INFO,train:104]         epoch 180 age 2: 0.021 6.73
21/01/10 01:21:35 518 [INFO,train:68] dloss at 200: 0.0019 0.1648 0.0114
21/01/10 01:21:40 121 [INFO,train:97] 200: 0.113 22.55 9984 156
21/01/10 01:21:40 121 [INFO,train:104]         epoch 200 age 0: 0.051 11.49
21/01/10 01:21:44 742 [INFO,train:104]         epoch 200 age 1: 0.026 7.44
21/01/10 01:21:49 368 [INFO,train:104]         epoch 200 age 2: 0.019 5.81
21/01/10 01:49:57 904 [INFO,train:68] dloss at 220: 0.0008 0.1845 0.0045
21/01/10 01:50:02 505 [INFO,train:97] 220: 0.128 23.00 9984 156
21/01/10 01:50:02 505 [INFO,train:104]         epoch 220 age 0: 0.057 11.60
21/01/10 01:50:07 119 [INFO,train:104]         epoch 220 age 1: 0.030 7.16
21/01/10 01:50:11 729 [INFO,train:104]         epoch 220 age 2: 0.021 5.66
21/01/10 02:17:14 414 [INFO,benchmark:250] start benchmark against MrGreed for 512x2
21/01/10 02:18:27 790 [INFO,train:68] dloss at 240: 0.0012 0.2393 0.0050
21/01/10 02:18:32 414 [INFO,train:97] 240: 0.134 22.05 9984 156
21/01/10 02:18:32 415 [INFO,train:104]         epoch 240 age 0: 0.058 11.44
21/01/10 02:18:37 051 [INFO,train:104]         epoch 240 age 1: 0.029 6.82
21/01/10 02:18:41 701 [INFO,train:104]         epoch 240 age 2: 0.020 5.48
21/01/10 02:41:21 266 [INFO,benchmark:275] benchmark at epoch 240's result: -100.79 8.18
21/01/10 02:47:28 356 [INFO,train:68] dloss at 260: 0.0018 0.2141 0.0083
21/01/10 02:47:32 962 [INFO,train:97] 260: 0.126 22.84 9984 156
21/01/10 02:47:32 962 [INFO,train:104]         epoch 260 age 0: 0.056 11.44
21/01/10 02:47:37 572 [INFO,train:104]         epoch 260 age 1: 0.031 7.52
21/01/10 02:47:42 187 [INFO,train:104]         epoch 260 age 2: 0.022 5.63
21/01/10 03:15:49 890 [INFO,train:68] dloss at 280: 0.0051 0.5889 0.0087
21/01/10 03:15:54 497 [INFO,train:97] 280: 0.124 19.25 9984 156
21/01/10 03:15:54 497 [INFO,train:104]         epoch 280 age 0: 0.056 10.08
21/01/10 03:15:59 123 [INFO,train:104]         epoch 280 age 1: 0.028 6.52
21/01/10 03:16:03 745 [INFO,train:104]         epoch 280 age 2: 0.019 5.15
21/01/10 03:44:16 898 [INFO,train:68] dloss at 300: 0.0013 0.2377 0.0055
21/01/10 03:44:21 491 [INFO,train:97] 300: 0.134 25.83 9984 156
21/01/10 03:44:21 491 [INFO,train:104]         epoch 300 age 0: 0.058 11.98
21/01/10 03:44:26 108 [INFO,train:104]         epoch 300 age 1: 0.029 7.08
21/01/10 03:44:30 729 [INFO,train:104]         epoch 300 age 2: 0.020 5.33
21/01/10 04:11:20 914 [INFO,benchmark:250] start benchmark against MrGreed for 512x2
21/01/10 04:12:33 706 [INFO,train:68] dloss at 320: 0.0032 0.1187 0.0267
21/01/10 04:12:38 349 [INFO,train:97] 320: 0.124 20.10 9984 156
21/01/10 04:12:38 349 [INFO,train:104]         epoch 320 age 0: 0.055 10.37
21/01/10 04:12:43 011 [INFO,train:104]         epoch 320 age 1: 0.026 6.75
21/01/10 04:12:47 680 [INFO,train:104]         epoch 320 age 2: 0.019 5.42
21/01/10 04:35:45 741 [INFO,benchmark:275] benchmark at epoch 320's result: -94.27 8.41
21/01/10 04:41:20 268 [INFO,train:68] dloss at 340: 0.0006 0.1974 0.0029
21/01/10 04:41:24 879 [INFO,train:97] 340: 0.110 20.89 9984 156
21/01/10 04:41:24 879 [INFO,train:104]         epoch 340 age 0: 0.049 10.96
21/01/10 04:41:29 484 [INFO,train:104]         epoch 340 age 1: 0.025 6.64
21/01/10 04:41:34 111 [INFO,train:104]         epoch 340 age 2: 0.018 5.04
21/01/10 05:09:40 293 [INFO,train:68] dloss at 360: 0.0028 0.2877 0.0097
21/01/10 05:09:44 907 [INFO,train:97] 360: 0.128 14.78 9984 156
21/01/10 05:09:44 907 [INFO,train:104]         epoch 360 age 0: 0.056 9.48
21/01/10 05:09:49 524 [INFO,train:104]         epoch 360 age 1: 0.027 5.86
21/01/10 05:09:54 150 [INFO,train:104]         epoch 360 age 2: 0.019 4.95
21/01/10 05:37:58 470 [INFO,train:68] dloss at 380: 0.0009 0.1681 0.0055
21/01/10 05:38:03 071 [INFO,train:97] 380: 0.110 16.36 9984 156
21/01/10 05:38:03 071 [INFO,train:104]         epoch 380 age 0: 0.049 8.68
21/01/10 05:38:07 676 [INFO,train:104]         epoch 380 age 1: 0.026 5.75
21/01/10 05:38:12 287 [INFO,train:104]         epoch 380 age 2: 0.017 4.48
21/01/10 06:05:11 900 [INFO,benchmark:250] start benchmark against MrGreed for 512x2
21/01/10 06:06:24 996 [INFO,train:68] dloss at 400: 0.0012 0.1944 0.0063
21/01/10 06:06:29 637 [INFO,train:97] 400: 0.102 16.40 9984 156
21/01/10 06:06:29 637 [INFO,train:104]         epoch 400 age 0: 0.047 8.66
21/01/10 06:06:34 278 [INFO,train:104]         epoch 400 age 1: 0.025 5.43
21/01/10 06:06:38 926 [INFO,train:104]         epoch 400 age 2: 0.017 4.23
21/01/10 06:29:33 612 [INFO,benchmark:275] benchmark at epoch 400's result: -80.49 8.48
21/01/10 06:35:12 565 [INFO,train:68] dloss at 420: 0.0020 0.2167 0.0093
21/01/10 06:35:17 191 [INFO,train:97] 420: 0.138 20.38 9984 156
21/01/10 06:35:17 191 [INFO,train:104]         epoch 420 age 0: 0.058 10.23
21/01/10 06:35:21 838 [INFO,train:104]         epoch 420 age 1: 0.027 7.60
21/01/10 06:35:26 503 [INFO,train:104]         epoch 420 age 2: 0.019 5.27
21/01/10 07:03:41 209 [INFO,train:68] dloss at 440: 0.0020 0.3126 0.0066
21/01/10 07:03:45 840 [INFO,train:97] 440: 0.118 20.08 9984 156
21/01/10 07:03:45 840 [INFO,train:104]         epoch 440 age 0: 0.051 9.82
21/01/10 07:03:50 454 [INFO,train:104]         epoch 440 age 1: 0.025 5.74
21/01/10 07:03:55 072 [INFO,train:104]         epoch 440 age 2: 0.018 4.84
21/01/10 07:32:00 879 [INFO,train:68] dloss at 460: 0.0007 0.1169 0.0057
21/01/10 07:32:05 490 [INFO,train:97] 460: 0.108 14.77 9984 156
21/01/10 07:32:05 490 [INFO,train:104]         epoch 460 age 0: 0.047 8.01
21/01/10 07:32:10 085 [INFO,train:104]         epoch 460 age 1: 0.024 5.42
21/01/10 07:32:14 705 [INFO,train:104]         epoch 460 age 2: 0.017 4.42
21/01/10 07:59:07 497 [INFO,benchmark:250] start benchmark against MrGreed for 512x2
21/01/10 08:00:17 954 [INFO,train:68] dloss at 480: 0.0008 0.1292 0.0062
21/01/10 08:00:22 573 [INFO,train:97] 480: 0.124 17.42 9984 156
21/01/10 08:00:22 573 [INFO,train:104]         epoch 480 age 0: 0.053 8.55
21/01/10 08:00:27 201 [INFO,train:104]         epoch 480 age 1: 0.027 4.91
21/01/10 08:00:31 835 [INFO,train:104]         epoch 480 age 2: 0.018 3.96
21/01/10 08:23:03 298 [INFO,benchmark:275] benchmark at epoch 480's result: -71.11 8.19
21/01/10 08:28:57 842 [INFO,train:68] dloss at 500: 0.0009 0.1184 0.0079
21/01/10 08:29:02 453 [INFO,train:97] 500: 0.120 17.60 9984 156
21/01/10 08:29:02 453 [INFO,train:104]         epoch 500 age 0: 0.052 8.69
21/01/10 08:29:07 057 [INFO,train:104]         epoch 500 age 1: 0.024 5.18
21/01/10 08:29:11 668 [INFO,train:104]         epoch 500 age 2: 0.016 4.07
21/01/10 08:57:17 556 [INFO,train:68] dloss at 520: 0.0007 0.0913 0.0080
21/01/10 08:57:22 177 [INFO,train:97] 520: 0.117 19.63 9984 156
21/01/10 08:57:22 177 [INFO,train:104]         epoch 520 age 0: 0.050 9.51
21/01/10 08:57:26 798 [INFO,train:104]         epoch 520 age 1: 0.022 5.06
21/01/10 08:57:31 419 [INFO,train:104]         epoch 520 age 2: 0.015 4.23
21/01/10 09:25:41 897 [INFO,train:68] dloss at 540: 0.0018 0.1059 0.0165
21/01/10 09:25:46 501 [INFO,train:97] 540: 0.096 13.93 9984 156
21/01/10 09:25:46 502 [INFO,train:104]         epoch 540 age 0: 0.043 7.41
21/01/10 09:25:51 108 [INFO,train:104]         epoch 540 age 1: 0.022 4.72
21/01/10 09:25:55 729 [INFO,train:104]         epoch 540 age 2: 0.016 3.92
21/01/10 09:52:50 247 [INFO,benchmark:250] start benchmark against MrGreed for 512x2
21/01/10 09:54:02 799 [INFO,train:68] dloss at 560: 0.0011 0.1081 0.0103
21/01/10 09:54:07 436 [INFO,train:97] 560: 0.120 12.13 9984 156
21/01/10 09:54:07 436 [INFO,train:104]         epoch 560 age 0: 0.052 6.83
21/01/10 09:54:12 076 [INFO,train:104]         epoch 560 age 1: 0.023 4.50
21/01/10 09:54:16 717 [INFO,train:104]         epoch 560 age 2: 0.016 3.67
21/01/10 10:17:16 957 [INFO,benchmark:275] benchmark at epoch 560's result: -75.80 8.33
21/01/10 10:22:56 167 [INFO,train:68] dloss at 580: 0.0007 0.0957 0.0074
21/01/10 10:23:00 763 [INFO,train:97] 580: 0.113 16.20 9984 156
21/01/10 10:23:00 763 [INFO,train:104]         epoch 580 age 0: 0.048 8.20
21/01/10 10:23:05 372 [INFO,train:104]         epoch 580 age 1: 0.022 4.66
21/01/10 10:23:09 975 [INFO,train:104]         epoch 580 age 2: 0.016 3.77
21/01/10 10:51:15 285 [INFO,train:68] dloss at 600: 0.0013 0.1063 0.0121
21/01/10 10:51:19 904 [INFO,train:97] 600: 0.115 17.47 9984 156
21/01/10 10:51:19 904 [INFO,train:104]         epoch 600 age 0: 0.049 9.11
21/01/10 10:51:24 526 [INFO,train:104]         epoch 600 age 1: 0.022 6.02
21/01/10 10:51:29 147 [INFO,train:104]         epoch 600 age 2: 0.015 5.43
21/01/10 11:19:37 670 [INFO,train:68] dloss at 620: 0.0009 0.0965 0.0098
21/01/10 11:19:42 272 [INFO,train:97] 620: 0.123 12.13 9984 156
21/01/10 11:19:42 272 [INFO,train:104]         epoch 620 age 0: 0.052 6.92
21/01/10 11:19:46 880 [INFO,train:104]         epoch 620 age 1: 0.022 4.46
21/01/10 11:19:51 493 [INFO,train:104]         epoch 620 age 2: 0.016 3.87
21/01/10 11:46:52 607 [INFO,benchmark:250] start benchmark against MrGreed for 512x2
21/01/10 11:48:04 859 [INFO,train:68] dloss at 640: 0.0008 0.1448 0.0058
21/01/10 11:48:09 489 [INFO,train:97] 640: 0.122 12.73 9984 156
21/01/10 11:48:09 489 [INFO,train:104]         epoch 640 age 0: 0.051 7.07
21/01/10 11:48:14 126 [INFO,train:104]         epoch 640 age 1: 0.021 4.34
21/01/10 11:48:18 770 [INFO,train:104]         epoch 640 age 2: 0.015 3.59
21/01/10 12:10:45 499 [INFO,benchmark:275] benchmark at epoch 640's result: -74.69 8.27
21/01/10 12:16:40 998 [INFO,train:68] dloss at 660: 0.0003 0.0650 0.0052
21/01/10 12:16:45 599 [INFO,train:97] 660: 0.109 15.74 9984 156
21/01/10 12:16:45 599 [INFO,train:104]         epoch 660 age 0: 0.046 7.89
21/01/10 12:16:50 203 [INFO,train:104]         epoch 660 age 1: 0.022 4.79
21/01/10 12:16:54 815 [INFO,train:104]         epoch 660 age 2: 0.015 4.11
21/01/10 12:45:01 779 [INFO,train:68] dloss at 680: 0.0021 0.0874 0.0242
21/01/10 12:45:06 391 [INFO,train:97] 680: 0.103 10.47 9984 156
21/01/10 12:45:06 391 [INFO,train:104]         epoch 680 age 0: 0.045 6.19
21/01/10 12:45:11 012 [INFO,train:104]         epoch 680 age 1: 0.020 4.13
21/01/10 12:45:15 631 [INFO,train:104]         epoch 680 age 2: 0.014 3.37
21/01/10 13:13:18 816 [INFO,train:68] dloss at 700: 0.0009 0.2328 0.0040
21/01/10 13:13:23 419 [INFO,train:97] 700: 0.107 14.21 9984 156
21/01/10 13:13:23 419 [INFO,train:104]         epoch 700 age 0: 0.046 7.24
21/01/10 13:13:28 024 [INFO,train:104]         epoch 700 age 1: 0.021 4.65
21/01/10 13:13:32 626 [INFO,train:104]         epoch 700 age 2: 0.015 3.68
21/01/10 13:40:29 223 [INFO,benchmark:250] start benchmark against MrGreed for 512x2
21/01/10 13:41:41 992 [INFO,train:68] dloss at 720: 0.0006 0.0653 0.0097
21/01/10 13:41:46 642 [INFO,train:97] 720: 0.101 10.94 9984 156
21/01/10 13:41:46 642 [INFO,train:104]         epoch 720 age 0: 0.044 6.19
21/01/10 13:41:51 297 [INFO,train:104]         epoch 720 age 1: 0.021 4.13
21/01/10 13:41:55 957 [INFO,train:104]         epoch 720 age 2: 0.014 3.51
21/01/10 14:05:04 664 [INFO,benchmark:275] benchmark at epoch 720's result: -70.38 8.23
21/01/10 14:10:26 895 [INFO,train:68] dloss at 740: 0.0009 0.2557 0.0036
21/01/10 14:10:31 504 [INFO,train:97] 740: 0.117 17.44 9984 156
21/01/10 14:10:31 504 [INFO,train:104]         epoch 740 age 0: 0.049 8.28
21/01/10 14:10:36 103 [INFO,train:104]         epoch 740 age 1: 0.021 4.95
21/01/10 14:10:40 719 [INFO,train:104]         epoch 740 age 2: 0.014 4.16
21/01/10 14:38:50 438 [INFO,train:68] dloss at 760: 0.0018 0.1357 0.0136
21/01/10 14:38:55 051 [INFO,train:97] 760: 0.110 13.02 9984 156
21/01/10 14:38:55 051 [INFO,train:104]         epoch 760 age 0: 0.047 7.19
21/01/10 14:38:59 658 [INFO,train:104]         epoch 760 age 1: 0.021 4.94
21/01/10 14:39:04 277 [INFO,train:104]         epoch 760 age 2: 0.015 3.97
21/01/10 15:07:08 327 [INFO,train:68] dloss at 780: 0.0007 0.0838 0.0085
21/01/10 15:07:12 917 [INFO,train:97] 780: 0.107 14.11 9984 156
21/01/10 15:07:12 917 [INFO,train:104]         epoch 780 age 0: 0.046 7.15
21/01/10 15:07:17 501 [INFO,train:104]         epoch 780 age 1: 0.021 4.53
21/01/10 15:07:22 101 [INFO,train:104]         epoch 780 age 2: 0.014 3.58
21/01/10 15:33:52 568 [INFO,benchmark:250] start benchmark against MrGreed for 512x2
21/01/10 15:35:02 671 [INFO,train:68] dloss at 800: 0.0020 0.0799 0.0252
21/01/10 15:35:07 278 [INFO,train:97] 800: 0.107 13.87 9984 156
21/01/10 15:35:07 278 [INFO,train:104]         epoch 800 age 0: 0.045 6.84
21/01/10 15:35:11 890 [INFO,train:104]         epoch 800 age 1: 0.021 4.07
21/01/10 15:35:16 514 [INFO,train:104]         epoch 800 age 2: 0.014 3.22
21/01/10 15:57:25 168 [INFO,benchmark:275] benchmark at epoch 800's result: -62.33 8.02
21/01/10 16:03:09 310 [INFO,train:68] dloss at 820: 0.0012 0.0825 0.0141
21/01/10 16:03:13 889 [INFO,train:97] 820: 0.098 11.76 9984 156
21/01/10 16:03:13 889 [INFO,train:104]         epoch 820 age 0: 0.043 6.85
21/01/10 16:03:18 471 [INFO,train:104]         epoch 820 age 1: 0.021 4.81
21/01/10 16:03:23 050 [INFO,train:104]         epoch 820 age 2: 0.015 3.95
21/01/10 16:31:00 561 [INFO,train:68] dloss at 840: 0.0006 0.2336 0.0028
21/01/10 16:31:05 140 [INFO,train:97] 840: 0.099 14.56 9984 156
21/01/10 16:31:05 140 [INFO,train:104]         epoch 840 age 0: 0.043 7.07
21/01/10 16:31:09 729 [INFO,train:104]         epoch 840 age 1: 0.019 4.60
21/01/10 16:31:14 330 [INFO,train:104]         epoch 840 age 2: 0.014 4.25
21/01/10 16:58:53 139 [INFO,train:68] dloss at 860: 0.0008 0.2713 0.0029
21/01/10 16:58:57 711 [INFO,train:97] 860: 0.104 11.96 9984 156
21/01/10 16:58:57 712 [INFO,train:104]         epoch 860 age 0: 0.044 6.17
21/01/10 16:59:02 292 [INFO,train:104]         epoch 860 age 1: 0.021 4.51
21/01/10 16:59:06 879 [INFO,train:104]         epoch 860 age 2: 0.015 3.40
21/01/10 17:25:37 117 [INFO,benchmark:250] start benchmark against MrGreed for 512x2
21/01/10 17:26:47 237 [INFO,train:68] dloss at 880: 0.0007 0.0733 0.0102
21/01/10 17:26:51 849 [INFO,train:97] 880: 0.103 12.14 9984 156
21/01/10 17:26:51 849 [INFO,train:104]         epoch 880 age 0: 0.044 6.36
21/01/10 17:26:56 465 [INFO,train:104]         epoch 880 age 1: 0.021 4.25
21/01/10 17:27:01 090 [INFO,train:104]         epoch 880 age 2: 0.014 3.43
21/01/10 17:49:06 981 [INFO,benchmark:275] benchmark at epoch 880's result: -61.58 8.41
21/01/10 17:54:53 935 [INFO,train:68] dloss at 900: 0.0010 0.0610 0.0167
21/01/10 17:54:58 511 [INFO,train:97] 900: 0.101 11.29 9984 156
21/01/10 17:54:58 511 [INFO,train:104]         epoch 900 age 0: 0.044 6.43
21/01/10 17:55:03 089 [INFO,train:104]         epoch 900 age 1: 0.021 4.03
21/01/10 17:55:07 678 [INFO,train:104]         epoch 900 age 2: 0.014 3.29
21/01/10 18:22:42 845 [INFO,train:68] dloss at 920: 0.0007 0.1294 0.0058
21/01/10 18:22:47 442 [INFO,train:97] 920: 0.110 12.28 9984 156
21/01/10 18:22:47 442 [INFO,train:104]         epoch 920 age 0: 0.046 6.17
21/01/10 18:22:52 034 [INFO,train:104]         epoch 920 age 1: 0.020 3.92
21/01/10 18:22:56 619 [INFO,train:104]         epoch 920 age 2: 0.014 4.12
21/01/10 18:50:32 729 [INFO,train:68] dloss at 940: 0.0017 0.1914 0.0091
21/01/10 18:50:37 301 [INFO,train:97] 940: 0.104 12.78 9984 156
21/01/10 18:50:37 301 [INFO,train:104]         epoch 940 age 0: 0.043 6.44
21/01/10 18:50:41 876 [INFO,train:104]         epoch 940 age 1: 0.020 4.13
21/01/10 18:50:46 450 [INFO,train:104]         epoch 940 age 2: 0.015 3.23
21/01/10 19:17:13 954 [INFO,benchmark:250] start benchmark against MrGreed for 512x2
21/01/10 19:18:25 222 [INFO,train:68] dloss at 960: 0.0005 0.0895 0.0061
21/01/10 19:18:29 829 [INFO,train:97] 960: 0.113 11.29 9984 156
21/01/10 19:18:29 829 [INFO,train:104]         epoch 960 age 0: 0.047 5.75
21/01/10 19:18:34 434 [INFO,train:104]         epoch 960 age 1: 0.020 3.70
21/01/10 19:18:39 050 [INFO,train:104]         epoch 960 age 2: 0.015 2.98
21/01/10 19:40:50 289 [INFO,benchmark:275] benchmark at epoch 960's result: -66.77 8.20
21/01/10 19:46:31 066 [INFO,train:68] dloss at 980: 0.0006 0.0802 0.0071
21/01/10 19:46:35 645 [INFO,train:97] 980: 0.112 11.26 9984 156
21/01/10 19:46:35 645 [INFO,train:104]         epoch 980 age 0: 0.046 5.95
21/01/10 19:46:40 223 [INFO,train:104]         epoch 980 age 1: 0.019 3.73
21/01/10 19:46:44 807 [INFO,train:104]         epoch 980 age 2: 0.014 3.22
21/01/10 20:14:20 637 [INFO,train:68] dloss at 1000: 0.0006 0.0924 0.0066
21/01/10 20:14:25 222 [INFO,train:97] 1000: 0.113 11.32 9984 156
21/01/10 20:14:25 223 [INFO,train:104]         epoch 1000 age 0: 0.048 6.84
21/01/10 20:14:29 810 [INFO,train:104]         epoch 1000 age 1: 0.021 4.41
21/01/10 20:14:34 402 [INFO,train:104]         epoch 1000 age 2: 0.015 3.55
21/01/10 20:42:08 443 [INFO,train:68] dloss at 1020: 0.0006 0.0709 0.0086
21/01/10 20:42:13 018 [INFO,train:97] 1020: 0.105 11.55 9984 156
21/01/10 20:42:13 019 [INFO,train:104]         epoch 1020 age 0: 0.044 5.99
21/01/10 20:42:17 594 [INFO,train:104]         epoch 1020 age 1: 0.019 3.96
21/01/10 20:42:22 177 [INFO,train:104]         epoch 1020 age 2: 0.013 3.15
21/01/10 21:08:52 961 [INFO,benchmark:250] start benchmark against MrGreed for 512x2
21/01/10 21:10:03 687 [INFO,train:68] dloss at 1040: 0.0005 0.0695 0.0077
21/01/10 21:10:08 295 [INFO,train:97] 1040: 0.086 11.97 9984 156
21/01/10 21:10:08 295 [INFO,train:104]         epoch 1040 age 0: 0.038 6.17
21/01/10 21:10:12 906 [INFO,train:104]         epoch 1040 age 1: 0.018 4.38
21/01/10 21:10:17 515 [INFO,train:104]         epoch 1040 age 2: 0.013 3.37
21/01/10 21:32:28 330 [INFO,benchmark:275] benchmark at epoch 1040's result: -65.99 7.98
21/01/10 21:38:09 987 [INFO,train:68] dloss at 1060: 0.0017 0.1328 0.0125
21/01/10 21:38:14 559 [INFO,train:97] 1060: 0.098 8.43 9984 156
21/01/10 21:38:14 559 [INFO,train:104]         epoch 1060 age 0: 0.041 5.08
21/01/10 21:38:19 140 [INFO,train:104]         epoch 1060 age 1: 0.019 3.27
21/01/10 21:38:23 717 [INFO,train:104]         epoch 1060 age 2: 0.014 2.85
21/01/10 22:06:00 424 [INFO,train:68] dloss at 1080: 0.0023 0.1008 0.0226
21/01/10 22:06:05 014 [INFO,train:97] 1080: 0.100 13.60 9984 156
21/01/10 22:06:05 014 [INFO,train:104]         epoch 1080 age 0: 0.042 6.53
21/01/10 22:06:09 599 [INFO,train:104]         epoch 1080 age 1: 0.019 4.38
21/01/10 22:06:14 191 [INFO,train:104]         epoch 1080 age 2: 0.014 3.72
21/01/10 22:33:56 830 [INFO,train:68] dloss at 1100: 0.0030 0.1581 0.0187
21/01/10 22:34:01 410 [INFO,train:97] 1100: 0.106 13.64 9984 156
21/01/10 22:34:01 410 [INFO,train:104]         epoch 1100 age 0: 0.044 6.67
21/01/10 22:34:05 990 [INFO,train:104]         epoch 1100 age 1: 0.019 4.74
21/01/10 22:34:10 564 [INFO,train:104]         epoch 1100 age 2: 0.013 4.13
21/01/10 23:00:49 142 [INFO,benchmark:250] start benchmark against MrGreed for 512x2
21/01/10 23:01:59 800 [INFO,train:68] dloss at 1120: 0.0021 0.1429 0.0146
21/01/10 23:02:04 401 [INFO,train:97] 1120: 0.110 11.28 9984 156
21/01/10 23:02:04 401 [INFO,train:104]         epoch 1120 age 0: 0.045 6.19
21/01/10 23:02:09 014 [INFO,train:104]         epoch 1120 age 1: 0.019 3.72
21/01/10 23:02:13 629 [INFO,train:104]         epoch 1120 age 2: 0.013 3.09
21/01/10 23:24:15 487 [INFO,benchmark:275] benchmark at epoch 1120's result: -86.69 8.49
21/01/10 23:30:10 504 [INFO,train:68] dloss at 1140: 0.0011 0.0783 0.0144
21/01/10 23:30:15 071 [INFO,train:97] 1140: 0.102 8.78 9984 156
21/01/10 23:30:15 071 [INFO,train:104]         epoch 1140 age 0: 0.043 4.97
21/01/10 23:30:19 647 [INFO,train:104]         epoch 1140 age 1: 0.018 3.45
21/01/10 23:30:24 230 [INFO,train:104]         epoch 1140 age 2: 0.014 2.94
21/01/10 23:58:18 436 [INFO,train:68] dloss at 1160: 0.0004 0.1049 0.0036
21/01/10 23:58:23 023 [INFO,train:97] 1160: 0.096 9.16 9984 156
21/01/10 23:58:23 023 [INFO,train:104]         epoch 1160 age 0: 0.041 5.56
21/01/10 23:58:27 623 [INFO,train:104]         epoch 1160 age 1: 0.018 3.59
21/01/10 23:58:32 225 [INFO,train:104]         epoch 1160 age 2: 0.013 2.92
