20/12/25 11:20:54 816 [INFO,main:505] init pv_net: PV_NET [(514, 1024), (1024, 1024), (1024, 256), (256, 256), (256, 256), (256, 256), (256, 256), (256, 256), (256, 256), (256, 52), (256, 1)] 2247733
20/12/25 11:20:54 816 [INFO,train:408] BETA: 0.20, VALUE_RENORMAL: 10, BENCHMARK_SAMPLE: -1
20/12/25 11:20:54 816 [INFO,train:410] loss2_weight: 0.03, data_rounds: 3x12, train_sample: -2, pv_deep: 0, review_number: 3, age_in_epoch: 3
20/12/25 11:20:56 736 [INFO,train:415] optimizer: {'lr': 0.0008, 'betas': (0.9, 0.999), 'eps': 1e-07, 'weight_decay': 0.0001, 'amsgrad': False}
20/12/25 11:20:56 736 [INFO,train:422] #epoch: loss1 loss2 grad1/grad2 amp_probe #train_datas
20/12/25 11:20:57 393 [INFO,benchmark:291] start benchmark against MrGreed for 512x2
20/12/25 11:22:08 925 [INFO,train:484] 0: 3.04 39.76 0.1345 0.0218 31788
20/12/25 11:22:08 973 [INFO,train:499]         epoch 0 age 0: 3.04 39.76
20/12/25 11:22:09 021 [INFO,train:499]         epoch 0 age 1: 2.97 39.63
20/12/25 11:22:09 069 [INFO,train:499]         epoch 0 age 2: 2.86 39.53
20/12/25 11:22:36 682 [INFO,train:484] 1: 2.62 36.04 0.3773 0.0219 31296
20/12/25 11:22:36 729 [INFO,train:499]         epoch 1 age 0: 2.62 36.04
20/12/25 11:22:36 776 [INFO,train:499]         epoch 1 age 1: 2.14 37.21
20/12/25 11:22:36 823 [INFO,train:499]         epoch 1 age 2: 1.40 39.62
20/12/25 11:23:03 874 [INFO,train:484] 2: 0.91 34.82 0.0155 0.0219 31120
20/12/25 11:23:03 922 [INFO,train:499]         epoch 2 age 0: 0.91 34.82
20/12/25 11:23:03 969 [INFO,train:499]         epoch 2 age 1: 0.79 30.37
20/12/25 11:23:04 015 [INFO,train:499]         epoch 2 age 2: 0.55 34.66
20/12/25 11:23:32 302 [INFO,train:484] 3: 0.41 30.82 0.2979 0.0220 30755
20/12/25 11:23:32 348 [INFO,train:499]         epoch 3 age 0: 0.41 30.82
20/12/25 11:23:32 393 [INFO,train:499]         epoch 3 age 1: 0.36 33.00
20/12/25 11:23:32 438 [INFO,train:499]         epoch 3 age 2: 0.33 32.38
20/12/25 11:23:59 221 [INFO,train:484] 4: 0.32 32.35 1.3134 0.0220 30876
20/12/25 11:23:59 268 [INFO,train:499]         epoch 4 age 0: 0.32 32.35
20/12/25 11:23:59 315 [INFO,train:499]         epoch 4 age 1: 0.31 33.16
20/12/25 11:23:59 362 [INFO,train:499]         epoch 4 age 2: 0.30 33.43
20/12/25 11:24:26 226 [INFO,train:484] 5: 0.30 33.81 0.1232 0.0220 30692
20/12/25 11:24:26 270 [INFO,train:499]         epoch 5 age 0: 0.30 33.81
20/12/25 11:24:26 311 [INFO,train:499]         epoch 5 age 1: 0.30 33.02
20/12/25 11:24:26 353 [INFO,train:499]         epoch 5 age 2: 0.29 32.94
20/12/25 11:26:41 903 [INFO,train:484] 10: 0.17 34.58 0.0712 0.0222 31328
20/12/25 11:26:41 951 [INFO,train:499]         epoch 10 age 0: 0.17 34.58
20/12/25 11:26:41 998 [INFO,train:499]         epoch 10 age 1: 0.16 34.64
20/12/25 11:26:42 044 [INFO,train:499]         epoch 10 age 2: 0.16 34.47
20/12/25 11:28:57 560 [INFO,train:484] 15: 0.18 40.45 0.0065 0.0221 30754
20/12/25 11:28:57 606 [INFO,train:499]         epoch 15 age 0: 0.18 40.45
20/12/25 11:28:57 647 [INFO,train:499]         epoch 15 age 1: 0.17 40.37
20/12/25 11:28:57 687 [INFO,train:499]         epoch 15 age 2: 0.17 40.16
20/12/25 11:29:45 410 [INFO,benchmark:315] benchmark at epoch 0's result: -194.75 8.05
20/12/25 11:31:13 099 [INFO,train:484] 20: 0.16 37.04 0.0066 0.0220 31860
20/12/25 11:31:13 147 [INFO,train:499]         epoch 20 age 0: 0.16 37.04
20/12/25 11:31:13 195 [INFO,train:499]         epoch 20 age 1: 0.16 36.69
20/12/25 11:31:13 238 [INFO,train:499]         epoch 20 age 2: 0.16 36.35
20/12/25 11:33:28 541 [INFO,train:484] 25: 0.22 35.55 0.0043 0.0220 31160
20/12/25 11:33:28 588 [INFO,train:499]         epoch 25 age 0: 0.22 35.55
20/12/25 11:33:28 629 [INFO,train:499]         epoch 25 age 1: 0.22 35.00
20/12/25 11:33:28 670 [INFO,train:499]         epoch 25 age 2: 0.22 34.52
20/12/25 11:35:41 458 [INFO,train:484] 30: 0.22 37.66 0.0146 0.0220 30347
20/12/25 11:35:41 503 [INFO,train:499]         epoch 30 age 0: 0.22 37.66
20/12/25 11:35:41 549 [INFO,train:499]         epoch 30 age 1: 0.22 37.26
20/12/25 11:35:41 589 [INFO,train:499]         epoch 30 age 2: 0.22 36.87
20/12/25 11:37:54 770 [INFO,train:484] 35: 0.22 38.53 0.0058 0.0220 30221
20/12/25 11:37:54 817 [INFO,train:499]         epoch 35 age 0: 0.22 38.53
20/12/25 11:37:54 862 [INFO,train:499]         epoch 35 age 1: 0.21 37.78
20/12/25 11:37:54 907 [INFO,train:499]         epoch 35 age 2: 0.21 36.95
20/12/25 11:40:06 509 [INFO,train:484] 40: 0.20 31.44 0.0044 0.0222 30765
20/12/25 11:40:06 554 [INFO,train:499]         epoch 40 age 0: 0.20 31.44
20/12/25 11:40:06 600 [INFO,train:499]         epoch 40 age 1: 0.19 31.14
20/12/25 11:40:06 645 [INFO,train:499]         epoch 40 age 2: 0.19 30.79
20/12/25 11:48:55 757 [INFO,train:484] 60: 0.27 37.16 0.0032 0.0225 31126
20/12/25 11:48:55 799 [INFO,train:499]         epoch 60 age 0: 0.27 37.16
20/12/25 11:48:55 840 [INFO,train:499]         epoch 60 age 1: 0.26 36.27
20/12/25 11:48:55 881 [INFO,train:499]         epoch 60 age 2: 0.26 35.33
20/12/25 11:57:25 304 [INFO,benchmark:291] start benchmark against MrGreed for 512x2
20/12/25 11:57:52 232 [INFO,train:484] 80: 0.33 43.05 0.0074 0.0227 30523
20/12/25 11:57:52 276 [INFO,train:499]         epoch 80 age 0: 0.33 43.05
20/12/25 11:57:52 317 [INFO,train:499]         epoch 80 age 1: 0.32 41.80
20/12/25 11:57:52 358 [INFO,train:499]         epoch 80 age 2: 0.31 39.91
20/12/25 12:06:05 589 [INFO,benchmark:315] benchmark at epoch 80's result: -142.41 8.79
20/12/25 12:06:59 165 [INFO,train:484] 100: 0.32 37.15 0.0047 0.0229 30202
20/12/25 12:06:59 209 [INFO,train:499]         epoch 100 age 0: 0.32 37.15
20/12/25 12:06:59 251 [INFO,train:499]         epoch 100 age 1: 0.31 36.23
20/12/25 12:06:59 293 [INFO,train:499]         epoch 100 age 2: 0.30 35.40
20/12/25 12:15:56 943 [INFO,train:484] 120: 0.34 44.35 0.0079 0.0238 30339
20/12/25 12:15:56 990 [INFO,train:499]         epoch 120 age 0: 0.34 44.35
20/12/25 12:15:57 036 [INFO,train:499]         epoch 120 age 1: 0.33 42.66
20/12/25 12:15:57 082 [INFO,train:499]         epoch 120 age 2: 0.32 40.91
20/12/25 12:24:51 207 [INFO,train:484] 140: 0.37 37.25 0.0068 0.0243 31516
20/12/25 12:24:51 256 [INFO,train:499]         epoch 140 age 0: 0.37 37.25
20/12/25 12:24:51 303 [INFO,train:499]         epoch 140 age 1: 0.36 36.12
20/12/25 12:24:51 351 [INFO,train:499]         epoch 140 age 2: 0.34 34.77
20/12/25 12:34:16 952 [INFO,benchmark:291] start benchmark against MrGreed for 512x2
20/12/25 12:34:48 790 [INFO,train:484] 160: 0.37 38.07 0.0050 0.0245 30946
20/12/25 12:34:48 837 [INFO,train:499]         epoch 160 age 0: 0.37 38.07
20/12/25 12:34:48 884 [INFO,train:499]         epoch 160 age 1: 0.36 37.04
20/12/25 12:34:48 927 [INFO,train:499]         epoch 160 age 2: 0.35 35.93
20/12/25 12:42:58 485 [INFO,benchmark:315] benchmark at epoch 160's result: -118.99 8.28
20/12/25 12:45:11 097 [INFO,train:484] 180: 0.35 40.95 0.0087 0.0251 29860
20/12/25 12:45:11 143 [INFO,train:499]         epoch 180 age 0: 0.35 40.95
20/12/25 12:45:11 188 [INFO,train:499]         epoch 180 age 1: 0.34 40.11
20/12/25 12:45:11 233 [INFO,train:499]         epoch 180 age 2: 0.34 39.18
20/12/25 12:55:31 050 [INFO,train:484] 200: 0.31 35.14 0.0071 0.0256 31212
20/12/25 12:55:31 097 [INFO,train:499]         epoch 200 age 0: 0.31 35.14
20/12/25 12:55:31 144 [INFO,train:499]         epoch 200 age 1: 0.30 34.44
20/12/25 12:55:31 189 [INFO,train:499]         epoch 200 age 2: 0.29 33.60
20/12/25 13:05:45 352 [INFO,train:484] 220: 0.35 41.85 0.0043 0.0262 30676
20/12/25 13:05:45 399 [INFO,train:499]         epoch 220 age 0: 0.35 41.85
20/12/25 13:05:45 445 [INFO,train:499]         epoch 220 age 1: 0.34 40.42
20/12/25 13:05:45 492 [INFO,train:499]         epoch 220 age 2: 0.33 38.86
20/12/25 13:15:28 599 [INFO,benchmark:291] start benchmark against MrGreed for 512x2
20/12/25 13:16:01 072 [INFO,train:484] 240: 0.34 37.09 0.0075 0.0267 30556
20/12/25 13:16:01 119 [INFO,train:499]         epoch 240 age 0: 0.34 37.09
20/12/25 13:16:01 165 [INFO,train:499]         epoch 240 age 1: 0.33 35.79
20/12/25 13:16:01 212 [INFO,train:499]         epoch 240 age 2: 0.32 34.52
20/12/25 13:24:02 981 [INFO,benchmark:315] benchmark at epoch 240's result: -71.28 8.12
20/12/25 13:26:24 560 [INFO,train:484] 260: 0.35 37.18 0.0110 0.0272 31120
20/12/25 13:26:24 607 [INFO,train:499]         epoch 260 age 0: 0.35 37.18
20/12/25 13:26:24 649 [INFO,train:499]         epoch 260 age 1: 0.34 36.21
20/12/25 13:26:24 689 [INFO,train:499]         epoch 260 age 2: 0.32 34.61
20/12/25 13:36:37 195 [INFO,train:484] 280: 0.35 38.04 0.0051 0.0274 29987
20/12/25 13:36:37 241 [INFO,train:499]         epoch 280 age 0: 0.35 38.04
20/12/25 13:36:37 286 [INFO,train:499]         epoch 280 age 1: 0.34 36.14
20/12/25 13:36:37 331 [INFO,train:499]         epoch 280 age 2: 0.33 34.50
20/12/25 13:46:49 629 [INFO,train:484] 300: 0.33 40.04 0.0066 0.0281 30501
20/12/25 13:46:49 670 [INFO,train:499]         epoch 300 age 0: 0.33 40.04
20/12/25 13:46:49 709 [INFO,train:499]         epoch 300 age 1: 0.32 38.54
20/12/25 13:46:49 749 [INFO,train:499]         epoch 300 age 2: 0.31 37.26
20/12/25 13:56:35 217 [INFO,benchmark:291] start benchmark against MrGreed for 512x2
20/12/25 13:57:05 750 [INFO,train:484] 320: 0.33 36.36 0.0092 0.0288 31358
20/12/25 13:57:05 794 [INFO,train:499]         epoch 320 age 0: 0.33 36.36
20/12/25 13:57:05 834 [INFO,train:499]         epoch 320 age 1: 0.32 35.11
20/12/25 13:57:05 874 [INFO,train:499]         epoch 320 age 2: 0.31 33.95
20/12/25 14:05:20 976 [INFO,benchmark:315] benchmark at epoch 320's result: -84.27 8.42
20/12/25 14:07:31 105 [INFO,train:484] 340: 0.35 52.89 0.0050 0.0294 31298
20/12/25 14:07:31 152 [INFO,train:499]         epoch 340 age 0: 0.35 52.89
20/12/25 14:07:31 193 [INFO,train:499]         epoch 340 age 1: 0.34 51.27
20/12/25 14:07:31 233 [INFO,train:499]         epoch 340 age 2: 0.33 49.18
20/12/25 14:17:50 912 [INFO,train:484] 360: 0.36 34.90 0.0110 0.0299 30654
20/12/25 14:17:50 959 [INFO,train:499]         epoch 360 age 0: 0.36 34.90
20/12/25 14:17:50 005 [INFO,train:499]         epoch 360 age 1: 0.35 33.71
20/12/25 14:17:51 052 [INFO,train:499]         epoch 360 age 2: 0.34 32.51
20/12/25 14:29:14 618 [WARN,train:457] get data failed AGAIN at epoch 379! Has got 28216 datas.
20/12/25 14:29:14 809 [INFO,train:441] resting...
20/12/25 14:31:45 058 [INFO,train:484] 380: 0.31 36.05 0.0064 0.0306 29587
20/12/25 14:31:45 103 [INFO,train:499]         epoch 380 age 0: 0.31 36.05
20/12/25 14:31:45 142 [INFO,train:499]         epoch 380 age 1: 0.31 35.03
20/12/25 14:31:45 179 [INFO,train:499]         epoch 380 age 2: 0.30 33.65
20/12/25 14:41:25 447 [INFO,benchmark:291] start benchmark against MrGreed for 512x2
20/12/25 14:41:57 052 [INFO,train:484] 400: 0.35 39.46 0.0045 0.0310 30581
20/12/25 14:41:57 099 [INFO,train:499]         epoch 400 age 0: 0.35 39.46
20/12/25 14:41:57 145 [INFO,train:499]         epoch 400 age 1: 0.34 38.28
20/12/25 14:41:57 191 [INFO,train:499]         epoch 400 age 2: 0.34 37.25
20/12/25 14:49:58 230 [INFO,benchmark:315] benchmark at epoch 400's result: -71.02 8.23
20/12/25 14:52:26 023 [INFO,train:484] 420: 0.35 35.68 0.0089 0.0317 31811
20/12/25 14:52:26 071 [INFO,train:499]         epoch 420 age 0: 0.35 35.68
20/12/25 14:52:26 119 [INFO,train:499]         epoch 420 age 1: 0.33 34.34
20/12/25 14:52:26 167 [INFO,train:499]         epoch 420 age 2: 0.33 32.89
20/12/25 15:02:40 818 [INFO,train:484] 440: 0.36 36.68 0.0081 0.0319 30789
20/12/25 15:02:40 865 [INFO,train:499]         epoch 440 age 0: 0.36 36.68
20/12/25 15:02:40 908 [INFO,train:499]         epoch 440 age 1: 0.35 35.87
20/12/25 15:02:40 948 [INFO,train:499]         epoch 440 age 2: 0.34 34.66
20/12/25 15:12:58 399 [INFO,train:484] 460: 0.38 34.66 0.0090 0.0329 30440
20/12/25 15:12:58 441 [INFO,train:499]         epoch 460 age 0: 0.38 34.66
20/12/25 15:12:58 480 [INFO,train:499]         epoch 460 age 1: 0.37 33.59
20/12/25 15:12:58 519 [INFO,train:499]         epoch 460 age 2: 0.36 32.41
20/12/25 15:22:41 493 [INFO,benchmark:291] start benchmark against MrGreed for 512x2
20/12/25 15:23:12 228 [INFO,train:484] 480: 0.35 34.79 0.0091 0.0330 31074
20/12/25 15:23:12 275 [INFO,train:499]         epoch 480 age 0: 0.35 34.79
20/12/25 15:23:12 322 [INFO,train:499]         epoch 480 age 1: 0.34 33.44
20/12/25 15:23:12 362 [INFO,train:499]         epoch 480 age 2: 0.33 31.87
20/12/25 15:31:16 871 [INFO,benchmark:315] benchmark at epoch 480's result: -53.47 8.08
20/12/25 15:33:35 845 [INFO,train:484] 500: 0.36 39.38 0.0073 0.0340 31140
20/12/25 15:33:35 893 [INFO,train:499]         epoch 500 age 0: 0.36 39.38
20/12/25 15:33:35 934 [INFO,train:499]         epoch 500 age 1: 0.35 38.18
20/12/25 15:33:35 974 [INFO,train:499]         epoch 500 age 2: 0.35 36.80
20/12/25 15:43:48 604 [INFO,train:484] 520: 0.37 40.56 0.0055 0.0344 30310
20/12/25 15:43:48 651 [INFO,train:499]         epoch 520 age 0: 0.37 40.56
20/12/25 15:43:48 696 [INFO,train:499]         epoch 520 age 1: 0.37 37.77
20/12/25 15:43:48 741 [INFO,train:499]         epoch 520 age 2: 0.36 35.23
20/12/25 15:53:58 980 [INFO,train:484] 540: 0.34 35.00 0.0091 0.0353 31074
20/12/25 15:53:59 027 [INFO,train:499]         epoch 540 age 0: 0.34 35.00
20/12/25 15:53:59 070 [INFO,train:499]         epoch 540 age 1: 0.33 33.71
20/12/25 15:53:59 110 [INFO,train:499]         epoch 540 age 2: 0.32 32.36
20/12/25 15:56:12 335 [WARN,train:457] get data failed AGAIN at epoch 541! Has got 27632 datas.
20/12/25 15:56:12 521 [INFO,train:441] resting...
20/12/25 16:07:27 720 [INFO,benchmark:291] start benchmark against MrGreed for 512x2
20/12/25 16:07:57 801 [INFO,train:484] 560: 0.34 35.25 0.0065 0.0360 30988
20/12/25 16:07:57 848 [INFO,train:499]         epoch 560 age 0: 0.34 35.25
20/12/25 16:07:57 895 [INFO,train:499]         epoch 560 age 1: 0.33 34.27
20/12/25 16:07:57 935 [INFO,train:499]         epoch 560 age 2: 0.33 32.94
20/12/25 16:16:06 813 [INFO,benchmark:315] benchmark at epoch 560's result: -76.36 8.35
20/12/25 16:18:17 458 [INFO,train:484] 580: 0.32 36.69 0.0048 0.0362 31338
20/12/25 16:18:17 505 [INFO,train:499]         epoch 580 age 0: 0.32 36.69
20/12/25 16:18:17 552 [INFO,train:499]         epoch 580 age 1: 0.32 35.33
20/12/25 16:18:17 599 [INFO,train:499]         epoch 580 age 2: 0.31 33.70
20/12/25 16:28:28 997 [INFO,train:484] 600: 0.32 31.06 0.0072 0.0369 30371
20/12/25 16:28:29 043 [INFO,train:499]         epoch 600 age 0: 0.32 31.06
20/12/25 16:28:29 088 [INFO,train:499]         epoch 600 age 1: 0.31 30.06
20/12/25 16:28:29 131 [INFO,train:499]         epoch 600 age 2: 0.30 29.00
20/12/25 16:38:41 953 [INFO,train:484] 620: 0.37 32.12 0.0100 0.0369 31006
20/12/25 16:38:41 000 [INFO,train:499]         epoch 620 age 0: 0.37 32.12
20/12/25 16:38:42 046 [INFO,train:499]         epoch 620 age 1: 0.36 31.44
20/12/25 16:38:42 086 [INFO,train:499]         epoch 620 age 2: 0.35 30.38
20/12/25 16:48:33 806 [INFO,benchmark:291] start benchmark against MrGreed for 512x2
20/12/25 16:49:44 910 [INFO,train:484] 640: 0.37 34.02 0.0064 0.0383 30424
20/12/25 16:49:44 957 [INFO,train:499]         epoch 640 age 0: 0.37 34.02
20/12/25 16:49:45 003 [INFO,train:499]         epoch 640 age 1: 0.37 32.35
20/12/25 16:49:45 048 [INFO,train:499]         epoch 640 age 2: 0.36 30.67
20/12/25 16:51:46 599 [INFO,train:501] waiting benchmark threading to join
