20/12/22 22:27:27 451 [INFO,<module>:536] sharing_strategy: file_system
20/12/22 22:27:27 499 [INFO,main:506] init pv_net: PV_NET [(514, 1024), (1024, 1024), (1024, 256), (256, 256), (256, 256), (256, 256), (256, 256), (256, 256), (256, 256), (256, 52), (256, 1)] 2247733
20/12/22 22:27:27 499 [INFO,train:408] BETA: 0.20, VALUE_RENORMAL: 10, BENCHMARK_SAMPLE: -1
20/12/22 22:27:27 499 [INFO,train:410] loss2_weight: 0.03, data_rounds: 3x12, train_sample: -2, pv_deep: 0, review_number: 3, age_in_epoch: 3
20/12/22 22:27:29 448 [INFO,train:415] optimizer: {'lr': 0.0004, 'betas': (0.9, 0.999), 'eps': 1e-07, 'weight_decay': 0.0001, 'amsgrad': False}
20/12/22 22:27:29 448 [INFO,train:421] #epoch: loss1 loss2 grad1/grad2 amp_probe #train_datas
20/12/22 22:27:30 019 [INFO,benchmark:291] start benchmark against MrGreed for 512x2
20/12/22 22:28:39 532 [INFO,train:482] 0: 3.03 35.46 0.1724 0.0221 30828
20/12/22 22:28:39 580 [INFO,train:497]         epoch 0 age 0: 3.03 35.46
20/12/22 22:28:39 627 [INFO,train:497]         epoch 0 age 1: 3.00 35.42
20/12/22 22:28:39 674 [INFO,train:497]         epoch 0 age 2: 2.96 35.38
20/12/22 22:29:06 743 [INFO,train:482] 1: 2.92 33.47 0.9536 0.0222 31468
20/12/22 22:29:06 790 [INFO,train:497]         epoch 1 age 0: 2.92 33.47
20/12/22 22:29:06 835 [INFO,train:497]         epoch 1 age 1: 2.84 33.45
20/12/22 22:29:06 876 [INFO,train:497]         epoch 1 age 2: 2.71 33.46
20/12/22 22:29:34 253 [INFO,train:482] 2: 2.50 34.86 1.3163 0.0222 31427
20/12/22 22:29:34 300 [INFO,train:497]         epoch 2 age 0: 2.50 34.86
20/12/22 22:29:34 347 [INFO,train:497]         epoch 2 age 1: 2.23 34.97
20/12/22 22:29:34 395 [INFO,train:497]         epoch 2 age 2: 1.85 35.10
20/12/22 22:30:01 838 [INFO,train:482] 3: 1.43 33.61 0.8872 0.0222 31572
20/12/22 22:30:01 886 [INFO,train:497]         epoch 3 age 0: 1.43 33.61
20/12/22 22:30:01 934 [INFO,train:497]         epoch 3 age 1: 1.05 33.37
20/12/22 22:30:01 981 [INFO,train:497]         epoch 3 age 2: 0.88 33.35
20/12/22 22:30:29 640 [INFO,train:482] 4: 0.80 34.37 0.2357 0.0223 31400
20/12/22 22:30:29 687 [INFO,train:497]         epoch 4 age 0: 0.80 34.37
20/12/22 22:30:29 734 [INFO,train:497]         epoch 4 age 1: 0.66 33.42
20/12/22 22:30:29 781 [INFO,train:497]         epoch 4 age 2: 0.49 33.15
20/12/22 22:30:57 492 [INFO,train:482] 5: 0.38 32.14 0.1854 0.0223 31110
20/12/22 22:30:57 538 [INFO,train:497]         epoch 5 age 0: 0.38 32.14
20/12/22 22:30:57 583 [INFO,train:497]         epoch 5 age 1: 0.33 31.76
20/12/22 22:30:57 623 [INFO,train:497]         epoch 5 age 2: 0.33 31.80
20/12/22 22:33:12 449 [INFO,train:482] 10: 0.17 35.45 0.5140 0.0223 30962
20/12/22 22:33:12 496 [INFO,train:497]         epoch 10 age 0: 0.17 35.45
20/12/22 22:33:12 542 [INFO,train:497]         epoch 10 age 1: 0.17 35.43
20/12/22 22:33:12 583 [INFO,train:497]         epoch 10 age 2: 0.16 35.41
20/12/22 22:35:29 397 [INFO,train:482] 15: 0.14 38.84 0.0166 0.0224 31242
20/12/22 22:35:29 445 [INFO,train:497]         epoch 15 age 0: 0.14 38.84
20/12/22 22:35:29 491 [INFO,train:497]         epoch 15 age 1: 0.14 38.80
20/12/22 22:35:29 535 [INFO,train:497]         epoch 15 age 2: 0.14 38.74
20/12/22 22:36:11 953 [INFO,benchmark:315] benchmark at epoch 0's result: -208.80 7.71
20/12/22 22:37:44 457 [INFO,train:482] 20: 0.16 38.56 0.0231 0.0224 30728
20/12/22 22:37:44 500 [INFO,train:497]         epoch 20 age 0: 0.16 38.56
20/12/22 22:37:44 540 [INFO,train:497]         epoch 20 age 1: 0.16 38.47
20/12/22 22:37:44 580 [INFO,train:497]         epoch 20 age 2: 0.15 38.38
20/12/22 22:40:00 092 [INFO,train:482] 25: 0.16 33.12 0.0058 0.0223 30990
20/12/22 22:40:00 139 [INFO,train:497]         epoch 25 age 0: 0.16 33.12
20/12/22 22:40:00 186 [INFO,train:497]         epoch 25 age 1: 0.16 32.91
20/12/22 22:40:00 233 [INFO,train:497]         epoch 25 age 2: 0.16 32.61
20/12/22 22:42:13 545 [INFO,train:482] 30: 0.25 32.61 0.0057 0.0223 31044
20/12/22 22:42:13 592 [INFO,train:497]         epoch 30 age 0: 0.25 32.61
20/12/22 22:42:13 636 [INFO,train:497]         epoch 30 age 1: 0.25 32.38
20/12/22 22:42:13 677 [INFO,train:497]         epoch 30 age 2: 0.24 31.90
20/12/22 22:44:26 481 [INFO,train:482] 35: 0.30 35.50 0.0091 0.0223 30282
20/12/22 22:44:26 527 [INFO,train:497]         epoch 35 age 0: 0.30 35.50
20/12/22 22:44:26 572 [INFO,train:497]         epoch 35 age 1: 0.30 35.41
20/12/22 22:44:26 613 [INFO,train:497]         epoch 35 age 2: 0.29 35.18
20/12/22 22:46:38 643 [INFO,train:482] 40: 0.26 33.23 0.0115 0.0223 30616
20/12/22 22:46:38 690 [INFO,train:497]         epoch 40 age 0: 0.26 33.23
20/12/22 22:46:38 736 [INFO,train:497]         epoch 40 age 1: 0.25 32.90
20/12/22 22:46:38 776 [INFO,train:497]         epoch 40 age 2: 0.24 32.42
20/12/22 22:55:30 154 [INFO,train:482] 60: 0.30 35.70 0.0024 0.0223 31214
20/12/22 22:55:30 201 [INFO,train:497]         epoch 60 age 0: 0.30 35.70
20/12/22 22:55:30 244 [INFO,train:497]         epoch 60 age 1: 0.29 35.24
20/12/22 22:55:30 285 [INFO,train:497]         epoch 60 age 2: 0.29 34.94
20/12/22 23:03:56 137 [INFO,benchmark:291] start benchmark against MrGreed for 512x2
20/12/22 23:06:08 657 [INFO,train:455]  AGAIN at epoch 80! Has got 27876 datas. resting...
20/12/22 23:08:08 967 [INFO,train:482] 80: 0.31 41.49 0.0055 0.0223 27876
20/12/22 23:08:09 009 [INFO,train:497]         epoch 80 age 0: 0.31 41.49
20/12/22 23:08:09 051 [INFO,train:497]         epoch 80 age 1: 0.30 40.85
20/12/22 23:08:09 093 [INFO,train:497]         epoch 80 age 2: 0.30 40.04
20/12/22 23:12:11 292 [INFO,benchmark:315] benchmark at epoch 80's result: -161.99 8.59
20/12/22 23:17:10 433 [INFO,train:482] 100: 0.29 37.71 0.0039 0.0224 30684
20/12/22 23:17:10 476 [INFO,train:497]         epoch 100 age 0: 0.29 37.71
20/12/22 23:17:10 516 [INFO,train:497]         epoch 100 age 1: 0.28 36.74
20/12/22 23:17:10 556 [INFO,train:497]         epoch 100 age 2: 0.27 35.80
20/12/22 23:26:03 903 [INFO,train:482] 120: 0.32 43.89 0.0016 0.0225 30660
20/12/22 23:26:03 947 [INFO,train:497]         epoch 120 age 0: 0.32 43.89
20/12/22 23:26:03 989 [INFO,train:497]         epoch 120 age 1: 0.32 42.50
20/12/22 23:26:04 031 [INFO,train:497]         epoch 120 age 2: 0.31 41.95
20/12/22 23:35:00 515 [INFO,train:482] 140: 0.31 41.76 0.0052 0.0225 31296
20/12/22 23:35:00 562 [INFO,train:497]         epoch 140 age 0: 0.31 41.76
20/12/22 23:35:00 607 [INFO,train:497]         epoch 140 age 1: 0.31 40.92
20/12/22 23:35:00 647 [INFO,train:497]         epoch 140 age 2: 0.30 39.92
20/12/22 23:44:29 345 [INFO,benchmark:291] start benchmark against MrGreed for 512x2
20/12/22 23:45:00 384 [INFO,train:482] 160: 0.36 44.97 0.0029 0.0224 30710
20/12/22 23:45:00 429 [INFO,train:497]         epoch 160 age 0: 0.36 44.97
20/12/22 23:45:00 468 [INFO,train:497]         epoch 160 age 1: 0.35 43.60
20/12/22 23:45:00 509 [INFO,train:497]         epoch 160 age 2: 0.34 42.29
20/12/22 23:53:09 087 [INFO,benchmark:315] benchmark at epoch 160's result: -101.56 8.38
20/12/22 23:55:24 177 [INFO,train:482] 180: 0.32 40.91 0.0035 0.0223 30917
20/12/22 23:55:24 225 [INFO,train:497]         epoch 180 age 0: 0.32 40.91
20/12/22 23:55:24 271 [INFO,train:497]         epoch 180 age 1: 0.31 40.28
20/12/22 23:55:24 318 [INFO,train:497]         epoch 180 age 2: 0.31 39.18
20/12/23 00:05:43 924 [INFO,train:482] 200: 0.35 41.94 0.0045 0.0224 30641
20/12/23 00:05:43 971 [INFO,train:497]         epoch 200 age 0: 0.35 41.94
20/12/23 00:05:44 017 [INFO,train:497]         epoch 200 age 1: 0.34 41.11
20/12/23 00:05:44 064 [INFO,train:497]         epoch 200 age 2: 0.33 40.43
20/12/23 00:16:02 198 [INFO,train:482] 220: 0.31 41.96 0.0052 0.0225 30518
20/12/23 00:16:02 245 [INFO,train:497]         epoch 220 age 0: 0.31 41.96
20/12/23 00:16:02 291 [INFO,train:497]         epoch 220 age 1: 0.30 41.48
20/12/23 00:16:02 337 [INFO,train:497]         epoch 220 age 2: 0.29 40.98
20/12/23 00:25:52 755 [INFO,benchmark:291] start benchmark against MrGreed for 512x2
20/12/23 00:26:23 491 [INFO,train:482] 240: 0.27 39.82 0.0051 0.0225 30671
20/12/23 00:26:23 535 [INFO,train:497]         epoch 240 age 0: 0.27 39.82
20/12/23 00:26:23 575 [INFO,train:497]         epoch 240 age 1: 0.26 39.33
20/12/23 00:26:23 615 [INFO,train:497]         epoch 240 age 2: 0.25 38.76
20/12/23 00:34:32 324 [INFO,benchmark:315] benchmark at epoch 240's result: -121.16 7.83
20/12/23 00:36:49 489 [INFO,train:482] 260: 0.32 38.73 0.0084 0.0225 30764
20/12/23 00:36:49 537 [INFO,train:497]         epoch 260 age 0: 0.32 38.73
20/12/23 00:36:49 583 [INFO,train:497]         epoch 260 age 1: 0.31 37.67
20/12/23 00:36:49 629 [INFO,train:497]         epoch 260 age 2: 0.30 36.68
20/12/23 00:47:05 445 [INFO,train:482] 280: 0.36 42.31 0.0107 0.0225 30322
20/12/23 00:47:05 491 [INFO,train:497]         epoch 280 age 0: 0.36 42.31
20/12/23 00:47:05 537 [INFO,train:497]         epoch 280 age 1: 0.35 41.66
20/12/23 00:47:05 581 [INFO,train:497]         epoch 280 age 2: 0.35 40.81
20/12/23 00:57:17 408 [INFO,train:482] 300: 0.30 41.84 0.0057 0.0225 30640
20/12/23 00:57:17 454 [INFO,train:497]         epoch 300 age 0: 0.30 41.84
20/12/23 00:57:17 497 [INFO,train:497]         epoch 300 age 1: 0.30 40.85
20/12/23 00:57:17 537 [INFO,train:497]         epoch 300 age 2: 0.29 39.72
20/12/23 01:07:01 762 [INFO,benchmark:291] start benchmark against MrGreed for 512x2
20/12/23 01:07:34 054 [INFO,train:482] 320: 0.30 38.67 0.0087 0.0227 30910
20/12/23 01:07:34 101 [INFO,train:497]         epoch 320 age 0: 0.30 38.67
20/12/23 01:07:34 147 [INFO,train:497]         epoch 320 age 1: 0.29 38.02
20/12/23 01:07:34 193 [INFO,train:497]         epoch 320 age 2: 0.29 37.27
20/12/23 01:15:46 082 [INFO,benchmark:315] benchmark at epoch 320's result: -99.09 8.09
20/12/23 01:18:00 809 [INFO,train:482] 340: 0.34 41.77 0.0091 0.0227 30529
20/12/23 01:18:00 855 [INFO,train:497]         epoch 340 age 0: 0.34 41.77
20/12/23 01:18:00 902 [INFO,train:497]         epoch 340 age 1: 0.34 40.92
20/12/23 01:18:00 945 [INFO,train:497]         epoch 340 age 2: 0.33 40.07
20/12/23 01:28:16 881 [INFO,train:482] 360: 0.33 36.75 0.0038 0.0228 31236
20/12/23 01:28:16 929 [INFO,train:497]         epoch 360 age 0: 0.33 36.75
20/12/23 01:28:16 976 [INFO,train:497]         epoch 360 age 1: 0.33 35.95
20/12/23 01:28:17 022 [INFO,train:497]         epoch 360 age 2: 0.32 35.18
20/12/23 01:38:27 245 [INFO,train:482] 380: 0.32 39.97 0.0103 0.0229 31052
20/12/23 01:38:27 291 [INFO,train:497]         epoch 380 age 0: 0.32 39.97
20/12/23 01:38:27 331 [INFO,train:497]         epoch 380 age 1: 0.31 38.88
20/12/23 01:38:27 371 [INFO,train:497]         epoch 380 age 2: 0.30 37.65
20/12/23 01:48:09 601 [INFO,benchmark:291] start benchmark against MrGreed for 512x2
20/12/23 01:48:41 870 [INFO,train:482] 400: 0.34 45.16 0.0070 0.0229 31428
20/12/23 01:48:41 918 [INFO,train:497]         epoch 400 age 0: 0.34 45.16
20/12/23 01:48:41 965 [INFO,train:497]         epoch 400 age 1: 0.33 44.21
20/12/23 01:48:42 012 [INFO,train:497]         epoch 400 age 2: 0.32 43.16
20/12/23 01:56:52 185 [INFO,benchmark:315] benchmark at epoch 400's result: -118.03 8.30
20/12/23 01:59:07 797 [INFO,train:482] 420: 0.32 41.86 0.0066 0.0230 30932
20/12/23 01:59:07 844 [INFO,train:497]         epoch 420 age 0: 0.32 41.86
20/12/23 01:59:07 891 [INFO,train:497]         epoch 420 age 1: 0.31 40.69
20/12/23 01:59:07 937 [INFO,train:497]         epoch 420 age 2: 0.30 39.29
20/12/23 02:09:16 517 [INFO,train:482] 440: 0.34 38.75 0.0064 0.0233 29761
20/12/23 02:09:16 562 [INFO,train:497]         epoch 440 age 0: 0.34 38.75
20/12/23 02:09:16 607 [INFO,train:497]         epoch 440 age 1: 0.34 38.00
20/12/23 02:09:16 652 [INFO,train:497]         epoch 440 age 2: 0.33 36.97
20/12/23 02:19:35 669 [INFO,train:482] 460: 0.35 36.53 0.0066 0.0234 30280
20/12/23 02:19:35 715 [INFO,train:497]         epoch 460 age 0: 0.35 36.53
20/12/23 02:19:35 758 [INFO,train:497]         epoch 460 age 1: 0.34 35.83
20/12/23 02:19:35 797 [INFO,train:497]         epoch 460 age 2: 0.33 35.13
20/12/23 02:30:01 918 [INFO,train:455]  AGAIN at epoch 477! Has got 27615 datas. resting...
20/12/23 02:33:03 322 [INFO,benchmark:291] start benchmark against MrGreed for 512x2
20/12/23 02:33:33 667 [INFO,train:482] 480: 0.31 40.34 0.0112 0.0237 29850
20/12/23 02:33:33 713 [INFO,train:497]         epoch 480 age 0: 0.31 40.34
20/12/23 02:33:33 758 [INFO,train:497]         epoch 480 age 1: 0.30 39.44
20/12/23 02:33:33 803 [INFO,train:497]         epoch 480 age 2: 0.29 38.70
20/12/23 02:41:40 258 [INFO,benchmark:315] benchmark at epoch 480's result: -66.84 8.31
20/12/23 02:43:58 431 [INFO,train:482] 500: 0.29 32.42 0.0127 0.0240 31063
20/12/23 02:43:58 475 [INFO,train:497]         epoch 500 age 0: 0.29 32.42
20/12/23 02:43:58 515 [INFO,train:497]         epoch 500 age 1: 0.28 31.79
20/12/23 02:43:58 555 [INFO,train:497]         epoch 500 age 2: 0.27 30.75
20/12/23 02:54:11 336 [INFO,train:482] 520: 0.33 39.81 0.0044 0.0238 30510
20/12/23 02:54:11 383 [INFO,train:497]         epoch 520 age 0: 0.33 39.81
20/12/23 02:54:11 428 [INFO,train:497]         epoch 520 age 1: 0.32 38.89
20/12/23 02:54:11 467 [INFO,train:497]         epoch 520 age 2: 0.31 37.80
20/12/23 03:04:25 537 [INFO,train:482] 540: 0.31 34.87 0.0119 0.0239 30884
20/12/23 03:04:25 582 [INFO,train:497]         epoch 540 age 0: 0.31 34.87
20/12/23 03:04:25 621 [INFO,train:497]         epoch 540 age 1: 0.31 34.14
20/12/23 03:04:25 661 [INFO,train:497]         epoch 540 age 2: 0.30 33.41
20/12/23 03:14:07 443 [INFO,benchmark:291] start benchmark against MrGreed for 512x2
20/12/23 03:14:38 781 [INFO,train:482] 560: 0.32 35.03 0.0082 0.0242 30784
20/12/23 03:14:38 827 [INFO,train:497]         epoch 560 age 0: 0.32 35.03
20/12/23 03:14:38 874 [INFO,train:497]         epoch 560 age 1: 0.31 34.33
20/12/23 03:14:38 914 [INFO,train:497]         epoch 560 age 2: 0.31 33.57
20/12/23 03:22:46 061 [INFO,benchmark:315] benchmark at epoch 560's result: -73.70 8.24
20/12/23 03:25:05 282 [INFO,train:482] 580: 0.32 34.13 0.0083 0.0246 30436
20/12/23 03:25:05 329 [INFO,train:497]         epoch 580 age 0: 0.32 34.13
20/12/23 03:25:05 375 [INFO,train:497]         epoch 580 age 1: 0.31 33.30
20/12/23 03:25:05 420 [INFO,train:497]         epoch 580 age 2: 0.30 32.38
20/12/23 03:35:18 044 [INFO,train:482] 600: 0.31 35.42 0.0056 0.0246 31095
20/12/23 03:35:18 092 [INFO,train:497]         epoch 600 age 0: 0.31 35.42
20/12/23 03:35:18 139 [INFO,train:497]         epoch 600 age 1: 0.30 34.25
20/12/23 03:35:18 185 [INFO,train:497]         epoch 600 age 2: 0.29 33.42
20/12/23 03:45:34 624 [INFO,train:482] 620: 0.38 40.55 0.0070 0.0247 30859
20/12/23 03:45:34 671 [INFO,train:497]         epoch 620 age 0: 0.38 40.55
20/12/23 03:45:34 717 [INFO,train:497]         epoch 620 age 1: 0.37 39.23
20/12/23 03:45:34 764 [INFO,train:497]         epoch 620 age 2: 0.37 38.07
20/12/23 03:55:24 981 [INFO,benchmark:291] start benchmark against MrGreed for 512x2
20/12/23 03:58:20 921 [INFO,train:455]  AGAIN at epoch 640! Has got 27520 datas. resting...
20/12/23 04:00:21 268 [INFO,train:482] 640: 0.31 38.92 0.0050 0.0249 27520
20/12/23 04:00:21 310 [INFO,train:497]         epoch 640 age 0: 0.31 38.92
20/12/23 04:00:21 352 [INFO,train:497]         epoch 640 age 1: 0.31 38.16
20/12/23 04:00:21 392 [INFO,train:497]         epoch 640 age 2: 0.30 37.21
20/12/23 04:00:21 392 [INFO,train:501] waiting benchmark threading to join
20/12/23 04:03:42 964 [INFO,benchmark:315] benchmark at epoch 640's result: -77.98 8.18
