20/12/13 01:58:13 567 [INFO,<module>:563] sharing_strategy: file_system
20/12/13 01:58:15 490 [INFO,main:530] start from: ./ZeroNets/mimic-greed-514-shi/PV_NET-11-2247733-300.pkl
20/12/13 01:58:15 490 [INFO,train:452] optimizer: {'lr': 0.001, 'betas': (0.9, 0.999), 'eps': 1e-07, 'weight_decay': 0.0001, 'amsgrad': False}
20/12/13 01:58:15 490 [INFO,train:454] LOSS2_WEIGHT: 0.0300, BETA: 0.20, VALUE_RENORMAL: 10, BENCHMARK_METHOD: 200, TRAIN_SAMPLE: 2000
20/12/13 01:58:16 079 [INFO,benchmark:325] start benchmark against MrGreed for 512x2
20/12/13 02:09:07 361 [INFO,train:489] #epoch: loss1 loss2 grad1/grad2 amp_probe #train_datas
20/12/13 02:09:07 371 [INFO,train:506] 0: 1.01 68.80 0.0240 0.0559 1516
20/12/13 02:09:07 383 [INFO,train:522]         epoch 0 age 0: 1.01 68.80
20/12/13 02:09:07 406 [INFO,train:522]         epoch 0 age 3: 0.39 51.09
20/12/13 02:09:07 430 [INFO,train:522]         epoch 0 age 6: 0.28 35.62
20/12/13 02:09:07 459 [INFO,train:522]         epoch 0 age 9: 0.21 25.89
20/12/13 02:20:02 210 [INFO,train:506] 1: 0.68 72.46 0.0103 0.0540 2246
20/12/13 02:20:02 217 [INFO,train:522]         epoch 1 age 0: 0.68 72.46
20/12/13 02:20:02 237 [INFO,train:522]         epoch 1 age 3: 0.45 59.62
20/12/13 02:20:02 261 [INFO,train:522]         epoch 1 age 6: 0.35 48.83
20/12/13 02:20:02 291 [INFO,train:522]         epoch 1 age 9: 0.29 43.11
20/12/13 02:30:47 588 [INFO,train:506] 2: 0.66 69.65 0.0068 0.0531 2603
20/12/13 02:30:47 595 [INFO,train:522]         epoch 2 age 0: 0.66 69.65
20/12/13 02:30:47 615 [INFO,train:522]         epoch 2 age 3: 0.52 56.21
20/12/13 02:30:47 638 [INFO,train:522]         epoch 2 age 6: 0.43 46.15
20/12/13 02:30:47 666 [INFO,train:522]         epoch 2 age 9: 0.37 39.10
20/12/13 02:41:30 584 [INFO,train:506] 3: 0.62 64.78 0.0038 0.0525 2798
20/12/13 02:41:30 592 [INFO,train:522]         epoch 3 age 0: 0.62 64.78
20/12/13 02:41:30 613 [INFO,train:522]         epoch 3 age 3: 0.50 49.60
20/12/13 02:41:30 640 [INFO,train:522]         epoch 3 age 6: 0.43 42.90
20/12/13 02:41:30 669 [INFO,train:522]         epoch 3 age 9: 0.38 37.40
20/12/13 02:52:02 139 [INFO,train:506] 4: 0.50 70.14 0.0073 0.0523 2907
20/12/13 02:52:02 145 [INFO,train:522]         epoch 4 age 0: 0.50 70.14
20/12/13 02:52:02 165 [INFO,train:522]         epoch 4 age 3: 0.40 57.84
20/12/13 02:52:02 188 [INFO,train:522]         epoch 4 age 6: 0.34 46.16
20/12/13 02:52:02 213 [INFO,train:522]         epoch 4 age 9: 0.30 37.75
20/12/13 03:13:35 683 [INFO,train:506] 6: 0.45 61.48 0.0093 0.0521 2953
20/12/13 03:13:35 693 [INFO,train:522]         epoch 6 age 0: 0.45 61.48
20/12/13 03:13:35 715 [INFO,train:522]         epoch 6 age 3: 0.37 50.34
20/12/13 03:13:35 743 [INFO,train:522]         epoch 6 age 6: 0.31 38.13
20/12/13 03:13:35 774 [INFO,train:522]         epoch 6 age 9: 0.27 30.33
20/12/13 03:34:54 322 [INFO,train:506] 8: 0.55 76.33 0.0055 0.0522 2947
20/12/13 03:34:54 331 [INFO,train:522]         epoch 8 age 0: 0.55 76.33
20/12/13 03:34:54 352 [INFO,train:522]         epoch 8 age 3: 0.44 65.69
20/12/13 03:34:54 376 [INFO,train:522]         epoch 8 age 6: 0.39 55.26
20/12/13 03:34:54 405 [INFO,train:522]         epoch 8 age 9: 0.34 48.05
20/12/13 03:56:25 450 [INFO,train:506] 10: 0.59 58.60 0.0064 0.0528 2929
20/12/13 03:56:25 457 [INFO,train:522]         epoch 10 age 0: 0.59 58.60
20/12/13 03:56:25 481 [INFO,train:522]         epoch 10 age 3: 0.44 48.09
20/12/13 03:56:25 510 [INFO,train:522]         epoch 10 age 6: 0.38 39.07
20/12/13 03:56:25 539 [INFO,train:522]         epoch 10 age 9: 0.32 33.38
20/12/13 04:18:01 615 [INFO,train:506] 12: 0.51 64.29 0.0047 0.0534 2963
20/12/13 04:18:01 623 [INFO,train:522]         epoch 12 age 0: 0.51 64.29
20/12/13 04:18:01 644 [INFO,train:522]         epoch 12 age 3: 0.42 50.92
20/12/13 04:18:01 667 [INFO,train:522]         epoch 12 age 6: 0.34 40.48
20/12/13 04:18:01 692 [INFO,train:522]         epoch 12 age 9: 0.29 33.49
20/12/13 04:39:25 880 [INFO,train:506] 14: 0.44 66.61 0.0086 0.0542 2923
20/12/13 04:39:25 889 [INFO,train:522]         epoch 14 age 0: 0.44 66.61
20/12/13 04:39:25 912 [INFO,train:522]         epoch 14 age 3: 0.37 56.59
20/12/13 04:39:25 938 [INFO,train:522]         epoch 14 age 6: 0.32 44.97
20/12/13 04:39:25 967 [INFO,train:522]         epoch 14 age 9: 0.29 36.29
20/12/13 05:00:01 219 [INFO,train:506] 16: 0.50 71.74 0.0114 0.0546 2985
20/12/13 05:00:01 228 [INFO,train:522]         epoch 16 age 0: 0.50 71.74
20/12/13 05:00:01 250 [INFO,train:522]         epoch 16 age 3: 0.41 58.50
20/12/13 05:00:01 274 [INFO,train:522]         epoch 16 age 6: 0.34 48.50
20/12/13 05:00:01 300 [INFO,train:522]         epoch 16 age 9: 0.29 41.84
20/12/13 05:20:54 071 [INFO,train:506] 18: 0.56 58.29 0.0094 0.0550 2959
20/12/13 05:20:54 078 [INFO,train:522]         epoch 18 age 0: 0.56 58.29
20/12/13 05:20:54 099 [INFO,train:522]         epoch 18 age 3: 0.45 46.18
20/12/13 05:20:54 124 [INFO,train:522]         epoch 18 age 6: 0.39 36.16
20/12/13 05:20:54 153 [INFO,train:522]         epoch 18 age 9: 0.32 29.17
20/12/13 05:31:53 437 [INFO,train:465] waiting benchmark threading to join
20/12/13 06:02:07 252 [INFO,benchmark:351] benchmark at epoch 0's result: -51.59 7.97
20/12/13 06:02:08 147 [INFO,benchmark:325] start benchmark against MrGreed for 512x2
20/12/13 06:12:50 357 [INFO,train:506] 20: 0.56 53.77 0.0075 0.0553 2936
20/12/13 06:12:50 366 [INFO,train:522]         epoch 20 age 0: 0.56 53.77
20/12/13 06:12:50 388 [INFO,train:522]         epoch 20 age 3: 0.45 43.85
20/12/13 06:12:50 414 [INFO,train:522]         epoch 20 age 6: 0.35 35.77
20/12/13 06:12:50 442 [INFO,train:522]         epoch 20 age 9: 0.30 28.92
20/12/13 09:37:55 489 [INFO,train:465] waiting benchmark threading to join
20/12/13 10:06:13 185 [INFO,benchmark:351] benchmark at epoch 20's result: -72.80 7.91
20/12/13 10:06:14 134 [INFO,benchmark:325] start benchmark against MrGreed for 512x2
20/12/13 10:17:15 194 [INFO,train:506] 40: 0.54 72.24 0.0088 0.0600 2970
20/12/13 10:17:15 204 [INFO,train:522]         epoch 40 age 0: 0.54 72.24
20/12/13 10:17:15 227 [INFO,train:522]         epoch 40 age 3: 0.44 59.09
20/12/13 10:17:15 256 [INFO,train:522]         epoch 40 age 6: 0.37 51.18
20/12/13 10:17:15 285 [INFO,train:522]         epoch 40 age 9: 0.33 45.10
20/12/13 13:42:09 085 [INFO,train:465] waiting benchmark threading to join
20/12/13 14:11:45 695 [INFO,benchmark:351] benchmark at epoch 40's result: -56.87 8.22
20/12/13 14:11:46 592 [INFO,benchmark:325] start benchmark against MrGreed for 512x2
20/12/13 14:22:20 957 [INFO,train:506] 60: 0.44 47.69 0.0113 0.0640 2974
20/12/13 14:22:20 966 [INFO,train:522]         epoch 60 age 0: 0.44 47.69
20/12/13 14:22:20 988 [INFO,train:522]         epoch 60 age 3: 0.34 39.24
20/12/13 14:22:21 015 [INFO,train:522]         epoch 60 age 6: 0.27 32.45
20/12/13 14:22:21 043 [INFO,train:522]         epoch 60 age 9: 0.23 27.52
20/12/13 17:46:05 087 [INFO,train:465] waiting benchmark threading to join
20/12/13 18:14:54 037 [INFO,benchmark:351] benchmark at epoch 60's result: -53.94 8.08
20/12/13 18:14:54 931 [INFO,benchmark:325] start benchmark against MrGreed for 512x2
20/12/13 18:25:57 345 [INFO,train:506] 80: 0.45 53.20 0.0107 0.0674 2942
20/12/13 18:25:57 354 [INFO,train:522]         epoch 80 age 0: 0.45 53.20
20/12/13 18:25:57 377 [INFO,train:522]         epoch 80 age 3: 0.34 44.80
20/12/13 18:25:57 403 [INFO,train:522]         epoch 80 age 6: 0.29 36.88
20/12/13 18:25:57 429 [INFO,train:522]         epoch 80 age 9: 0.24 30.32
20/12/13 21:49:56 233 [INFO,train:465] waiting benchmark threading to join
20/12/13 22:18:21 508 [INFO,benchmark:351] benchmark at epoch 80's result: -67.12 8.24
20/12/13 22:18:22 430 [INFO,benchmark:325] start benchmark against MrGreed for 512x2
20/12/13 22:29:11 725 [INFO,train:506] 100: 0.54 56.98 0.0073 0.0713 2951
20/12/13 22:29:11 734 [INFO,train:522]         epoch 100 age 0: 0.54 56.98
20/12/13 22:29:11 755 [INFO,train:522]         epoch 100 age 3: 0.44 48.18
20/12/13 22:29:11 781 [INFO,train:522]         epoch 100 age 6: 0.36 39.58
20/12/13 22:29:11 808 [INFO,train:522]         epoch 100 age 9: 0.31 33.09