21/01/03 12:49:48 491 [INFO,main:103] BETA: 0.20, VALUE_RENORMAL: 10, MCTS_EXPL: 30, BENCH_SMP_B: 5, BENCH_SMP_K: 0.0
21/01/03 12:49:50 526 [INFO,main:106] start from: ./ZeroNets/from-zero-18/PV_NET_B-17-9315381-2160.pkl
21/01/03 12:49:50 526 [INFO,train:31] loss2_weight: 0.03, data_rounds: 64, train_mcts_b: 4, train_mcts_k: 2.0, review_number: 3, age_in_epoch: 3
21/01/03 12:49:50 527 [INFO,train:36] optimizer: {'lr': 0.0001, 'betas': (0.3, 0.999), 'eps': 1e-07, 'weight_decay': 0.0001, 'amsgrad': False}
21/01/03 12:49:50 651 [INFO,train:53] gc len at 0: 50507
21/01/03 12:49:51 134 [INFO,benchmark:264] start benchmark against MrGreed for 512x2
21/01/03 12:50:30 393 [INFO,train:89] 0: 0.530 27.19 3328 52
21/01/03 12:50:30 393 [INFO,train:96]         epoch 0 age 0: 0.530 27.19
21/01/03 12:50:30 000 [INFO,train:96]         epoch 0 age 1: 0.278 19.54
21/01/03 12:50:31 610 [INFO,train:96]         epoch 0 age 2: 0.179 12.99
21/01/03 12:50:31 615 [INFO,train:53] gc len at 1: 72116
21/01/03 12:51:12 081 [INFO,train:89] 1: 0.501 27.16 6656 104
21/01/03 12:51:12 082 [INFO,train:96]         epoch 1 age 0: 0.340 20.08
21/01/03 12:51:13 309 [INFO,train:96]         epoch 1 age 1: 0.177 12.22
21/01/03 12:51:14 536 [INFO,train:96]         epoch 1 age 2: 0.122 8.60
21/01/03 12:51:14 541 [INFO,train:53] gc len at 2: 85514
21/01/03 12:51:55 862 [INFO,train:89] 2: 0.548 36.67 9984 156
21/01/03 12:51:55 862 [INFO,train:96]         epoch 2 age 0: 0.264 17.95
21/01/03 12:51:57 709 [INFO,train:96]         epoch 2 age 1: 0.132 9.80
21/01/03 12:51:59 501 [INFO,train:96]         epoch 2 age 2: 0.095 7.55
21/01/03 12:51:59 509 [INFO,train:53] gc len at 3: 114792
21/01/03 12:52:40 776 [INFO,train:89] 3: 0.579 31.63 9984 156
21/01/03 12:52:40 776 [INFO,train:96]         epoch 3 age 0: 0.256 15.58
21/01/03 12:52:42 633 [INFO,train:96]         epoch 3 age 1: 0.127 8.64
21/01/03 12:52:44 481 [INFO,train:96]         epoch 3 age 2: 0.092 6.77
21/01/03 12:52:44 489 [INFO,train:53] gc len at 4: 114123
21/01/03 12:53:25 819 [INFO,train:89] 4: 0.579 36.95 9984 156
21/01/03 12:53:25 819 [INFO,train:96]         epoch 4 age 0: 0.254 16.83
21/01/03 12:53:27 646 [INFO,train:96]         epoch 4 age 1: 0.128 9.62
21/01/03 12:53:29 477 [INFO,train:96]         epoch 4 age 2: 0.092 6.71
21/01/03 12:53:29 486 [INFO,train:53] gc len at 5: 123263
21/01/03 12:54:10 596 [INFO,train:89] 5: 0.588 38.25 9984 156
21/01/03 12:54:10 596 [INFO,train:96]         epoch 5 age 0: 0.257 17.22
21/01/03 12:54:12 759 [INFO,train:96]         epoch 5 age 1: 0.130 9.75
21/01/03 12:54:14 929 [INFO,train:96]         epoch 5 age 2: 0.092 7.01
21/01/03 12:57:14 052 [INFO,train:53] gc len at 10: 103023
21/01/03 12:57:54 089 [INFO,train:89] 10: 0.542 31.13 9984 156
21/01/03 12:57:54 090 [INFO,train:96]         epoch 10 age 0: 0.238 14.89
21/01/03 12:57:56 249 [INFO,train:96]         epoch 10 age 1: 0.117 8.47
21/01/03 12:57:58 442 [INFO,train:96]         epoch 10 age 2: 0.081 6.51
21/01/03 12:59:36 506 [INFO,benchmark:289] benchmark at epoch 0's result: 4.20 7.91
21/01/03 13:00:51 571 [INFO,train:53] gc len at 15: 110922
21/01/03 13:01:29 952 [INFO,train:89] 15: 0.532 33.12 9984 156
21/01/03 13:01:29 953 [INFO,train:96]         epoch 15 age 0: 0.236 15.71
21/01/03 13:01:31 719 [INFO,train:96]         epoch 15 age 1: 0.119 9.20
21/01/03 13:01:33 518 [INFO,train:96]         epoch 15 age 2: 0.087 6.60
21/01/03 13:04:32 975 [INFO,train:53] gc len at 20: 109323
21/01/03 13:05:14 093 [INFO,train:89] 20: 0.567 37.58 9984 156
21/01/03 13:05:14 093 [INFO,train:96]         epoch 20 age 0: 0.250 17.59
21/01/03 13:05:15 947 [INFO,train:96]         epoch 20 age 1: 0.126 10.56
21/01/03 13:05:17 789 [INFO,train:96]         epoch 20 age 2: 0.089 7.90
21/01/03 13:08:17 661 [INFO,train:53] gc len at 25: 122209
21/01/03 13:08:58 714 [INFO,train:89] 25: 0.561 36.82 9984 156
21/01/03 13:08:58 714 [INFO,train:96]         epoch 25 age 0: 0.246 16.90
21/01/03 13:09:00 569 [INFO,train:96]         epoch 25 age 1: 0.121 9.29
21/01/03 13:09:02 417 [INFO,train:96]         epoch 25 age 2: 0.087 6.85
21/01/03 13:19:28 910 [INFO,train:53] gc len at 40: 109754
21/01/03 13:20:10 561 [INFO,train:89] 40: 0.550 35.94 9984 156
21/01/03 13:20:10 561 [INFO,train:96]         epoch 40 age 0: 0.243 17.13
21/01/03 13:20:12 401 [INFO,train:96]         epoch 40 age 1: 0.126 9.45
21/01/03 13:20:14 248 [INFO,train:96]         epoch 40 age 2: 0.090 7.15
21/01/03 13:34:39 662 [INFO,train:53] gc len at 60: 112800
21/01/03 13:35:21 195 [INFO,train:89] 60: 0.547 35.46 9984 156
21/01/03 13:35:21 196 [INFO,train:96]         epoch 60 age 0: 0.242 16.52
21/01/03 13:35:23 033 [INFO,train:96]         epoch 60 age 1: 0.126 9.19
21/01/03 13:35:24 877 [INFO,train:96]         epoch 60 age 2: 0.089 7.31
21/01/03 13:49:42 033 [INFO,train:53] gc len at 80: 112197
21/01/03 13:49:42 498 [INFO,benchmark:264] start benchmark against MrGreed for 512x2
21/01/03 13:50:23 730 [INFO,train:89] 80: 0.560 35.86 9984 156
21/01/03 13:50:23 730 [INFO,train:96]         epoch 80 age 0: 0.247 16.53
21/01/03 13:50:25 563 [INFO,train:96]         epoch 80 age 1: 0.127 9.22
21/01/03 13:50:27 394 [INFO,train:96]         epoch 80 age 2: 0.091 6.58
21/01/03 13:59:29 895 [INFO,benchmark:289] benchmark at epoch 80's result: 2.87 8.03
21/01/03 14:04:49 590 [INFO,train:53] gc len at 100: 117805
21/01/03 14:05:30 901 [INFO,train:89] 100: 0.549 32.86 9984 156
21/01/03 14:05:30 901 [INFO,train:96]         epoch 100 age 0: 0.244 15.78
21/01/03 14:05:32 757 [INFO,train:96]         epoch 100 age 1: 0.125 8.90
21/01/03 14:05:34 615 [INFO,train:96]         epoch 100 age 2: 0.091 6.52
21/01/03 14:19:56 572 [INFO,train:53] gc len at 120: 106931
21/01/03 14:20:38 132 [INFO,train:89] 120: 0.554 37.94 9984 156
21/01/03 14:20:38 132 [INFO,train:96]         epoch 120 age 0: 0.242 17.32
21/01/03 14:20:40 009 [INFO,train:96]         epoch 120 age 1: 0.124 10.37
21/01/03 14:20:41 860 [INFO,train:96]         epoch 120 age 2: 0.088 7.33
21/01/03 14:35:01 678 [INFO,train:53] gc len at 140: 112787
21/01/03 14:35:43 559 [INFO,train:89] 140: 0.559 39.51 9984 156
21/01/03 14:35:43 559 [INFO,train:96]         epoch 140 age 0: 0.247 17.68
21/01/03 14:35:45 400 [INFO,train:96]         epoch 140 age 1: 0.125 10.16
21/01/03 14:35:47 240 [INFO,train:96]         epoch 140 age 2: 0.088 7.02
21/01/03 14:50:18 797 [INFO,train:53] gc len at 160: 120436
21/01/03 14:50:19 243 [INFO,benchmark:264] start benchmark against MrGreed for 512x2
21/01/03 14:51:01 007 [INFO,train:89] 160: 0.557 35.42 9984 156
21/01/03 14:51:01 008 [INFO,train:96]         epoch 160 age 0: 0.248 16.74
21/01/03 14:51:02 861 [INFO,train:96]         epoch 160 age 1: 0.126 9.77
21/01/03 14:51:04 709 [INFO,train:96]         epoch 160 age 2: 0.091 7.20
21/01/03 15:00:06 532 [INFO,benchmark:289] benchmark at epoch 160's result: 6.88 7.89
21/01/03 15:05:37 813 [INFO,train:53] gc len at 180: 120543
21/01/03 15:06:19 244 [INFO,train:89] 180: 0.572 36.01 9984 156
21/01/03 15:06:19 245 [INFO,train:96]         epoch 180 age 0: 0.252 16.25
21/01/03 15:06:21 094 [INFO,train:96]         epoch 180 age 1: 0.132 9.25
21/01/03 15:06:22 943 [INFO,train:96]         epoch 180 age 2: 0.094 6.31
21/01/03 15:20:47 394 [INFO,train:53] gc len at 200: 103752
21/01/03 15:21:29 212 [INFO,train:89] 200: 0.558 36.54 9984 156
21/01/03 15:21:29 212 [INFO,train:96]         epoch 200 age 0: 0.245 16.94
21/01/03 15:21:31 075 [INFO,train:96]         epoch 200 age 1: 0.127 9.92
21/01/03 15:21:32 915 [INFO,train:96]         epoch 200 age 2: 0.090 7.26
21/01/03 15:36:05 801 [INFO,train:53] gc len at 220: 124571
21/01/03 15:36:47 460 [INFO,train:89] 220: 0.539 34.03 9984 156
21/01/03 15:36:47 460 [INFO,train:96]         epoch 220 age 0: 0.240 16.18
21/01/03 15:36:49 308 [INFO,train:96]         epoch 220 age 1: 0.126 8.83
21/01/03 15:36:51 149 [INFO,train:96]         epoch 220 age 2: 0.090 6.46
21/01/03 15:51:15 059 [INFO,train:53] gc len at 240: 121082
21/01/03 15:51:15 531 [INFO,benchmark:264] start benchmark against MrGreed for 512x2
21/01/03 15:51:57 188 [INFO,train:89] 240: 0.553 39.74 9984 156
21/01/03 15:51:57 189 [INFO,train:96]         epoch 240 age 0: 0.246 17.84
21/01/03 15:51:59 050 [INFO,train:96]         epoch 240 age 1: 0.130 10.83
21/01/03 15:52:00 895 [INFO,train:96]         epoch 240 age 2: 0.091 7.58
21/01/03 16:01:00 402 [INFO,benchmark:289] benchmark at epoch 240's result: -6.82 7.95
21/01/03 16:06:29 787 [INFO,train:53] gc len at 260: 109675
21/01/03 16:07:11 865 [INFO,train:89] 260: 0.557 39.25 9984 156
21/01/03 16:07:11 865 [INFO,train:96]         epoch 260 age 0: 0.247 17.57
21/01/03 16:07:13 714 [INFO,train:96]         epoch 260 age 1: 0.131 10.11
21/01/03 16:07:15 566 [INFO,train:96]         epoch 260 age 2: 0.092 7.44
21/01/03 16:21:50 256 [INFO,train:53] gc len at 280: 119045
21/01/03 16:22:32 863 [INFO,train:89] 280: 0.562 35.15 9984 156
21/01/03 16:22:32 863 [INFO,train:96]         epoch 280 age 0: 0.245 16.34
21/01/03 16:22:34 722 [INFO,train:96]         epoch 280 age 1: 0.128 9.24
21/01/03 16:22:36 570 [INFO,train:96]         epoch 280 age 2: 0.092 6.86
21/01/03 16:37:03 685 [INFO,train:53] gc len at 300: 124555
21/01/03 16:37:45 256 [INFO,train:89] 300: 0.584 38.37 9984 156
21/01/03 16:37:45 256 [INFO,train:96]         epoch 300 age 0: 0.258 17.64
21/01/03 16:37:47 111 [INFO,train:96]         epoch 300 age 1: 0.135 10.43
21/01/03 16:37:48 967 [INFO,train:96]         epoch 300 age 2: 0.094 7.08
21/01/03 16:52:21 944 [INFO,train:53] gc len at 320: 117102
21/01/03 16:52:22 390 [INFO,benchmark:264] start benchmark against MrGreed for 512x2
21/01/03 16:53:04 547 [INFO,train:89] 320: 0.558 39.95 9984 156
21/01/03 16:53:04 547 [INFO,train:96]         epoch 320 age 0: 0.250 17.71
21/01/03 16:53:06 742 [INFO,train:96]         epoch 320 age 1: 0.132 10.66
21/01/03 16:53:08 678 [INFO,train:96]         epoch 320 age 2: 0.096 7.80
21/01/03 17:02:02 109 [INFO,benchmark:289] benchmark at epoch 320's result: 3.36 8.10
21/01/03 17:07:45 602 [INFO,train:53] gc len at 340: 108454
21/01/03 17:08:27 453 [INFO,train:89] 340: 0.560 34.14 9984 156
21/01/03 17:08:27 453 [INFO,train:96]         epoch 340 age 0: 0.252 16.19
21/01/03 17:08:29 300 [INFO,train:96]         epoch 340 age 1: 0.134 9.78
21/01/03 17:08:31 157 [INFO,train:96]         epoch 340 age 2: 0.094 7.42
21/01/03 17:23:00 010 [INFO,train:53] gc len at 360: 117955
21/01/03 17:23:42 258 [INFO,train:89] 360: 0.551 34.54 9984 156
21/01/03 17:23:42 259 [INFO,train:96]         epoch 360 age 0: 0.246 16.37
21/01/03 17:23:44 118 [INFO,train:96]         epoch 360 age 1: 0.134 9.40
21/01/03 17:23:45 973 [INFO,train:96]         epoch 360 age 2: 0.095 6.66
21/01/03 17:38:15 614 [INFO,train:53] gc len at 380: 114473
21/01/03 17:38:57 296 [INFO,train:89] 380: 0.568 39.63 9984 156
21/01/03 17:38:57 297 [INFO,train:96]         epoch 380 age 0: 0.252 17.85
21/01/03 17:38:59 136 [INFO,train:96]         epoch 380 age 1: 0.136 10.17
21/01/03 17:39:01 306 [INFO,train:96]         epoch 380 age 2: 0.096 7.44
21/01/03 17:53:35 191 [INFO,train:53] gc len at 400: 112704
21/01/03 17:53:35 636 [INFO,benchmark:264] start benchmark against MrGreed for 512x2
21/01/03 17:54:17 376 [INFO,train:89] 400: 0.593 35.11 9984 156
21/01/03 17:54:17 376 [INFO,train:96]         epoch 400 age 0: 0.264 15.86
21/01/03 17:54:19 222 [INFO,train:96]         epoch 400 age 1: 0.137 9.39
21/01/03 17:54:21 068 [INFO,train:96]         epoch 400 age 2: 0.097 6.64
21/01/03 18:03:42 971 [INFO,benchmark:289] benchmark at epoch 400's result: -11.18 8.12
21/01/03 18:08:52 503 [INFO,train:53] gc len at 420: 107544
21/01/03 18:09:34 524 [INFO,train:89] 420: 0.557 34.57 9984 156
21/01/03 18:09:34 524 [INFO,train:96]         epoch 420 age 0: 0.251 15.52
21/01/03 18:09:36 372 [INFO,train:96]         epoch 420 age 1: 0.131 8.82
21/01/03 18:09:38 215 [INFO,train:96]         epoch 420 age 2: 0.096 6.28
21/01/03 18:24:03 447 [INFO,train:53] gc len at 440: 113535
21/01/03 18:24:45 418 [INFO,train:89] 440: 0.586 39.43 9984 156
21/01/03 18:24:45 418 [INFO,train:96]         epoch 440 age 0: 0.258 17.44
21/01/03 18:24:47 264 [INFO,train:96]         epoch 440 age 1: 0.139 10.01
21/01/03 18:24:49 114 [INFO,train:96]         epoch 440 age 2: 0.098 7.07
21/01/03 18:39:16 065 [INFO,train:53] gc len at 460: 106230
21/01/03 18:39:58 447 [INFO,train:89] 460: 0.587 36.84 9984 156
21/01/03 18:39:58 447 [INFO,train:96]         epoch 460 age 0: 0.261 16.97
21/01/03 18:40:00 296 [INFO,train:96]         epoch 460 age 1: 0.138 9.85
21/01/03 18:40:02 138 [INFO,train:96]         epoch 460 age 2: 0.099 6.67
21/01/03 18:54:32 939 [INFO,train:53] gc len at 480: 109687
21/01/03 18:54:33 405 [INFO,benchmark:264] start benchmark against MrGreed for 512x2
21/01/03 18:55:15 430 [INFO,train:89] 480: 0.571 36.82 9984 156
21/01/03 18:55:15 430 [INFO,train:96]         epoch 480 age 0: 0.254 16.35
21/01/03 18:55:17 281 [INFO,train:96]         epoch 480 age 1: 0.136 9.58
21/01/03 18:55:19 128 [INFO,train:96]         epoch 480 age 2: 0.099 6.67
21/01/03 19:04:17 589 [INFO,benchmark:289] benchmark at epoch 480's result: -12.21 8.10
21/01/03 19:09:52 047 [INFO,train:53] gc len at 500: 112128
21/01/03 19:10:34 609 [INFO,train:89] 500: 0.540 33.89 9984 156
21/01/03 19:10:34 609 [INFO,train:96]         epoch 500 age 0: 0.242 15.65
21/01/03 19:10:36 456 [INFO,train:96]         epoch 500 age 1: 0.129 8.55
21/01/03 19:10:38 298 [INFO,train:96]         epoch 500 age 2: 0.093 6.35
21/01/03 19:25:14 051 [INFO,train:53] gc len at 520: 120943
21/01/03 19:25:56 187 [INFO,train:89] 520: 0.582 33.26 9984 156
21/01/03 19:25:56 187 [INFO,train:96]         epoch 520 age 0: 0.261 15.62
21/01/03 19:25:58 025 [INFO,train:96]         epoch 520 age 1: 0.141 8.81
21/01/03 19:25:59 870 [INFO,train:96]         epoch 520 age 2: 0.102 6.58
21/01/03 19:40:30 231 [INFO,train:53] gc len at 540: 108054
21/01/03 19:41:12 295 [INFO,train:89] 540: 0.600 31.46 9984 156
21/01/03 19:41:12 295 [INFO,train:96]         epoch 540 age 0: 0.264 14.70
21/01/03 19:41:14 143 [INFO,train:96]         epoch 540 age 1: 0.144 8.52
21/01/03 19:41:15 990 [INFO,train:96]         epoch 540 age 2: 0.104 6.25
21/01/03 19:55:46 597 [INFO,train:53] gc len at 560: 112242
21/01/03 19:55:47 048 [INFO,benchmark:264] start benchmark against MrGreed for 512x2
21/01/03 19:56:28 529 [INFO,train:89] 560: 0.557 32.90 9984 156
21/01/03 19:56:28 530 [INFO,train:96]         epoch 560 age 0: 0.255 15.32
21/01/03 19:56:30 371 [INFO,train:96]         epoch 560 age 1: 0.134 8.57
21/01/03 19:56:32 219 [INFO,train:96]         epoch 560 age 2: 0.098 6.53
21/01/03 20:05:28 998 [INFO,benchmark:289] benchmark at epoch 560's result: 14.07 8.02
21/01/03 20:11:03 457 [INFO,train:53] gc len at 580: 108960
21/01/03 20:11:45 771 [INFO,train:89] 580: 0.551 35.73 9984 156
21/01/03 20:11:45 771 [INFO,train:96]         epoch 580 age 0: 0.250 16.23
21/01/03 20:11:47 625 [INFO,train:96]         epoch 580 age 1: 0.139 9.27
21/01/03 20:11:49 478 [INFO,train:96]         epoch 580 age 2: 0.100 6.70
21/01/03 20:26:13 975 [INFO,train:53] gc len at 600: 103313
21/01/03 20:26:55 093 [INFO,train:89] 600: 0.532 36.62 9984 156
21/01/03 20:26:55 093 [INFO,train:96]         epoch 600 age 0: 0.245 16.96
21/01/03 20:26:56 929 [INFO,train:96]         epoch 600 age 1: 0.135 9.67
21/01/03 20:26:58 772 [INFO,train:96]         epoch 600 age 2: 0.100 7.24
21/01/03 20:41:20 481 [INFO,train:53] gc len at 620: 118125
21/01/03 20:42:02 005 [INFO,train:89] 620: 0.569 35.80 9984 156
21/01/03 20:42:02 005 [INFO,train:96]         epoch 620 age 0: 0.258 16.45
21/01/03 20:42:03 852 [INFO,train:96]         epoch 620 age 1: 0.138 9.14
21/01/03 20:42:05 697 [INFO,train:96]         epoch 620 age 2: 0.100 6.50
21/01/03 20:56:34 171 [INFO,train:53] gc len at 640: 110634
21/01/03 20:56:34 605 [INFO,benchmark:264] start benchmark against MrGreed for 512x2
21/01/03 20:57:16 251 [INFO,train:89] 640: 0.585 35.33 9984 156
21/01/03 20:57:16 252 [INFO,train:96]         epoch 640 age 0: 0.265 16.17
21/01/03 20:57:18 093 [INFO,train:96]         epoch 640 age 1: 0.144 9.34
21/01/03 20:57:19 939 [INFO,train:96]         epoch 640 age 2: 0.105 6.63
21/01/03 21:07:18 488 [INFO,benchmark:289] benchmark at epoch 640's result: 5.17 7.79
21/01/03 21:11:56 025 [INFO,train:53] gc len at 660: 110705
21/01/03 21:12:37 221 [INFO,train:89] 660: 0.584 38.30 9984 156
21/01/03 21:12:37 221 [INFO,train:96]         epoch 660 age 0: 0.264 17.26
21/01/03 21:12:39 073 [INFO,train:96]         epoch 660 age 1: 0.140 9.97
21/01/03 21:12:40 921 [INFO,train:96]         epoch 660 age 2: 0.102 7.26
21/01/03 21:27:10 104 [INFO,train:53] gc len at 680: 114202
21/01/03 21:27:51 716 [INFO,train:89] 680: 0.552 38.02 9984 156
21/01/03 21:27:51 716 [INFO,train:96]         epoch 680 age 0: 0.251 16.99
21/01/03 21:27:53 560 [INFO,train:96]         epoch 680 age 1: 0.138 9.89
21/01/03 21:27:55 409 [INFO,train:96]         epoch 680 age 2: 0.100 6.52
21/01/03 21:42:22 102 [INFO,train:53] gc len at 700: 104664
21/01/03 21:43:03 760 [INFO,train:89] 700: 0.580 35.47 9984 156
21/01/03 21:43:03 761 [INFO,train:96]         epoch 700 age 0: 0.262 16.40
21/01/03 21:43:05 937 [INFO,train:96]         epoch 700 age 1: 0.141 9.38
21/01/03 21:43:08 147 [INFO,train:96]         epoch 700 age 2: 0.104 7.05
21/01/03 21:57:41 640 [INFO,train:53] gc len at 720: 105172
21/01/03 21:57:42 091 [INFO,benchmark:264] start benchmark against MrGreed for 512x2
21/01/03 21:58:23 558 [INFO,train:89] 720: 0.584 41.96 9984 156
21/01/03 21:58:23 558 [INFO,train:96]         epoch 720 age 0: 0.264 18.67
21/01/03 21:58:25 417 [INFO,train:96]         epoch 720 age 1: 0.144 10.75
21/01/03 21:58:27 269 [INFO,train:96]         epoch 720 age 2: 0.103 7.37
21/01/03 22:07:37 959 [INFO,benchmark:289] benchmark at epoch 720's result: 13.51 8.30
21/01/03 22:12:59 861 [INFO,train:53] gc len at 740: 121507
21/01/03 22:13:42 179 [INFO,train:89] 740: 0.574 32.48 9984 156
21/01/03 22:13:42 179 [INFO,train:96]         epoch 740 age 0: 0.264 16.39
21/01/03 22:13:44 026 [INFO,train:96]         epoch 740 age 1: 0.149 9.62
21/01/03 22:13:45 872 [INFO,train:96]         epoch 740 age 2: 0.109 7.16
21/01/03 22:28:10 556 [INFO,train:53] gc len at 760: 117376
21/01/03 22:28:52 574 [INFO,train:89] 760: 0.537 30.67 9984 156
21/01/03 22:28:52 575 [INFO,train:96]         epoch 760 age 0: 0.248 14.90
21/01/03 22:28:54 418 [INFO,train:96]         epoch 760 age 1: 0.140 8.63
21/01/03 22:28:56 268 [INFO,train:96]         epoch 760 age 2: 0.103 6.48
21/01/03 22:43:27 359 [INFO,train:53] gc len at 780: 116639
21/01/03 22:44:09 915 [INFO,train:89] 780: 0.590 37.80 9984 156
21/01/03 22:44:09 915 [INFO,train:96]         epoch 780 age 0: 0.267 17.31
21/01/03 22:44:11 777 [INFO,train:96]         epoch 780 age 1: 0.152 10.30
21/01/03 22:44:13 637 [INFO,train:96]         epoch 780 age 2: 0.110 7.71
21/01/03 22:58:39 942 [INFO,train:53] gc len at 800: 107728
21/01/03 22:58:40 398 [INFO,benchmark:264] start benchmark against MrGreed for 512x2
21/01/03 22:59:22 011 [INFO,train:89] 800: 0.581 32.74 9984 156
21/01/03 22:59:22 012 [INFO,train:96]         epoch 800 age 0: 0.261 15.41
21/01/03 22:59:23 864 [INFO,train:96]         epoch 800 age 1: 0.143 9.01
21/01/03 22:59:25 711 [INFO,train:96]         epoch 800 age 2: 0.104 6.66
21/01/03 23:08:23 986 [INFO,benchmark:289] benchmark at epoch 800's result: -1.56 7.86
21/01/03 23:14:01 964 [INFO,train:53] gc len at 820: 117580
21/01/03 23:14:43 369 [INFO,train:89] 820: 0.574 36.25 9984 156
21/01/03 23:14:43 369 [INFO,train:96]         epoch 820 age 0: 0.261 16.72
21/01/03 23:14:45 221 [INFO,train:96]         epoch 820 age 1: 0.146 9.75
21/01/03 23:14:47 068 [INFO,train:96]         epoch 820 age 2: 0.108 6.75
21/01/03 23:29:17 881 [INFO,train:53] gc len at 840: 113864
21/01/03 23:30:00 098 [INFO,train:89] 840: 0.589 35.47 9984 156
21/01/03 23:30:00 098 [INFO,train:96]         epoch 840 age 0: 0.270 16.42
21/01/03 23:30:01 949 [INFO,train:96]         epoch 840 age 1: 0.148 9.29
21/01/03 23:30:03 803 [INFO,train:96]         epoch 840 age 2: 0.108 7.02
21/01/03 23:44:34 069 [INFO,train:53] gc len at 860: 111982
21/01/03 23:45:16 509 [INFO,train:89] 860: 0.578 37.99 9984 156
21/01/03 23:45:16 509 [INFO,train:96]         epoch 860 age 0: 0.267 17.34
21/01/03 23:45:18 370 [INFO,train:96]         epoch 860 age 1: 0.149 10.11
21/01/03 23:45:20 229 [INFO,train:96]         epoch 860 age 2: 0.108 7.08
21/01/03 23:59:52 173 [INFO,train:53] gc len at 880: 115409
21/01/03 23:59:52 627 [INFO,benchmark:264] start benchmark against MrGreed for 512x2
21/01/04 00:00:34 621 [INFO,train:89] 880: 0.578 34.87 9984 156
21/01/04 00:00:34 621 [INFO,train:96]         epoch 880 age 0: 0.266 16.47
21/01/04 00:00:36 680 [INFO,train:96]         epoch 880 age 1: 0.148 9.80
21/01/04 00:00:38 529 [INFO,train:96]         epoch 880 age 2: 0.108 6.93
