21/01/02 16:31:18 554 [INFO,main:103] BETA: 0.20, VALUE_RENORMAL: 10, MCTS_EXPL: 30, BENCH_SMP_B: 5, BENCH_SMP_K: 0.0
21/01/02 16:31:18 604 [INFO,main:104] init pv_net: PV_NET_D [(434, 2048), (2048, 2048), (2048, 512), (512, 512), (512, 512), (512, 512), (512, 512), (512, 512), (512, 512), (512, 512), (512, 512), (512, 512), (512, 512), (512, 512), (512, 512), (512, 52), (512, 1)] 9315381
21/01/02 16:41:18 704 [INFO,train:31] loss2_weight: 0.03, data_rounds: 64, train_mcts_b: 0, train_mcts_k: 2.0, review_number: 3, age_in_epoch: 3
21/01/02 16:41:20 780 [INFO,train:36] optimizer: {'lr': 0.0001, 'betas': (0.1, 0.999), 'eps': 1e-07, 'weight_decay': 0.0001, 'amsgrad': False}
21/01/02 16:41:20 901 [INFO,train:53] gc len at 0: 50473
21/01/02 16:41:21 349 [INFO,benchmark:264] start benchmark against MrGreed for 512x2
21/01/02 16:41:47 388 [INFO,train:89] 0: 0.814 37.86 3328 52
21/01/02 16:41:47 388 [INFO,train:96]         epoch 0 age 0: 0.814 37.86
21/01/02 16:41:47 970 [INFO,train:96]         epoch 0 age 1: 0.177 37.43
21/01/02 16:41:48 551 [INFO,train:96]         epoch 0 age 2: 0.168 36.68
21/01/02 16:41:48 556 [INFO,train:53] gc len at 1: 78812
21/01/02 16:42:16 026 [INFO,train:89] 1: 0.240 33.04 6656 104
21/01/02 16:42:16 026 [INFO,train:96]         epoch 1 age 0: 0.204 34.86
21/01/02 16:42:17 187 [INFO,train:96]         epoch 1 age 1: 0.188 32.88
21/01/02 16:42:18 350 [INFO,train:96]         epoch 1 age 2: 0.174 31.01
21/01/02 16:42:18 355 [INFO,train:53] gc len at 2: 87994
21/01/02 16:42:46 512 [INFO,train:89] 2: 0.225 28.21 9984 156
21/01/02 16:42:46 512 [INFO,train:96]         epoch 2 age 0: 0.191 30.08
21/01/02 16:42:48 266 [INFO,train:96]         epoch 2 age 1: 0.178 27.16
21/01/02 16:42:50 065 [INFO,train:96]         epoch 2 age 2: 0.161 23.66
21/01/02 16:42:50 073 [INFO,train:53] gc len at 3: 115923
21/01/02 16:43:18 323 [INFO,train:89] 3: 0.421 39.81 9984 156
21/01/02 16:43:18 324 [INFO,train:96]         epoch 3 age 0: 0.248 29.05
21/01/02 16:43:20 078 [INFO,train:96]         epoch 3 age 1: 0.227 25.14
21/01/02 16:43:21 838 [INFO,train:96]         epoch 3 age 2: 0.210 22.48
21/01/02 16:43:21 846 [INFO,train:53] gc len at 4: 113668
21/01/02 16:43:49 982 [INFO,train:89] 4: 0.373 45.50 9984 156
21/01/02 16:43:49 982 [INFO,train:96]         epoch 4 age 0: 0.264 30.15
21/01/02 16:43:51 740 [INFO,train:96]         epoch 4 age 1: 0.241 25.52
21/01/02 16:43:53 495 [INFO,train:96]         epoch 4 age 2: 0.222 22.36
21/01/02 16:43:53 502 [INFO,train:53] gc len at 5: 109656
21/01/02 16:44:21 484 [INFO,train:89] 5: 0.479 44.00 9984 156
21/01/02 16:44:21 484 [INFO,train:96]         epoch 5 age 0: 0.308 29.58
21/01/02 16:44:23 242 [INFO,train:96]         epoch 5 age 1: 0.281 25.31
21/01/02 16:44:24 998 [INFO,train:96]         epoch 5 age 2: 0.262 21.84
21/01/02 16:46:31 656 [INFO,train:53] gc len at 10: 111578
21/01/02 16:46:59 723 [INFO,train:89] 10: 0.400 46.63 9984 156
21/01/02 16:46:59 723 [INFO,train:96]         epoch 10 age 0: 0.315 26.86
21/01/02 16:47:01 479 [INFO,train:96]         epoch 10 age 1: 0.271 20.44
21/01/02 16:47:03 233 [INFO,train:96]         epoch 10 age 2: 0.251 17.07
21/01/02 16:49:09 420 [INFO,train:53] gc len at 15: 103859
21/01/02 16:49:37 611 [INFO,train:89] 15: 0.404 47.08 9984 156
21/01/02 16:49:37 611 [INFO,train:96]         epoch 15 age 0: 0.305 24.75
21/01/02 16:49:39 373 [INFO,train:96]         epoch 15 age 1: 0.243 17.46
21/01/02 16:49:41 127 [INFO,train:96]         epoch 15 age 2: 0.212 14.33
21/01/02 16:50:52 853 [INFO,benchmark:289] benchmark at epoch 0's result: -203.66 7.98
21/01/02 16:51:46 454 [INFO,train:53] gc len at 20: 114417
21/01/02 16:52:14 314 [INFO,train:89] 20: 0.515 44.28 9984 156
21/01/02 16:52:14 314 [INFO,train:96]         epoch 20 age 0: 0.323 24.72
21/01/02 16:52:16 060 [INFO,train:96]         epoch 20 age 1: 0.233 17.31
21/01/02 16:52:17 813 [INFO,train:96]         epoch 20 age 2: 0.195 14.05
21/01/02 16:54:22 779 [INFO,train:53] gc len at 25: 115868
21/01/02 16:54:50 658 [INFO,train:89] 25: 0.616 41.66 9984 156
21/01/02 16:54:50 658 [INFO,train:96]         epoch 25 age 0: 0.334 22.88
21/01/02 16:54:52 407 [INFO,train:96]         epoch 25 age 1: 0.227 15.14
21/01/02 16:54:54 153 [INFO,train:96]         epoch 25 age 2: 0.184 12.30
21/01/02 17:02:20 089 [INFO,train:53] gc len at 40: 116258
21/01/02 17:02:48 748 [INFO,train:89] 40: 0.593 42.77 9984 156
21/01/02 17:02:48 748 [INFO,train:96]         epoch 40 age 0: 0.295 21.04
21/01/02 17:02:50 904 [INFO,train:96]         epoch 40 age 1: 0.180 13.27
21/01/02 17:02:52 890 [INFO,train:96]         epoch 40 age 2: 0.144 10.47
21/01/02 17:13:10 050 [INFO,train:53] gc len at 60: 114353
21/01/02 17:13:38 548 [INFO,train:89] 60: 0.620 44.16 9984 156
21/01/02 17:13:38 548 [INFO,train:96]         epoch 60 age 0: 0.309 21.70
21/01/02 17:13:40 305 [INFO,train:96]         epoch 60 age 1: 0.191 13.60
21/01/02 17:13:42 471 [INFO,train:96]         epoch 60 age 2: 0.150 10.78
21/01/02 17:23:50 662 [INFO,train:53] gc len at 80: 118550
21/01/02 17:23:51 098 [INFO,benchmark:264] start benchmark against MrGreed for 512x2
21/01/02 17:24:19 670 [INFO,train:89] 80: 0.603 43.17 9984 156
21/01/02 17:24:19 670 [INFO,train:96]         epoch 80 age 0: 0.303 20.53
21/01/02 17:24:21 418 [INFO,train:96]         epoch 80 age 1: 0.194 11.90
21/01/02 17:24:23 172 [INFO,train:96]         epoch 80 age 2: 0.156 9.70
21/01/02 17:33:24 069 [INFO,benchmark:289] benchmark at epoch 80's result: -92.82 8.15
21/01/02 17:34:32 650 [INFO,train:53] gc len at 100: 101640
21/01/02 17:35:00 634 [INFO,train:89] 100: 0.632 43.67 9984 156
21/01/02 17:35:00 634 [INFO,train:96]         epoch 100 age 0: 0.307 20.47
21/01/02 17:35:02 384 [INFO,train:96]         epoch 100 age 1: 0.189 12.07
21/01/02 17:35:04 138 [INFO,train:96]         epoch 100 age 2: 0.147 9.35
21/01/02 17:45:12 792 [INFO,train:53] gc len at 120: 112790
21/01/02 17:45:41 453 [INFO,train:89] 120: 0.585 42.70 9984 156
21/01/02 17:45:41 453 [INFO,train:96]         epoch 120 age 0: 0.290 20.43
21/01/02 17:45:43 203 [INFO,train:96]         epoch 120 age 1: 0.177 11.65
21/01/02 17:45:44 959 [INFO,train:96]         epoch 120 age 2: 0.139 8.97
21/01/02 17:56:00 982 [INFO,train:53] gc len at 140: 117009
21/01/02 17:56:29 495 [INFO,train:89] 140: 0.586 40.59 9984 156
21/01/02 17:56:29 495 [INFO,train:96]         epoch 140 age 0: 0.285 19.75
21/01/02 17:56:31 236 [INFO,train:96]         epoch 140 age 1: 0.172 11.58
21/01/02 17:56:32 996 [INFO,train:96]         epoch 140 age 2: 0.134 9.40
21/01/02 18:06:46 334 [INFO,train:53] gc len at 160: 114754
21/01/02 18:06:46 789 [INFO,benchmark:264] start benchmark against MrGreed for 512x2
21/01/02 18:07:15 752 [INFO,train:89] 160: 0.609 42.28 9984 156
21/01/02 18:07:15 752 [INFO,train:96]         epoch 160 age 0: 0.291 20.30
21/01/02 18:07:17 506 [INFO,train:96]         epoch 160 age 1: 0.177 12.07
21/01/02 18:07:19 261 [INFO,train:96]         epoch 160 age 2: 0.135 9.27
21/01/02 18:16:21 478 [INFO,benchmark:289] benchmark at epoch 160's result: -77.15 8.49
21/01/02 18:17:35 777 [INFO,train:53] gc len at 180: 110214
21/01/02 18:18:04 786 [INFO,train:89] 180: 0.593 37.63 9984 156
21/01/02 18:18:04 786 [INFO,train:96]         epoch 180 age 0: 0.291 18.87
21/01/02 18:18:06 572 [INFO,train:96]         epoch 180 age 1: 0.171 10.92
21/01/02 18:18:08 331 [INFO,train:96]         epoch 180 age 2: 0.131 8.70
21/01/02 18:28:27 563 [INFO,train:53] gc len at 200: 118632
21/01/02 18:28:56 820 [INFO,train:89] 200: 0.631 39.43 9984 156
21/01/02 18:28:56 820 [INFO,train:96]         epoch 200 age 0: 0.301 18.82
21/01/02 18:28:58 577 [INFO,train:96]         epoch 200 age 1: 0.176 11.25
21/01/02 18:29:00 332 [INFO,train:96]         epoch 200 age 2: 0.133 8.63
21/01/02 18:39:16 254 [INFO,train:53] gc len at 220: 102329
21/01/02 18:39:44 882 [INFO,train:89] 220: 0.614 42.72 9984 156
21/01/02 18:39:44 882 [INFO,train:96]         epoch 220 age 0: 0.295 20.07
21/01/02 18:39:46 637 [INFO,train:96]         epoch 220 age 1: 0.169 11.77
21/01/02 18:39:48 392 [INFO,train:96]         epoch 220 age 2: 0.127 9.56
21/01/02 18:50:04 743 [INFO,train:53] gc len at 240: 108007
21/01/02 18:50:05 188 [INFO,benchmark:264] start benchmark against MrGreed for 512x2
21/01/02 18:50:33 772 [INFO,train:89] 240: 0.634 40.50 9984 156
21/01/02 18:50:33 772 [INFO,train:96]         epoch 240 age 0: 0.298 18.90
21/01/02 18:50:35 527 [INFO,train:96]         epoch 240 age 1: 0.170 11.28
21/01/02 18:50:37 282 [INFO,train:96]         epoch 240 age 2: 0.128 8.54
21/01/02 18:59:55 221 [INFO,benchmark:289] benchmark at epoch 240's result: -54.79 8.31
21/01/02 19:00:55 377 [INFO,train:53] gc len at 260: 116849
21/01/02 19:01:24 044 [INFO,train:89] 260: 0.579 41.05 9984 156
21/01/02 19:01:24 044 [INFO,train:96]         epoch 260 age 0: 0.273 19.06
21/01/02 19:01:25 788 [INFO,train:96]         epoch 260 age 1: 0.161 11.03
21/01/02 19:01:27 544 [INFO,train:96]         epoch 260 age 2: 0.122 8.84
21/01/02 19:11:40 659 [INFO,train:53] gc len at 280: 119344
21/01/02 19:12:09 421 [INFO,train:89] 280: 0.610 44.92 9984 156
21/01/02 19:12:09 421 [INFO,train:96]         epoch 280 age 0: 0.281 20.53
21/01/02 19:12:11 157 [INFO,train:96]         epoch 280 age 1: 0.160 12.17
21/01/02 19:12:12 894 [INFO,train:96]         epoch 280 age 2: 0.116 9.20
21/01/02 19:22:32 275 [INFO,train:53] gc len at 300: 113115
21/01/02 19:23:01 133 [INFO,train:89] 300: 0.639 39.85 9984 156
21/01/02 19:23:01 134 [INFO,train:96]         epoch 300 age 0: 0.291 19.74
21/01/02 19:23:03 313 [INFO,train:96]         epoch 300 age 1: 0.166 12.25
21/01/02 19:23:05 439 [INFO,train:96]         epoch 300 age 2: 0.124 8.92
21/01/02 19:33:24 497 [INFO,train:53] gc len at 320: 118423
21/01/02 19:33:24 967 [INFO,benchmark:264] start benchmark against MrGreed for 512x2
21/01/02 19:33:54 095 [INFO,train:89] 320: 0.638 39.67 9984 156
21/01/02 19:33:54 095 [INFO,train:96]         epoch 320 age 0: 0.289 18.32
21/01/02 19:33:55 839 [INFO,train:96]         epoch 320 age 1: 0.161 10.39
21/01/02 19:33:57 593 [INFO,train:96]         epoch 320 age 2: 0.118 7.92
21/01/02 19:43:08 585 [INFO,benchmark:289] benchmark at epoch 320's result: -58.47 8.19
21/01/02 19:44:13 652 [INFO,train:53] gc len at 340: 110271
21/01/02 19:44:42 342 [INFO,train:89] 340: 0.588 39.88 9984 156
21/01/02 19:44:42 342 [INFO,train:96]         epoch 340 age 0: 0.272 19.06
21/01/02 19:44:44 089 [INFO,train:96]         epoch 340 age 1: 0.152 11.30
21/01/02 19:44:45 841 [INFO,train:96]         epoch 340 age 2: 0.111 8.62
21/01/02 19:54:55 544 [INFO,train:53] gc len at 360: 116197
21/01/02 19:55:24 494 [INFO,train:89] 360: 0.617 36.50 9984 156
21/01/02 19:55:24 495 [INFO,train:96]         epoch 360 age 0: 0.283 18.33
21/01/02 19:55:26 244 [INFO,train:96]         epoch 360 age 1: 0.159 10.97
21/01/02 19:55:27 994 [INFO,train:96]         epoch 360 age 2: 0.118 8.41
21/01/02 20:05:46 781 [INFO,train:53] gc len at 380: 112820
21/01/02 20:06:15 758 [INFO,train:89] 380: 0.656 49.64 9984 156
21/01/02 20:06:15 758 [INFO,train:96]         epoch 380 age 0: 0.295 22.00
21/01/02 20:06:17 509 [INFO,train:96]         epoch 380 age 1: 0.165 13.07
21/01/02 20:06:19 267 [INFO,train:96]         epoch 380 age 2: 0.121 9.36
21/01/02 20:16:35 677 [INFO,train:53] gc len at 400: 117902
21/01/02 20:16:36 119 [INFO,benchmark:264] start benchmark against MrGreed for 512x2
21/01/02 20:17:05 158 [INFO,train:89] 400: 0.659 40.77 9984 156
21/01/02 20:17:05 158 [INFO,train:96]         epoch 400 age 0: 0.295 18.81
21/01/02 20:17:06 908 [INFO,train:96]         epoch 400 age 1: 0.157 10.29
21/01/02 20:17:08 658 [INFO,train:96]         epoch 400 age 2: 0.115 7.56
21/01/02 20:26:33 560 [INFO,benchmark:289] benchmark at epoch 400's result: -60.15 7.90
21/01/02 20:27:34 035 [INFO,train:53] gc len at 420: 111870
21/01/02 20:28:02 947 [INFO,train:89] 420: 0.659 44.08 9984 156
21/01/02 20:28:02 947 [INFO,train:96]         epoch 420 age 0: 0.295 19.58
21/01/02 20:28:04 700 [INFO,train:96]         epoch 420 age 1: 0.162 11.62
21/01/02 20:28:06 451 [INFO,train:96]         epoch 420 age 2: 0.121 8.90
21/01/02 20:38:18 086 [INFO,train:53] gc len at 440: 115640
21/01/02 20:38:46 777 [INFO,train:89] 440: 0.661 40.69 9984 156
21/01/02 20:38:46 777 [INFO,train:96]         epoch 440 age 0: 0.298 18.87
21/01/02 20:38:48 526 [INFO,train:96]         epoch 440 age 1: 0.169 10.73
21/01/02 20:38:50 273 [INFO,train:96]         epoch 440 age 2: 0.123 8.06
21/01/02 20:49:07 006 [INFO,train:53] gc len at 460: 106297
21/01/02 20:49:35 996 [INFO,train:89] 460: 0.694 40.99 9984 156
21/01/02 20:49:35 997 [INFO,train:96]         epoch 460 age 0: 0.311 18.92
21/01/02 20:49:37 751 [INFO,train:96]         epoch 460 age 1: 0.173 11.28
21/01/02 20:49:39 509 [INFO,train:96]         epoch 460 age 2: 0.124 8.16
21/01/02 20:59:57 093 [INFO,train:53] gc len at 480: 121491
21/01/02 20:59:57 535 [INFO,benchmark:264] start benchmark against MrGreed for 512x2
21/01/02 21:00:26 633 [INFO,train:89] 480: 0.652 39.80 9984 156
21/01/02 21:00:26 633 [INFO,train:96]         epoch 480 age 0: 0.295 18.44
21/01/02 21:00:28 396 [INFO,train:96]         epoch 480 age 1: 0.160 10.85
21/01/02 21:00:30 150 [INFO,train:96]         epoch 480 age 2: 0.114 8.03
21/01/02 21:10:00 208 [INFO,benchmark:289] benchmark at epoch 480's result: -22.23 7.90
21/01/02 21:10:49 944 [INFO,train:53] gc len at 500: 117720
21/01/02 21:11:18 333 [INFO,train:89] 500: 0.597 35.16 9984 156
21/01/02 21:11:18 333 [INFO,train:96]         epoch 500 age 0: 0.275 16.62
21/01/02 21:11:20 093 [INFO,train:96]         epoch 500 age 1: 0.154 9.41
21/01/02 21:11:21 831 [INFO,train:96]         epoch 500 age 2: 0.112 7.09
21/01/02 21:21:32 213 [INFO,train:53] gc len at 520: 114403
21/01/02 21:22:00 433 [INFO,train:89] 520: 0.609 40.47 9984 156
21/01/02 21:22:00 433 [INFO,train:96]         epoch 520 age 0: 0.275 18.93
21/01/02 21:22:02 191 [INFO,train:96]         epoch 520 age 1: 0.154 10.79
21/01/02 21:22:03 941 [INFO,train:96]         epoch 520 age 2: 0.110 7.94
21/01/02 21:32:22 192 [INFO,train:53] gc len at 540: 109380
21/01/02 21:32:51 391 [INFO,train:89] 540: 0.609 36.40 9984 156
21/01/02 21:32:51 392 [INFO,train:96]         epoch 540 age 0: 0.279 17.49
21/01/02 21:32:53 149 [INFO,train:96]         epoch 540 age 1: 0.156 10.09
21/01/02 21:32:54 908 [INFO,train:96]         epoch 540 age 2: 0.114 7.73
21/01/02 21:43:13 414 [INFO,train:53] gc len at 560: 117258
21/01/02 21:43:13 854 [INFO,benchmark:264] start benchmark against MrGreed for 512x2
21/01/02 21:43:42 463 [INFO,train:89] 560: 0.606 40.95 9984 156
21/01/02 21:43:42 463 [INFO,train:96]         epoch 560 age 0: 0.279 18.80
21/01/02 21:43:44 220 [INFO,train:96]         epoch 560 age 1: 0.154 11.78
21/01/02 21:43:45 969 [INFO,train:96]         epoch 560 age 2: 0.111 8.84
21/01/02 21:53:13 201 [INFO,benchmark:289] benchmark at epoch 560's result: -30.41 8.68
21/01/02 21:54:05 518 [INFO,train:53] gc len at 580: 107417
21/01/02 21:54:34 377 [INFO,train:89] 580: 0.595 34.21 9984 156
21/01/02 21:54:34 377 [INFO,train:96]         epoch 580 age 0: 0.276 16.78
21/01/02 21:54:36 534 [INFO,train:96]         epoch 580 age 1: 0.152 9.62
21/01/02 21:54:38 656 [INFO,train:96]         epoch 580 age 2: 0.113 7.12
21/01/02 22:04:57 020 [INFO,train:53] gc len at 600: 113832
21/01/02 22:05:25 891 [INFO,train:89] 600: 0.623 41.16 9984 156
21/01/02 22:05:25 891 [INFO,train:96]         epoch 600 age 0: 0.286 18.79
21/01/02 22:05:27 645 [INFO,train:96]         epoch 600 age 1: 0.162 10.96
21/01/02 22:05:29 393 [INFO,train:96]         epoch 600 age 2: 0.120 7.77
21/01/02 22:15:45 297 [INFO,train:53] gc len at 620: 119905
21/01/02 22:16:14 382 [INFO,train:89] 620: 0.613 37.56 9984 156
21/01/02 22:16:14 382 [INFO,train:96]         epoch 620 age 0: 0.278 17.20
21/01/02 22:16:16 135 [INFO,train:96]         epoch 620 age 1: 0.154 9.94
21/01/02 22:16:17 896 [INFO,train:96]         epoch 620 age 2: 0.112 7.16
21/01/02 22:26:31 612 [INFO,train:53] gc len at 640: 119508
21/01/02 22:26:32 063 [INFO,benchmark:264] start benchmark against MrGreed for 512x2
21/01/02 22:27:01 039 [INFO,train:89] 640: 0.631 38.45 9984 156
21/01/02 22:27:01 039 [INFO,train:96]         epoch 640 age 0: 0.286 18.07
21/01/02 22:27:02 795 [INFO,train:96]         epoch 640 age 1: 0.159 10.46
21/01/02 22:27:04 546 [INFO,train:96]         epoch 640 age 2: 0.117 7.60
21/01/02 22:36:33 193 [INFO,benchmark:289] benchmark at epoch 640's result: -34.99 7.88
21/01/02 22:37:24 656 [INFO,train:53] gc len at 660: 117543
21/01/02 22:37:53 654 [INFO,train:89] 660: 0.605 37.54 9984 156
21/01/02 22:37:53 654 [INFO,train:96]         epoch 660 age 0: 0.280 17.69
21/01/02 22:37:55 828 [INFO,train:96]         epoch 660 age 1: 0.153 10.33
21/01/02 22:37:58 006 [INFO,train:96]         epoch 660 age 2: 0.113 7.59
21/01/02 22:48:20 078 [INFO,train:53] gc len at 680: 117624
21/01/02 22:48:49 396 [INFO,train:89] 680: 0.615 37.82 9984 156
21/01/02 22:48:49 397 [INFO,train:96]         epoch 680 age 0: 0.281 17.46
21/01/02 22:48:51 482 [INFO,train:96]         epoch 680 age 1: 0.157 9.97
21/01/02 22:48:53 236 [INFO,train:96]         epoch 680 age 2: 0.113 7.02
21/01/02 22:59:13 013 [INFO,train:53] gc len at 700: 109391
21/01/02 22:59:41 857 [INFO,train:89] 700: 0.661 42.79 9984 156
21/01/02 22:59:41 857 [INFO,train:96]         epoch 700 age 0: 0.296 19.56
21/01/02 22:59:43 611 [INFO,train:96]         epoch 700 age 1: 0.163 11.25
21/01/02 22:59:45 366 [INFO,train:96]         epoch 700 age 2: 0.118 8.28
21/01/02 23:10:06 313 [INFO,train:53] gc len at 720: 119549
21/01/02 23:10:06 801 [INFO,benchmark:264] start benchmark against MrGreed for 512x2
21/01/02 23:10:35 453 [INFO,train:89] 720: 0.592 34.72 9984 156
21/01/02 23:10:35 454 [INFO,train:96]         epoch 720 age 0: 0.277 16.52
21/01/02 23:10:37 205 [INFO,train:96]         epoch 720 age 1: 0.156 9.68
21/01/02 23:10:38 961 [INFO,train:96]         epoch 720 age 2: 0.117 7.27
21/01/02 23:20:22 433 [INFO,benchmark:289] benchmark at epoch 720's result: -35.97 8.28
21/01/02 23:21:00 499 [INFO,train:53] gc len at 740: 113459
21/01/02 23:21:29 346 [INFO,train:89] 740: 0.625 34.83 9984 156
21/01/02 23:21:29 346 [INFO,train:96]         epoch 740 age 0: 0.286 16.46
21/01/02 23:21:31 097 [INFO,train:96]         epoch 740 age 1: 0.159 9.28
21/01/02 23:21:32 856 [INFO,train:96]         epoch 740 age 2: 0.116 6.82
21/01/02 23:31:44 841 [INFO,train:53] gc len at 760: 119798
21/01/02 23:32:13 042 [INFO,train:89] 760: 0.641 34.77 9984 156
21/01/02 23:32:13 042 [INFO,train:96]         epoch 760 age 0: 0.295 17.18
21/01/02 23:32:14 819 [INFO,train:96]         epoch 760 age 1: 0.165 9.96
21/01/02 23:32:16 573 [INFO,train:96]         epoch 760 age 2: 0.122 7.41
21/01/02 23:42:33 255 [INFO,train:53] gc len at 780: 114336
21/01/02 23:43:02 666 [INFO,train:89] 780: 0.594 38.62 9984 156
21/01/02 23:43:02 666 [INFO,train:96]         epoch 780 age 0: 0.278 17.57
21/01/02 23:43:04 422 [INFO,train:96]         epoch 780 age 1: 0.155 9.82
21/01/02 23:43:06 182 [INFO,train:96]         epoch 780 age 2: 0.114 6.94
21/01/02 23:53:24 556 [INFO,train:53] gc len at 800: 122928
21/01/02 23:53:24 974 [INFO,benchmark:264] start benchmark against MrGreed for 512x2
21/01/02 23:53:53 757 [INFO,train:89] 800: 0.616 43.01 9984 156
21/01/02 23:53:53 757 [INFO,train:96]         epoch 800 age 0: 0.282 18.95
21/01/02 23:53:55 504 [INFO,train:96]         epoch 800 age 1: 0.160 11.16
21/01/02 23:53:57 255 [INFO,train:96]         epoch 800 age 2: 0.115 7.58
21/01/03 00:03:36 544 [INFO,benchmark:289] benchmark at epoch 800's result: -15.37 8.09
21/01/03 00:04:16 056 [INFO,train:53] gc len at 820: 112214
21/01/03 00:04:44 836 [INFO,train:89] 820: 0.627 37.31 9984 156
21/01/03 00:04:44 836 [INFO,train:96]         epoch 820 age 0: 0.282 17.60
21/01/03 00:04:46 583 [INFO,train:96]         epoch 820 age 1: 0.157 10.46
21/01/03 00:04:48 338 [INFO,train:96]         epoch 820 age 2: 0.114 7.79
21/01/03 00:14:58 858 [INFO,train:53] gc len at 840: 120890
21/01/03 00:15:27 510 [INFO,train:89] 840: 0.662 38.14 9984 156
21/01/03 00:15:27 510 [INFO,train:96]         epoch 840 age 0: 0.302 18.12
21/01/03 00:15:29 258 [INFO,train:96]         epoch 840 age 1: 0.166 10.65
21/01/03 00:15:31 014 [INFO,train:96]         epoch 840 age 2: 0.119 7.64
21/01/03 00:25:47 548 [INFO,train:53] gc len at 860: 111676
21/01/03 00:26:16 535 [INFO,train:89] 860: 0.666 46.94 9984 156
21/01/03 00:26:16 536 [INFO,train:96]         epoch 860 age 0: 0.298 20.13
21/01/03 00:26:18 297 [INFO,train:96]         epoch 860 age 1: 0.162 11.79
21/01/03 00:26:20 052 [INFO,train:96]         epoch 860 age 2: 0.113 7.81
21/01/03 00:36:38 823 [INFO,train:53] gc len at 880: 116602
21/01/03 00:36:39 255 [INFO,benchmark:264] start benchmark against MrGreed for 512x2
21/01/03 00:37:07 861 [INFO,train:89] 880: 0.612 39.61 9984 156
21/01/03 00:37:07 861 [INFO,train:96]         epoch 880 age 0: 0.280 17.80
21/01/03 00:37:09 595 [INFO,train:96]         epoch 880 age 1: 0.156 10.28
21/01/03 00:37:11 332 [INFO,train:96]         epoch 880 age 2: 0.113 7.55
21/01/03 00:46:49 759 [INFO,benchmark:289] benchmark at epoch 880's result: -12.98 8.25
21/01/03 00:47:36 504 [INFO,train:53] gc len at 900: 116388
21/01/03 00:48:05 844 [INFO,train:89] 900: 0.652 39.97 9984 156
21/01/03 00:48:05 844 [INFO,train:96]         epoch 900 age 0: 0.295 18.26
21/01/03 00:48:07 603 [INFO,train:96]         epoch 900 age 1: 0.165 10.42
21/01/03 00:48:09 367 [INFO,train:96]         epoch 900 age 2: 0.120 7.66
21/01/03 00:58:26 155 [INFO,train:53] gc len at 920: 115061
21/01/03 00:58:55 201 [INFO,train:89] 920: 0.623 37.65 9984 156
21/01/03 00:58:55 202 [INFO,train:96]         epoch 920 age 0: 0.288 17.55
21/01/03 00:58:56 960 [INFO,train:96]         epoch 920 age 1: 0.160 9.66
21/01/03 00:58:58 716 [INFO,train:96]         epoch 920 age 2: 0.116 7.20
21/01/03 01:09:15 918 [INFO,train:53] gc len at 940: 113659
21/01/03 01:09:44 915 [INFO,train:89] 940: 0.646 36.51 9984 156
21/01/03 01:09:44 915 [INFO,train:96]         epoch 940 age 0: 0.292 16.85
21/01/03 01:09:46 669 [INFO,train:96]         epoch 940 age 1: 0.163 9.91
21/01/03 01:09:48 425 [INFO,train:96]         epoch 940 age 2: 0.117 7.02
21/01/03 01:20:04 674 [INFO,train:53] gc len at 960: 116575
21/01/03 01:20:05 119 [INFO,benchmark:264] start benchmark against MrGreed for 512x2
21/01/03 01:20:34 258 [INFO,train:89] 960: 0.646 37.15 9984 156
21/01/03 01:20:34 258 [INFO,train:96]         epoch 960 age 0: 0.296 17.34
21/01/03 01:20:36 012 [INFO,train:96]         epoch 960 age 1: 0.168 10.14
21/01/03 01:20:37 760 [INFO,train:96]         epoch 960 age 2: 0.122 7.25
21/01/03 01:30:25 999 [INFO,benchmark:289] benchmark at epoch 960's result: -18.71 8.19
21/01/03 01:31:01 660 [INFO,train:53] gc len at 980: 101781
21/01/03 01:31:30 446 [INFO,train:89] 980: 0.669 37.77 9984 156
21/01/03 01:31:30 447 [INFO,train:96]         epoch 980 age 0: 0.303 17.33
21/01/03 01:31:32 208 [INFO,train:96]         epoch 980 age 1: 0.168 9.98
21/01/03 01:31:33 959 [INFO,train:96]         epoch 980 age 2: 0.121 7.16
21/01/03 01:41:57 010 [INFO,train:53] gc len at 1000: 108732
21/01/03 01:42:26 155 [INFO,train:89] 1000: 0.628 40.07 9984 156
21/01/03 01:42:26 156 [INFO,train:96]         epoch 1000 age 0: 0.287 18.16
21/01/03 01:42:27 905 [INFO,train:96]         epoch 1000 age 1: 0.163 10.76
21/01/03 01:42:29 660 [INFO,train:96]         epoch 1000 age 2: 0.117 7.51
21/01/03 01:52:49 964 [INFO,train:53] gc len at 1020: 104337
21/01/03 01:53:19 095 [INFO,train:89] 1020: 0.649 38.57 9984 156
21/01/03 01:53:19 095 [INFO,train:96]         epoch 1020 age 0: 0.298 17.38
21/01/03 01:53:20 853 [INFO,train:96]         epoch 1020 age 1: 0.161 9.93
21/01/03 01:53:22 606 [INFO,train:96]         epoch 1020 age 2: 0.119 7.05
21/01/03 02:03:42 354 [INFO,train:53] gc len at 1040: 102946
21/01/03 02:03:42 800 [INFO,benchmark:264] start benchmark against MrGreed for 512x2
21/01/03 02:04:11 596 [INFO,train:89] 1040: 0.654 36.27 9984 156
21/01/03 02:04:11 596 [INFO,train:96]         epoch 1040 age 0: 0.298 16.78
21/01/03 02:04:13 349 [INFO,train:96]         epoch 1040 age 1: 0.170 9.58
21/01/03 02:04:15 104 [INFO,train:96]         epoch 1040 age 2: 0.125 7.02
21/01/03 02:13:58 608 [INFO,benchmark:289] benchmark at epoch 1040's result: -17.45 8.09
21/01/03 02:14:34 374 [INFO,train:53] gc len at 1060: 116068
21/01/03 02:15:03 586 [INFO,train:89] 1060: 0.658 33.46 9984 156
21/01/03 02:15:03 586 [INFO,train:96]         epoch 1060 age 0: 0.298 16.03
21/01/03 02:15:05 338 [INFO,train:96]         epoch 1060 age 1: 0.171 9.34
21/01/03 02:15:07 089 [INFO,train:96]         epoch 1060 age 2: 0.126 6.75
21/01/03 02:25:18 609 [INFO,train:53] gc len at 1080: 116984
21/01/03 02:25:47 129 [INFO,train:89] 1080: 0.605 35.36 9984 156
21/01/03 02:25:47 129 [INFO,train:96]         epoch 1080 age 0: 0.281 16.38
21/01/03 02:25:48 878 [INFO,train:96]         epoch 1080 age 1: 0.162 9.70
21/01/03 02:25:50 627 [INFO,train:96]         epoch 1080 age 2: 0.115 6.88
21/01/03 02:36:07 246 [INFO,train:53] gc len at 1100: 117860
21/01/03 02:36:36 673 [INFO,train:89] 1100: 0.639 36.75 9984 156
21/01/03 02:36:36 673 [INFO,train:96]         epoch 1100 age 0: 0.292 16.98
21/01/03 02:36:38 426 [INFO,train:96]         epoch 1100 age 1: 0.164 9.94
21/01/03 02:36:40 183 [INFO,train:96]         epoch 1100 age 2: 0.124 7.26
21/01/03 02:47:00 429 [INFO,train:53] gc len at 1120: 104049
21/01/03 02:47:00 859 [INFO,benchmark:264] start benchmark against MrGreed for 512x2
21/01/03 02:47:29 629 [INFO,train:89] 1120: 0.615 38.52 9984 156
21/01/03 02:47:29 629 [INFO,train:96]         epoch 1120 age 0: 0.286 17.50
21/01/03 02:47:31 391 [INFO,train:96]         epoch 1120 age 1: 0.162 9.58
21/01/03 02:47:33 148 [INFO,train:96]         epoch 1120 age 2: 0.116 7.00
21/01/03 02:57:24 660 [INFO,benchmark:289] benchmark at epoch 1120's result: -5.78 8.14
21/01/03 02:57:53 180 [INFO,train:53] gc len at 1140: 109304
21/01/03 02:58:22 226 [INFO,train:89] 1140: 0.615 37.18 9984 156
21/01/03 02:58:22 227 [INFO,train:96]         epoch 1140 age 0: 0.286 17.73
21/01/03 02:58:24 289 [INFO,train:96]         epoch 1140 age 1: 0.164 10.20
21/01/03 02:58:26 449 [INFO,train:96]         epoch 1140 age 2: 0.120 8.01
21/01/03 03:08:52 016 [INFO,train:53] gc len at 1160: 103819
21/01/03 03:09:20 624 [INFO,train:89] 1160: 0.675 41.83 9984 156
21/01/03 03:09:20 625 [INFO,train:96]         epoch 1160 age 0: 0.309 19.48
21/01/03 03:09:22 378 [INFO,train:96]         epoch 1160 age 1: 0.176 11.80
21/01/03 03:09:24 133 [INFO,train:96]         epoch 1160 age 2: 0.128 8.52
21/01/03 03:19:43 169 [INFO,train:53] gc len at 1180: 102395
21/01/03 03:20:12 709 [INFO,train:89] 1180: 0.675 35.56 9984 156
21/01/03 03:20:12 709 [INFO,train:96]         epoch 1180 age 0: 0.308 16.98
21/01/03 03:20:14 464 [INFO,train:96]         epoch 1180 age 1: 0.172 9.83
21/01/03 03:20:16 222 [INFO,train:96]         epoch 1180 age 2: 0.126 7.07
21/01/03 03:30:35 172 [INFO,train:53] gc len at 1200: 122084
21/01/03 03:30:35 629 [INFO,benchmark:264] start benchmark against MrGreed for 512x2
21/01/03 03:31:05 045 [INFO,train:89] 1200: 0.631 40.57 9984 156
21/01/03 03:31:05 045 [INFO,train:96]         epoch 1200 age 0: 0.293 18.28
21/01/03 03:31:06 801 [INFO,train:96]         epoch 1200 age 1: 0.170 11.00
21/01/03 03:31:08 556 [INFO,train:96]         epoch 1200 age 2: 0.124 7.71
21/01/03 03:41:03 588 [INFO,benchmark:289] benchmark at epoch 1200's result: -25.49 8.07
21/01/03 03:41:28 455 [INFO,train:53] gc len at 1220: 109799
21/01/03 03:41:56 835 [INFO,train:89] 1220: 0.629 37.67 9984 156
21/01/03 03:41:56 835 [INFO,train:96]         epoch 1220 age 0: 0.284 17.08
21/01/03 03:41:58 589 [INFO,train:96]         epoch 1220 age 1: 0.158 9.68
21/01/03 03:42:00 347 [INFO,train:96]         epoch 1220 age 2: 0.115 6.79
21/01/03 03:52:11 663 [INFO,train:53] gc len at 1240: 117680
21/01/03 03:52:40 116 [INFO,train:89] 1240: 0.616 39.49 9984 156
21/01/03 03:52:40 116 [INFO,train:96]         epoch 1240 age 0: 0.285 18.01
21/01/03 03:52:41 867 [INFO,train:96]         epoch 1240 age 1: 0.165 9.95
21/01/03 03:52:43 614 [INFO,train:96]         epoch 1240 age 2: 0.121 7.03
21/01/03 04:02:59 040 [INFO,train:53] gc len at 1260: 103715
21/01/03 04:03:28 242 [INFO,train:89] 1260: 0.616 36.53 9984 156
21/01/03 04:03:28 242 [INFO,train:96]         epoch 1260 age 0: 0.289 17.04
21/01/03 04:03:29 000 [INFO,train:96]         epoch 1260 age 1: 0.164 9.77
21/01/03 04:03:31 759 [INFO,train:96]         epoch 1260 age 2: 0.118 7.08
21/01/03 04:13:50 366 [INFO,train:53] gc len at 1280: 106123
21/01/03 04:13:50 814 [INFO,benchmark:264] start benchmark against MrGreed for 512x2
21/01/03 04:14:20 069 [INFO,train:89] 1280: 0.664 37.20 9984 156
21/01/03 04:14:20 069 [INFO,train:96]         epoch 1280 age 0: 0.305 16.75
21/01/03 04:14:21 822 [INFO,train:96]         epoch 1280 age 1: 0.172 10.01
21/01/03 04:14:23 576 [INFO,train:96]         epoch 1280 age 2: 0.126 7.07
21/01/03 04:24:23 181 [INFO,benchmark:289] benchmark at epoch 1280's result: -10.49 8.16
21/01/03 04:24:44 406 [INFO,train:53] gc len at 1300: 113819
21/01/03 04:25:13 394 [INFO,train:89] 1300: 0.663 37.05 9984 156
21/01/03 04:25:13 394 [INFO,train:96]         epoch 1300 age 0: 0.307 17.82
21/01/03 04:25:15 523 [INFO,train:96]         epoch 1300 age 1: 0.175 10.79
21/01/03 04:25:17 641 [INFO,train:96]         epoch 1300 age 2: 0.125 7.58
21/01/03 04:35:44 359 [INFO,train:53] gc len at 1320: 114885
21/01/03 04:36:13 126 [INFO,train:89] 1320: 0.677 36.14 9984 156
21/01/03 04:36:13 127 [INFO,train:96]         epoch 1320 age 0: 0.308 16.89
21/01/03 04:36:15 292 [INFO,train:96]         epoch 1320 age 1: 0.173 9.74
21/01/03 04:36:17 425 [INFO,train:96]         epoch 1320 age 2: 0.126 7.01
21/01/03 04:46:38 478 [INFO,train:53] gc len at 1340: 112309
21/01/03 04:47:07 533 [INFO,train:89] 1340: 0.636 38.78 9984 156
21/01/03 04:47:07 534 [INFO,train:96]         epoch 1340 age 0: 0.297 17.82
21/01/03 04:47:09 716 [INFO,train:96]         epoch 1340 age 1: 0.172 9.91
21/01/03 04:47:11 841 [INFO,train:96]         epoch 1340 age 2: 0.124 7.22
21/01/03 04:57:39 592 [INFO,train:53] gc len at 1360: 118851
21/01/03 04:57:40 040 [INFO,benchmark:264] start benchmark against MrGreed for 512x2
21/01/03 04:58:08 522 [INFO,train:89] 1360: 0.671 35.84 9984 156
21/01/03 04:58:08 522 [INFO,train:96]         epoch 1360 age 0: 0.308 17.04
21/01/03 04:58:10 255 [INFO,train:96]         epoch 1360 age 1: 0.175 9.78
21/01/03 04:58:11 995 [INFO,train:96]         epoch 1360 age 2: 0.125 7.11
21/01/03 05:08:11 108 [INFO,benchmark:289] benchmark at epoch 1360's result: -9.27 7.90
21/01/03 05:08:32 965 [INFO,train:53] gc len at 1380: 113026
21/01/03 05:09:01 603 [INFO,train:89] 1380: 0.612 35.50 9984 156
21/01/03 05:09:01 603 [INFO,train:96]         epoch 1380 age 0: 0.290 16.87
21/01/03 05:09:03 367 [INFO,train:96]         epoch 1380 age 1: 0.171 9.88
21/01/03 05:09:05 123 [INFO,train:96]         epoch 1380 age 2: 0.126 7.04
21/01/03 05:19:20 961 [INFO,train:53] gc len at 1400: 114606
21/01/03 05:19:49 449 [INFO,train:89] 1400: 0.674 36.56 9984 156
21/01/03 05:19:49 449 [INFO,train:96]         epoch 1400 age 0: 0.310 17.05
21/01/03 05:19:51 197 [INFO,train:96]         epoch 1400 age 1: 0.178 9.61
21/01/03 05:19:52 949 [INFO,train:96]         epoch 1400 age 2: 0.127 7.21
21/01/03 05:30:08 650 [INFO,train:53] gc len at 1420: 106220
21/01/03 05:30:37 702 [INFO,train:89] 1420: 0.682 37.32 9984 156
21/01/03 05:30:37 703 [INFO,train:96]         epoch 1420 age 0: 0.314 17.54
21/01/03 05:30:39 456 [INFO,train:96]         epoch 1420 age 1: 0.180 10.27
21/01/03 05:30:41 209 [INFO,train:96]         epoch 1420 age 2: 0.129 7.64
21/01/03 05:41:03 238 [INFO,train:53] gc len at 1440: 117921
21/01/03 05:41:03 699 [INFO,benchmark:264] start benchmark against MrGreed for 512x2
21/01/03 05:41:33 075 [INFO,train:89] 1440: 0.635 36.41 9984 156
21/01/03 05:41:33 075 [INFO,train:96]         epoch 1440 age 0: 0.297 16.66
21/01/03 05:41:34 818 [INFO,train:96]         epoch 1440 age 1: 0.173 9.62
21/01/03 05:41:36 560 [INFO,train:96]         epoch 1440 age 2: 0.126 6.95
21/01/03 05:51:32 528 [INFO,benchmark:289] benchmark at epoch 1440's result: -7.75 8.46
21/01/03 05:51:58 560 [INFO,train:53] gc len at 1460: 102259
21/01/03 05:52:27 532 [INFO,train:89] 1460: 0.648 41.87 9984 156
21/01/03 05:52:27 532 [INFO,train:96]         epoch 1460 age 0: 0.303 18.80
21/01/03 05:52:29 280 [INFO,train:96]         epoch 1460 age 1: 0.179 10.99
21/01/03 05:52:31 026 [INFO,train:96]         epoch 1460 age 2: 0.130 7.69
21/01/03 06:02:48 649 [INFO,train:53] gc len at 1480: 117467
21/01/03 06:03:17 778 [INFO,train:89] 1480: 0.656 37.51 9984 156
21/01/03 06:03:17 779 [INFO,train:96]         epoch 1480 age 0: 0.308 17.44
21/01/03 06:03:19 890 [INFO,train:96]         epoch 1480 age 1: 0.178 10.13
21/01/03 06:03:22 027 [INFO,train:96]         epoch 1480 age 2: 0.130 7.21
21/01/03 06:13:41 458 [INFO,train:53] gc len at 1500: 120088
21/01/03 06:14:10 648 [INFO,train:89] 1500: 0.637 37.34 9984 156
21/01/03 06:14:10 648 [INFO,train:96]         epoch 1500 age 0: 0.295 17.49
21/01/03 06:14:12 664 [INFO,train:96]         epoch 1500 age 1: 0.170 10.33
21/01/03 06:14:14 660 [INFO,train:96]         epoch 1500 age 2: 0.125 7.24
21/01/03 06:24:40 604 [INFO,train:53] gc len at 1520: 107242
21/01/03 06:24:41 062 [INFO,benchmark:264] start benchmark against MrGreed for 512x2
21/01/03 06:25:10 348 [INFO,train:89] 1520: 0.690 36.13 9984 156
21/01/03 06:25:10 348 [INFO,train:96]         epoch 1520 age 0: 0.321 16.89
21/01/03 06:25:12 100 [INFO,train:96]         epoch 1520 age 1: 0.187 10.02
21/01/03 06:25:13 855 [INFO,train:96]         epoch 1520 age 2: 0.140 7.39
21/01/03 06:35:16 474 [INFO,benchmark:289] benchmark at epoch 1520's result: 2.06 7.89
21/01/03 06:35:35 707 [INFO,train:53] gc len at 1540: 109965
21/01/03 06:36:04 511 [INFO,train:89] 1540: 0.659 38.19 9984 156
21/01/03 06:36:04 511 [INFO,train:96]         epoch 1540 age 0: 0.311 17.56
21/01/03 06:36:06 273 [INFO,train:96]         epoch 1540 age 1: 0.181 9.92
21/01/03 06:36:08 029 [INFO,train:96]         epoch 1540 age 2: 0.135 7.09
21/01/03 06:46:20 188 [INFO,train:53] gc len at 1560: 115938
21/01/03 06:46:48 855 [INFO,train:89] 1560: 0.669 41.85 9984 156
21/01/03 06:46:48 856 [INFO,train:96]         epoch 1560 age 0: 0.310 18.53
21/01/03 06:46:50 611 [INFO,train:96]         epoch 1560 age 1: 0.187 11.04
21/01/03 06:46:52 366 [INFO,train:96]         epoch 1560 age 2: 0.133 7.49
21/01/03 06:57:11 009 [INFO,train:53] gc len at 1580: 115825
21/01/03 06:57:39 995 [INFO,train:89] 1580: 0.688 43.30 9984 156
21/01/03 06:57:39 995 [INFO,train:96]         epoch 1580 age 0: 0.319 18.98
21/01/03 06:57:41 754 [INFO,train:96]         epoch 1580 age 1: 0.184 10.88
21/01/03 06:57:43 518 [INFO,train:96]         epoch 1580 age 2: 0.133 7.40
21/01/03 07:08:05 947 [INFO,train:53] gc len at 1600: 105317
21/01/03 07:08:06 387 [INFO,benchmark:264] start benchmark against MrGreed for 512x2
21/01/03 07:08:35 064 [INFO,train:89] 1600: 0.651 36.38 9984 156
21/01/03 07:08:35 065 [INFO,train:96]         epoch 1600 age 0: 0.302 17.02
21/01/03 07:08:36 815 [INFO,train:96]         epoch 1600 age 1: 0.171 10.07
21/01/03 07:08:38 561 [INFO,train:96]         epoch 1600 age 2: 0.128 7.08
21/01/03 07:18:40 376 [INFO,benchmark:289] benchmark at epoch 1600's result: -8.89 8.07
21/01/03 07:19:02 540 [INFO,train:53] gc len at 1620: 119640
21/01/03 07:19:31 970 [INFO,train:89] 1620: 0.685 38.83 9984 156
21/01/03 07:19:31 971 [INFO,train:96]         epoch 1620 age 0: 0.320 17.67
21/01/03 07:19:34 140 [INFO,train:96]         epoch 1620 age 1: 0.188 10.51
21/01/03 07:19:36 337 [INFO,train:96]         epoch 1620 age 2: 0.137 7.44
21/01/03 07:29:51 124 [INFO,train:53] gc len at 1640: 117915
21/01/03 07:30:19 811 [INFO,train:89] 1640: 0.686 34.36 9984 156
21/01/03 07:30:19 811 [INFO,train:96]         epoch 1640 age 0: 0.317 16.53
21/01/03 07:30:21 555 [INFO,train:96]         epoch 1640 age 1: 0.183 9.87
21/01/03 07:30:23 302 [INFO,train:96]         epoch 1640 age 2: 0.136 7.31
21/01/03 07:40:38 639 [INFO,train:53] gc len at 1660: 117864
21/01/03 07:41:07 292 [INFO,train:89] 1660: 0.646 38.61 9984 156
21/01/03 07:41:07 293 [INFO,train:96]         epoch 1660 age 0: 0.304 17.84
21/01/03 07:41:09 046 [INFO,train:96]         epoch 1660 age 1: 0.182 10.21
21/01/03 07:41:10 798 [INFO,train:96]         epoch 1660 age 2: 0.134 7.50
21/01/03 07:51:30 601 [INFO,train:53] gc len at 1680: 113984
21/01/03 07:51:31 065 [INFO,benchmark:264] start benchmark against MrGreed for 512x2
21/01/03 07:51:59 960 [INFO,train:89] 1680: 0.634 42.19 9984 156
21/01/03 07:51:59 961 [INFO,train:96]         epoch 1680 age 0: 0.295 18.50
21/01/03 07:52:01 711 [INFO,train:96]         epoch 1680 age 1: 0.173 11.14
21/01/03 07:52:03 456 [INFO,train:96]         epoch 1680 age 2: 0.126 7.52
21/01/03 08:02:04 705 [INFO,benchmark:289] benchmark at epoch 1680's result: -0.27 8.11
21/01/03 08:02:26 417 [INFO,train:53] gc len at 1700: 110275
21/01/03 08:02:55 285 [INFO,train:89] 1700: 0.657 35.00 9984 156
21/01/03 08:02:55 285 [INFO,train:96]         epoch 1700 age 0: 0.310 16.46
21/01/03 08:02:57 460 [INFO,train:96]         epoch 1700 age 1: 0.181 9.46
21/01/03 08:02:59 635 [INFO,train:96]         epoch 1700 age 2: 0.131 6.70
21/01/03 08:13:23 807 [INFO,train:53] gc len at 1720: 103200
21/01/03 08:13:52 763 [INFO,train:89] 1720: 0.741 47.47 9984 156
21/01/03 08:13:52 763 [INFO,train:96]         epoch 1720 age 0: 0.335 20.56
21/01/03 08:13:54 516 [INFO,train:96]         epoch 1720 age 1: 0.198 12.08
21/01/03 08:13:56 269 [INFO,train:96]         epoch 1720 age 2: 0.143 8.66
21/01/03 08:24:13 278 [INFO,train:53] gc len at 1740: 118021
21/01/03 08:24:42 278 [INFO,train:89] 1740: 0.691 38.96 9984 156
21/01/03 08:24:42 278 [INFO,train:96]         epoch 1740 age 0: 0.314 17.57
21/01/03 08:24:44 040 [INFO,train:96]         epoch 1740 age 1: 0.183 10.25
21/01/03 08:24:45 800 [INFO,train:96]         epoch 1740 age 2: 0.131 7.21
21/01/03 08:35:07 893 [INFO,train:53] gc len at 1760: 105938
21/01/03 08:35:08 288 [INFO,benchmark:264] start benchmark against MrGreed for 512x2
21/01/03 08:35:37 494 [INFO,train:89] 1760: 0.674 37.30 9984 156
21/01/03 08:35:37 494 [INFO,train:96]         epoch 1760 age 0: 0.310 17.74
21/01/03 08:35:39 243 [INFO,train:96]         epoch 1760 age 1: 0.181 10.47
21/01/03 08:35:40 999 [INFO,train:96]         epoch 1760 age 2: 0.132 7.51
21/01/03 08:45:59 747 [INFO,benchmark:289] benchmark at epoch 1760's result: -13.63 8.26
21/01/03 08:46:05 791 [INFO,train:53] gc len at 1780: 113254
21/01/03 08:46:34 887 [INFO,train:89] 1780: 0.667 38.62 9984 156
21/01/03 08:46:34 887 [INFO,train:96]         epoch 1780 age 0: 0.310 17.76
21/01/03 08:46:36 640 [INFO,train:96]         epoch 1780 age 1: 0.182 10.70
21/01/03 08:46:38 397 [INFO,train:96]         epoch 1780 age 2: 0.133 7.54
21/01/03 08:56:49 521 [INFO,train:53] gc len at 1800: 102950
21/01/03 08:57:18 198 [INFO,train:89] 1800: 0.682 34.86 9984 156
21/01/03 08:57:18 199 [INFO,train:96]         epoch 1800 age 0: 0.313 16.52
21/01/03 08:57:19 953 [INFO,train:96]         epoch 1800 age 1: 0.188 9.76
21/01/03 08:57:21 710 [INFO,train:96]         epoch 1800 age 2: 0.138 7.09
21/01/03 09:07:36 409 [INFO,train:53] gc len at 1820: 107790
21/01/03 09:08:05 553 [INFO,train:89] 1820: 0.669 36.90 9984 156
21/01/03 09:08:05 553 [INFO,train:96]         epoch 1820 age 0: 0.312 17.03
21/01/03 09:08:07 312 [INFO,train:96]         epoch 1820 age 1: 0.181 9.84
21/01/03 09:08:09 064 [INFO,train:96]         epoch 1820 age 2: 0.133 7.19
21/01/03 09:18:25 260 [INFO,train:53] gc len at 1840: 110092
21/01/03 09:18:25 722 [INFO,benchmark:264] start benchmark against MrGreed for 512x2
21/01/03 09:18:54 457 [INFO,train:89] 1840: 0.677 36.87 9984 156
21/01/03 09:18:54 458 [INFO,train:96]         epoch 1840 age 0: 0.314 17.16
21/01/03 09:18:56 219 [INFO,train:96]         epoch 1840 age 1: 0.182 10.11
21/01/03 09:18:57 957 [INFO,train:96]         epoch 1840 age 2: 0.138 7.29
21/01/03 09:29:10 252 [INFO,benchmark:289] benchmark at epoch 1840's result: -9.83 8.17
21/01/03 09:29:21 835 [INFO,train:53] gc len at 1860: 114081
21/01/03 09:29:50 807 [INFO,train:89] 1860: 0.660 37.76 9984 156
21/01/03 09:29:50 807 [INFO,train:96]         epoch 1860 age 0: 0.311 17.46
21/01/03 09:29:52 565 [INFO,train:96]         epoch 1860 age 1: 0.183 10.04
21/01/03 09:29:54 323 [INFO,train:96]         epoch 1860 age 2: 0.135 7.38
21/01/03 09:40:09 780 [INFO,train:53] gc len at 1880: 116145
21/01/03 09:40:38 418 [INFO,train:89] 1880: 0.635 37.80 9984 156
21/01/03 09:40:38 418 [INFO,train:96]         epoch 1880 age 0: 0.303 17.42
21/01/03 09:40:40 184 [INFO,train:96]         epoch 1880 age 1: 0.180 9.93
21/01/03 09:40:41 932 [INFO,train:96]         epoch 1880 age 2: 0.133 7.27
21/01/03 09:50:59 416 [INFO,train:53] gc len at 1900: 109214
21/01/03 09:51:28 838 [INFO,train:89] 1900: 0.705 38.07 9984 156
21/01/03 09:51:28 838 [INFO,train:96]         epoch 1900 age 0: 0.320 17.38
21/01/03 09:51:30 600 [INFO,train:96]         epoch 1900 age 1: 0.182 10.28
21/01/03 09:51:32 358 [INFO,train:96]         epoch 1900 age 2: 0.132 7.63
21/01/03 10:01:50 733 [INFO,train:53] gc len at 1920: 117798
21/01/03 10:01:51 180 [INFO,benchmark:264] start benchmark against MrGreed for 512x2
21/01/03 10:02:19 916 [INFO,train:89] 1920: 0.648 38.38 9984 156
21/01/03 10:02:19 916 [INFO,train:96]         epoch 1920 age 0: 0.305 17.79
21/01/03 10:02:21 666 [INFO,train:96]         epoch 1920 age 1: 0.184 10.29
21/01/03 10:02:23 418 [INFO,train:96]         epoch 1920 age 2: 0.137 7.51
21/01/03 10:12:37 327 [INFO,benchmark:289] benchmark at epoch 1920's result: 8.83 7.85
21/01/03 10:12:46 306 [INFO,train:53] gc len at 1940: 119761
21/01/03 10:13:15 226 [INFO,train:89] 1940: 0.685 43.67 9984 156
21/01/03 10:13:15 227 [INFO,train:96]         epoch 1940 age 0: 0.315 19.62
21/01/03 10:13:16 980 [INFO,train:96]         epoch 1940 age 1: 0.187 11.76
21/01/03 10:13:18 726 [INFO,train:96]         epoch 1940 age 2: 0.137 8.12
21/01/03 10:23:40 564 [INFO,train:53] gc len at 1960: 115352
21/01/03 10:24:09 079 [INFO,train:89] 1960: 0.635 33.13 9984 156
21/01/03 10:24:09 079 [INFO,train:96]         epoch 1960 age 0: 0.306 15.97
21/01/03 10:24:10 833 [INFO,train:96]         epoch 1960 age 1: 0.183 9.21
21/01/03 10:24:12 587 [INFO,train:96]         epoch 1960 age 2: 0.137 6.93
21/01/03 10:34:36 042 [INFO,train:53] gc len at 1980: 108809
21/01/03 10:35:05 420 [INFO,train:89] 1980: 0.680 37.58 9984 156
21/01/03 10:35:05 420 [INFO,train:96]         epoch 1980 age 0: 0.320 17.08
21/01/03 10:35:07 550 [INFO,train:96]         epoch 1980 age 1: 0.194 10.11
21/01/03 10:35:09 720 [INFO,train:96]         epoch 1980 age 2: 0.139 7.08
21/01/03 10:45:34 320 [INFO,train:53] gc len at 2000: 102921
21/01/03 10:45:34 803 [INFO,benchmark:264] start benchmark against MrGreed for 512x2
21/01/03 10:46:03 401 [INFO,train:89] 2000: 0.696 41.26 9984 156
21/01/03 10:46:03 401 [INFO,train:96]         epoch 2000 age 0: 0.322 18.24
21/01/03 10:46:05 151 [INFO,train:96]         epoch 2000 age 1: 0.186 10.62
21/01/03 10:46:06 902 [INFO,train:96]         epoch 2000 age 2: 0.138 7.32
21/01/03 10:56:19 801 [INFO,benchmark:289] benchmark at epoch 2000's result: -4.91 8.21
21/01/03 10:56:30 681 [INFO,train:53] gc len at 2020: 114840
21/01/03 10:57:00 298 [INFO,train:89] 2020: 0.668 36.10 9984 156
21/01/03 10:57:00 298 [INFO,train:96]         epoch 2020 age 0: 0.310 16.77
21/01/03 10:57:02 368 [INFO,train:96]         epoch 2020 age 1: 0.184 9.92
21/01/03 10:57:04 272 [INFO,train:96]         epoch 2020 age 2: 0.136 7.01
21/01/03 11:07:17 078 [INFO,train:53] gc len at 2040: 104295
21/01/03 11:07:45 460 [INFO,train:89] 2040: 0.637 36.72 9984 156
21/01/03 11:07:45 460 [INFO,train:96]         epoch 2040 age 0: 0.301 17.09
21/01/03 11:07:47 213 [INFO,train:96]         epoch 2040 age 1: 0.180 9.70
21/01/03 11:07:48 965 [INFO,train:96]         epoch 2040 age 2: 0.131 7.14
21/01/03 11:18:09 040 [INFO,train:53] gc len at 2060: 114828
21/01/03 11:18:38 130 [INFO,train:89] 2060: 0.602 34.79 9984 156
21/01/03 11:18:38 130 [INFO,train:96]         epoch 2060 age 0: 0.288 16.69
21/01/03 11:18:39 880 [INFO,train:96]         epoch 2060 age 1: 0.174 9.59
21/01/03 11:18:41 635 [INFO,train:96]         epoch 2060 age 2: 0.127 7.04
21/01/03 11:29:02 475 [INFO,train:53] gc len at 2080: 111730
21/01/03 11:29:02 926 [INFO,benchmark:264] start benchmark against MrGreed for 512x2
21/01/03 11:29:31 885 [INFO,train:89] 2080: 0.665 34.13 9984 156
21/01/03 11:29:31 885 [INFO,train:96]         epoch 2080 age 0: 0.313 16.32
21/01/03 11:29:33 641 [INFO,train:96]         epoch 2080 age 1: 0.186 9.68
21/01/03 11:29:35 397 [INFO,train:96]         epoch 2080 age 2: 0.136 6.96
21/01/03 11:39:54 911 [INFO,benchmark:289] benchmark at epoch 2080's result: 0.72 8.21
21/01/03 11:40:02 256 [INFO,train:53] gc len at 2100: 108268
21/01/03 11:40:31 262 [INFO,train:89] 2100: 0.678 33.88 9984 156
21/01/03 11:40:31 262 [INFO,train:96]         epoch 2100 age 0: 0.316 16.07
21/01/03 11:40:33 287 [INFO,train:96]         epoch 2100 age 1: 0.187 9.39
21/01/03 11:40:35 443 [INFO,train:96]         epoch 2100 age 2: 0.137 6.97
21/01/03 11:50:49 015 [INFO,train:53] gc len at 2120: 103968
21/01/03 11:51:17 807 [INFO,train:89] 2120: 0.671 37.13 9984 156
21/01/03 11:51:17 807 [INFO,train:96]         epoch 2120 age 0: 0.318 16.84
21/01/03 11:51:19 565 [INFO,train:96]         epoch 2120 age 1: 0.194 9.80
21/01/03 11:51:21 315 [INFO,train:96]         epoch 2120 age 2: 0.143 7.06
21/01/03 12:01:33 853 [INFO,train:53] gc len at 2140: 104152
21/01/03 12:02:03 324 [INFO,train:89] 2140: 0.630 40.35 9984 156
21/01/03 12:02:03 324 [INFO,train:96]         epoch 2140 age 0: 0.302 18.14
21/01/03 12:02:05 077 [INFO,train:96]         epoch 2140 age 1: 0.184 10.10
21/01/03 12:02:06 831 [INFO,train:96]         epoch 2140 age 2: 0.135 7.29
21/01/03 12:12:27 483 [INFO,train:53] gc len at 2160: 104079
21/01/03 12:12:27 935 [INFO,benchmark:264] start benchmark against MrGreed for 512x2
21/01/03 12:12:56 968 [INFO,train:89] 2160: 0.654 39.97 9984 156
21/01/03 12:12:56 968 [INFO,train:96]         epoch 2160 age 0: 0.306 18.06
21/01/03 12:12:58 720 [INFO,train:96]         epoch 2160 age 1: 0.180 10.45
21/01/03 12:13:00 472 [INFO,train:96]         epoch 2160 age 2: 0.132 7.28
21/01/03 12:23:22 711 [INFO,benchmark:289] benchmark at epoch 2160's result: -3.96 8.02
21/01/03 12:23:24 993 [INFO,train:53] gc len at 2180: 115716
21/01/03 12:23:53 922 [INFO,train:89] 2180: 0.699 36.58 9984 156
21/01/03 12:23:53 922 [INFO,train:96]         epoch 2180 age 0: 0.328 17.01
21/01/03 12:23:55 669 [INFO,train:96]         epoch 2180 age 1: 0.196 9.99
21/01/03 12:23:57 424 [INFO,train:96]         epoch 2180 age 2: 0.142 7.09
21/01/03 12:34:12 141 [INFO,train:53] gc len at 2200: 117713
21/01/03 12:34:40 773 [INFO,train:89] 2200: 0.687 36.70 9984 156
21/01/03 12:34:40 773 [INFO,train:96]         epoch 2200 age 0: 0.324 17.29
21/01/03 12:34:42 520 [INFO,train:96]         epoch 2200 age 1: 0.191 10.24
21/01/03 12:34:44 265 [INFO,train:96]         epoch 2200 age 2: 0.138 7.25
21/01/03 12:45:03 759 [INFO,train:53] gc len at 2220: 121574
21/01/03 12:45:31 894 [INFO,train:89] 2220: 0.643 37.55 9984 156
21/01/03 12:45:31 894 [INFO,train:96]         epoch 2220 age 0: 0.311 17.68
21/01/03 12:45:34 050 [INFO,train:96]         epoch 2220 age 1: 0.189 10.45
21/01/03 12:45:36 199 [INFO,train:96]         epoch 2220 age 2: 0.138 7.57
