21/01/07 21:42:35 057 [INFO,main:97] BETA: 0.20, VALUE_RENORMAL: 10, MCTS_EXPL: 30, BENCH_SMP_B: 5, BENCH_SMP_K: 0.0
21/01/07 21:42:35 174 [INFO,main:101] init pv_net: RES_NET_18 12532341
21/01/07 21:42:35 174 [INFO,train:24] loss2_weight: 0.03, data_rounds: 64, train_mcts_b: 0, train_mcts_k: 2.0, review_number: 3, age_in_epoch: 3
21/01/07 21:42:38 361 [INFO,train:29] optimizer: {'lr': 0.0002, 'betas': (0.3, 0.999), 'eps': 1e-07, 'weight_decay': 0.0001, 'amsgrad': False}
21/01/07 21:42:38 564 [INFO,train:46] gc len at 0: 51140
21/01/07 21:42:39 184 [INFO,benchmark:253] start benchmark against MrGreed for 512x2
21/01/07 21:44:26 969 [INFO,train:82] 0: 1.322 37.42 3328 52
21/01/07 21:44:26 969 [INFO,train:89]         epoch 0 age 0: 1.322 37.42
21/01/07 21:44:29 720 [INFO,train:89]         epoch 0 age 1: 0.234 35.45
21/01/07 21:44:32 482 [INFO,train:89]         epoch 0 age 2: 0.140 26.59
21/01/07 21:44:32 487 [INFO,train:46] gc len at 1: 68507
21/01/07 21:46:35 909 [INFO,train:82] 1: 0.154 34.18 6656 104
21/01/07 21:46:35 909 [INFO,train:89]         epoch 1 age 0: 0.147 30.38
21/01/07 21:46:41 397 [INFO,train:89]         epoch 1 age 1: 0.104 22.62
21/01/07 21:46:46 882 [INFO,train:89]         epoch 1 age 2: 0.086 19.10
21/01/07 21:46:46 889 [INFO,train:46] gc len at 2: 87733
21/01/07 21:48:40 668 [INFO,train:82] 2: 0.151 39.77 9984 156
21/01/07 21:48:40 668 [INFO,train:89]         epoch 2 age 0: 0.107 25.99
21/01/07 21:48:48 971 [INFO,train:89]         epoch 2 age 1: 0.076 19.83
21/01/07 21:48:57 283 [INFO,train:89]         epoch 2 age 2: 0.064 17.82
21/01/07 21:48:57 293 [INFO,train:46] gc len at 3: 113101
21/01/07 21:50:57 389 [INFO,train:82] 3: 0.160 36.00 9984 156
21/01/07 21:50:57 389 [INFO,train:89]         epoch 3 age 0: 0.096 23.88
21/01/07 21:51:05 690 [INFO,train:89]         epoch 3 age 1: 0.066 17.22
21/01/07 21:51:14 036 [INFO,train:89]         epoch 3 age 2: 0.055 15.33
21/01/07 21:51:14 047 [INFO,train:46] gc len at 4: 116440
21/01/07 21:53:16 913 [INFO,train:82] 4: 0.177 40.70 9984 156
21/01/07 21:53:16 913 [INFO,train:89]         epoch 4 age 0: 0.096 23.79
21/01/07 21:53:25 266 [INFO,train:89]         epoch 4 age 1: 0.058 17.01
21/01/07 21:53:33 442 [INFO,train:89]         epoch 4 age 2: 0.051 15.33
21/01/07 21:53:33 452 [INFO,train:46] gc len at 5: 114200
21/01/07 21:55:32 906 [INFO,train:82] 5: 0.177 41.34 9984 156
21/01/07 21:55:32 907 [INFO,train:89]         epoch 5 age 0: 0.093 24.00
21/01/07 21:55:41 159 [INFO,train:89]         epoch 5 age 1: 0.061 17.17
21/01/07 21:55:49 679 [INFO,train:89]         epoch 5 age 2: 0.050 14.49
21/01/07 22:05:55 079 [INFO,train:46] gc len at 10: 114165
21/01/07 22:07:59 439 [INFO,train:82] 10: 0.161 42.53 9984 156
21/01/07 22:07:59 439 [INFO,train:89]         epoch 10 age 0: 0.079 21.73
21/01/07 22:08:07 812 [INFO,train:89]         epoch 10 age 1: 0.048 14.53
21/01/07 22:08:16 206 [INFO,train:89]         epoch 10 age 2: 0.036 11.73
21/01/07 22:18:17 711 [INFO,train:46] gc len at 15: 113771
21/01/07 22:20:24 440 [INFO,train:82] 15: 0.167 36.18 9984 156
21/01/07 22:20:24 440 [INFO,train:89]         epoch 15 age 0: 0.080 20.81
21/01/07 22:20:32 555 [INFO,train:89]         epoch 15 age 1: 0.047 14.11
21/01/07 22:20:40 871 [INFO,train:89]         epoch 15 age 2: 0.037 11.56
21/01/07 22:23:09 342 [INFO,benchmark:278] benchmark at epoch 0's result: -239.38 7.79
21/01/07 22:28:42 737 [INFO,train:46] gc len at 20: 117085
21/01/07 22:30:53 173 [INFO,train:82] 20: 0.152 38.58 9984 156
21/01/07 22:30:53 174 [INFO,train:89]         epoch 20 age 0: 0.077 21.42
21/01/07 22:30:59 178 [INFO,train:89]         epoch 20 age 1: 0.048 14.86
21/01/07 22:31:05 203 [INFO,train:89]         epoch 20 age 2: 0.038 11.66
21/01/07 22:38:26 892 [INFO,train:46] gc len at 25: 118877
21/01/07 22:39:58 187 [INFO,train:82] 25: 0.152 40.23 9984 156
21/01/07 22:39:58 187 [INFO,train:89]         epoch 25 age 0: 0.075 20.43
21/01/07 22:40:04 197 [INFO,train:89]         epoch 25 age 1: 0.046 13.95
21/01/07 22:40:10 216 [INFO,train:89]         epoch 25 age 2: 0.036 11.36
21/01/07 23:05:25 840 [INFO,train:46] gc len at 40: 112771
21/01/07 23:07:01 943 [INFO,train:82] 40: 0.150 34.20 9984 156
21/01/07 23:07:01 943 [INFO,train:89]         epoch 40 age 0: 0.074 18.11
21/01/07 23:07:07 948 [INFO,train:89]         epoch 40 age 1: 0.046 11.74
21/01/07 23:07:13 952 [INFO,train:89]         epoch 40 age 2: 0.039 9.94
21/01/07 23:40:23 260 [INFO,train:46] gc len at 60: 117486
21/01/07 23:41:55 212 [INFO,train:82] 60: 0.132 33.99 9984 156
21/01/07 23:41:55 212 [INFO,train:89]         epoch 60 age 0: 0.066 17.39
21/01/07 23:42:01 201 [INFO,train:89]         epoch 60 age 1: 0.043 11.24
21/01/07 23:42:07 211 [INFO,train:89]         epoch 60 age 2: 0.033 8.81
21/01/08 00:16:36 073 [INFO,train:46] gc len at 80: 106904
21/01/08 00:16:36 638 [INFO,benchmark:253] start benchmark against MrGreed for 512x2
21/01/08 00:18:38 853 [INFO,train:82] 80: 0.141 33.64 9984 156
21/01/08 00:18:38 853 [INFO,train:89]         epoch 80 age 0: 0.069 16.90
21/01/08 00:18:47 106 [INFO,train:89]         epoch 80 age 1: 0.045 11.23
21/01/08 00:18:55 380 [INFO,train:89]         epoch 80 age 2: 0.037 8.81
21/01/08 00:55:40 036 [INFO,benchmark:278] benchmark at epoch 80's result: -145.51 8.22
21/01/08 01:01:53 177 [INFO,train:46] gc len at 100: 115010
21/01/08 01:03:47 576 [INFO,train:82] 100: 0.115 27.51 9984 156
21/01/08 01:03:47 577 [INFO,train:89]         epoch 100 age 0: 0.059 14.66
21/01/08 01:03:53 506 [INFO,train:89]         epoch 100 age 1: 0.039 10.06
21/01/08 01:03:59 471 [INFO,train:89]         epoch 100 age 2: 0.032 7.95
21/01/08 01:38:37 305 [INFO,train:46] gc len at 120: 115952
21/01/08 01:40:07 847 [INFO,train:82] 120: 0.126 29.22 9984 156
21/01/08 01:40:07 847 [INFO,train:89]         epoch 120 age 0: 0.063 14.49
21/01/08 01:40:13 874 [INFO,train:89]         epoch 120 age 1: 0.038 9.62
21/01/08 01:40:19 898 [INFO,train:89]         epoch 120 age 2: 0.031 7.52
21/01/08 02:15:54 800 [INFO,train:46] gc len at 140: 107304
21/01/08 02:17:39 104 [INFO,train:82] 140: 0.114 27.01 9984 156
21/01/08 02:17:39 104 [INFO,train:89]         epoch 140 age 0: 0.059 14.06
21/01/08 02:17:45 145 [INFO,train:89]         epoch 140 age 1: 0.038 8.47
21/01/08 02:17:51 167 [INFO,train:89]         epoch 140 age 2: 0.031 6.73
21/01/08 02:52:44 103 [INFO,train:46] gc len at 160: 104857
21/01/08 02:52:44 639 [INFO,benchmark:253] start benchmark against MrGreed for 512x2
21/01/08 02:54:39 302 [INFO,train:82] 160: 0.119 27.44 9984 156
21/01/08 02:54:39 302 [INFO,train:89]         epoch 160 age 0: 0.059 13.33
21/01/08 02:54:47 589 [INFO,train:89]         epoch 160 age 1: 0.036 8.34
21/01/08 02:54:55 909 [INFO,train:89]         epoch 160 age 2: 0.030 6.41
21/01/08 03:30:44 469 [INFO,benchmark:278] benchmark at epoch 160's result: -121.09 8.32
21/01/08 03:37:11 559 [INFO,train:46] gc len at 180: 116941
21/01/08 03:38:27 653 [INFO,train:82] 180: 0.105 24.60 9984 156
21/01/08 03:38:27 654 [INFO,train:89]         epoch 180 age 0: 0.056 12.77
21/01/08 03:38:33 526 [INFO,train:89]         epoch 180 age 1: 0.036 8.56
21/01/08 03:38:39 403 [INFO,train:89]         epoch 180 age 2: 0.030 6.51
21/01/08 04:06:40 227 [INFO,train:46] gc len at 200: 106098
21/01/08 04:07:56 860 [INFO,train:82] 200: 0.121 25.78 9984 156
21/01/08 04:07:56 860 [INFO,train:89]         epoch 200 age 0: 0.062 13.01
21/01/08 04:08:02 686 [INFO,train:89]         epoch 200 age 1: 0.038 8.52
21/01/08 04:08:08 519 [INFO,train:89]         epoch 200 age 2: 0.031 6.84
21/01/08 04:35:26 694 [INFO,train:46] gc len at 220: 103505
21/01/08 04:36:41 600 [INFO,train:82] 220: 0.107 24.76 9984 156
21/01/08 04:36:41 600 [INFO,train:89]         epoch 220 age 0: 0.056 12.34
21/01/08 04:36:47 346 [INFO,train:89]         epoch 220 age 1: 0.034 8.63
21/01/08 04:36:53 112 [INFO,train:89]         epoch 220 age 2: 0.028 6.58
21/01/08 05:04:07 655 [INFO,train:46] gc len at 240: 115684
21/01/08 05:04:08 082 [INFO,benchmark:253] start benchmark against MrGreed for 512x2
21/01/08 05:05:52 183 [INFO,train:82] 240: 0.125 28.81 9984 156
21/01/08 05:05:52 183 [INFO,train:89]         epoch 240 age 0: 0.062 14.02
21/01/08 05:06:00 332 [INFO,train:89]         epoch 240 age 1: 0.038 9.06
21/01/08 05:06:08 482 [INFO,train:89]         epoch 240 age 2: 0.030 7.31
21/01/08 05:40:49 818 [INFO,benchmark:278] benchmark at epoch 240's result: -159.92 7.72
21/01/08 05:43:24 932 [INFO,train:46] gc len at 260: 103320
21/01/08 05:44:39 993 [INFO,train:82] 260: 0.116 20.99 9984 156
21/01/08 05:44:39 993 [INFO,train:89]         epoch 260 age 0: 0.057 11.18
21/01/08 05:44:45 754 [INFO,train:89]         epoch 260 age 1: 0.035 6.68
21/01/08 05:44:51 586 [INFO,train:89]         epoch 260 age 2: 0.027 5.35
21/01/08 06:12:37 735 [INFO,train:46] gc len at 280: 118984
21/01/08 06:13:54 167 [INFO,train:82] 280: 0.118 27.38 9984 156
21/01/08 06:13:54 167 [INFO,train:89]         epoch 280 age 0: 0.059 14.18
21/01/08 06:13:59 918 [INFO,train:89]         epoch 280 age 1: 0.036 10.60
21/01/08 06:14:05 678 [INFO,train:89]         epoch 280 age 2: 0.029 7.40
21/01/08 06:41:25 960 [INFO,train:46] gc len at 300: 121679
21/01/08 06:42:42 090 [INFO,train:82] 300: 0.116 22.06 9984 156
21/01/08 06:42:42 090 [INFO,train:89]         epoch 300 age 0: 0.059 11.40
21/01/08 06:42:47 837 [INFO,train:89]         epoch 300 age 1: 0.038 8.04
21/01/08 06:42:53 592 [INFO,train:89]         epoch 300 age 2: 0.030 6.15
21/01/08 07:10:10 738 [INFO,train:46] gc len at 320: 103288
21/01/08 07:10:11 174 [INFO,benchmark:253] start benchmark against MrGreed for 512x2
21/01/08 07:11:53 249 [INFO,train:82] 320: 0.119 26.14 9984 156
21/01/08 07:11:53 249 [INFO,train:89]         epoch 320 age 0: 0.059 12.73
21/01/08 07:12:01 465 [INFO,train:89]         epoch 320 age 1: 0.036 8.79
21/01/08 07:12:09 666 [INFO,train:89]         epoch 320 age 2: 0.030 6.54
21/01/08 07:46:24 918 [INFO,benchmark:278] benchmark at epoch 320's result: -149.00 8.15
21/01/08 07:49:21 074 [INFO,train:46] gc len at 340: 119718
21/01/08 07:50:35 235 [INFO,train:82] 340: 0.100 24.13 9984 156
21/01/08 07:50:35 236 [INFO,train:89]         epoch 340 age 0: 0.052 12.32
21/01/08 07:50:41 028 [INFO,train:89]         epoch 340 age 1: 0.033 7.84
21/01/08 07:50:46 826 [INFO,train:89]         epoch 340 age 2: 0.026 6.14
21/01/08 08:18:39 808 [INFO,train:46] gc len at 360: 105622
21/01/08 08:19:56 871 [INFO,train:82] 360: 0.118 24.52 9984 156
21/01/08 08:19:56 871 [INFO,train:89]         epoch 360 age 0: 0.056 11.91
21/01/08 08:20:02 619 [INFO,train:89]         epoch 360 age 1: 0.031 7.40
21/01/08 08:20:08 373 [INFO,train:89]         epoch 360 age 2: 0.025 5.95
21/01/08 08:47:26 603 [INFO,train:46] gc len at 380: 110428
21/01/08 08:48:41 334 [INFO,train:82] 380: 0.110 25.91 9984 156
21/01/08 08:48:41 334 [INFO,train:89]         epoch 380 age 0: 0.055 12.33
21/01/08 08:48:47 079 [INFO,train:89]         epoch 380 age 1: 0.034 8.24
21/01/08 08:48:52 887 [INFO,train:89]         epoch 380 age 2: 0.027 6.24
21/01/08 09:16:06 835 [INFO,train:46] gc len at 400: 106059
21/01/08 09:16:07 251 [INFO,benchmark:253] start benchmark against MrGreed for 512x2
21/01/08 09:17:50 315 [INFO,train:82] 400: 0.108 19.56 9984 156
21/01/08 09:17:50 315 [INFO,train:89]         epoch 400 age 0: 0.054 10.64
21/01/08 09:17:58 474 [INFO,train:89]         epoch 400 age 1: 0.036 6.83
21/01/08 09:18:06 657 [INFO,train:89]         epoch 400 age 2: 0.027 5.28
21/01/08 09:51:41 940 [INFO,benchmark:278] benchmark at epoch 400's result: -100.95 8.54
21/01/08 09:55:20 004 [INFO,train:46] gc len at 420: 122097
21/01/08 09:56:38 584 [INFO,train:82] 420: 0.121 24.17 9984 156
21/01/08 09:56:38 584 [INFO,train:89]         epoch 420 age 0: 0.058 12.45
21/01/08 09:56:44 441 [INFO,train:89]         epoch 420 age 1: 0.034 8.03
21/01/08 09:56:50 304 [INFO,train:89]         epoch 420 age 2: 0.027 6.55
21/01/08 10:24:58 003 [INFO,train:46] gc len at 440: 117006
21/01/08 10:26:16 526 [INFO,train:82] 440: 0.115 19.90 9984 156
21/01/08 10:26:16 526 [INFO,train:89]         epoch 440 age 0: 0.056 10.21
21/01/08 10:26:22 366 [INFO,train:89]         epoch 440 age 1: 0.034 6.32
21/01/08 10:26:28 213 [INFO,train:89]         epoch 440 age 2: 0.026 4.83
21/01/08 10:54:36 575 [INFO,train:46] gc len at 460: 104270
21/01/08 10:55:53 498 [INFO,train:82] 460: 0.110 19.23 9984 156
21/01/08 10:55:53 498 [INFO,train:89]         epoch 460 age 0: 0.055 10.12
21/01/08 10:55:59 345 [INFO,train:89]         epoch 460 age 1: 0.035 6.31
21/01/08 10:56:05 209 [INFO,train:89]         epoch 460 age 2: 0.026 4.94
21/01/08 11:24:06 523 [INFO,train:46] gc len at 480: 114791
21/01/08 11:24:06 976 [INFO,benchmark:253] start benchmark against MrGreed for 512x2
21/01/08 11:25:50 953 [INFO,train:82] 480: 0.111 21.73 9984 156
21/01/08 11:25:50 953 [INFO,train:89]         epoch 480 age 0: 0.056 11.21
21/01/08 11:25:59 201 [INFO,train:89]         epoch 480 age 1: 0.032 7.05
21/01/08 11:26:07 430 [INFO,train:89]         epoch 480 age 2: 0.026 5.95
21/01/08 11:59:42 116 [INFO,benchmark:278] benchmark at epoch 480's result: -114.76 8.44
21/01/08 12:03:25 527 [INFO,train:46] gc len at 500: 103906
21/01/08 12:04:39 778 [INFO,train:82] 500: 0.118 23.09 9984 156
21/01/08 12:04:39 778 [INFO,train:89]         epoch 500 age 0: 0.057 11.03
21/01/08 12:04:45 512 [INFO,train:89]         epoch 500 age 1: 0.035 7.02
21/01/08 12:04:51 256 [INFO,train:89]         epoch 500 age 2: 0.026 5.15
21/01/08 12:32:34 745 [INFO,train:46] gc len at 520: 101019
21/01/08 12:33:51 255 [INFO,train:82] 520: 0.115 25.06 9984 156
21/01/08 12:33:51 255 [INFO,train:89]         epoch 520 age 0: 0.056 12.14
21/01/08 12:33:57 068 [INFO,train:89]         epoch 520 age 1: 0.035 7.39
21/01/08 12:34:02 895 [INFO,train:89]         epoch 520 age 2: 0.027 5.47
21/01/08 13:02:02 628 [INFO,train:46] gc len at 540: 102006
21/01/08 13:03:19 556 [INFO,train:82] 540: 0.109 18.02 9984 156
21/01/08 13:03:19 556 [INFO,train:89]         epoch 540 age 0: 0.055 9.83
21/01/08 13:03:25 387 [INFO,train:89]         epoch 540 age 1: 0.037 6.78
21/01/08 13:03:31 222 [INFO,train:89]         epoch 540 age 2: 0.029 5.05
21/01/08 13:31:24 370 [INFO,train:46] gc len at 560: 102922
21/01/08 13:31:24 800 [INFO,benchmark:253] start benchmark against MrGreed for 512x2
21/01/08 13:33:08 151 [INFO,train:82] 560: 0.111 17.63 9984 156
21/01/08 13:33:08 151 [INFO,train:89]         epoch 560 age 0: 0.055 9.61
21/01/08 13:33:16 361 [INFO,train:89]         epoch 560 age 1: 0.034 6.36
21/01/08 13:33:24 559 [INFO,train:89]         epoch 560 age 2: 0.027 5.08
21/01/08 14:06:51 826 [INFO,benchmark:278] benchmark at epoch 560's result: -123.96 7.99
21/01/08 14:10:44 809 [INFO,train:46] gc len at 580: 115074
21/01/08 14:12:01 877 [INFO,train:82] 580: 0.107 20.95 9984 156
21/01/08 14:12:01 878 [INFO,train:89]         epoch 580 age 0: 0.052 10.19
21/01/08 14:12:07 644 [INFO,train:89]         epoch 580 age 1: 0.032 6.10
21/01/08 14:12:13 421 [INFO,train:89]         epoch 580 age 2: 0.026 4.57
21/01/08 14:40:22 097 [INFO,train:46] gc len at 600: 105731
21/01/08 14:41:39 329 [INFO,train:82] 600: 0.111 20.82 9984 156
21/01/08 14:41:39 329 [INFO,train:89]         epoch 600 age 0: 0.056 10.75
21/01/08 14:41:45 157 [INFO,train:89]         epoch 600 age 1: 0.033 7.11
21/01/08 14:41:50 992 [INFO,train:89]         epoch 600 age 2: 0.027 5.51
21/01/08 15:09:18 929 [INFO,train:46] gc len at 620: 105762
21/01/08 15:10:33 285 [INFO,train:82] 620: 0.119 23.38 9984 156
21/01/08 15:10:33 285 [INFO,train:89]         epoch 620 age 0: 0.057 11.01
21/01/08 15:10:38 001 [INFO,train:89]         epoch 620 age 1: 0.034 6.47
21/01/08 15:10:44 726 [INFO,train:89]         epoch 620 age 2: 0.026 5.16
21/01/08 15:38:02 442 [INFO,train:46] gc len at 640: 115735
21/01/08 15:38:02 883 [INFO,benchmark:253] start benchmark against MrGreed for 512x2
21/01/08 15:39:48 139 [INFO,train:82] 640: 0.115 18.36 9984 156
21/01/08 15:39:48 140 [INFO,train:89]         epoch 640 age 0: 0.055 9.43
21/01/08 15:39:56 329 [INFO,train:89]         epoch 640 age 1: 0.033 6.16
21/01/08 15:40:04 558 [INFO,train:89]         epoch 640 age 2: 0.026 4.88
21/01/08 16:13:14 114 [INFO,benchmark:278] benchmark at epoch 640's result: -108.99 8.41
21/01/08 16:17:09 740 [INFO,train:46] gc len at 660: 117127
21/01/08 16:18:25 895 [INFO,train:82] 660: 0.104 18.21 9984 156
21/01/08 16:18:25 895 [INFO,train:89]         epoch 660 age 0: 0.051 9.07
21/01/08 16:18:31 725 [INFO,train:89]         epoch 660 age 1: 0.033 6.10
21/01/08 16:18:37 552 [INFO,train:89]         epoch 660 age 2: 0.025 4.79
21/01/08 16:46:35 822 [INFO,train:46] gc len at 680: 110918
21/01/08 16:47:52 149 [INFO,train:82] 680: 0.115 18.39 9984 156
21/01/08 16:47:52 149 [INFO,train:89]         epoch 680 age 0: 0.056 9.31
21/01/08 16:47:57 989 [INFO,train:89]         epoch 680 age 1: 0.034 5.96
21/01/08 16:48:03 839 [INFO,train:89]         epoch 680 age 2: 0.027 4.62
21/01/08 17:16:02 229 [INFO,train:46] gc len at 700: 121179
21/01/08 17:17:19 826 [INFO,train:82] 700: 0.125 18.68 9984 156
21/01/08 17:17:19 826 [INFO,train:89]         epoch 700 age 0: 0.058 9.76
21/01/08 17:17:25 633 [INFO,train:89]         epoch 700 age 1: 0.035 6.62
21/01/08 17:17:31 462 [INFO,train:89]         epoch 700 age 2: 0.028 5.08
21/01/08 17:45:35 164 [INFO,train:46] gc len at 720: 117548
21/01/08 17:45:35 639 [INFO,benchmark:253] start benchmark against MrGreed for 512x2
21/01/08 17:47:20 893 [INFO,train:82] 720: 0.114 15.57 9984 156
21/01/08 17:47:20 893 [INFO,train:89]         epoch 720 age 0: 0.057 8.78
21/01/08 17:47:29 049 [INFO,train:89]         epoch 720 age 1: 0.033 5.68
21/01/08 17:47:37 239 [INFO,train:89]         epoch 720 age 2: 0.026 4.44
21/01/08 18:21:34 438 [INFO,benchmark:278] benchmark at epoch 720's result: -136.15 7.92
21/01/08 18:24:58 335 [INFO,train:46] gc len at 740: 102445
21/01/08 18:26:13 397 [INFO,train:82] 740: 0.120 22.99 9984 156
21/01/08 18:26:13 397 [INFO,train:89]         epoch 740 age 0: 0.059 10.59
21/01/08 18:26:19 122 [INFO,train:89]         epoch 740 age 1: 0.037 7.34
21/01/08 18:26:24 854 [INFO,train:89]         epoch 740 age 2: 0.029 6.20
21/01/08 18:53:59 205 [INFO,train:46] gc len at 760: 119100
21/01/08 18:55:15 089 [INFO,train:82] 760: 0.100 18.12 9984 156
21/01/08 18:55:15 089 [INFO,train:89]         epoch 760 age 0: 0.050 10.18
21/01/08 18:55:20 877 [INFO,train:89]         epoch 760 age 1: 0.032 7.12
21/01/08 18:55:26 669 [INFO,train:89]         epoch 760 age 2: 0.024 5.65
21/01/08 19:22:55 559 [INFO,train:46] gc len at 780: 117406
21/01/08 19:24:10 729 [INFO,train:82] 780: 0.094 21.40 9984 156
21/01/08 19:24:10 729 [INFO,train:89]         epoch 780 age 0: 0.049 10.61
21/01/08 19:24:16 476 [INFO,train:89]         epoch 780 age 1: 0.032 7.28
21/01/08 19:24:22 261 [INFO,train:89]         epoch 780 age 2: 0.026 6.20
21/01/08 19:51:23 763 [INFO,train:46] gc len at 800: 102740
21/01/08 19:51:24 185 [INFO,benchmark:253] start benchmark against MrGreed for 512x2
21/01/08 19:53:08 643 [INFO,train:82] 800: 0.110 19.34 9984 156
21/01/08 19:53:08 643 [INFO,train:89]         epoch 800 age 0: 0.056 9.77
21/01/08 19:53:16 769 [INFO,train:89]         epoch 800 age 1: 0.035 6.38
21/01/08 19:53:24 871 [INFO,train:89]         epoch 800 age 2: 0.027 5.03
21/01/08 20:26:54 905 [INFO,benchmark:278] benchmark at epoch 800's result: -119.42 8.30
21/01/08 20:30:18 321 [INFO,train:46] gc len at 820: 107191
21/01/08 20:31:32 069 [INFO,train:82] 820: 0.108 21.66 9984 156
21/01/08 20:31:32 069 [INFO,train:89]         epoch 820 age 0: 0.054 10.88
21/01/08 20:31:37 836 [INFO,train:89]         epoch 820 age 1: 0.033 7.41
21/01/08 20:31:43 575 [INFO,train:89]         epoch 820 age 2: 0.026 6.01
