21/01/08 23:35:12 939 [INFO,main:112] BETA: 0.20, VALUE_RENORMAL: 10, MCTS_EXPL: 30, BENCH_SMP_B: 5, BENCH_SMP_K: 0.0
21/01/08 23:35:12 998 [INFO,main:116] init pv_net: RES_NET_18 11194869
21/01/08 23:35:12 998 [INFO,train:24] loss2_weight: 0.03, data_rounds: 64, train_mcts_b: 0, train_mcts_k: 2.0, review_number: 3, age_in_epoch: 3
21/01/08 23:35:14 986 [INFO,train:29] optimizer: {'lr': 0.0001, 'betas': (0.3, 0.999), 'eps': 1e-07, 'weight_decay': 0.0001, 'amsgrad': False}
21/01/08 23:35:15 600 [INFO,benchmark:253] start benchmark against MrGreed for 512x2
21/01/08 23:36:49 631 [INFO,train:68] dloss at 0: 0.0118 0.1645 0.0716
21/01/08 23:36:52 307 [INFO,train:97] 0: 1.914 34.93 3328 52
21/01/08 23:36:52 307 [INFO,train:104]         epoch 0 age 0: 1.914 34.93
21/01/08 23:36:55 004 [INFO,train:104]         epoch 0 age 1: 0.537 32.69
21/01/08 23:36:57 679 [INFO,train:104]         epoch 0 age 2: 0.213 25.85
21/01/08 23:38:32 974 [INFO,train:68] dloss at 1: 0.0078 0.6721 0.0116
21/01/08 23:38:38 380 [INFO,train:97] 1: 0.177 33.65 6656 104
21/01/08 23:38:38 381 [INFO,train:104]         epoch 1 age 0: 0.195 29.75
21/01/08 23:38:43 782 [INFO,train:104]         epoch 1 age 1: 0.106 22.92
21/01/08 23:38:49 193 [INFO,train:104]         epoch 1 age 2: 0.077 19.17
21/01/08 23:40:25 566 [INFO,train:68] dloss at 2: 0.0059 0.8633 0.0068
21/01/08 23:40:33 696 [INFO,train:97] 2: 0.162 38.51 9984 156
21/01/08 23:40:33 696 [INFO,train:104]         epoch 2 age 0: 0.105 25.62
21/01/08 23:40:41 788 [INFO,train:104]         epoch 2 age 1: 0.063 19.98
21/01/08 23:40:49 870 [INFO,train:104]         epoch 2 age 2: 0.051 17.30
21/01/08 23:42:24 523 [INFO,train:68] dloss at 3: 0.0033 0.7179 0.0045
21/01/08 23:42:32 586 [INFO,train:97] 3: 0.152 39.95 9984 156
21/01/08 23:42:32 586 [INFO,train:104]         epoch 3 age 0: 0.084 24.85
21/01/08 23:42:40 666 [INFO,train:104]         epoch 3 age 1: 0.051 18.84
21/01/08 23:42:48 704 [INFO,train:104]         epoch 3 age 2: 0.041 16.32
21/01/08 23:44:22 909 [INFO,train:68] dloss at 4: 0.0034 0.6723 0.0051
21/01/08 23:44:30 974 [INFO,train:97] 4: 0.163 41.28 9984 156
21/01/08 23:44:30 974 [INFO,train:104]         epoch 4 age 0: 0.082 24.64
21/01/08 23:44:39 099 [INFO,train:104]         epoch 4 age 1: 0.047 18.64
21/01/08 23:44:47 209 [INFO,train:104]         epoch 4 age 2: 0.035 15.79
21/01/08 23:46:21 995 [INFO,train:68] dloss at 5: 0.0026 0.4692 0.0055
21/01/08 23:46:30 059 [INFO,train:97] 5: 0.151 37.74 9984 156
21/01/08 23:46:30 059 [INFO,train:104]         epoch 5 age 0: 0.074 23.10
21/01/08 23:46:38 080 [INFO,train:104]         epoch 5 age 1: 0.043 16.88
21/01/08 23:46:46 169 [INFO,train:104]         epoch 5 age 2: 0.033 14.34
21/01/08 23:56:20 662 [INFO,train:68] dloss at 10: 0.0034 0.4776 0.0072
21/01/08 23:56:28 728 [INFO,train:97] 10: 0.126 38.17 9984 156
21/01/08 23:56:28 728 [INFO,train:104]         epoch 10 age 0: 0.061 20.74
21/01/08 23:56:36 877 [INFO,train:104]         epoch 10 age 1: 0.035 14.04
21/01/08 23:56:45 009 [INFO,train:104]         epoch 10 age 2: 0.028 12.12
21/01/09 00:06:27 661 [INFO,train:68] dloss at 15: 0.0018 0.2030 0.0089
21/01/09 00:06:35 896 [INFO,train:97] 15: 0.126 37.95 9984 156
21/01/09 00:06:35 897 [INFO,train:104]         epoch 15 age 0: 0.063 20.61
21/01/09 00:06:44 193 [INFO,train:104]         epoch 15 age 1: 0.036 14.26
21/01/09 00:06:52 493 [INFO,train:104]         epoch 15 age 2: 0.029 11.93
21/01/09 00:10:45 178 [INFO,benchmark:278] benchmark at epoch 0's result: -219.24 7.96
21/01/09 00:15:21 504 [INFO,train:68] dloss at 20: 0.0011 0.3000 0.0038
21/01/09 00:15:27 314 [INFO,train:97] 20: 0.128 32.54 9984 156
21/01/09 00:15:27 314 [INFO,train:104]         epoch 20 age 0: 0.060 17.94
21/01/09 00:15:33 132 [INFO,train:104]         epoch 20 age 1: 0.036 12.14
21/01/09 00:15:38 964 [INFO,train:104]         epoch 20 age 2: 0.028 10.15
21/01/09 00:22:39 928 [INFO,train:68] dloss at 25: 0.0020 0.1806 0.0109
21/01/09 00:22:45 700 [INFO,train:97] 25: 0.123 30.37 9984 156
21/01/09 00:22:45 700 [INFO,train:104]         epoch 25 age 0: 0.061 17.30
21/01/09 00:22:51 487 [INFO,train:104]         epoch 25 age 1: 0.038 11.75
21/01/09 00:22:57 282 [INFO,train:104]         epoch 25 age 2: 0.029 10.02
21/01/09 00:44:30 666 [INFO,train:68] dloss at 40: 0.0015 0.1323 0.0113
21/01/09 00:44:36 454 [INFO,train:97] 40: 0.129 30.40 9984 156
21/01/09 00:44:36 454 [INFO,train:104]         epoch 40 age 0: 0.061 16.41
21/01/09 00:44:42 227 [INFO,train:104]         epoch 40 age 1: 0.036 11.33
21/01/09 00:44:48 017 [INFO,train:104]         epoch 40 age 2: 0.027 9.03
21/01/09 01:13:47 214 [INFO,train:68] dloss at 60: 0.0005 0.1097 0.0043
21/01/09 01:13:52 940 [INFO,train:97] 60: 0.119 29.91 9984 156
21/01/09 01:13:52 940 [INFO,train:104]         epoch 60 age 0: 0.057 15.70
21/01/09 01:13:58 666 [INFO,train:104]         epoch 60 age 1: 0.033 10.20
21/01/09 01:14:04 398 [INFO,train:104]         epoch 60 age 2: 0.025 8.68
21/01/09 01:41:46 655 [INFO,benchmark:253] start benchmark against MrGreed for 512x2
21/01/09 01:43:20 904 [INFO,train:68] dloss at 80: 0.0004 0.1211 0.0035
21/01/09 01:43:29 090 [INFO,train:97] 80: 0.129 26.51 9984 156
21/01/09 01:43:29 090 [INFO,train:104]         epoch 80 age 0: 0.058 13.75
21/01/09 01:43:37 308 [INFO,train:104]         epoch 80 age 1: 0.033 9.28
21/01/09 01:43:45 570 [INFO,train:104]         epoch 80 age 2: 0.025 7.53
21/01/09 02:17:45 131 [INFO,benchmark:278] benchmark at epoch 80's result: -143.41 8.15
21/01/09 02:22:23 028 [INFO,train:68] dloss at 100: 0.0005 0.1252 0.0040
21/01/09 02:22:28 835 [INFO,train:97] 100: 0.115 23.78 9984 156
21/01/09 02:22:28 836 [INFO,train:104]         epoch 100 age 0: 0.053 13.08
21/01/09 02:22:34 635 [INFO,train:104]         epoch 100 age 1: 0.031 9.20
21/01/09 02:22:40 441 [INFO,train:104]         epoch 100 age 2: 0.023 7.58
21/01/09 02:51:28 765 [INFO,train:68] dloss at 120: 0.0003 0.2822 0.0012
21/01/09 02:51:34 500 [INFO,train:97] 120: 0.111 21.84 9984 156
21/01/09 02:51:34 500 [INFO,train:104]         epoch 120 age 0: 0.051 11.70
21/01/09 02:51:40 248 [INFO,train:104]         epoch 120 age 1: 0.029 7.66
21/01/09 02:51:45 981 [INFO,train:104]         epoch 120 age 2: 0.021 6.34
21/01/09 03:20:00 229 [INFO,train:68] dloss at 140: 0.0007 0.1299 0.0055
21/01/09 03:20:05 908 [INFO,train:97] 140: 0.120 21.72 9984 156
21/01/09 03:20:05 908 [INFO,train:104]         epoch 140 age 0: 0.054 11.32
21/01/09 03:20:11 640 [INFO,train:104]         epoch 140 age 1: 0.030 8.32
21/01/09 03:20:17 380 [INFO,train:104]         epoch 140 age 2: 0.022 6.47
21/01/09 03:47:31 408 [INFO,benchmark:253] start benchmark against MrGreed for 512x2
21/01/09 03:49:06 857 [INFO,train:68] dloss at 160: 0.0003 0.2300 0.0013
21/01/09 03:49:14 934 [INFO,train:97] 160: 0.110 25.62 9984 156
21/01/09 03:49:14 934 [INFO,train:104]         epoch 160 age 0: 0.049 12.80
21/01/09 03:49:23 059 [INFO,train:104]         epoch 160 age 1: 0.027 8.56
21/01/09 03:49:31 203 [INFO,train:104]         epoch 160 age 2: 0.021 6.70
21/01/09 04:22:52 522 [INFO,benchmark:278] benchmark at epoch 160's result: -98.62 8.21
21/01/09 04:27:37 126 [INFO,train:68] dloss at 180: 0.0005 0.1929 0.0026
21/01/09 04:27:42 873 [INFO,train:97] 180: 0.106 20.53 9984 156
21/01/09 04:27:42 873 [INFO,train:104]         epoch 180 age 0: 0.048 10.79
21/01/09 04:27:48 630 [INFO,train:104]         epoch 180 age 1: 0.025 7.32
21/01/09 04:27:54 390 [INFO,train:104]         epoch 180 age 2: 0.018 5.89
21/01/09 04:56:26 588 [INFO,train:68] dloss at 200: 0.0012 0.0915 0.0134
21/01/09 04:56:32 286 [INFO,train:97] 200: 0.119 18.99 9984 156
21/01/09 04:56:32 286 [INFO,train:104]         epoch 200 age 0: 0.053 10.38
21/01/09 04:56:37 996 [INFO,train:104]         epoch 200 age 1: 0.027 6.75
21/01/09 04:56:43 716 [INFO,train:104]         epoch 200 age 2: 0.019 5.29
21/01/09 05:24:57 391 [INFO,train:68] dloss at 220: 0.0008 0.0805 0.0096
21/01/09 05:25:03 120 [INFO,train:97] 220: 0.104 21.58 9984 156
21/01/09 05:25:03 120 [INFO,train:104]         epoch 220 age 0: 0.046 10.53
21/01/09 05:25:08 845 [INFO,train:104]         epoch 220 age 1: 0.024 6.46
21/01/09 05:25:14 540 [INFO,train:104]         epoch 220 age 2: 0.018 5.13
21/01/09 05:52:24 269 [INFO,benchmark:253] start benchmark against MrGreed for 512x2
21/01/09 05:53:59 884 [INFO,train:68] dloss at 240: 0.0006 0.0740 0.0077
21/01/09 05:54:08 012 [INFO,train:97] 240: 0.106 21.28 9984 156
21/01/09 05:54:08 012 [INFO,train:104]         epoch 240 age 0: 0.047 10.38
21/01/09 05:54:16 159 [INFO,train:104]         epoch 240 age 1: 0.025 6.58
21/01/09 05:54:24 319 [INFO,train:104]         epoch 240 age 2: 0.018 5.69
21/01/09 06:28:32 332 [INFO,benchmark:278] benchmark at epoch 240's result: -103.67 8.15
21/01/09 06:32:45 743 [INFO,train:68] dloss at 260: 0.0004 0.1984 0.0018
21/01/09 06:32:51 487 [INFO,train:97] 260: 0.113 19.72 9984 156
21/01/09 06:32:51 487 [INFO,train:104]         epoch 260 age 0: 0.051 10.01
21/01/09 06:32:57 242 [INFO,train:104]         epoch 260 age 1: 0.025 6.19
21/01/09 06:33:02 001 [INFO,train:104]         epoch 260 age 2: 0.017 4.87
21/01/09 07:01:46 018 [INFO,train:68] dloss at 280: 0.0004 0.1196 0.0031
21/01/09 07:01:51 700 [INFO,train:97] 280: 0.104 20.50 9984 156
21/01/09 07:01:51 700 [INFO,train:104]         epoch 280 age 0: 0.046 10.80
21/01/09 07:01:57 394 [INFO,train:104]         epoch 280 age 1: 0.023 7.09
21/01/09 07:02:03 091 [INFO,train:104]         epoch 280 age 2: 0.016 5.68
21/01/09 07:30:08 194 [INFO,train:68] dloss at 300: 0.0019 0.2115 0.0089
21/01/09 07:30:13 890 [INFO,train:97] 300: 0.119 20.07 9984 156
21/01/09 07:30:13 890 [INFO,train:104]         epoch 300 age 0: 0.051 10.28
21/01/09 07:30:19 597 [INFO,train:104]         epoch 300 age 1: 0.024 6.36
21/01/09 07:30:25 292 [INFO,train:104]         epoch 300 age 2: 0.016 4.62
21/01/09 07:57:33 070 [INFO,benchmark:253] start benchmark against MrGreed for 512x2
21/01/09 07:59:08 710 [INFO,train:68] dloss at 320: 0.0007 0.1563 0.0043
21/01/09 07:59:16 832 [INFO,train:97] 320: 0.111 18.16 9984 156
21/01/09 07:59:16 832 [INFO,train:104]         epoch 320 age 0: 0.048 9.38
21/01/09 07:59:24 961 [INFO,train:104]         epoch 320 age 1: 0.025 5.79
21/01/09 07:59:33 137 [INFO,train:104]         epoch 320 age 2: 0.018 4.68
21/01/09 08:32:44 088 [INFO,benchmark:278] benchmark at epoch 320's result: -78.02 8.47
21/01/09 08:37:29 829 [INFO,train:68] dloss at 340: 0.0002 0.0613 0.0034
21/01/09 08:37:35 571 [INFO,train:97] 340: 0.112 17.53 9984 156
21/01/09 08:37:35 571 [INFO,train:104]         epoch 340 age 0: 0.049 9.12
21/01/09 08:37:41 324 [INFO,train:104]         epoch 340 age 1: 0.022 5.44
21/01/09 08:37:47 083 [INFO,train:104]         epoch 340 age 2: 0.016 4.41
21/01/09 09:06:33 712 [INFO,train:68] dloss at 360: 0.0010 0.0911 0.0113
21/01/09 09:06:39 390 [INFO,train:97] 360: 0.116 19.94 9984 156
21/01/09 09:06:39 390 [INFO,train:104]         epoch 360 age 0: 0.049 10.03
21/01/09 09:06:45 081 [INFO,train:104]         epoch 360 age 1: 0.023 6.88
21/01/09 09:06:50 779 [INFO,train:104]         epoch 360 age 2: 0.016 5.29
21/01/09 09:35:07 483 [INFO,train:68] dloss at 380: 0.0016 0.1127 0.0144
21/01/09 09:35:13 162 [INFO,train:97] 380: 0.110 16.45 9984 156
21/01/09 09:35:13 162 [INFO,train:104]         epoch 380 age 0: 0.047 8.60
21/01/09 09:35:18 845 [INFO,train:104]         epoch 380 age 1: 0.024 5.63
21/01/09 09:35:24 534 [INFO,train:104]         epoch 380 age 2: 0.016 4.64
21/01/09 10:02:36 445 [INFO,benchmark:253] start benchmark against MrGreed for 512x2
21/01/09 10:04:11 541 [INFO,train:68] dloss at 400: 0.0005 0.0646 0.0078
21/01/09 10:04:19 708 [INFO,train:97] 400: 0.110 17.90 9984 156
21/01/09 10:04:19 708 [INFO,train:104]         epoch 400 age 0: 0.047 9.52
21/01/09 10:04:27 863 [INFO,train:104]         epoch 400 age 1: 0.023 6.24
21/01/09 10:04:36 079 [INFO,train:104]         epoch 400 age 2: 0.016 4.89
21/01/09 10:37:46 402 [INFO,benchmark:278] benchmark at epoch 400's result: -77.59 8.05
21/01/09 10:42:40 988 [INFO,train:68] dloss at 420: 0.0020 0.1100 0.0180
21/01/09 10:42:46 736 [INFO,train:97] 420: 0.109 21.58 9984 156
21/01/09 10:42:46 737 [INFO,train:104]         epoch 420 age 0: 0.047 10.57
21/01/09 10:42:52 494 [INFO,train:104]         epoch 420 age 1: 0.025 7.07
21/01/09 10:42:58 257 [INFO,train:104]         epoch 420 age 2: 0.016 5.28
21/01/09 11:12:03 528 [INFO,train:68] dloss at 440: 0.0005 0.0926 0.0052
21/01/09 11:12:09 256 [INFO,train:97] 440: 0.115 15.55 9984 156
21/01/09 11:12:09 256 [INFO,train:104]         epoch 440 age 0: 0.050 8.79
21/01/09 11:12:14 991 [INFO,train:104]         epoch 440 age 1: 0.024 5.63
21/01/09 11:12:20 734 [INFO,train:104]         epoch 440 age 2: 0.016 4.43
21/01/09 11:41:24 171 [INFO,train:68] dloss at 460: 0.0013 0.2327 0.0057
21/01/09 11:41:29 900 [INFO,train:97] 460: 0.100 15.51 9984 156
21/01/09 11:41:29 900 [INFO,train:104]         epoch 460 age 0: 0.044 7.90
21/01/09 11:41:35 645 [INFO,train:104]         epoch 460 age 1: 0.022 5.10
21/01/09 11:41:41 399 [INFO,train:104]         epoch 460 age 2: 0.015 3.92
21/01/09 12:09:26 529 [INFO,benchmark:253] start benchmark against MrGreed for 512x2
21/01/09 12:11:01 315 [INFO,train:68] dloss at 480: 0.0003 0.0917 0.0035
21/01/09 12:11:09 483 [INFO,train:97] 480: 0.103 20.25 9984 156
21/01/09 12:11:09 483 [INFO,train:104]         epoch 480 age 0: 0.044 9.33
21/01/09 12:11:17 666 [INFO,train:104]         epoch 480 age 1: 0.022 6.09
21/01/09 12:11:25 855 [INFO,train:104]         epoch 480 age 2: 0.015 4.11
21/01/09 12:44:58 169 [INFO,benchmark:278] benchmark at epoch 480's result: -70.86 8.42
21/01/09 12:49:43 859 [INFO,train:68] dloss at 500: 0.0006 0.0987 0.0064
21/01/09 12:49:49 648 [INFO,train:97] 500: 0.102 12.84 9984 156
21/01/09 12:49:49 648 [INFO,train:104]         epoch 500 age 0: 0.043 7.16
21/01/09 12:49:55 445 [INFO,train:104]         epoch 500 age 1: 0.020 4.52
21/01/09 12:50:01 248 [INFO,train:104]         epoch 500 age 2: 0.014 3.74
21/01/09 13:19:09 549 [INFO,train:68] dloss at 520: 0.0005 0.2092 0.0023
21/01/09 13:19:15 364 [INFO,train:97] 520: 0.117 15.58 9984 156
21/01/09 13:19:15 365 [INFO,train:104]         epoch 520 age 0: 0.049 8.14
21/01/09 13:19:21 185 [INFO,train:104]         epoch 520 age 1: 0.022 5.03
21/01/09 13:19:27 010 [INFO,train:104]         epoch 520 age 2: 0.015 4.13
21/01/09 13:48:29 807 [INFO,train:68] dloss at 540: 0.0007 0.8588 0.0008
21/01/09 13:48:35 601 [INFO,train:97] 540: 0.095 13.32 9984 156
21/01/09 13:48:35 601 [INFO,train:104]         epoch 540 age 0: 0.041 7.13
21/01/09 13:48:41 400 [INFO,train:104]         epoch 540 age 1: 0.020 4.87
21/01/09 13:48:47 212 [INFO,train:104]         epoch 540 age 2: 0.014 4.00
21/01/09 14:16:37 121 [INFO,benchmark:253] start benchmark against MrGreed for 512x2
21/01/09 14:18:12 769 [INFO,train:68] dloss at 560: 0.0007 0.1846 0.0037
21/01/09 14:18:20 926 [INFO,train:97] 560: 0.105 12.73 9984 156
21/01/09 14:18:20 926 [INFO,train:104]         epoch 560 age 0: 0.045 6.76
21/01/09 14:18:29 135 [INFO,train:104]         epoch 560 age 1: 0.020 4.46
21/01/09 14:18:37 360 [INFO,train:104]         epoch 560 age 2: 0.015 3.72
21/01/09 14:52:08 036 [INFO,benchmark:278] benchmark at epoch 560's result: -68.89 8.26
21/01/09 14:56:57 825 [INFO,train:68] dloss at 580: 0.0024 0.0937 0.0256
21/01/09 14:57:03 560 [INFO,train:97] 580: 0.098 15.08 9984 156
21/01/09 14:57:03 560 [INFO,train:104]         epoch 580 age 0: 0.042 7.77
21/01/09 14:57:09 340 [INFO,train:104]         epoch 580 age 1: 0.021 5.04
21/01/09 14:57:15 143 [INFO,train:104]         epoch 580 age 2: 0.014 4.13
21/01/09 15:26:12 996 [INFO,train:68] dloss at 600: 0.0011 0.1451 0.0074
21/01/09 15:26:18 801 [INFO,train:97] 600: 0.105 14.36 9984 156
21/01/09 15:26:18 801 [INFO,train:104]         epoch 600 age 0: 0.045 7.65
21/01/09 15:26:24 602 [INFO,train:104]         epoch 600 age 1: 0.019 4.57
21/01/09 15:26:30 405 [INFO,train:104]         epoch 600 age 2: 0.014 3.61
21/01/09 15:55:09 867 [INFO,train:68] dloss at 620: 0.0011 0.4147 0.0028
21/01/09 15:55:15 652 [INFO,train:97] 620: 0.083 12.27 9984 156
21/01/09 15:55:15 652 [INFO,train:104]         epoch 620 age 0: 0.036 7.00
21/01/09 15:55:21 438 [INFO,train:104]         epoch 620 age 1: 0.018 4.68
21/01/09 15:55:27 235 [INFO,train:104]         epoch 620 age 2: 0.013 3.73
21/01/09 16:23:05 820 [INFO,benchmark:250] start benchmark against MrGreed for 512x2
21/01/09 16:24:42 523 [INFO,train:68] dloss at 640: 0.0017 0.1349 0.0123
21/01/09 16:24:50 778 [INFO,train:97] 640: 0.107 15.09 9984 156
21/01/09 16:24:50 778 [INFO,train:104]         epoch 640 age 0: 0.045 8.35
21/01/09 16:24:59 010 [INFO,train:104]         epoch 640 age 1: 0.020 5.92
21/01/09 16:25:07 258 [INFO,train:104]         epoch 640 age 2: 0.015 4.51
21/01/09 16:58:49 815 [INFO,benchmark:275] benchmark at epoch 640's result: -67.75 8.47
21/01/09 17:03:29 156 [INFO,train:68] dloss at 660: 0.0010 0.0845 0.0118
21/01/09 17:03:34 949 [INFO,train:97] 660: 0.104 10.69 9984 156
21/01/09 17:03:34 949 [INFO,train:104]         epoch 660 age 0: 0.044 6.49
21/01/09 17:03:40 734 [INFO,train:104]         epoch 660 age 1: 0.019 4.42
21/01/09 17:03:46 525 [INFO,train:104]         epoch 660 age 2: 0.016 4.20
21/01/09 17:32:38 509 [INFO,train:68] dloss at 680: 0.0006 0.1281 0.0044
21/01/09 17:32:44 296 [INFO,train:97] 680: 0.098 16.08 9984 156
21/01/09 17:32:44 296 [INFO,train:104]         epoch 680 age 0: 0.041 7.94
21/01/09 17:32:50 096 [INFO,train:104]         epoch 680 age 1: 0.018 5.67
21/01/09 17:32:55 900 [INFO,train:104]         epoch 680 age 2: 0.013 4.47
21/01/09 18:01:40 500 [INFO,train:68] dloss at 700: 0.0008 0.0638 0.0121
21/01/09 18:01:46 235 [INFO,train:97] 700: 0.121 15.60 9984 156
21/01/09 18:01:46 236 [INFO,train:104]         epoch 700 age 0: 0.049 7.48
21/01/09 18:01:52 010 [INFO,train:104]         epoch 700 age 1: 0.021 5.62
21/01/09 18:01:57 793 [INFO,train:104]         epoch 700 age 2: 0.014 4.79
21/01/09 18:30:46 128 [INFO,train:68] dloss at 720: 0.0003 0.1939 0.0017
21/01/09 18:30:51 846 [INFO,train:97] 720: 0.092 15.99 9984 156
21/01/09 18:30:51 846 [INFO,train:104]         epoch 720 age 0: 0.039 7.60
21/01/09 18:30:57 573 [INFO,train:104]         epoch 720 age 1: 0.018 4.66
21/01/09 18:31:03 306 [INFO,train:104]         epoch 720 age 2: 0.013 3.56
21/01/09 18:59:47 577 [INFO,train:68] dloss at 740: 0.0004 0.2003 0.0022
21/01/09 18:59:53 286 [INFO,train:97] 740: 0.088 13.60 9984 156
21/01/09 18:59:53 286 [INFO,train:104]         epoch 740 age 0: 0.038 7.36
21/01/09 18:59:59 012 [INFO,train:104]         epoch 740 age 1: 0.017 5.08
21/01/09 19:00:04 735 [INFO,train:104]         epoch 740 age 2: 0.013 3.83
21/01/09 19:28:48 333 [INFO,train:68] dloss at 760: 0.0003 0.0778 0.0041
21/01/09 19:28:54 110 [INFO,train:97] 760: 0.098 11.90 9984 156
21/01/09 19:28:54 110 [INFO,train:104]         epoch 760 age 0: 0.042 6.21
21/01/09 19:28:59 891 [INFO,train:104]         epoch 760 age 1: 0.019 3.99
21/01/09 19:29:05 682 [INFO,train:104]         epoch 760 age 2: 0.013 3.45
21/01/09 19:57:46 761 [INFO,train:68] dloss at 780: 0.0006 0.2517 0.0026
21/01/09 19:57:52 521 [INFO,train:97] 780: 0.097 12.75 9984 156
21/01/09 19:57:52 521 [INFO,train:104]         epoch 780 age 0: 0.041 6.63
21/01/09 19:57:58 274 [INFO,train:104]         epoch 780 age 1: 0.018 4.31
21/01/09 19:58:03 994 [INFO,train:104]         epoch 780 age 2: 0.013 3.56
