21/01/04 18:00:14 556 [INFO,main:97] BETA: 0.20, VALUE_RENORMAL: 10, MCTS_EXPL: 30, BENCH_SMP_B: 5, BENCH_SMP_K: 0.0
21/01/04 18:00:14 618 [INFO,main:100] init pv_net: PV_NET [(434, 2048), (2048, 2048), (2048, 512), (512, 512), (512, 512), (512, 512), (512, 512), (512, 512), (512, 512), (512, 512), (512, 512), (512, 512), (512, 512), (512, 512), (512, 512), (512, 512), (512, 512), (512, 512), (512, 512), (512, 512), (512, 512), (512, 512), (512, 512), (512, 52), (512, 1)] 11416629
21/01/04 18:12:14 718 [INFO,train:24] loss2_weight: 0.03, data_rounds: 64, train_mcts_b: 0, train_mcts_k: 2.0, review_number: 3, age_in_epoch: 3
21/01/04 18:12:16 725 [INFO,train:29] optimizer: {'lr': 2e-05, 'betas': (0.3, 0.999), 'eps': 1e-07, 'weight_decay': 0.0001, 'amsgrad': False}
21/01/04 18:12:16 858 [INFO,train:46] gc len at 0: 50571
21/01/04 18:12:17 310 [INFO,benchmark:264] start benchmark against MrGreed for 512x2
21/01/04 18:12:51 141 [INFO,train:82] 0: 2.247 37.69 3328 52
21/01/04 18:12:51 141 [INFO,train:89]         epoch 0 age 0: 2.247 37.69
21/01/04 18:12:51 999 [INFO,train:89]         epoch 0 age 1: 0.197 38.08
21/01/04 18:12:52 865 [INFO,train:89]         epoch 0 age 2: 0.168 37.94
21/01/04 18:12:52 869 [INFO,train:46] gc len at 1: 68291
21/01/04 18:13:27 738 [INFO,train:82] 1: 0.165 36.68 6656 104
21/01/04 18:13:27 738 [INFO,train:89]         epoch 1 age 0: 0.166 37.31
21/01/04 18:13:29 476 [INFO,train:89]         epoch 1 age 1: 0.163 37.19
21/01/04 18:13:31 216 [INFO,train:89]         epoch 1 age 2: 0.161 37.09
21/01/04 18:13:31 222 [INFO,train:46] gc len at 2: 88144
21/01/04 18:14:06 903 [INFO,train:82] 2: 0.164 35.21 9984 156
21/01/04 18:14:06 903 [INFO,train:89]         epoch 2 age 0: 0.162 36.47
21/01/04 18:14:09 472 [INFO,train:89]         epoch 2 age 1: 0.158 35.71
21/01/04 18:14:12 051 [INFO,train:89]         epoch 2 age 2: 0.155 34.41
21/01/04 18:14:12 059 [INFO,train:46] gc len at 3: 115452
21/01/04 18:14:47 866 [INFO,train:82] 3: 0.239 34.44 9984 156
21/01/04 18:14:47 866 [INFO,train:89]         epoch 3 age 0: 0.183 34.42
21/01/04 18:14:50 478 [INFO,train:89]         epoch 3 age 1: 0.178 33.19
21/01/04 18:14:53 092 [INFO,train:89]         epoch 3 age 2: 0.174 32.40
21/01/04 18:14:53 101 [INFO,train:46] gc len at 4: 120198
21/01/04 18:15:28 902 [INFO,train:82] 4: 0.273 37.29 9984 156
21/01/04 18:15:28 902 [INFO,train:89]         epoch 4 age 0: 0.207 34.03
21/01/04 18:15:31 521 [INFO,train:89]         epoch 4 age 1: 0.200 32.58
21/01/04 18:15:34 130 [INFO,train:89]         epoch 4 age 2: 0.195 31.23
21/01/04 18:15:34 138 [INFO,train:46] gc len at 5: 118271
21/01/04 18:16:09 718 [INFO,train:82] 5: 0.370 40.48 9984 156
21/01/04 18:16:09 718 [INFO,train:89]         epoch 5 age 0: 0.253 34.31
21/01/04 18:16:12 331 [INFO,train:89]         epoch 5 age 1: 0.246 32.57
21/01/04 18:16:14 949 [INFO,train:89]         epoch 5 age 2: 0.239 30.47
21/01/04 18:18:59 288 [INFO,train:46] gc len at 10: 110396
21/01/04 18:19:35 466 [INFO,train:82] 10: 0.406 47.27 9984 156
21/01/04 18:19:35 467 [INFO,train:89]         epoch 10 age 0: 0.364 33.74
21/01/04 18:19:38 073 [INFO,train:89]         epoch 10 age 1: 0.354 30.31
21/01/04 18:19:40 685 [INFO,train:89]         epoch 10 age 2: 0.345 27.93
21/01/04 18:22:24 596 [INFO,train:46] gc len at 15: 114158
21/01/04 18:23:00 659 [INFO,train:82] 15: 0.473 42.00 9984 156
21/01/04 18:23:00 659 [INFO,train:89]         epoch 15 age 0: 0.456 30.99
21/01/04 18:23:03 266 [INFO,train:89]         epoch 15 age 1: 0.441 26.39
21/01/04 18:23:05 895 [INFO,train:89]         epoch 15 age 2: 0.433 23.62
21/01/04 18:24:15 672 [INFO,benchmark:289] benchmark at epoch 0's result: -245.96 8.00
21/01/04 18:25:50 535 [INFO,train:46] gc len at 20: 114249
21/01/04 18:26:27 406 [INFO,train:82] 20: 0.632 47.55 9984 156
21/01/04 18:26:27 406 [INFO,train:89]         epoch 20 age 0: 0.524 30.27
21/01/04 18:26:30 005 [INFO,train:89]         epoch 20 age 1: 0.510 25.07
21/01/04 18:26:32 616 [INFO,train:89]         epoch 20 age 2: 0.502 21.44
21/01/04 18:29:20 026 [INFO,train:46] gc len at 25: 111881
21/01/04 18:29:56 507 [INFO,train:82] 25: 0.512 48.19 9984 156
21/01/04 18:29:56 508 [INFO,train:89]         epoch 25 age 0: 0.474 28.65
21/01/04 18:29:59 110 [INFO,train:89]         epoch 25 age 1: 0.459 22.45
21/01/04 18:30:01 709 [INFO,train:89]         epoch 25 age 2: 0.451 19.31
21/01/04 18:39:45 824 [INFO,train:46] gc len at 40: 119551
21/01/04 18:40:22 285 [INFO,train:82] 40: 0.652 45.59 9984 156
21/01/04 18:40:22 285 [INFO,train:89]         epoch 40 age 0: 0.514 25.89
21/01/04 18:40:24 845 [INFO,train:89]         epoch 40 age 1: 0.473 18.68
21/01/04 18:40:27 596 [INFO,train:89]         epoch 40 age 2: 0.450 15.51
21/01/04 18:53:39 874 [INFO,train:46] gc len at 60: 106585
21/01/04 18:54:16 760 [INFO,train:82] 60: 0.735 48.08 9984 156
21/01/04 18:54:16 760 [INFO,train:89]         epoch 60 age 0: 0.527 24.76
21/01/04 18:54:19 660 [INFO,train:89]         epoch 60 age 1: 0.475 17.42
21/01/04 18:54:22 517 [INFO,train:89]         epoch 60 age 2: 0.441 13.72
21/01/04 19:07:43 431 [INFO,train:46] gc len at 80: 115088
21/01/04 19:07:43 877 [INFO,benchmark:264] start benchmark against MrGreed for 512x2
21/01/04 19:08:20 492 [INFO,train:82] 80: 0.682 43.27 9984 156
21/01/04 19:08:20 492 [INFO,train:89]         epoch 80 age 0: 0.502 22.90
21/01/04 19:08:23 334 [INFO,train:89]         epoch 80 age 1: 0.438 15.32
21/01/04 19:08:26 212 [INFO,train:89]         epoch 80 age 2: 0.401 12.10
21/01/04 19:19:34 300 [INFO,benchmark:289] benchmark at epoch 80's result: -101.81 8.43
21/01/04 19:21:46 361 [INFO,train:46] gc len at 100: 110973
21/01/04 19:22:23 031 [INFO,train:82] 100: 0.717 45.30 9984 156
21/01/04 19:22:23 031 [INFO,train:89]         epoch 100 age 0: 0.505 23.22
21/01/04 19:22:25 840 [INFO,train:89]         epoch 100 age 1: 0.439 15.89
21/01/04 19:22:28 706 [INFO,train:89]         epoch 100 age 2: 0.401 12.38
21/01/04 19:35:52 855 [INFO,train:46] gc len at 120: 102772
21/01/04 19:36:29 947 [INFO,train:82] 120: 0.699 44.73 9984 156
21/01/04 19:36:29 947 [INFO,train:89]         epoch 120 age 0: 0.502 22.84
21/01/04 19:36:32 564 [INFO,train:89]         epoch 120 age 1: 0.431 15.17
21/01/04 19:36:35 177 [INFO,train:89]         epoch 120 age 2: 0.395 11.44
21/01/04 19:50:07 174 [INFO,train:46] gc len at 140: 105939
21/01/04 19:50:43 134 [INFO,train:82] 140: 0.675 46.83 9984 156
21/01/04 19:50:43 135 [INFO,train:89]         epoch 140 age 0: 0.480 23.14
21/01/04 19:50:45 990 [INFO,train:89]         epoch 140 age 1: 0.411 15.72
21/01/04 19:50:48 816 [INFO,train:89]         epoch 140 age 2: 0.374 11.96
21/01/04 20:04:11 239 [INFO,train:46] gc len at 160: 100986
21/01/04 20:04:11 687 [INFO,benchmark:264] start benchmark against MrGreed for 512x2
21/01/04 20:04:48 296 [INFO,train:82] 160: 0.661 42.11 9984 156
21/01/04 20:04:48 296 [INFO,train:89]         epoch 160 age 0: 0.470 21.64
21/01/04 20:04:50 911 [INFO,train:89]         epoch 160 age 1: 0.402 14.44
21/01/04 20:04:53 518 [INFO,train:89]         epoch 160 age 2: 0.365 11.27
21/01/04 20:16:09 974 [INFO,benchmark:289] benchmark at epoch 160's result: -84.75 8.15
21/01/04 20:18:18 137 [INFO,train:46] gc len at 180: 117879
21/01/04 20:18:54 970 [INFO,train:82] 180: 0.740 45.08 9984 156
21/01/04 20:18:54 970 [INFO,train:89]         epoch 180 age 0: 0.511 22.61
21/01/04 20:18:57 609 [INFO,train:89]         epoch 180 age 1: 0.435 14.56
21/01/04 20:19:00 226 [INFO,train:89]         epoch 180 age 2: 0.391 11.35
21/01/04 20:32:22 890 [INFO,train:46] gc len at 200: 115550
21/01/04 20:32:59 776 [INFO,train:82] 200: 0.721 48.37 9984 156
21/01/04 20:32:59 776 [INFO,train:89]         epoch 200 age 0: 0.481 23.50
21/01/04 20:33:02 613 [INFO,train:89]         epoch 200 age 1: 0.398 15.24
21/01/04 20:33:05 478 [INFO,train:89]         epoch 200 age 2: 0.354 11.20
21/01/04 20:46:39 181 [INFO,train:46] gc len at 220: 112873
21/01/04 20:47:17 003 [INFO,train:82] 220: 0.788 47.29 9984 156
21/01/04 20:47:17 003 [INFO,train:89]         epoch 220 age 0: 0.504 23.07
21/01/04 20:47:19 905 [INFO,train:89]         epoch 220 age 1: 0.410 14.65
21/01/04 20:47:22 754 [INFO,train:89]         epoch 220 age 2: 0.363 11.07
21/01/04 21:00:57 655 [INFO,train:46] gc len at 240: 117662
21/01/04 21:00:58 103 [INFO,benchmark:264] start benchmark against MrGreed for 512x2
21/01/04 21:01:35 138 [INFO,train:82] 240: 0.744 46.07 9984 156
21/01/04 21:01:35 139 [INFO,train:89]         epoch 240 age 0: 0.472 22.57
21/01/04 21:01:37 740 [INFO,train:89]         epoch 240 age 1: 0.387 14.73
21/01/04 21:01:40 362 [INFO,train:89]         epoch 240 age 2: 0.337 11.06
21/01/04 21:12:51 607 [INFO,benchmark:289] benchmark at epoch 240's result: -81.38 8.12
21/01/04 21:15:08 396 [INFO,train:46] gc len at 260: 104120
21/01/04 21:15:45 618 [INFO,train:82] 260: 0.779 50.05 9984 156
21/01/04 21:15:45 619 [INFO,train:89]         epoch 260 age 0: 0.485 23.94
21/01/04 21:15:48 242 [INFO,train:89]         epoch 260 age 1: 0.392 15.88
21/01/04 21:15:50 859 [INFO,train:89]         epoch 260 age 2: 0.336 12.33
21/01/04 21:29:12 218 [INFO,train:46] gc len at 280: 113874
21/01/04 21:29:49 126 [INFO,train:82] 280: 0.802 46.55 9984 156
21/01/04 21:29:49 126 [INFO,train:89]         epoch 280 age 0: 0.489 22.71
21/01/04 21:29:51 736 [INFO,train:89]         epoch 280 age 1: 0.391 14.73
21/01/04 21:29:54 347 [INFO,train:89]         epoch 280 age 2: 0.341 10.81
21/01/04 21:43:19 361 [INFO,train:46] gc len at 300: 107788
21/01/04 21:43:56 439 [INFO,train:82] 300: 0.870 48.68 9984 156
21/01/04 21:43:56 439 [INFO,train:89]         epoch 300 age 0: 0.530 23.91
21/01/04 21:43:59 058 [INFO,train:89]         epoch 300 age 1: 0.428 15.50
21/01/04 21:44:01 676 [INFO,train:89]         epoch 300 age 2: 0.371 11.33
21/01/04 21:57:33 243 [INFO,train:46] gc len at 320: 102263
21/01/04 21:57:33 695 [INFO,benchmark:264] start benchmark against MrGreed for 512x2
21/01/04 21:58:11 006 [INFO,train:82] 320: 0.853 48.47 9984 156
21/01/04 21:58:11 007 [INFO,train:89]         epoch 320 age 0: 0.521 22.97
21/01/04 21:58:13 594 [INFO,train:89]         epoch 320 age 1: 0.417 14.67
21/01/04 21:58:16 212 [INFO,train:89]         epoch 320 age 2: 0.360 10.50
21/01/04 22:10:06 996 [INFO,benchmark:289] benchmark at epoch 320's result: -74.01 8.19
21/01/04 22:11:45 980 [INFO,train:46] gc len at 340: 116954
21/01/04 22:12:23 361 [INFO,train:82] 340: 0.802 50.64 9984 156
21/01/04 22:12:23 361 [INFO,train:89]         epoch 340 age 0: 0.497 23.73
21/01/04 22:12:26 247 [INFO,train:89]         epoch 340 age 1: 0.397 14.88
21/01/04 22:12:29 138 [INFO,train:89]         epoch 340 age 2: 0.343 10.74
21/01/04 22:25:58 637 [INFO,train:46] gc len at 360: 112873
21/01/04 22:26:35 320 [INFO,train:82] 360: 0.743 44.67 9984 156
21/01/04 22:26:35 320 [INFO,train:89]         epoch 360 age 0: 0.464 21.77
21/01/04 22:26:38 158 [INFO,train:89]         epoch 360 age 1: 0.367 13.74
21/01/04 22:26:40 002 [INFO,train:89]         epoch 360 age 2: 0.316 9.74
21/01/04 22:40:09 804 [INFO,train:46] gc len at 380: 114575
21/01/04 22:40:46 094 [INFO,train:82] 380: 0.781 43.33 9984 156
21/01/04 22:40:46 095 [INFO,train:89]         epoch 380 age 0: 0.486 21.07
21/01/04 22:40:48 830 [INFO,train:89]         epoch 380 age 1: 0.387 13.66
21/01/04 22:40:51 441 [INFO,train:89]         epoch 380 age 2: 0.332 9.90
21/01/04 22:54:25 012 [INFO,train:46] gc len at 400: 108115
21/01/04 22:54:25 474 [INFO,benchmark:264] start benchmark against MrGreed for 512x2
21/01/04 22:55:03 832 [INFO,train:82] 400: 0.861 46.25 9984 156
21/01/04 22:55:03 832 [INFO,train:89]         epoch 400 age 0: 0.513 22.14
21/01/04 22:55:06 712 [INFO,train:89]         epoch 400 age 1: 0.403 14.45
21/01/04 22:55:09 417 [INFO,train:89]         epoch 400 age 2: 0.341 10.60
21/01/04 23:07:30 063 [INFO,benchmark:289] benchmark at epoch 400's result: -65.60 8.38
21/01/04 23:08:51 776 [INFO,train:46] gc len at 420: 110059
21/01/04 23:09:29 164 [INFO,train:82] 420: 0.866 49.14 9984 156
21/01/04 23:09:29 164 [INFO,train:89]         epoch 420 age 0: 0.515 23.35
21/01/04 23:09:32 019 [INFO,train:89]         epoch 420 age 1: 0.403 14.89
21/01/04 23:09:34 919 [INFO,train:89]         epoch 420 age 2: 0.343 10.82
21/01/04 23:23:02 906 [INFO,train:46] gc len at 440: 114630
21/01/04 23:23:39 787 [INFO,train:82] 440: 0.861 51.41 9984 156
21/01/04 23:23:39 787 [INFO,train:89]         epoch 440 age 0: 0.519 24.15
21/01/04 23:23:42 403 [INFO,train:89]         epoch 440 age 1: 0.408 15.23
21/01/04 23:23:45 021 [INFO,train:89]         epoch 440 age 2: 0.340 11.50
21/01/04 23:37:05 767 [INFO,train:46] gc len at 460: 121187
21/01/04 23:37:42 481 [INFO,train:82] 460: 0.792 45.83 9984 156
21/01/04 23:37:42 481 [INFO,train:89]         epoch 460 age 0: 0.481 22.08
21/01/04 23:37:45 108 [INFO,train:89]         epoch 460 age 1: 0.382 13.97
21/01/04 23:37:47 723 [INFO,train:89]         epoch 460 age 2: 0.326 9.98
21/01/04 23:51:17 656 [INFO,train:46] gc len at 480: 108919
21/01/04 23:51:18 109 [INFO,benchmark:264] start benchmark against MrGreed for 512x2
21/01/04 23:51:55 182 [INFO,train:82] 480: 0.811 45.07 9984 156
21/01/04 23:51:55 182 [INFO,train:89]         epoch 480 age 0: 0.484 21.46
21/01/04 23:51:57 761 [INFO,train:89]         epoch 480 age 1: 0.381 13.39
21/01/04 23:52:00 343 [INFO,train:89]         epoch 480 age 2: 0.323 9.62
21/01/05 00:03:17 455 [INFO,benchmark:289] benchmark at epoch 480's result: -62.56 8.25
21/01/05 00:05:29 848 [INFO,train:46] gc len at 500: 116377
21/01/05 00:06:07 187 [INFO,train:82] 500: 0.831 42.36 9984 156
21/01/05 00:06:07 188 [INFO,train:89]         epoch 500 age 0: 0.494 21.24
21/01/05 00:06:09 829 [INFO,train:89]         epoch 500 age 1: 0.385 13.68
21/01/05 00:06:12 451 [INFO,train:89]         epoch 500 age 2: 0.322 9.72
21/01/05 00:19:45 690 [INFO,train:46] gc len at 520: 113684
21/01/05 00:20:22 785 [INFO,train:82] 520: 0.817 42.86 9984 156
21/01/05 00:20:22 785 [INFO,train:89]         epoch 520 age 0: 0.488 21.18
21/01/05 00:20:25 656 [INFO,train:89]         epoch 520 age 1: 0.377 13.74
21/01/05 00:20:28 499 [INFO,train:89]         epoch 520 age 2: 0.320 9.93
21/01/05 00:34:03 476 [INFO,train:46] gc len at 540: 119315
21/01/05 00:34:40 915 [INFO,train:82] 540: 0.785 42.93 9984 156
21/01/05 00:34:40 915 [INFO,train:89]         epoch 540 age 0: 0.480 21.08
21/01/05 00:34:43 809 [INFO,train:89]         epoch 540 age 1: 0.372 13.24
21/01/05 00:34:46 663 [INFO,train:89]         epoch 540 age 2: 0.314 9.55
21/01/05 00:48:13 888 [INFO,train:46] gc len at 560: 117435
21/01/05 00:48:14 347 [INFO,benchmark:264] start benchmark against MrGreed for 512x2
21/01/05 00:48:51 405 [INFO,train:82] 560: 0.846 44.35 9984 156
21/01/05 00:48:51 406 [INFO,train:89]         epoch 560 age 0: 0.503 22.13
21/01/05 00:48:54 008 [INFO,train:89]         epoch 560 age 1: 0.395 14.21
21/01/05 00:48:56 605 [INFO,train:89]         epoch 560 age 2: 0.328 10.30
21/01/05 01:00:18 294 [INFO,benchmark:289] benchmark at epoch 560's result: -61.76 8.38
21/01/05 01:02:26 187 [INFO,train:46] gc len at 580: 113355
21/01/05 01:03:03 315 [INFO,train:82] 580: 0.807 47.03 9984 156
21/01/05 01:03:03 316 [INFO,train:89]         epoch 580 age 0: 0.475 22.37
21/01/05 01:03:05 899 [INFO,train:89]         epoch 580 age 1: 0.368 13.94
21/01/05 01:03:08 480 [INFO,train:89]         epoch 580 age 2: 0.307 10.22
21/01/05 01:16:36 497 [INFO,train:46] gc len at 600: 118322
21/01/05 01:17:14 183 [INFO,train:82] 600: 0.826 46.00 9984 156
21/01/05 01:17:14 184 [INFO,train:89]         epoch 600 age 0: 0.479 21.53
21/01/05 01:17:16 788 [INFO,train:89]         epoch 600 age 1: 0.370 13.55
21/01/05 01:17:19 403 [INFO,train:89]         epoch 600 age 2: 0.311 9.64
21/01/05 01:30:48 410 [INFO,train:46] gc len at 620: 120923
21/01/05 01:31:25 613 [INFO,train:82] 620: 0.848 42.40 9984 156
21/01/05 01:31:25 614 [INFO,train:89]         epoch 620 age 0: 0.494 20.97
21/01/05 01:31:28 084 [INFO,train:89]         epoch 620 age 1: 0.375 13.41
21/01/05 01:31:30 918 [INFO,train:89]         epoch 620 age 2: 0.312 9.48
21/01/05 01:44:57 038 [INFO,train:46] gc len at 640: 106125
21/01/05 01:44:57 547 [INFO,benchmark:264] start benchmark against MrGreed for 512x2
21/01/05 01:45:34 825 [INFO,train:82] 640: 0.809 46.12 9984 156
21/01/05 01:45:34 825 [INFO,train:89]         epoch 640 age 0: 0.486 21.61
21/01/05 01:45:37 439 [INFO,train:89]         epoch 640 age 1: 0.373 13.39
21/01/05 01:45:40 042 [INFO,train:89]         epoch 640 age 2: 0.314 9.86
21/01/05 01:56:58 984 [INFO,benchmark:289] benchmark at epoch 640's result: -46.91 8.23
21/01/05 01:59:17 974 [INFO,train:46] gc len at 660: 114330
21/01/05 01:59:55 330 [INFO,train:82] 660: 0.893 46.31 9984 156
21/01/05 01:59:55 331 [INFO,train:89]         epoch 660 age 0: 0.512 22.16
21/01/05 01:59:58 120 [INFO,train:89]         epoch 660 age 1: 0.397 13.67
21/01/05 02:00:01 008 [INFO,train:89]         epoch 660 age 2: 0.324 9.87
21/01/05 02:13:27 180 [INFO,train:46] gc len at 680: 113786
21/01/05 02:14:04 146 [INFO,train:82] 680: 0.802 44.29 9984 156
21/01/05 02:14:04 146 [INFO,train:89]         epoch 680 age 0: 0.473 21.33
21/01/05 02:14:06 778 [INFO,train:89]         epoch 680 age 1: 0.365 13.87
21/01/05 02:14:09 392 [INFO,train:89]         epoch 680 age 2: 0.305 9.88
21/01/05 02:27:32 485 [INFO,train:46] gc len at 700: 117762
21/01/05 02:28:09 545 [INFO,train:82] 700: 0.782 40.63 9984 156
21/01/05 02:28:09 545 [INFO,train:89]         epoch 700 age 0: 0.473 19.99
21/01/05 02:28:12 136 [INFO,train:89]         epoch 700 age 1: 0.366 12.37
21/01/05 02:28:14 732 [INFO,train:89]         epoch 700 age 2: 0.304 8.87
21/01/05 02:41:46 111 [INFO,train:46] gc len at 720: 111451
21/01/05 02:41:46 545 [INFO,benchmark:264] start benchmark against MrGreed for 512x2
21/01/05 02:42:23 797 [INFO,train:82] 720: 0.825 44.75 9984 156
21/01/05 02:42:23 797 [INFO,train:89]         epoch 720 age 0: 0.481 22.12
21/01/05 02:42:26 400 [INFO,train:89]         epoch 720 age 1: 0.373 13.91
21/01/05 02:42:28 005 [INFO,train:89]         epoch 720 age 2: 0.313 10.23
21/01/05 02:54:08 044 [INFO,benchmark:289] benchmark at epoch 720's result: -53.54 8.03
21/01/05 02:55:57 162 [INFO,train:46] gc len at 740: 117173
21/01/05 02:56:34 099 [INFO,train:82] 740: 0.820 47.31 9984 156
21/01/05 02:56:34 099 [INFO,train:89]         epoch 740 age 0: 0.480 22.10
21/01/05 02:56:36 976 [INFO,train:89]         epoch 740 age 1: 0.365 13.88
21/01/05 02:56:39 832 [INFO,train:89]         epoch 740 age 2: 0.302 10.01
21/01/05 03:10:07 503 [INFO,train:46] gc len at 760: 118167
21/01/05 03:10:44 785 [INFO,train:82] 760: 0.812 49.38 9984 156
21/01/05 03:10:44 786 [INFO,train:89]         epoch 760 age 0: 0.468 22.41
21/01/05 03:10:47 389 [INFO,train:89]         epoch 760 age 1: 0.361 13.75
21/01/05 03:10:49 006 [INFO,train:89]         epoch 760 age 2: 0.297 9.56
21/01/05 03:24:08 997 [INFO,train:46] gc len at 780: 119321
21/01/05 03:24:45 406 [INFO,train:82] 780: 0.848 45.52 9984 156
21/01/05 03:24:45 406 [INFO,train:89]         epoch 780 age 0: 0.483 20.98
21/01/05 03:24:47 999 [INFO,train:89]         epoch 780 age 1: 0.368 12.97
21/01/05 03:24:50 614 [INFO,train:89]         epoch 780 age 2: 0.302 9.03
21/01/05 03:38:18 348 [INFO,train:46] gc len at 800: 109573
21/01/05 03:38:18 794 [INFO,benchmark:264] start benchmark against MrGreed for 512x2
21/01/05 03:38:55 982 [INFO,train:82] 800: 0.874 47.89 9984 156
21/01/05 03:38:55 982 [INFO,train:89]         epoch 800 age 0: 0.490 22.90
21/01/05 03:38:58 588 [INFO,train:89]         epoch 800 age 1: 0.370 14.46
21/01/05 03:39:01 188 [INFO,train:89]         epoch 800 age 2: 0.305 10.11
21/01/05 03:51:16 010 [INFO,benchmark:289] benchmark at epoch 800's result: -55.91 8.25
21/01/05 03:52:38 071 [INFO,train:46] gc len at 820: 115294
21/01/05 03:53:15 396 [INFO,train:82] 820: 0.876 45.81 9984 156
21/01/05 03:53:15 396 [INFO,train:89]         epoch 820 age 0: 0.500 21.64
21/01/05 03:53:18 277 [INFO,train:89]         epoch 820 age 1: 0.384 13.86
21/01/05 03:53:21 117 [INFO,train:89]         epoch 820 age 2: 0.320 9.95
21/01/05 04:06:44 779 [INFO,train:46] gc len at 840: 118813
21/01/05 04:07:22 060 [INFO,train:82] 840: 0.865 45.93 9984 156
21/01/05 04:07:22 060 [INFO,train:89]         epoch 840 age 0: 0.496 21.78
21/01/05 04:07:24 669 [INFO,train:89]         epoch 840 age 1: 0.376 13.67
21/01/05 04:07:27 284 [INFO,train:89]         epoch 840 age 2: 0.306 9.66
21/01/05 04:20:47 669 [INFO,train:46] gc len at 860: 105312
21/01/05 04:21:24 586 [INFO,train:82] 860: 0.843 47.07 9984 156
21/01/05 04:21:24 586 [INFO,train:89]         epoch 860 age 0: 0.485 21.88
21/01/05 04:21:27 213 [INFO,train:89]         epoch 860 age 1: 0.375 13.51
21/01/05 04:21:29 821 [INFO,train:89]         epoch 860 age 2: 0.313 9.90
21/01/05 04:35:02 508 [INFO,train:46] gc len at 880: 112336
21/01/05 04:35:02 947 [INFO,benchmark:264] start benchmark against MrGreed for 512x2
21/01/05 04:35:39 776 [INFO,train:82] 880: 0.825 47.68 9984 156
21/01/05 04:35:39 776 [INFO,train:89]         epoch 880 age 0: 0.462 21.83
21/01/05 04:35:42 393 [INFO,train:89]         epoch 880 age 1: 0.348 13.52
21/01/05 04:35:45 007 [INFO,train:89]         epoch 880 age 2: 0.285 9.51
21/01/05 04:48:18 434 [INFO,benchmark:289] benchmark at epoch 880's result: -47.78 8.13
21/01/05 04:49:19 295 [INFO,train:46] gc len at 900: 117766
21/01/05 04:49:56 127 [INFO,train:82] 900: 0.745 47.31 9984 156
21/01/05 04:49:56 127 [INFO,train:89]         epoch 900 age 0: 0.443 21.78
21/01/05 04:49:59 032 [INFO,train:89]         epoch 900 age 1: 0.335 13.29
21/01/05 04:50:01 889 [INFO,train:89]         epoch 900 age 2: 0.276 9.34
21/01/05 05:03:31 909 [INFO,train:46] gc len at 920: 116076
21/01/05 05:04:08 218 [INFO,train:82] 920: 0.858 47.85 9984 156
21/01/05 05:04:08 218 [INFO,train:89]         epoch 920 age 0: 0.485 22.12
21/01/05 05:04:11 108 [INFO,train:89]         epoch 920 age 1: 0.368 13.64
21/01/05 05:04:13 979 [INFO,train:89]         epoch 920 age 2: 0.300 9.44
21/01/05 05:17:36 387 [INFO,train:46] gc len at 940: 116258
21/01/05 05:18:13 551 [INFO,train:82] 940: 0.819 46.44 9984 156
21/01/05 05:18:13 551 [INFO,train:89]         epoch 940 age 0: 0.471 21.54
21/01/05 05:18:16 421 [INFO,train:89]         epoch 940 age 1: 0.363 13.15
21/01/05 05:18:19 179 [INFO,train:89]         epoch 940 age 2: 0.296 8.94
21/01/05 05:31:53 076 [INFO,train:46] gc len at 960: 116869
21/01/05 05:31:53 520 [INFO,benchmark:264] start benchmark against MrGreed for 512x2
21/01/05 05:32:30 527 [INFO,train:82] 960: 0.870 42.50 9984 156
21/01/05 05:32:30 527 [INFO,train:89]         epoch 960 age 0: 0.488 20.85
21/01/05 05:32:33 153 [INFO,train:89]         epoch 960 age 1: 0.370 13.09
21/01/05 05:32:35 762 [INFO,train:89]         epoch 960 age 2: 0.303 9.28
21/01/05 05:44:19 094 [INFO,benchmark:289] benchmark at epoch 960's result: -38.65 8.28
21/01/05 05:46:03 634 [INFO,train:46] gc len at 980: 113910
21/01/05 05:46:40 741 [INFO,train:82] 980: 0.789 43.54 9984 156
21/01/05 05:46:40 741 [INFO,train:89]         epoch 980 age 0: 0.456 21.50
21/01/05 05:46:43 349 [INFO,train:89]         epoch 980 age 1: 0.348 13.62
21/01/05 05:46:45 932 [INFO,train:89]         epoch 980 age 2: 0.285 9.75
21/01/05 06:00:18 232 [INFO,train:46] gc len at 1000: 110954
21/01/05 06:00:55 461 [INFO,train:82] 1000: 0.808 46.54 9984 156
21/01/05 06:00:55 461 [INFO,train:89]         epoch 1000 age 0: 0.458 22.12
21/01/05 06:00:58 044 [INFO,train:89]         epoch 1000 age 1: 0.346 13.61
21/01/05 06:01:00 629 [INFO,train:89]         epoch 1000 age 2: 0.281 9.65
21/01/05 06:14:23 077 [INFO,train:46] gc len at 1020: 113693
21/01/05 06:15:00 134 [INFO,train:82] 1020: 0.841 45.73 9984 156
21/01/05 06:15:00 134 [INFO,train:89]         epoch 1020 age 0: 0.473 21.92
21/01/05 06:15:02 724 [INFO,train:89]         epoch 1020 age 1: 0.364 14.06
21/01/05 06:15:05 312 [INFO,train:89]         epoch 1020 age 2: 0.299 10.08
21/01/05 06:28:32 711 [INFO,train:46] gc len at 1040: 114230
21/01/05 06:28:33 155 [INFO,benchmark:264] start benchmark against MrGreed for 512x2
21/01/05 06:29:10 524 [INFO,train:82] 1040: 0.814 45.41 9984 156
21/01/05 06:29:10 524 [INFO,train:89]         epoch 1040 age 0: 0.464 21.72
21/01/05 06:29:13 133 [INFO,train:89]         epoch 1040 age 1: 0.352 13.41
21/01/05 06:29:15 738 [INFO,train:89]         epoch 1040 age 2: 0.288 9.57
21/01/05 06:40:54 025 [INFO,benchmark:289] benchmark at epoch 1040's result: -39.58 8.33
21/01/05 06:42:56 426 [INFO,train:46] gc len at 1060: 117838
21/01/05 06:43:33 202 [INFO,train:82] 1060: 0.817 43.16 9984 156
21/01/05 06:43:33 203 [INFO,train:89]         epoch 1060 age 0: 0.468 20.71
21/01/05 06:43:36 046 [INFO,train:89]         epoch 1060 age 1: 0.351 12.70
21/01/05 06:43:38 874 [INFO,train:89]         epoch 1060 age 2: 0.290 8.88
21/01/05 06:57:08 461 [INFO,train:46] gc len at 1080: 109282
21/01/05 06:57:46 050 [INFO,train:82] 1080: 0.853 44.88 9984 156
21/01/05 06:57:46 050 [INFO,train:89]         epoch 1080 age 0: 0.471 21.47
21/01/05 06:57:48 680 [INFO,train:89]         epoch 1080 age 1: 0.351 13.52
21/01/05 06:57:51 276 [INFO,train:89]         epoch 1080 age 2: 0.287 9.63
21/01/05 07:11:25 762 [INFO,train:46] gc len at 1100: 113543
21/01/05 07:12:02 976 [INFO,train:82] 1100: 0.842 44.42 9984 156
21/01/05 07:12:02 976 [INFO,train:89]         epoch 1100 age 0: 0.468 20.92
21/01/05 07:12:05 598 [INFO,train:89]         epoch 1100 age 1: 0.352 12.66
21/01/05 07:12:08 219 [INFO,train:89]         epoch 1100 age 2: 0.287 8.85
21/01/05 07:25:36 647 [INFO,train:46] gc len at 1120: 115796
21/01/05 07:25:37 098 [INFO,benchmark:264] start benchmark against MrGreed for 512x2
21/01/05 07:26:14 796 [INFO,train:82] 1120: 0.830 45.19 9984 156
21/01/05 07:26:14 797 [INFO,train:89]         epoch 1120 age 0: 0.462 20.99
21/01/05 07:26:17 392 [INFO,train:89]         epoch 1120 age 1: 0.346 12.92
21/01/05 07:26:19 983 [INFO,train:89]         epoch 1120 age 2: 0.284 8.84
21/01/05 07:38:03 498 [INFO,benchmark:289] benchmark at epoch 1120's result: -33.45 8.20
21/01/05 07:39:53 561 [INFO,train:46] gc len at 1140: 120240
21/01/05 07:40:31 176 [INFO,train:82] 1140: 0.832 45.95 9984 156
21/01/05 07:40:31 176 [INFO,train:89]         epoch 1140 age 0: 0.463 20.86
21/01/05 07:40:33 855 [INFO,train:89]         epoch 1140 age 1: 0.351 12.69
21/01/05 07:40:36 437 [INFO,train:89]         epoch 1140 age 2: 0.285 8.84
21/01/05 07:54:00 381 [INFO,train:46] gc len at 1160: 117029
21/01/05 07:54:37 235 [INFO,train:82] 1160: 0.763 41.02 9984 156
21/01/05 07:54:37 236 [INFO,train:89]         epoch 1160 age 0: 0.445 19.79
21/01/05 07:54:40 054 [INFO,train:89]         epoch 1160 age 1: 0.336 12.46
21/01/05 07:54:42 894 [INFO,train:89]         epoch 1160 age 2: 0.273 8.77
21/01/05 08:08:10 888 [INFO,train:46] gc len at 1180: 116733
21/01/05 08:08:48 336 [INFO,train:82] 1180: 0.772 42.38 9984 156
21/01/05 08:08:48 337 [INFO,train:89]         epoch 1180 age 0: 0.457 20.70
21/01/05 08:08:50 957 [INFO,train:89]         epoch 1180 age 1: 0.346 13.04
21/01/05 08:08:53 575 [INFO,train:89]         epoch 1180 age 2: 0.281 9.25
21/01/05 08:22:25 326 [INFO,train:46] gc len at 1200: 109785
21/01/05 08:22:25 771 [INFO,benchmark:264] start benchmark against MrGreed for 512x2
21/01/05 08:23:02 874 [INFO,train:82] 1200: 0.811 47.69 9984 156
21/01/05 08:23:02 874 [INFO,train:89]         epoch 1200 age 0: 0.464 22.20
21/01/05 08:23:05 503 [INFO,train:89]         epoch 1200 age 1: 0.354 13.72
21/01/05 08:23:08 113 [INFO,train:89]         epoch 1200 age 2: 0.290 9.64
21/01/05 08:35:04 324 [INFO,benchmark:289] benchmark at epoch 1200's result: -33.99 8.16
21/01/05 08:36:36 726 [INFO,train:46] gc len at 1220: 109789
21/01/05 08:37:13 267 [INFO,train:82] 1220: 0.768 47.40 9984 156
21/01/05 08:37:13 267 [INFO,train:89]         epoch 1220 age 0: 0.446 21.60
21/01/05 08:37:15 889 [INFO,train:89]         epoch 1220 age 1: 0.334 13.04
21/01/05 08:37:18 515 [INFO,train:89]         epoch 1220 age 2: 0.277 9.02
21/01/05 08:50:40 449 [INFO,train:46] gc len at 1240: 107139
21/01/05 08:51:17 298 [INFO,train:82] 1240: 0.823 45.42 9984 156
21/01/05 08:51:17 298 [INFO,train:89]         epoch 1240 age 0: 0.467 21.38
21/01/05 08:51:19 911 [INFO,train:89]         epoch 1240 age 1: 0.357 13.33
21/01/05 08:51:22 530 [INFO,train:89]         epoch 1240 age 2: 0.291 9.16
21/01/05 09:04:44 448 [INFO,train:46] gc len at 1260: 117245
21/01/05 09:05:21 234 [INFO,train:82] 1260: 0.868 46.87 9984 156
21/01/05 09:05:21 234 [INFO,train:89]         epoch 1260 age 0: 0.478 21.55
21/01/05 09:05:23 832 [INFO,train:89]         epoch 1260 age 1: 0.355 13.34
21/01/05 09:05:26 429 [INFO,train:89]         epoch 1260 age 2: 0.292 9.11
21/01/05 09:18:55 419 [INFO,train:46] gc len at 1280: 104228
21/01/05 09:18:55 862 [INFO,benchmark:264] start benchmark against MrGreed for 512x2
21/01/05 09:19:33 430 [INFO,train:82] 1280: 0.862 41.97 9984 156
21/01/05 09:19:33 431 [INFO,train:89]         epoch 1280 age 0: 0.479 20.07
21/01/05 09:19:36 029 [INFO,train:89]         epoch 1280 age 1: 0.358 12.39
21/01/05 09:19:38 653 [INFO,train:89]         epoch 1280 age 2: 0.292 8.81
21/01/05 09:32:38 335 [INFO,benchmark:289] benchmark at epoch 1280's result: -28.05 8.34
21/01/05 09:33:09 852 [INFO,train:46] gc len at 1300: 117581
21/01/05 09:33:46 454 [INFO,train:82] 1300: 0.812 43.83 9984 156
21/01/05 09:33:46 454 [INFO,train:89]         epoch 1300 age 0: 0.465 21.52
21/01/05 09:33:49 301 [INFO,train:89]         epoch 1300 age 1: 0.353 13.37
21/01/05 09:33:51 939 [INFO,train:89]         epoch 1300 age 2: 0.291 9.43
21/01/05 09:47:16 765 [INFO,train:46] gc len at 1320: 114143
21/01/05 09:47:53 392 [INFO,train:82] 1320: 0.897 50.45 9984 156
21/01/05 09:47:53 393 [INFO,train:89]         epoch 1320 age 0: 0.487 23.15
21/01/05 09:47:56 228 [INFO,train:89]         epoch 1320 age 1: 0.363 14.44
21/01/05 09:47:59 078 [INFO,train:89]         epoch 1320 age 2: 0.293 9.86
21/01/05 10:01:18 457 [INFO,train:46] gc len at 1340: 116065
21/01/05 10:01:55 322 [INFO,train:82] 1340: 0.859 48.30 9984 156
21/01/05 10:01:55 322 [INFO,train:89]         epoch 1340 age 0: 0.490 22.37
21/01/05 10:01:57 929 [INFO,train:89]         epoch 1340 age 1: 0.377 13.95
21/01/05 10:02:00 553 [INFO,train:89]         epoch 1340 age 2: 0.304 9.67
21/01/05 10:15:23 041 [INFO,train:46] gc len at 1360: 122472
21/01/05 10:15:23 481 [INFO,benchmark:264] start benchmark against MrGreed for 512x2
21/01/05 10:16:00 339 [INFO,train:82] 1360: 0.760 41.46 9984 156
21/01/05 10:16:00 339 [INFO,train:89]         epoch 1360 age 0: 0.441 19.86
21/01/05 10:16:02 935 [INFO,train:89]         epoch 1360 age 1: 0.333 12.53
21/01/05 10:16:05 548 [INFO,train:89]         epoch 1360 age 2: 0.268 8.70
21/01/05 10:28:20 279 [INFO,benchmark:289] benchmark at epoch 1360's result: -22.56 8.27
21/01/05 10:29:37 764 [INFO,train:46] gc len at 1380: 112409
21/01/05 10:30:15 102 [INFO,train:82] 1380: 0.876 40.54 9984 156
21/01/05 10:30:15 102 [INFO,train:89]         epoch 1380 age 0: 0.475 20.65
21/01/05 10:30:17 717 [INFO,train:89]         epoch 1380 age 1: 0.350 13.27
21/01/05 10:30:20 333 [INFO,train:89]         epoch 1380 age 2: 0.280 9.58
21/01/05 10:43:49 610 [INFO,train:46] gc len at 1400: 116915
21/01/05 10:44:26 533 [INFO,train:82] 1400: 0.859 52.18 9984 156
21/01/05 10:44:26 533 [INFO,train:89]         epoch 1400 age 0: 0.473 23.29
21/01/05 10:44:29 019 [INFO,train:89]         epoch 1400 age 1: 0.357 14.41
21/01/05 10:44:31 628 [INFO,train:89]         epoch 1400 age 2: 0.289 10.01
21/01/05 10:57:53 989 [INFO,train:46] gc len at 1420: 118378
21/01/05 10:58:31 216 [INFO,train:82] 1420: 0.824 43.78 9984 156
21/01/05 10:58:31 216 [INFO,train:89]         epoch 1420 age 0: 0.466 20.88
21/01/05 10:58:33 845 [INFO,train:89]         epoch 1420 age 1: 0.348 13.04
21/01/05 10:58:36 455 [INFO,train:89]         epoch 1420 age 2: 0.286 9.17
21/01/05 11:11:59 322 [INFO,train:46] gc len at 1440: 104107
21/01/05 11:11:59 765 [INFO,benchmark:264] start benchmark against MrGreed for 512x2
21/01/05 11:12:37 053 [INFO,train:82] 1440: 0.792 46.23 9984 156
21/01/05 11:12:37 054 [INFO,train:89]         epoch 1440 age 0: 0.452 21.16
21/01/05 11:12:39 657 [INFO,train:89]         epoch 1440 age 1: 0.343 13.32
21/01/05 11:12:42 269 [INFO,train:89]         epoch 1440 age 2: 0.279 9.09
21/01/05 11:24:50 870 [INFO,benchmark:289] benchmark at epoch 1440's result: -30.61 8.27
21/01/05 11:26:16 556 [INFO,train:46] gc len at 1460: 115642
21/01/05 11:26:54 075 [INFO,train:82] 1460: 0.854 47.35 9984 156
21/01/05 11:26:54 075 [INFO,train:89]         epoch 1460 age 0: 0.469 21.88
21/01/05 11:26:56 937 [INFO,train:89]         epoch 1460 age 1: 0.346 13.55
21/01/05 11:26:59 773 [INFO,train:89]         epoch 1460 age 2: 0.280 9.21
21/01/05 11:40:25 977 [INFO,train:46] gc len at 1480: 119031
21/01/05 11:41:03 171 [INFO,train:82] 1480: 0.834 46.19 9984 156
21/01/05 11:41:03 171 [INFO,train:89]         epoch 1480 age 0: 0.459 21.43
21/01/05 11:41:05 791 [INFO,train:89]         epoch 1480 age 1: 0.342 13.59
21/01/05 11:41:08 407 [INFO,train:89]         epoch 1480 age 2: 0.276 9.38
21/01/05 11:54:30 878 [INFO,train:46] gc len at 1500: 116624
21/01/05 11:55:08 515 [INFO,train:82] 1500: 0.866 47.17 9984 156
21/01/05 11:55:08 515 [INFO,train:89]         epoch 1500 age 0: 0.472 22.06
21/01/05 11:55:11 130 [INFO,train:89]         epoch 1500 age 1: 0.355 13.87
21/01/05 11:55:13 750 [INFO,train:89]         epoch 1500 age 2: 0.286 9.81
21/01/05 12:08:39 456 [INFO,train:46] gc len at 1520: 101060
21/01/05 12:08:39 910 [INFO,benchmark:264] start benchmark against MrGreed for 512x2
21/01/05 12:09:16 873 [INFO,train:82] 1520: 0.817 40.90 9984 156
21/01/05 12:09:16 873 [INFO,train:89]         epoch 1520 age 0: 0.457 19.89
21/01/05 12:09:19 495 [INFO,train:89]         epoch 1520 age 1: 0.337 12.41
21/01/05 12:09:22 095 [INFO,train:89]         epoch 1520 age 2: 0.273 8.91
