21/01/02 16:19:45 127 [INFO,main:103] BETA: 0.20, VALUE_RENORMAL: 10, MCTS_EXPL: 30, BENCH_SMP_B: 5, BENCH_SMP_K: 0.0
21/01/02 16:19:45 173 [INFO,main:104] init pv_net: PV_NET_B [(434, 2048), (2048, 2048), (2048, 512), (512, 512), (512, 512), (512, 512), (512, 512), (512, 512), (512, 512), (512, 512), (512, 512), (512, 512), (512, 512), (512, 512), (512, 512), (512, 52), (512, 1)] 9315381
21/01/02 16:19:45 174 [INFO,train:31] loss2_weight: 0.03, data_rounds: 64, train_mcts_b: 0, train_mcts_k: 2.0, review_number: 3, age_in_epoch: 3
21/01/02 16:19:47 149 [INFO,train:36] optimizer: {'lr': 0.0001, 'betas': (0.9, 0.999), 'eps': 1e-07, 'weight_decay': 0.0001, 'amsgrad': False}
21/01/02 16:19:47 279 [INFO,train:53] gc len at 0: 50473
21/01/02 16:19:47 765 [INFO,benchmark:264] start benchmark against MrGreed for 512x2
21/01/02 16:20:12 794 [INFO,train:89] 0: 1.260 33.44 3328 52
21/01/02 16:20:12 795 [INFO,train:96]         epoch 0 age 0: 1.260 33.44
21/01/02 16:20:13 529 [INFO,train:96]         epoch 0 age 1: 0.171 33.41
21/01/02 16:20:14 259 [INFO,train:96]         epoch 0 age 2: 0.160 33.15
21/01/02 16:20:14 264 [INFO,train:53] gc len at 1: 77565
21/01/02 16:20:41 205 [INFO,train:89] 1: 0.279 35.48 6656 104
21/01/02 16:20:41 205 [INFO,train:96]         epoch 1 age 0: 0.219 34.32
21/01/02 16:20:42 644 [INFO,train:96]         epoch 1 age 1: 0.207 32.60
21/01/02 16:20:44 056 [INFO,train:96]         epoch 1 age 2: 0.194 30.42
21/01/02 16:20:44 063 [INFO,train:53] gc len at 2: 95723
21/01/02 16:21:11 796 [INFO,train:89] 2: 0.292 33.64 9984 156
21/01/02 16:21:11 796 [INFO,train:96]         epoch 2 age 0: 0.227 31.50
21/01/02 16:21:13 928 [INFO,train:96]         epoch 2 age 1: 0.211 27.81
21/01/02 16:21:16 067 [INFO,train:96]         epoch 2 age 2: 0.192 23.32
21/01/02 16:21:16 075 [INFO,train:53] gc len at 3: 104640
21/01/02 16:21:43 038 [INFO,train:89] 3: 0.377 38.47 9984 156
21/01/02 16:21:43 038 [INFO,train:96]         epoch 3 age 0: 0.253 28.37
21/01/02 16:21:45 167 [INFO,train:96]         epoch 3 age 1: 0.233 23.11
21/01/02 16:21:47 289 [INFO,train:96]         epoch 3 age 2: 0.218 20.06
21/01/02 16:21:47 297 [INFO,train:53] gc len at 4: 101024
21/01/02 16:22:14 595 [INFO,train:89] 4: 0.373 45.10 9984 156
21/01/02 16:22:14 595 [INFO,train:96]         epoch 4 age 0: 0.270 28.41
21/01/02 16:22:16 742 [INFO,train:96]         epoch 4 age 1: 0.247 23.57
21/01/02 16:22:18 872 [INFO,train:96]         epoch 4 age 2: 0.234 19.79
21/01/02 16:22:18 881 [INFO,train:53] gc len at 5: 117717
21/01/02 16:22:46 244 [INFO,train:89] 5: 0.363 41.18 9984 156
21/01/02 16:22:46 245 [INFO,train:96]         epoch 5 age 0: 0.277 26.92
21/01/02 16:22:48 421 [INFO,train:96]         epoch 5 age 1: 0.254 21.54
21/01/02 16:22:50 620 [INFO,train:96]         epoch 5 age 2: 0.239 18.06
21/01/02 16:24:57 772 [INFO,train:53] gc len at 10: 113376
21/01/02 16:25:25 280 [INFO,train:89] 10: 0.426 42.23 9984 156
21/01/02 16:25:25 281 [INFO,train:96]         epoch 10 age 0: 0.331 25.50
21/01/02 16:25:27 454 [INFO,train:96]         epoch 10 age 1: 0.291 18.73
21/01/02 16:25:29 595 [INFO,train:96]         epoch 10 age 2: 0.270 15.24
21/01/02 16:27:37 176 [INFO,train:53] gc len at 15: 115518
21/01/02 16:28:04 455 [INFO,train:89] 15: 0.585 43.98 9984 156
21/01/02 16:28:04 456 [INFO,train:96]         epoch 15 age 0: 0.369 23.60
21/01/02 16:28:06 636 [INFO,train:96]         epoch 15 age 1: 0.304 16.53
21/01/02 16:28:08 780 [INFO,train:96]         epoch 15 age 2: 0.273 12.86
21/01/02 16:28:51 322 [INFO,benchmark:289] benchmark at epoch 0's result: -234.29 7.76
21/01/02 16:30:11 722 [INFO,train:53] gc len at 20: 106853
21/01/02 16:30:37 969 [INFO,train:89] 20: 0.536 47.03 9984 156
21/01/02 16:30:37 969 [INFO,train:96]         epoch 20 age 0: 0.325 24.37
21/01/02 16:30:39 763 [INFO,train:96]         epoch 20 age 1: 0.245 16.65
21/01/02 16:30:41 545 [INFO,train:96]         epoch 20 age 2: 0.212 13.23
21/01/02 16:32:45 533 [INFO,train:53] gc len at 25: 118577
21/01/02 16:33:13 666 [INFO,train:89] 25: 0.583 43.71 9984 156
21/01/02 16:33:13 666 [INFO,train:96]         epoch 25 age 0: 0.325 22.00
21/01/02 16:33:15 430 [INFO,train:96]         epoch 25 age 1: 0.229 13.87
21/01/02 16:33:17 206 [INFO,train:96]         epoch 25 age 2: 0.185 10.89
21/01/02 16:40:43 970 [INFO,train:53] gc len at 40: 122527
21/01/02 16:41:11 929 [INFO,train:89] 40: 0.566 42.47 9984 156
21/01/02 16:41:11 929 [INFO,train:96]         epoch 40 age 0: 0.284 20.94
21/01/02 16:41:14 102 [INFO,train:96]         epoch 40 age 1: 0.178 12.85
21/01/02 16:41:16 261 [INFO,train:96]         epoch 40 age 2: 0.138 9.42
21/01/02 16:51:30 446 [INFO,train:53] gc len at 60: 118181
21/01/02 16:51:59 291 [INFO,train:89] 60: 0.620 47.12 9984 156
21/01/02 16:51:59 291 [INFO,train:96]         epoch 60 age 0: 0.294 22.09
21/01/02 16:52:01 067 [INFO,train:96]         epoch 60 age 1: 0.175 13.48
21/01/02 16:52:02 824 [INFO,train:96]         epoch 60 age 2: 0.134 10.37
21/01/02 17:02:22 179 [INFO,train:53] gc len at 80: 118973
21/01/02 17:02:22 659 [INFO,benchmark:264] start benchmark against MrGreed for 512x2
21/01/02 17:02:51 177 [INFO,train:89] 80: 0.589 41.93 9984 156
21/01/02 17:02:51 177 [INFO,train:96]         epoch 80 age 0: 0.278 19.63
21/01/02 17:02:52 940 [INFO,train:96]         epoch 80 age 1: 0.162 11.32
21/01/02 17:02:54 713 [INFO,train:96]         epoch 80 age 2: 0.126 8.46
21/01/02 17:12:04 917 [INFO,benchmark:289] benchmark at epoch 80's result: -102.90 8.34
21/01/02 17:13:13 554 [INFO,train:53] gc len at 100: 117121
21/01/02 17:13:41 915 [INFO,train:89] 100: 0.608 42.51 9984 156
21/01/02 17:13:41 916 [INFO,train:96]         epoch 100 age 0: 0.286 20.09
21/01/02 17:13:43 690 [INFO,train:96]         epoch 100 age 1: 0.165 12.07
21/01/02 17:13:45 454 [INFO,train:96]         epoch 100 age 2: 0.125 8.92
21/01/02 17:24:04 402 [INFO,train:53] gc len at 120: 118024
21/01/02 17:24:33 360 [INFO,train:89] 120: 0.592 38.38 9984 156
21/01/02 17:24:33 361 [INFO,train:96]         epoch 120 age 0: 0.277 18.82
21/01/02 17:24:35 135 [INFO,train:96]         epoch 120 age 1: 0.159 10.96
21/01/02 17:24:36 908 [INFO,train:96]         epoch 120 age 2: 0.119 8.16
21/01/02 17:34:51 241 [INFO,train:53] gc len at 140: 111569
21/01/02 17:35:19 684 [INFO,train:89] 140: 0.616 44.89 9984 156
21/01/02 17:35:19 684 [INFO,train:96]         epoch 140 age 0: 0.290 20.62
21/01/02 17:35:21 459 [INFO,train:96]         epoch 140 age 1: 0.165 12.30
21/01/02 17:35:23 229 [INFO,train:96]         epoch 140 age 2: 0.126 9.17
21/01/02 17:45:34 113 [INFO,train:53] gc len at 160: 115738
21/01/02 17:45:34 573 [INFO,benchmark:264] start benchmark against MrGreed for 512x2
21/01/02 17:46:04 014 [INFO,train:89] 160: 0.663 40.27 9984 156
21/01/02 17:46:04 015 [INFO,train:96]         epoch 160 age 0: 0.303 19.90
21/01/02 17:46:05 787 [INFO,train:96]         epoch 160 age 1: 0.174 11.75
21/01/02 17:46:07 562 [INFO,train:96]         epoch 160 age 2: 0.130 9.19
21/01/02 17:55:16 161 [INFO,benchmark:289] benchmark at epoch 160's result: -89.65 8.35
21/01/02 17:56:27 059 [INFO,train:53] gc len at 180: 116690
21/01/02 17:56:56 133 [INFO,train:89] 180: 0.635 36.31 9984 156
21/01/02 17:56:56 134 [INFO,train:96]         epoch 180 age 0: 0.293 18.42
21/01/02 17:56:57 907 [INFO,train:96]         epoch 180 age 1: 0.166 10.61
21/01/02 17:56:59 679 [INFO,train:96]         epoch 180 age 2: 0.124 7.91
21/01/02 18:07:20 698 [INFO,train:53] gc len at 200: 117843
21/01/02 18:07:49 891 [INFO,train:89] 200: 0.605 38.73 9984 156
21/01/02 18:07:49 891 [INFO,train:96]         epoch 200 age 0: 0.282 18.29
21/01/02 18:07:51 663 [INFO,train:96]         epoch 200 age 1: 0.159 10.63
21/01/02 18:07:53 430 [INFO,train:96]         epoch 200 age 2: 0.117 7.61
21/01/02 18:18:17 703 [INFO,train:53] gc len at 220: 116199
21/01/02 18:18:47 378 [INFO,train:89] 220: 0.656 41.22 9984 156
21/01/02 18:18:47 378 [INFO,train:96]         epoch 220 age 0: 0.299 18.94
21/01/02 18:18:49 554 [INFO,train:96]         epoch 220 age 1: 0.168 11.23
21/01/02 18:18:51 751 [INFO,train:96]         epoch 220 age 2: 0.126 8.27
21/01/02 18:29:14 685 [INFO,train:53] gc len at 240: 116469
21/01/02 18:29:15 136 [INFO,benchmark:264] start benchmark against MrGreed for 512x2
21/01/02 18:29:44 268 [INFO,train:89] 240: 0.625 40.88 9984 156
21/01/02 18:29:44 268 [INFO,train:96]         epoch 240 age 0: 0.284 19.16
21/01/02 18:29:46 042 [INFO,train:96]         epoch 240 age 1: 0.160 11.04
21/01/02 18:29:47 814 [INFO,train:96]         epoch 240 age 2: 0.116 8.02
21/01/02 18:39:01 711 [INFO,benchmark:289] benchmark at epoch 240's result: -75.93 8.13
21/01/02 18:40:08 634 [INFO,train:53] gc len at 260: 118651
21/01/02 18:40:37 523 [INFO,train:89] 260: 0.637 38.61 9984 156
21/01/02 18:40:37 523 [INFO,train:96]         epoch 260 age 0: 0.290 18.09
21/01/02 18:40:39 294 [INFO,train:96]         epoch 260 age 1: 0.162 10.38
21/01/02 18:40:41 070 [INFO,train:96]         epoch 260 age 2: 0.117 7.36
21/01/02 18:51:01 702 [INFO,train:53] gc len at 280: 113184
21/01/02 18:51:31 019 [INFO,train:89] 280: 0.611 37.60 9984 156
21/01/02 18:51:31 019 [INFO,train:96]         epoch 280 age 0: 0.282 18.06
21/01/02 18:51:32 790 [INFO,train:96]         epoch 280 age 1: 0.156 10.65
21/01/02 18:51:34 563 [INFO,train:96]         epoch 280 age 2: 0.113 7.81
21/01/02 19:01:54 942 [INFO,train:53] gc len at 300: 107074
21/01/02 19:02:23 497 [INFO,train:89] 300: 0.657 40.69 9984 156
21/01/02 19:02:23 497 [INFO,train:96]         epoch 300 age 0: 0.295 18.88
21/01/02 19:02:25 273 [INFO,train:96]         epoch 300 age 1: 0.162 11.23
21/01/02 19:02:27 039 [INFO,train:96]         epoch 300 age 2: 0.120 8.31
21/01/02 19:12:51 675 [INFO,train:53] gc len at 320: 120277
21/01/02 19:12:52 117 [INFO,benchmark:264] start benchmark against MrGreed for 512x2
21/01/02 19:13:21 348 [INFO,train:89] 320: 0.599 43.75 9984 156
21/01/02 19:13:21 348 [INFO,train:96]         epoch 320 age 0: 0.275 20.28
21/01/02 19:13:23 127 [INFO,train:96]         epoch 320 age 1: 0.158 12.28
21/01/02 19:13:24 899 [INFO,train:96]         epoch 320 age 2: 0.118 9.51
21/01/02 19:22:28 653 [INFO,benchmark:289] benchmark at epoch 320's result: -63.19 7.97
21/01/02 19:23:48 667 [INFO,train:53] gc len at 340: 116782
21/01/02 19:24:17 565 [INFO,train:89] 340: 0.602 41.42 9984 156
21/01/02 19:24:17 565 [INFO,train:96]         epoch 340 age 0: 0.276 19.48
21/01/02 19:24:19 341 [INFO,train:96]         epoch 340 age 1: 0.157 11.31
21/01/02 19:24:21 118 [INFO,train:96]         epoch 340 age 2: 0.116 8.02
21/01/02 19:34:45 131 [INFO,train:53] gc len at 360: 105420
21/01/02 19:35:14 361 [INFO,train:89] 360: 0.595 44.45 9984 156
21/01/02 19:35:14 361 [INFO,train:96]         epoch 360 age 0: 0.265 20.01
21/01/02 19:35:16 140 [INFO,train:96]         epoch 360 age 1: 0.143 11.64
21/01/02 19:35:17 928 [INFO,train:96]         epoch 360 age 2: 0.105 8.31
21/01/02 19:45:39 861 [INFO,train:53] gc len at 380: 114422
21/01/02 19:46:09 274 [INFO,train:89] 380: 0.633 43.39 9984 156
21/01/02 19:46:09 274 [INFO,train:96]         epoch 380 age 0: 0.280 19.17
21/01/02 19:46:11 040 [INFO,train:96]         epoch 380 age 1: 0.153 11.50
21/01/02 19:46:12 808 [INFO,train:96]         epoch 380 age 2: 0.110 8.37
21/01/02 19:56:30 247 [INFO,train:53] gc len at 400: 114391
21/01/02 19:56:30 685 [INFO,benchmark:264] start benchmark against MrGreed for 512x2
21/01/02 19:56:59 938 [INFO,train:89] 400: 0.596 35.69 9984 156
21/01/02 19:56:59 938 [INFO,train:96]         epoch 400 age 0: 0.272 17.40
21/01/02 19:57:01 721 [INFO,train:96]         epoch 400 age 1: 0.149 10.25
21/01/02 19:57:03 508 [INFO,train:96]         epoch 400 age 2: 0.109 8.02
21/01/02 20:06:14 561 [INFO,benchmark:289] benchmark at epoch 400's result: -60.47 8.02
21/01/02 20:07:28 519 [INFO,train:53] gc len at 420: 122139
21/01/02 20:07:57 281 [INFO,train:89] 420: 0.619 42.92 9984 156
21/01/02 20:07:57 282 [INFO,train:96]         epoch 420 age 0: 0.282 19.47
21/01/02 20:07:59 048 [INFO,train:96]         epoch 420 age 1: 0.152 11.46
21/01/02 20:08:00 823 [INFO,train:96]         epoch 420 age 2: 0.112 8.20
21/01/02 20:18:26 082 [INFO,train:53] gc len at 440: 118148
21/01/02 20:18:55 585 [INFO,train:89] 440: 0.573 35.32 9984 156
21/01/02 20:18:55 585 [INFO,train:96]         epoch 440 age 0: 0.257 16.91
21/01/02 20:18:57 367 [INFO,train:96]         epoch 440 age 1: 0.139 9.42
21/01/02 20:18:59 140 [INFO,train:96]         epoch 440 age 2: 0.101 7.06
21/01/02 20:29:21 450 [INFO,train:53] gc len at 460: 106408
21/01/02 20:29:50 422 [INFO,train:89] 460: 0.655 38.52 9984 156
21/01/02 20:29:50 422 [INFO,train:96]         epoch 460 age 0: 0.290 17.55
21/01/02 20:29:52 195 [INFO,train:96]         epoch 460 age 1: 0.151 9.79
21/01/02 20:29:53 969 [INFO,train:96]         epoch 460 age 2: 0.108 7.44
21/01/02 20:40:19 830 [INFO,train:53] gc len at 480: 106102
21/01/02 20:40:20 252 [INFO,benchmark:264] start benchmark against MrGreed for 512x2
21/01/02 20:40:49 082 [INFO,train:89] 480: 0.593 43.49 9984 156
21/01/02 20:40:49 082 [INFO,train:96]         epoch 480 age 0: 0.269 19.88
21/01/02 20:40:50 864 [INFO,train:96]         epoch 480 age 1: 0.151 11.76
21/01/02 20:40:52 631 [INFO,train:96]         epoch 480 age 2: 0.112 8.44
21/01/02 20:50:05 830 [INFO,benchmark:289] benchmark at epoch 480's result: -41.30 7.95
21/01/02 20:51:16 521 [INFO,train:53] gc len at 500: 119371
21/01/02 20:51:45 863 [INFO,train:89] 500: 0.607 37.86 9984 156
21/01/02 20:51:45 864 [INFO,train:96]         epoch 500 age 0: 0.273 17.63
21/01/02 20:51:48 039 [INFO,train:96]         epoch 500 age 1: 0.147 9.22
21/01/02 20:51:50 239 [INFO,train:96]         epoch 500 age 2: 0.105 6.89
21/01/02 21:02:18 096 [INFO,train:53] gc len at 520: 117399
21/01/02 21:02:47 719 [INFO,train:89] 520: 0.636 38.44 9984 156
21/01/02 21:02:47 719 [INFO,train:96]         epoch 520 age 0: 0.281 17.65
21/01/02 21:02:49 493 [INFO,train:96]         epoch 520 age 1: 0.147 9.91
21/01/02 21:02:51 269 [INFO,train:96]         epoch 520 age 2: 0.103 6.91
21/01/02 21:13:12 881 [INFO,train:53] gc len at 540: 117149
21/01/02 21:13:41 901 [INFO,train:89] 540: 0.573 38.71 9984 156
21/01/02 21:13:41 901 [INFO,train:96]         epoch 540 age 0: 0.264 18.50
21/01/02 21:13:43 675 [INFO,train:96]         epoch 540 age 1: 0.143 10.50
21/01/02 21:13:45 458 [INFO,train:96]         epoch 540 age 2: 0.107 7.67
21/01/02 21:24:01 215 [INFO,train:53] gc len at 560: 120898
21/01/02 21:24:01 672 [INFO,benchmark:264] start benchmark against MrGreed for 512x2
21/01/02 21:24:30 123 [INFO,train:89] 560: 0.586 42.12 9984 156
21/01/02 21:24:30 124 [INFO,train:96]         epoch 560 age 0: 0.265 19.09
21/01/02 21:24:31 899 [INFO,train:96]         epoch 560 age 1: 0.143 11.00
21/01/02 21:24:33 682 [INFO,train:96]         epoch 560 age 2: 0.105 7.78
21/01/02 21:33:46 498 [INFO,benchmark:289] benchmark at epoch 560's result: -34.18 8.08
21/01/02 21:34:54 676 [INFO,train:53] gc len at 580: 116549
21/01/02 21:35:23 268 [INFO,train:89] 580: 0.604 39.05 9984 156
21/01/02 21:35:23 269 [INFO,train:96]         epoch 580 age 0: 0.270 18.24
21/01/02 21:35:25 040 [INFO,train:96]         epoch 580 age 1: 0.144 10.29
21/01/02 21:35:26 811 [INFO,train:96]         epoch 580 age 2: 0.104 7.33
21/01/02 21:45:50 182 [INFO,train:53] gc len at 600: 114784
21/01/02 21:46:19 429 [INFO,train:89] 600: 0.579 35.08 9984 156
21/01/02 21:46:19 429 [INFO,train:96]         epoch 600 age 0: 0.264 16.92
21/01/02 21:46:21 200 [INFO,train:96]         epoch 600 age 1: 0.143 9.68
21/01/02 21:46:22 971 [INFO,train:96]         epoch 600 age 2: 0.103 7.23
21/01/02 21:56:46 656 [INFO,train:53] gc len at 620: 112991
21/01/02 21:57:16 063 [INFO,train:89] 620: 0.594 45.27 9984 156
21/01/02 21:57:16 063 [INFO,train:96]         epoch 620 age 0: 0.266 19.90
21/01/02 21:57:17 834 [INFO,train:96]         epoch 620 age 1: 0.142 12.17
21/01/02 21:57:19 646 [INFO,train:96]         epoch 620 age 2: 0.102 8.13
21/01/02 22:07:39 706 [INFO,train:53] gc len at 640: 106265
21/01/02 22:07:40 164 [INFO,benchmark:264] start benchmark against MrGreed for 512x2
21/01/02 22:08:09 399 [INFO,train:89] 640: 0.604 43.05 9984 156
21/01/02 22:08:09 400 [INFO,train:96]         epoch 640 age 0: 0.271 19.11
21/01/02 22:08:11 496 [INFO,train:96]         epoch 640 age 1: 0.146 11.05
21/01/02 22:08:13 708 [INFO,train:96]         epoch 640 age 2: 0.105 7.58
21/01/02 22:17:21 021 [INFO,benchmark:289] benchmark at epoch 640's result: -42.31 8.18
21/01/02 22:18:36 076 [INFO,train:53] gc len at 660: 110964
21/01/02 22:19:05 312 [INFO,train:89] 660: 0.597 40.59 9984 156
21/01/02 22:19:05 313 [INFO,train:96]         epoch 660 age 0: 0.269 18.20
21/01/02 22:19:07 078 [INFO,train:96]         epoch 660 age 1: 0.144 10.25
21/01/02 22:19:08 840 [INFO,train:96]         epoch 660 age 2: 0.104 7.12
21/01/02 22:29:33 680 [INFO,train:53] gc len at 680: 102517
21/01/02 22:30:02 645 [INFO,train:89] 680: 0.604 35.73 9984 156
21/01/02 22:30:02 645 [INFO,train:96]         epoch 680 age 0: 0.267 17.02
21/01/02 22:30:04 425 [INFO,train:96]         epoch 680 age 1: 0.142 9.69
21/01/02 22:30:06 204 [INFO,train:96]         epoch 680 age 2: 0.103 7.16
21/01/02 22:40:26 301 [INFO,train:53] gc len at 700: 121725
21/01/02 22:40:55 406 [INFO,train:89] 700: 0.613 40.15 9984 156
21/01/02 22:40:55 407 [INFO,train:96]         epoch 700 age 0: 0.273 18.59
21/01/02 22:40:57 179 [INFO,train:96]         epoch 700 age 1: 0.142 10.50
21/01/02 22:40:58 952 [INFO,train:96]         epoch 700 age 2: 0.102 7.53
21/01/02 22:51:22 095 [INFO,train:53] gc len at 720: 104997
21/01/02 22:51:22 539 [INFO,benchmark:264] start benchmark against MrGreed for 512x2
21/01/02 22:51:51 482 [INFO,train:89] 720: 0.604 39.68 9984 156
21/01/02 22:51:51 482 [INFO,train:96]         epoch 720 age 0: 0.268 17.99
21/01/02 22:51:53 258 [INFO,train:96]         epoch 720 age 1: 0.146 10.27
21/01/02 22:51:55 033 [INFO,train:96]         epoch 720 age 2: 0.104 7.45
21/01/02 23:01:09 851 [INFO,benchmark:289] benchmark at epoch 720's result: -44.34 8.63
21/01/02 23:02:18 479 [INFO,train:53] gc len at 740: 108163
21/01/02 23:02:47 407 [INFO,train:89] 740: 0.596 38.16 9984 156
21/01/02 23:02:47 407 [INFO,train:96]         epoch 740 age 0: 0.263 17.32
21/01/02 23:02:49 178 [INFO,train:96]         epoch 740 age 1: 0.140 9.71
21/01/02 23:02:50 953 [INFO,train:96]         epoch 740 age 2: 0.100 7.01
21/01/02 23:13:16 860 [INFO,train:53] gc len at 760: 117400
21/01/02 23:13:46 739 [INFO,train:89] 760: 0.590 36.39 9984 156
21/01/02 23:13:46 739 [INFO,train:96]         epoch 760 age 0: 0.264 16.93
21/01/02 23:13:48 916 [INFO,train:96]         epoch 760 age 1: 0.133 9.57
21/01/02 23:13:51 073 [INFO,train:96]         epoch 760 age 2: 0.096 7.07
21/01/02 23:24:29 232 [INFO,train:53] gc len at 780: 111646
21/01/02 23:24:58 133 [INFO,train:89] 780: 0.602 37.36 9984 156
21/01/02 23:24:58 133 [INFO,train:96]         epoch 780 age 0: 0.269 18.13
21/01/02 23:24:59 896 [INFO,train:96]         epoch 780 age 1: 0.144 10.42
21/01/02 23:25:01 667 [INFO,train:96]         epoch 780 age 2: 0.106 8.15
21/01/02 23:35:19 605 [INFO,train:53] gc len at 800: 115756
21/01/02 23:35:20 050 [INFO,benchmark:264] start benchmark against MrGreed for 512x2
21/01/02 23:35:48 936 [INFO,train:89] 800: 0.577 36.29 9984 156
21/01/02 23:35:48 936 [INFO,train:96]         epoch 800 age 0: 0.260 17.14
21/01/02 23:35:50 715 [INFO,train:96]         epoch 800 age 1: 0.135 9.39
21/01/02 23:35:52 498 [INFO,train:96]         epoch 800 age 2: 0.096 6.89
21/01/02 23:45:06 184 [INFO,benchmark:289] benchmark at epoch 800's result: -24.74 7.88
21/01/02 23:46:16 366 [INFO,train:53] gc len at 820: 115850
21/01/02 23:46:45 126 [INFO,train:89] 820: 0.605 37.92 9984 156
21/01/02 23:46:45 126 [INFO,train:96]         epoch 820 age 0: 0.268 17.23
21/01/02 23:46:46 898 [INFO,train:96]         epoch 820 age 1: 0.137 9.67
21/01/02 23:46:48 846 [INFO,train:96]         epoch 820 age 2: 0.100 7.15
21/01/02 23:57:14 756 [INFO,train:53] gc len at 840: 118206
21/01/02 23:57:44 113 [INFO,train:89] 840: 0.598 37.65 9984 156
21/01/02 23:57:44 113 [INFO,train:96]         epoch 840 age 0: 0.268 17.51
21/01/02 23:57:45 887 [INFO,train:96]         epoch 840 age 1: 0.140 9.73
21/01/02 23:57:47 667 [INFO,train:96]         epoch 840 age 2: 0.102 7.01
21/01/03 00:08:09 779 [INFO,train:53] gc len at 860: 104516
21/01/03 00:08:39 419 [INFO,train:89] 860: 0.608 44.01 9984 156
21/01/03 00:08:39 419 [INFO,train:96]         epoch 860 age 0: 0.272 19.34
21/01/03 00:08:41 192 [INFO,train:96]         epoch 860 age 1: 0.144 11.42
21/01/03 00:08:42 967 [INFO,train:96]         epoch 860 age 2: 0.103 8.36
21/01/03 00:19:02 350 [INFO,train:53] gc len at 880: 109650
21/01/03 00:19:02 792 [INFO,benchmark:264] start benchmark against MrGreed for 512x2
21/01/03 00:19:32 059 [INFO,train:89] 880: 0.581 33.78 9984 156
21/01/03 00:19:32 059 [INFO,train:96]         epoch 880 age 0: 0.258 15.98
21/01/03 00:19:33 831 [INFO,train:96]         epoch 880 age 1: 0.135 9.05
21/01/03 00:19:35 595 [INFO,train:96]         epoch 880 age 2: 0.097 6.86
21/01/03 00:28:56 539 [INFO,benchmark:289] benchmark at epoch 880's result: -25.07 8.06
21/01/03 00:29:58 310 [INFO,train:53] gc len at 900: 119733
21/01/03 00:30:27 218 [INFO,train:89] 900: 0.597 39.63 9984 156
21/01/03 00:30:27 218 [INFO,train:96]         epoch 900 age 0: 0.263 17.81
21/01/03 00:30:28 995 [INFO,train:96]         epoch 900 age 1: 0.136 10.06
21/01/03 00:30:30 760 [INFO,train:96]         epoch 900 age 2: 0.098 7.30
21/01/03 00:40:58 173 [INFO,train:53] gc len at 920: 105926
21/01/03 00:41:26 941 [INFO,train:89] 920: 0.595 41.00 9984 156
21/01/03 00:41:26 942 [INFO,train:96]         epoch 920 age 0: 0.265 18.63
21/01/03 00:41:28 719 [INFO,train:96]         epoch 920 age 1: 0.140 11.19
21/01/03 00:41:30 488 [INFO,train:96]         epoch 920 age 2: 0.097 7.84
21/01/03 00:51:49 664 [INFO,train:53] gc len at 940: 119064
21/01/03 00:52:18 109 [INFO,train:89] 940: 0.600 38.63 9984 156
21/01/03 00:52:18 109 [INFO,train:96]         epoch 940 age 0: 0.264 17.80
21/01/03 00:52:19 880 [INFO,train:96]         epoch 940 age 1: 0.137 10.24
21/01/03 00:52:21 650 [INFO,train:96]         epoch 940 age 2: 0.097 7.39
21/01/03 01:02:40 517 [INFO,train:53] gc len at 960: 104011
21/01/03 01:02:40 971 [INFO,benchmark:264] start benchmark against MrGreed for 512x2
21/01/03 01:03:09 948 [INFO,train:89] 960: 0.605 33.09 9984 156
21/01/03 01:03:09 948 [INFO,train:96]         epoch 960 age 0: 0.267 15.44
21/01/03 01:03:11 730 [INFO,train:96]         epoch 960 age 1: 0.134 8.64
21/01/03 01:03:13 500 [INFO,train:96]         epoch 960 age 2: 0.096 6.39
21/01/03 01:12:28 752 [INFO,benchmark:289] benchmark at epoch 960's result: -17.74 8.06
21/01/03 01:13:40 514 [INFO,train:53] gc len at 980: 119473
21/01/03 01:14:09 460 [INFO,train:89] 980: 0.603 35.39 9984 156
21/01/03 01:14:09 460 [INFO,train:96]         epoch 980 age 0: 0.266 16.86
21/01/03 01:14:11 231 [INFO,train:96]         epoch 980 age 1: 0.137 9.78
21/01/03 01:14:13 007 [INFO,train:96]         epoch 980 age 2: 0.097 7.17
21/01/03 01:24:40 234 [INFO,train:53] gc len at 1000: 104741
21/01/03 01:25:09 594 [INFO,train:89] 1000: 0.595 39.76 9984 156
21/01/03 01:25:09 594 [INFO,train:96]         epoch 1000 age 0: 0.264 17.78
21/01/03 01:25:11 367 [INFO,train:96]         epoch 1000 age 1: 0.135 9.79
21/01/03 01:25:13 145 [INFO,train:96]         epoch 1000 age 2: 0.097 7.01
21/01/03 01:35:36 742 [INFO,train:53] gc len at 1020: 111724
21/01/03 01:36:05 548 [INFO,train:89] 1020: 0.615 37.70 9984 156
21/01/03 01:36:05 548 [INFO,train:96]         epoch 1020 age 0: 0.269 18.05
21/01/03 01:36:07 317 [INFO,train:96]         epoch 1020 age 1: 0.139 10.70
21/01/03 01:36:09 094 [INFO,train:96]         epoch 1020 age 2: 0.099 7.53
21/01/03 01:46:39 759 [INFO,train:53] gc len at 1040: 116911
21/01/03 01:46:40 217 [INFO,benchmark:264] start benchmark against MrGreed for 512x2
21/01/03 01:47:08 936 [INFO,train:89] 1040: 0.584 43.24 9984 156
21/01/03 01:47:08 936 [INFO,train:96]         epoch 1040 age 0: 0.257 18.53
21/01/03 01:47:10 720 [INFO,train:96]         epoch 1040 age 1: 0.134 10.93
21/01/03 01:47:12 491 [INFO,train:96]         epoch 1040 age 2: 0.094 7.51
21/01/03 01:56:26 033 [INFO,benchmark:289] benchmark at epoch 1040's result: -20.74 8.30
21/01/03 01:57:40 800 [INFO,train:53] gc len at 1060: 101716
21/01/03 01:58:09 589 [INFO,train:89] 1060: 0.583 44.08 9984 156
21/01/03 01:58:09 590 [INFO,train:96]         epoch 1060 age 0: 0.264 19.51
21/01/03 01:58:11 516 [INFO,train:96]         epoch 1060 age 1: 0.141 11.21
21/01/03 01:58:13 498 [INFO,train:96]         epoch 1060 age 2: 0.103 7.99
21/01/03 02:08:39 399 [INFO,train:53] gc len at 1080: 106556
21/01/03 02:09:08 219 [INFO,train:89] 1080: 0.603 38.64 9984 156
21/01/03 02:09:08 220 [INFO,train:96]         epoch 1080 age 0: 0.268 17.51
21/01/03 02:09:09 995 [INFO,train:96]         epoch 1080 age 1: 0.144 9.96
21/01/03 02:09:11 771 [INFO,train:96]         epoch 1080 age 2: 0.102 7.29
21/01/03 02:19:42 556 [INFO,train:53] gc len at 1100: 109134
21/01/03 02:20:11 892 [INFO,train:89] 1100: 0.605 38.69 9984 156
21/01/03 02:20:11 892 [INFO,train:96]         epoch 1100 age 0: 0.267 17.55
21/01/03 02:20:14 071 [INFO,train:96]         epoch 1100 age 1: 0.136 9.92
21/01/03 02:20:16 251 [INFO,train:96]         epoch 1100 age 2: 0.099 7.05
21/01/03 02:30:34 864 [INFO,train:53] gc len at 1120: 105501
21/01/03 02:30:35 335 [INFO,benchmark:264] start benchmark against MrGreed for 512x2
21/01/03 02:31:04 377 [INFO,train:89] 1120: 0.564 33.96 9984 156
21/01/03 02:31:04 378 [INFO,train:96]         epoch 1120 age 0: 0.254 16.51
21/01/03 02:31:06 151 [INFO,train:96]         epoch 1120 age 1: 0.136 9.88
21/01/03 02:31:07 906 [INFO,train:96]         epoch 1120 age 2: 0.098 6.80
21/01/03 02:40:20 307 [INFO,benchmark:289] benchmark at epoch 1120's result: -10.95 8.42
21/01/03 02:41:37 007 [INFO,train:53] gc len at 1140: 115428
21/01/03 02:42:06 295 [INFO,train:89] 1140: 0.593 39.80 9984 156
21/01/03 02:42:06 295 [INFO,train:96]         epoch 1140 age 0: 0.264 17.66
21/01/03 02:42:08 475 [INFO,train:96]         epoch 1140 age 1: 0.141 10.18
21/01/03 02:42:10 557 [INFO,train:96]         epoch 1140 age 2: 0.103 7.28
21/01/03 02:52:41 096 [INFO,train:53] gc len at 1160: 119871
21/01/03 02:53:10 471 [INFO,train:89] 1160: 0.591 36.25 9984 156
21/01/03 02:53:10 471 [INFO,train:96]         epoch 1160 age 0: 0.262 16.81
21/01/03 02:53:12 245 [INFO,train:96]         epoch 1160 age 1: 0.136 9.89
21/01/03 02:53:14 021 [INFO,train:96]         epoch 1160 age 2: 0.098 6.89
21/01/03 03:03:39 811 [INFO,train:53] gc len at 1180: 108993
21/01/03 03:04:08 573 [INFO,train:89] 1180: 0.588 34.66 9984 156
21/01/03 03:04:08 573 [INFO,train:96]         epoch 1180 age 0: 0.263 16.35
21/01/03 03:04:10 344 [INFO,train:96]         epoch 1180 age 1: 0.136 9.28
21/01/03 03:04:12 109 [INFO,train:96]         epoch 1180 age 2: 0.095 6.78
21/01/03 03:14:29 000 [INFO,train:53] gc len at 1200: 116091
21/01/03 03:14:30 429 [INFO,benchmark:264] start benchmark against MrGreed for 512x2
21/01/03 03:14:59 450 [INFO,train:89] 1200: 0.577 36.70 9984 156
21/01/03 03:14:59 450 [INFO,train:96]         epoch 1200 age 0: 0.255 17.04
21/01/03 03:15:01 236 [INFO,train:96]         epoch 1200 age 1: 0.129 9.49
21/01/03 03:15:03 023 [INFO,train:96]         epoch 1200 age 2: 0.094 6.98
21/01/03 03:24:11 168 [INFO,benchmark:289] benchmark at epoch 1200's result: -4.79 8.18
21/01/03 03:25:24 138 [INFO,train:53] gc len at 1220: 117469
21/01/03 03:25:53 713 [INFO,train:89] 1220: 0.606 38.80 9984 156
21/01/03 03:25:53 714 [INFO,train:96]         epoch 1220 age 0: 0.270 17.81
21/01/03 03:25:55 485 [INFO,train:96]         epoch 1220 age 1: 0.141 10.20
21/01/03 03:25:57 267 [INFO,train:96]         epoch 1220 age 2: 0.102 7.33
21/01/03 03:36:24 557 [INFO,train:53] gc len at 1240: 116146
21/01/03 03:36:53 595 [INFO,train:89] 1240: 0.567 35.13 9984 156
21/01/03 03:36:53 595 [INFO,train:96]         epoch 1240 age 0: 0.257 16.56
21/01/03 03:36:55 369 [INFO,train:96]         epoch 1240 age 1: 0.132 9.38
21/01/03 03:36:57 140 [INFO,train:96]         epoch 1240 age 2: 0.095 6.40
21/01/03 03:47:16 059 [INFO,train:53] gc len at 1260: 118268
21/01/03 03:47:45 444 [INFO,train:89] 1260: 0.587 42.38 9984 156
21/01/03 03:47:45 444 [INFO,train:96]         epoch 1260 age 0: 0.258 18.67
21/01/03 03:47:47 216 [INFO,train:96]         epoch 1260 age 1: 0.134 10.66
21/01/03 03:47:49 245 [INFO,train:96]         epoch 1260 age 2: 0.096 7.78
21/01/03 03:58:13 569 [INFO,train:53] gc len at 1280: 117618
21/01/03 03:58:14 004 [INFO,benchmark:264] start benchmark against MrGreed for 512x2
21/01/03 03:58:43 162 [INFO,train:89] 1280: 0.651 39.79 9984 156
21/01/03 03:58:43 162 [INFO,train:96]         epoch 1280 age 0: 0.284 18.30
21/01/03 03:58:44 932 [INFO,train:96]         epoch 1280 age 1: 0.144 10.34
21/01/03 03:58:46 707 [INFO,train:96]         epoch 1280 age 2: 0.101 7.79
21/01/03 04:07:58 413 [INFO,benchmark:289] benchmark at epoch 1280's result: -12.25 8.35
21/01/03 04:09:14 974 [INFO,train:53] gc len at 1300: 109648
21/01/03 04:09:44 088 [INFO,train:89] 1300: 0.575 37.24 9984 156
21/01/03 04:09:44 088 [INFO,train:96]         epoch 1300 age 0: 0.255 17.07
21/01/03 04:09:45 860 [INFO,train:96]         epoch 1300 age 1: 0.132 9.83
21/01/03 04:09:47 638 [INFO,train:96]         epoch 1300 age 2: 0.095 7.27
21/01/03 04:20:13 334 [INFO,train:53] gc len at 1320: 110436
21/01/03 04:20:43 298 [INFO,train:89] 1320: 0.619 36.06 9984 156
21/01/03 04:20:43 298 [INFO,train:96]         epoch 1320 age 0: 0.271 16.68
21/01/03 04:20:45 071 [INFO,train:96]         epoch 1320 age 1: 0.139 9.77
21/01/03 04:20:46 847 [INFO,train:96]         epoch 1320 age 2: 0.099 7.03
21/01/03 04:31:16 321 [INFO,train:53] gc len at 1340: 116338
21/01/03 04:31:45 753 [INFO,train:89] 1340: 0.587 34.43 9984 156
21/01/03 04:31:45 753 [INFO,train:96]         epoch 1340 age 0: 0.261 15.88
21/01/03 04:31:47 529 [INFO,train:96]         epoch 1340 age 1: 0.136 8.88
21/01/03 04:31:49 301 [INFO,train:96]         epoch 1340 age 2: 0.097 6.57
21/01/03 04:42:11 130 [INFO,train:53] gc len at 1360: 116482
21/01/03 04:42:11 575 [INFO,benchmark:264] start benchmark against MrGreed for 512x2
21/01/03 04:42:40 580 [INFO,train:89] 1360: 0.543 33.87 9984 156
21/01/03 04:42:40 580 [INFO,train:96]         epoch 1360 age 0: 0.243 16.53
21/01/03 04:42:42 356 [INFO,train:96]         epoch 1360 age 1: 0.129 9.27
21/01/03 04:42:44 130 [INFO,train:96]         epoch 1360 age 2: 0.094 7.05
21/01/03 04:51:53 143 [INFO,benchmark:289] benchmark at epoch 1360's result: 6.05 8.22
21/01/03 04:53:11 798 [INFO,train:53] gc len at 1380: 119073
21/01/03 04:53:41 188 [INFO,train:89] 1380: 0.598 32.93 9984 156
21/01/03 04:53:41 188 [INFO,train:96]         epoch 1380 age 0: 0.262 15.85
21/01/03 04:53:42 966 [INFO,train:96]         epoch 1380 age 1: 0.133 9.21
21/01/03 04:53:44 733 [INFO,train:96]         epoch 1380 age 2: 0.095 6.80
21/01/03 05:04:10 402 [INFO,train:53] gc len at 1400: 117243
21/01/03 05:04:39 821 [INFO,train:89] 1400: 0.600 36.72 9984 156
21/01/03 05:04:39 821 [INFO,train:96]         epoch 1400 age 0: 0.262 16.48
21/01/03 05:04:41 597 [INFO,train:96]         epoch 1400 age 1: 0.132 9.47
21/01/03 05:04:43 376 [INFO,train:96]         epoch 1400 age 2: 0.094 6.65
21/01/03 05:15:10 708 [INFO,train:53] gc len at 1420: 114228
21/01/03 05:15:39 557 [INFO,train:89] 1420: 0.598 33.18 9984 156
21/01/03 05:15:39 557 [INFO,train:96]         epoch 1420 age 0: 0.264 15.96
21/01/03 05:15:41 329 [INFO,train:96]         epoch 1420 age 1: 0.133 9.21
21/01/03 05:15:43 106 [INFO,train:96]         epoch 1420 age 2: 0.094 6.86
21/01/03 05:26:00 935 [INFO,train:53] gc len at 1440: 114411
21/01/03 05:26:01 388 [INFO,benchmark:264] start benchmark against MrGreed for 512x2
21/01/03 05:26:30 735 [INFO,train:89] 1440: 0.599 34.99 9984 156
21/01/03 05:26:30 735 [INFO,train:96]         epoch 1440 age 0: 0.269 15.85
21/01/03 05:26:32 510 [INFO,train:96]         epoch 1440 age 1: 0.137 9.21
21/01/03 05:26:34 297 [INFO,train:96]         epoch 1440 age 2: 0.100 6.80
21/01/03 05:35:47 080 [INFO,benchmark:289] benchmark at epoch 1440's result: -2.77 7.60
21/01/03 05:36:57 316 [INFO,train:53] gc len at 1460: 106666
21/01/03 05:37:26 107 [INFO,train:89] 1460: 0.599 37.97 9984 156
21/01/03 05:37:26 108 [INFO,train:96]         epoch 1460 age 0: 0.262 17.13
21/01/03 05:37:27 887 [INFO,train:96]         epoch 1460 age 1: 0.136 9.95
21/01/03 05:37:29 667 [INFO,train:96]         epoch 1460 age 2: 0.096 6.91
21/01/03 05:47:54 347 [INFO,train:53] gc len at 1480: 111510
21/01/03 05:48:23 693 [INFO,train:89] 1480: 0.566 34.98 9984 156
21/01/03 05:48:23 693 [INFO,train:96]         epoch 1480 age 0: 0.253 16.33
21/01/03 05:48:25 468 [INFO,train:96]         epoch 1480 age 1: 0.132 9.48
21/01/03 05:48:27 251 [INFO,train:96]         epoch 1480 age 2: 0.094 6.70
21/01/03 05:58:54 843 [INFO,train:53] gc len at 1500: 117909
21/01/03 05:59:23 650 [INFO,train:89] 1500: 0.581 35.54 9984 156
21/01/03 05:59:23 651 [INFO,train:96]         epoch 1500 age 0: 0.257 16.38
21/01/03 05:59:25 402 [INFO,train:96]         epoch 1500 age 1: 0.132 8.98
21/01/03 05:59:27 472 [INFO,train:96]         epoch 1500 age 2: 0.095 6.62
21/01/03 06:09:49 355 [INFO,train:53] gc len at 1520: 100837
21/01/03 06:09:49 810 [INFO,benchmark:264] start benchmark against MrGreed for 512x2
21/01/03 06:10:19 249 [INFO,train:89] 1520: 0.593 41.55 9984 156
21/01/03 06:10:19 249 [INFO,train:96]         epoch 1520 age 0: 0.262 18.55
21/01/03 06:10:21 011 [INFO,train:96]         epoch 1520 age 1: 0.137 10.56
21/01/03 06:10:22 787 [INFO,train:96]         epoch 1520 age 2: 0.096 7.66
21/01/03 06:19:42 384 [INFO,benchmark:289] benchmark at epoch 1520's result: -0.16 8.40
21/01/03 06:20:54 924 [INFO,train:53] gc len at 1540: 115471
21/01/03 06:21:24 337 [INFO,train:89] 1540: 0.569 34.64 9984 156
21/01/03 06:21:24 338 [INFO,train:96]         epoch 1540 age 0: 0.251 16.03
21/01/03 06:21:26 334 [INFO,train:96]         epoch 1540 age 1: 0.128 8.82
21/01/03 06:21:28 375 [INFO,train:96]         epoch 1540 age 2: 0.093 6.17
21/01/03 06:31:59 123 [INFO,train:53] gc len at 1560: 111183
21/01/03 06:32:28 759 [INFO,train:89] 1560: 0.604 35.87 9984 156
21/01/03 06:32:28 759 [INFO,train:96]         epoch 1560 age 0: 0.262 17.19
21/01/03 06:32:30 532 [INFO,train:96]         epoch 1560 age 1: 0.135 10.45
21/01/03 06:32:32 304 [INFO,train:96]         epoch 1560 age 2: 0.096 7.49
21/01/03 06:42:53 350 [INFO,train:53] gc len at 1580: 106554
21/01/03 06:43:22 299 [INFO,train:89] 1580: 0.575 35.68 9984 156
21/01/03 06:43:22 300 [INFO,train:96]         epoch 1580 age 0: 0.258 16.55
21/01/03 06:43:24 078 [INFO,train:96]         epoch 1580 age 1: 0.130 9.69
21/01/03 06:43:25 858 [INFO,train:96]         epoch 1580 age 2: 0.093 7.26
21/01/03 06:53:45 298 [INFO,train:53] gc len at 1600: 115369
21/01/03 06:53:45 729 [INFO,benchmark:264] start benchmark against MrGreed for 512x2
21/01/03 06:54:14 157 [INFO,train:89] 1600: 0.574 39.46 9984 156
21/01/03 06:54:14 158 [INFO,train:96]         epoch 1600 age 0: 0.253 17.44
21/01/03 06:54:15 942 [INFO,train:96]         epoch 1600 age 1: 0.132 9.96
21/01/03 06:54:17 720 [INFO,train:96]         epoch 1600 age 2: 0.094 7.11
21/01/03 07:03:36 306 [INFO,benchmark:289] benchmark at epoch 1600's result: -9.02 8.31
21/01/03 07:04:44 849 [INFO,train:53] gc len at 1620: 106727
21/01/03 07:05:14 707 [INFO,train:89] 1620: 0.590 37.71 9984 156
21/01/03 07:05:14 707 [INFO,train:96]         epoch 1620 age 0: 0.256 16.92
21/01/03 07:05:16 700 [INFO,train:96]         epoch 1620 age 1: 0.130 9.63
21/01/03 07:05:18 518 [INFO,train:96]         epoch 1620 age 2: 0.092 6.65
21/01/03 07:15:52 148 [INFO,train:53] gc len at 1640: 114064
21/01/03 07:16:21 639 [INFO,train:89] 1640: 0.557 36.91 9984 156
21/01/03 07:16:21 639 [INFO,train:96]         epoch 1640 age 0: 0.248 16.73
21/01/03 07:16:23 420 [INFO,train:96]         epoch 1640 age 1: 0.128 9.90
21/01/03 07:16:25 189 [INFO,train:96]         epoch 1640 age 2: 0.093 7.14
21/01/03 07:26:47 614 [INFO,train:53] gc len at 1660: 106481
21/01/03 07:27:16 610 [INFO,train:89] 1660: 0.568 33.78 9984 156
21/01/03 07:27:16 610 [INFO,train:96]         epoch 1660 age 0: 0.251 15.62
21/01/03 07:27:18 374 [INFO,train:96]         epoch 1660 age 1: 0.130 8.71
21/01/03 07:27:20 144 [INFO,train:96]         epoch 1660 age 2: 0.092 6.28
21/01/03 07:37:39 238 [INFO,train:53] gc len at 1680: 104707
21/01/03 07:37:39 689 [INFO,benchmark:264] start benchmark against MrGreed for 512x2
21/01/03 07:38:09 195 [INFO,train:89] 1680: 0.579 35.26 9984 156
21/01/03 07:38:09 195 [INFO,train:96]         epoch 1680 age 0: 0.257 15.99
21/01/03 07:38:10 967 [INFO,train:96]         epoch 1680 age 1: 0.132 9.19
21/01/03 07:38:12 728 [INFO,train:96]         epoch 1680 age 2: 0.094 6.40
21/01/03 07:47:27 707 [INFO,benchmark:289] benchmark at epoch 1680's result: 0.28 8.00
21/01/03 07:48:42 936 [INFO,train:53] gc len at 1700: 113177
21/01/03 07:49:12 399 [INFO,train:89] 1700: 0.578 38.27 9984 156
21/01/03 07:49:12 400 [INFO,train:96]         epoch 1700 age 0: 0.258 17.13
21/01/03 07:49:14 192 [INFO,train:96]         epoch 1700 age 1: 0.134 9.60
21/01/03 07:49:15 969 [INFO,train:96]         epoch 1700 age 2: 0.096 6.86
21/01/03 07:59:47 524 [INFO,train:53] gc len at 1720: 118455
21/01/03 08:00:17 076 [INFO,train:89] 1720: 0.569 33.54 9984 156
21/01/03 08:00:17 077 [INFO,train:96]         epoch 1720 age 0: 0.252 15.66
21/01/03 08:00:18 851 [INFO,train:96]         epoch 1720 age 1: 0.132 8.67
21/01/03 08:00:20 625 [INFO,train:96]         epoch 1720 age 2: 0.094 6.32
21/01/03 08:10:48 174 [INFO,train:53] gc len at 1740: 113429
21/01/03 08:11:17 390 [INFO,train:89] 1740: 0.579 32.49 9984 156
21/01/03 08:11:17 391 [INFO,train:96]         epoch 1740 age 0: 0.253 15.51
21/01/03 08:11:19 162 [INFO,train:96]         epoch 1740 age 1: 0.124 8.84
21/01/03 08:11:20 936 [INFO,train:96]         epoch 1740 age 2: 0.089 6.81
21/01/03 08:21:38 209 [INFO,train:53] gc len at 1760: 106260
21/01/03 08:21:38 649 [INFO,benchmark:264] start benchmark against MrGreed for 512x2
21/01/03 08:22:07 980 [INFO,train:89] 1760: 0.560 31.44 9984 156
21/01/03 08:22:07 981 [INFO,train:96]         epoch 1760 age 0: 0.250 14.94
21/01/03 08:22:09 754 [INFO,train:96]         epoch 1760 age 1: 0.131 8.38
21/01/03 08:22:11 525 [INFO,train:96]         epoch 1760 age 2: 0.096 6.40
21/01/03 08:31:33 369 [INFO,benchmark:289] benchmark at epoch 1760's result: -6.19 8.02
21/01/03 08:32:38 622 [INFO,train:53] gc len at 1780: 106877
21/01/03 08:33:07 882 [INFO,train:89] 1780: 0.560 34.26 9984 156
21/01/03 08:33:07 882 [INFO,train:96]         epoch 1780 age 0: 0.252 15.74
21/01/03 08:33:09 687 [INFO,train:96]         epoch 1780 age 1: 0.129 8.90
21/01/03 08:33:11 461 [INFO,train:96]         epoch 1780 age 2: 0.092 6.69
21/01/03 08:43:40 278 [INFO,train:53] gc len at 1800: 119989
21/01/03 08:44:09 986 [INFO,train:89] 1800: 0.602 36.73 9984 156
21/01/03 08:44:09 986 [INFO,train:96]         epoch 1800 age 0: 0.260 16.57
21/01/03 08:44:11 764 [INFO,train:96]         epoch 1800 age 1: 0.132 9.79
21/01/03 08:44:13 550 [INFO,train:96]         epoch 1800 age 2: 0.093 6.84
21/01/03 08:54:34 438 [INFO,train:53] gc len at 1820: 115364
21/01/03 08:55:03 712 [INFO,train:89] 1820: 0.619 38.85 9984 156
21/01/03 08:55:03 712 [INFO,train:96]         epoch 1820 age 0: 0.267 17.14
21/01/03 08:55:05 485 [INFO,train:96]         epoch 1820 age 1: 0.142 9.88
21/01/03 08:55:07 251 [INFO,train:96]         epoch 1820 age 2: 0.099 6.78
21/01/03 09:05:31 462 [INFO,train:53] gc len at 1840: 102158
21/01/03 09:05:31 955 [INFO,benchmark:264] start benchmark against MrGreed for 512x2
21/01/03 09:06:00 920 [INFO,train:89] 1840: 0.542 31.08 9984 156
21/01/03 09:06:00 921 [INFO,train:96]         epoch 1840 age 0: 0.244 14.70
21/01/03 09:06:02 695 [INFO,train:96]         epoch 1840 age 1: 0.126 8.31
21/01/03 09:06:04 475 [INFO,train:96]         epoch 1840 age 2: 0.091 6.33
21/01/03 09:15:22 050 [INFO,benchmark:289] benchmark at epoch 1840's result: 11.77 8.15
21/01/03 09:16:32 475 [INFO,train:53] gc len at 1860: 103361
21/01/03 09:17:01 340 [INFO,train:89] 1860: 0.586 36.33 9984 156
21/01/03 09:17:01 340 [INFO,train:96]         epoch 1860 age 0: 0.256 16.64
21/01/03 09:17:03 128 [INFO,train:96]         epoch 1860 age 1: 0.132 9.39
21/01/03 09:17:04 905 [INFO,train:96]         epoch 1860 age 2: 0.093 6.93
21/01/03 09:27:34 348 [INFO,train:53] gc len at 1880: 115628
21/01/03 09:28:03 535 [INFO,train:89] 1880: 0.548 37.89 9984 156
21/01/03 09:28:03 535 [INFO,train:96]         epoch 1880 age 0: 0.243 17.13
21/01/03 09:28:05 309 [INFO,train:96]         epoch 1880 age 1: 0.123 9.29
21/01/03 09:28:07 081 [INFO,train:96]         epoch 1880 age 2: 0.087 6.72
21/01/03 09:38:27 334 [INFO,train:53] gc len at 1900: 121623
21/01/03 09:38:56 461 [INFO,train:89] 1900: 0.598 33.62 9984 156
21/01/03 09:38:56 462 [INFO,train:96]         epoch 1900 age 0: 0.258 15.93
21/01/03 09:38:58 241 [INFO,train:96]         epoch 1900 age 1: 0.128 8.96
21/01/03 09:39:00 007 [INFO,train:96]         epoch 1900 age 2: 0.089 6.64
21/01/03 09:49:31 400 [INFO,train:53] gc len at 1920: 116570
21/01/03 09:49:31 851 [INFO,benchmark:264] start benchmark against MrGreed for 512x2
21/01/03 09:50:00 984 [INFO,train:89] 1920: 0.566 31.93 9984 156
21/01/03 09:50:00 984 [INFO,train:96]         epoch 1920 age 0: 0.246 15.06
21/01/03 09:50:02 764 [INFO,train:96]         epoch 1920 age 1: 0.122 8.60
21/01/03 09:50:04 548 [INFO,train:96]         epoch 1920 age 2: 0.089 6.43
21/01/03 09:59:29 998 [INFO,benchmark:289] benchmark at epoch 1920's result: 2.47 8.08
21/01/03 10:00:33 119 [INFO,train:53] gc len at 1940: 104807
21/01/03 10:01:02 435 [INFO,train:89] 1940: 0.583 39.23 9984 156
21/01/03 10:01:02 436 [INFO,train:96]         epoch 1940 age 0: 0.252 17.45
21/01/03 10:01:04 206 [INFO,train:96]         epoch 1940 age 1: 0.124 9.89
21/01/03 10:01:05 980 [INFO,train:96]         epoch 1940 age 2: 0.087 6.59
21/01/03 10:11:34 116 [INFO,train:53] gc len at 1960: 117791
21/01/03 10:12:03 609 [INFO,train:89] 1960: 0.565 32.08 9984 156
21/01/03 10:12:03 609 [INFO,train:96]         epoch 1960 age 0: 0.250 15.60
21/01/03 10:12:05 379 [INFO,train:96]         epoch 1960 age 1: 0.126 9.14
21/01/03 10:12:07 157 [INFO,train:96]         epoch 1960 age 2: 0.088 6.34
21/01/03 10:22:29 591 [INFO,train:53] gc len at 1980: 112342
21/01/03 10:22:58 843 [INFO,train:89] 1980: 0.573 35.09 9984 156
21/01/03 10:22:58 843 [INFO,train:96]         epoch 1980 age 0: 0.253 16.19
21/01/03 10:23:00 613 [INFO,train:96]         epoch 1980 age 1: 0.126 9.48
21/01/03 10:23:02 395 [INFO,train:96]         epoch 1980 age 2: 0.089 6.66
21/01/03 10:33:22 739 [INFO,train:53] gc len at 2000: 115793
21/01/03 10:33:23 178 [INFO,benchmark:264] start benchmark against MrGreed for 512x2
21/01/03 10:33:52 027 [INFO,train:89] 2000: 0.540 34.00 9984 156
21/01/03 10:33:52 027 [INFO,train:96]         epoch 2000 age 0: 0.239 15.97
21/01/03 10:33:53 799 [INFO,train:96]         epoch 2000 age 1: 0.123 8.81
21/01/03 10:33:55 575 [INFO,train:96]         epoch 2000 age 2: 0.088 6.64
21/01/03 10:43:11 559 [INFO,benchmark:289] benchmark at epoch 2000's result: 5.17 8.31
21/01/03 10:44:20 692 [INFO,train:53] gc len at 2020: 111256
21/01/03 10:44:50 190 [INFO,train:89] 2020: 0.596 38.24 9984 156
21/01/03 10:44:50 190 [INFO,train:96]         epoch 2020 age 0: 0.258 17.37
21/01/03 10:44:51 978 [INFO,train:96]         epoch 2020 age 1: 0.127 9.70
21/01/03 10:44:53 754 [INFO,train:96]         epoch 2020 age 2: 0.089 6.95
21/01/03 10:55:27 379 [INFO,train:53] gc len at 2040: 114267
21/01/03 10:55:57 024 [INFO,train:89] 2040: 0.615 35.95 9984 156
21/01/03 10:55:57 024 [INFO,train:96]         epoch 2040 age 0: 0.267 16.87
21/01/03 10:55:59 200 [INFO,train:96]         epoch 2040 age 1: 0.133 9.54
21/01/03 10:56:01 379 [INFO,train:96]         epoch 2040 age 2: 0.092 6.91
21/01/03 11:06:26 419 [INFO,train:53] gc len at 2060: 119690
21/01/03 11:06:55 602 [INFO,train:89] 2060: 0.589 36.16 9984 156
21/01/03 11:06:55 602 [INFO,train:96]         epoch 2060 age 0: 0.254 16.22
21/01/03 11:06:57 385 [INFO,train:96]         epoch 2060 age 1: 0.127 8.89
21/01/03 11:06:59 157 [INFO,train:96]         epoch 2060 age 2: 0.092 6.33
21/01/03 11:17:20 275 [INFO,train:53] gc len at 2080: 101099
21/01/03 11:17:20 726 [INFO,benchmark:264] start benchmark against MrGreed for 512x2
21/01/03 11:17:49 645 [INFO,train:89] 2080: 0.563 33.77 9984 156
21/01/03 11:17:49 646 [INFO,train:96]         epoch 2080 age 0: 0.249 15.47
21/01/03 11:17:51 430 [INFO,train:96]         epoch 2080 age 1: 0.124 8.59
21/01/03 11:17:53 210 [INFO,train:96]         epoch 2080 age 2: 0.088 6.37
21/01/03 11:27:07 595 [INFO,benchmark:289] benchmark at epoch 2080's result: -3.28 7.76
21/01/03 11:28:17 401 [INFO,train:53] gc len at 2100: 117863
21/01/03 11:28:47 116 [INFO,train:89] 2100: 0.595 42.31 9984 156
21/01/03 11:28:47 116 [INFO,train:96]         epoch 2100 age 0: 0.259 18.62
21/01/03 11:28:48 899 [INFO,train:96]         epoch 2100 age 1: 0.133 10.92
21/01/03 11:28:50 683 [INFO,train:96]         epoch 2100 age 2: 0.093 7.87
21/01/03 11:39:23 954 [INFO,train:53] gc len at 2120: 122226
21/01/03 11:39:54 292 [INFO,train:89] 2120: 0.583 34.25 9984 156
21/01/03 11:39:54 292 [INFO,train:96]         epoch 2120 age 0: 0.253 15.90
21/01/03 11:39:56 389 [INFO,train:96]         epoch 2120 age 1: 0.126 9.00
21/01/03 11:39:58 353 [INFO,train:96]         epoch 2120 age 2: 0.089 6.55
21/01/03 11:50:31 811 [INFO,train:53] gc len at 2140: 118076
21/01/03 11:51:01 737 [INFO,train:89] 2140: 0.613 35.70 9984 156
21/01/03 11:51:01 738 [INFO,train:96]         epoch 2140 age 0: 0.261 16.17
21/01/03 11:51:03 906 [INFO,train:96]         epoch 2140 age 1: 0.126 9.01
21/01/03 11:51:06 106 [INFO,train:96]         epoch 2140 age 2: 0.089 6.91
21/01/03 12:01:26 930 [INFO,train:53] gc len at 2160: 106588
21/01/03 12:01:27 381 [INFO,benchmark:264] start benchmark against MrGreed for 512x2
21/01/03 12:01:56 685 [INFO,train:89] 2160: 0.623 35.61 9984 156
21/01/03 12:01:56 685 [INFO,train:96]         epoch 2160 age 0: 0.265 16.19
21/01/03 12:01:58 465 [INFO,train:96]         epoch 2160 age 1: 0.129 8.97
21/01/03 12:02:00 242 [INFO,train:96]         epoch 2160 age 2: 0.088 6.32
21/01/03 12:11:24 353 [INFO,benchmark:289] benchmark at epoch 2160's result: 5.29 7.87
21/01/03 12:12:28 324 [INFO,train:53] gc len at 2180: 115766
21/01/03 12:12:58 313 [INFO,train:89] 2180: 0.564 34.01 9984 156
21/01/03 12:12:58 313 [INFO,train:96]         epoch 2180 age 0: 0.247 15.63
21/01/03 12:13:00 081 [INFO,train:96]         epoch 2180 age 1: 0.122 8.91
21/01/03 12:13:01 850 [INFO,train:96]         epoch 2180 age 2: 0.086 6.63
21/01/03 12:23:32 011 [INFO,train:53] gc len at 2200: 117024
21/01/03 12:24:00 786 [INFO,train:89] 2200: 0.567 33.84 9984 156
21/01/03 12:24:00 787 [INFO,train:96]         epoch 2200 age 0: 0.246 15.98
21/01/03 12:24:02 563 [INFO,train:96]         epoch 2200 age 1: 0.121 9.42
21/01/03 12:24:04 339 [INFO,train:96]         epoch 2200 age 2: 0.085 6.37
21/01/03 12:34:23 987 [INFO,train:53] gc len at 2220: 115244
21/01/03 12:34:53 197 [INFO,train:89] 2220: 0.590 36.61 9984 156
21/01/03 12:34:53 197 [INFO,train:96]         epoch 2220 age 0: 0.252 16.68
21/01/03 12:34:54 972 [INFO,train:96]         epoch 2220 age 1: 0.124 9.56
21/01/03 12:34:56 743 [INFO,train:96]         epoch 2220 age 2: 0.087 6.77
