21/01/05 12:22:28 885 [INFO,main:97] BETA: 0.20, VALUE_RENORMAL: 10, MCTS_EXPL: 30, BENCH_SMP_B: 5, BENCH_SMP_K: 0.0
21/01/05 12:22:28 946 [INFO,main:100] init pv_net: PV_NET [(434, 2048), (2048, 2048), (2048, 512), (512, 512), (512, 512), (512, 512), (512, 512), (512, 512), (512, 512), (512, 512), (512, 512), (512, 512), (512, 512), (512, 512), (512, 512), (512, 512), (512, 512), (512, 512), (512, 512), (512, 512), (512, 512), (512, 512), (512, 512), (512, 52), (512, 1)] 11416629
21/01/05 12:22:47 573 [INFO,main:97] BETA: 0.20, VALUE_RENORMAL: 10, MCTS_EXPL: 30, BENCH_SMP_B: 5, BENCH_SMP_K: 0.0
21/01/05 12:22:47 635 [INFO,main:100] init pv_net: PV_NET [(434, 2048), (2048, 2048), (2048, 512), (512, 512), (512, 512), (512, 512), (512, 512), (512, 512), (512, 512), (512, 512), (512, 512), (512, 512), (512, 512), (512, 512), (512, 512), (512, 512), (512, 512), (512, 512), (512, 512), (512, 512), (512, 512), (512, 512), (512, 512), (512, 52), (512, 1)] 11416629
21/01/05 12:22:47 635 [INFO,train:24] loss2_weight: 0.03, data_rounds: 64, train_mcts_b: 0, train_mcts_k: 2.0, review_number: 3, age_in_epoch: 3
21/01/05 12:22:49 655 [INFO,train:29] optimizer: {'lr': 0.0001, 'betas': (0.3, 0.999), 'eps': 1e-07, 'weight_decay': 0.0001, 'amsgrad': False}
21/01/05 12:22:49 795 [INFO,train:46] gc len at 0: 50571
21/01/05 12:22:50 261 [INFO,benchmark:264] start benchmark against MrGreed for 512x2
21/01/05 12:23:24 120 [INFO,train:82] 0: 0.723 38.41 3328 52
21/01/05 12:23:24 120 [INFO,train:89]         epoch 0 age 0: 0.723 38.41
21/01/05 12:23:24 983 [INFO,train:89]         epoch 0 age 1: 0.189 38.04
21/01/05 12:23:25 846 [INFO,train:89]         epoch 0 age 2: 0.181 36.84
21/01/05 12:23:25 850 [INFO,train:46] gc len at 1: 74567
21/01/05 12:24:00 963 [INFO,train:82] 1: 0.172 31.53 6656 104
21/01/05 12:24:00 963 [INFO,train:89]         epoch 1 age 0: 0.176 34.18
21/01/05 12:24:02 694 [INFO,train:89]         epoch 1 age 1: 0.162 32.19
21/01/05 12:24:04 424 [INFO,train:89]         epoch 1 age 2: 0.150 29.66
21/01/05 12:24:04 430 [INFO,train:46] gc len at 2: 96759
21/01/05 12:24:41 064 [INFO,train:82] 2: 0.204 34.60 9984 156
21/01/05 12:24:41 064 [INFO,train:89]         epoch 2 age 0: 0.168 31.31
21/01/05 12:24:43 661 [INFO,train:89]         epoch 2 age 1: 0.155 27.61
21/01/05 12:24:46 259 [INFO,train:89]         epoch 2 age 2: 0.144 24.42
21/01/05 12:24:46 266 [INFO,train:46] gc len at 3: 110742
21/01/05 12:25:22 496 [INFO,train:82] 3: 0.359 37.40 9984 156
21/01/05 12:25:22 496 [INFO,train:89]         epoch 3 age 0: 0.216 28.75
21/01/05 12:25:25 104 [INFO,train:89]         epoch 3 age 1: 0.199 24.71
21/01/05 12:25:27 693 [INFO,train:89]         epoch 3 age 2: 0.183 21.48
21/01/05 12:25:27 702 [INFO,train:46] gc len at 4: 111600
21/01/05 12:26:04 415 [INFO,train:82] 4: 0.382 40.53 9984 156
21/01/05 12:26:04 416 [INFO,train:89]         epoch 4 age 0: 0.249 27.83
21/01/05 12:26:07 004 [INFO,train:89]         epoch 4 age 1: 0.225 23.40
21/01/05 12:26:09 597 [INFO,train:89]         epoch 4 age 2: 0.211 20.09
21/01/05 12:26:09 605 [INFO,train:46] gc len at 5: 109492
21/01/05 12:26:46 231 [INFO,train:82] 5: 0.463 41.55 9984 156
21/01/05 12:26:46 231 [INFO,train:89]         epoch 5 age 0: 0.295 27.24
21/01/05 12:26:48 834 [INFO,train:89]         epoch 5 age 1: 0.267 22.35
21/01/05 12:26:51 431 [INFO,train:89]         epoch 5 age 2: 0.248 18.65
21/01/05 12:29:37 169 [INFO,train:46] gc len at 10: 114939
21/01/05 12:30:13 362 [INFO,train:82] 10: 0.448 38.51 9984 156
21/01/05 12:30:13 363 [INFO,train:89]         epoch 10 age 0: 0.312 23.55
21/01/05 12:30:15 954 [INFO,train:89]         epoch 10 age 1: 0.264 17.59
21/01/05 12:30:18 556 [INFO,train:89]         epoch 10 age 2: 0.243 14.97
21/01/05 12:33:04 736 [INFO,train:46] gc len at 15: 116581
21/01/05 12:33:40 920 [INFO,train:82] 15: 0.571 47.99 9984 156
21/01/05 12:33:40 920 [INFO,train:89]         epoch 15 age 0: 0.365 25.72
21/01/05 12:33:43 517 [INFO,train:89]         epoch 15 age 1: 0.293 18.09
21/01/05 12:33:46 118 [INFO,train:89]         epoch 15 age 2: 0.254 14.04
21/01/05 12:34:36 233 [INFO,benchmark:289] benchmark at epoch 0's result: -176.81 8.27
21/01/05 12:36:31 927 [INFO,train:46] gc len at 20: 100621
21/01/05 12:37:08 124 [INFO,train:82] 20: 0.590 53.00 9984 156
21/01/05 12:37:08 125 [INFO,train:89]         epoch 20 age 0: 0.339 26.56
21/01/05 12:37:10 720 [INFO,train:89]         epoch 20 age 1: 0.253 17.81
21/01/05 12:37:13 304 [INFO,train:89]         epoch 20 age 2: 0.213 13.55
21/01/05 12:39:58 184 [INFO,train:46] gc len at 25: 110642
21/01/05 12:40:34 459 [INFO,train:82] 25: 0.601 51.12 9984 156
21/01/05 12:40:34 459 [INFO,train:89]         epoch 25 age 0: 0.333 24.96
21/01/05 12:40:37 344 [INFO,train:89]         epoch 25 age 1: 0.238 16.71
21/01/05 12:40:40 221 [INFO,train:89]         epoch 25 age 2: 0.198 12.37
21/01/05 12:50:25 176 [INFO,train:46] gc len at 40: 108535
21/01/05 12:51:01 698 [INFO,train:82] 40: 0.549 44.19 9984 156
21/01/05 12:51:01 698 [INFO,train:89]         epoch 40 age 0: 0.293 22.26
21/01/05 12:51:04 302 [INFO,train:89]         epoch 40 age 1: 0.198 13.92
21/01/05 12:51:06 904 [INFO,train:89]         epoch 40 age 2: 0.163 11.00
21/01/05 13:04:26 035 [INFO,train:46] gc len at 60: 116251
21/01/05 13:05:03 115 [INFO,train:82] 60: 0.566 44.13 9984 156
21/01/05 13:05:03 115 [INFO,train:89]         epoch 60 age 0: 0.296 21.31
21/01/05 13:05:05 694 [INFO,train:89]         epoch 60 age 1: 0.189 13.18
21/01/05 13:05:08 264 [INFO,train:89]         epoch 60 age 2: 0.150 10.46
21/01/05 13:18:32 545 [INFO,train:46] gc len at 80: 106165
21/01/05 13:18:32 981 [INFO,benchmark:264] start benchmark against MrGreed for 512x2
21/01/05 13:19:09 564 [INFO,train:82] 80: 0.582 43.96 9984 156
21/01/05 13:19:09 564 [INFO,train:89]         epoch 80 age 0: 0.296 21.24
21/01/05 13:19:12 183 [INFO,train:89]         epoch 80 age 1: 0.186 13.24
21/01/05 13:19:14 795 [INFO,train:89]         epoch 80 age 2: 0.144 10.12
21/01/05 13:30:22 224 [INFO,benchmark:289] benchmark at epoch 80's result: -94.35 8.12
21/01/05 13:32:36 042 [INFO,train:46] gc len at 100: 119555
21/01/05 13:33:12 780 [INFO,train:82] 100: 0.629 44.83 9984 156
21/01/05 13:33:12 780 [INFO,train:89]         epoch 100 age 0: 0.309 21.10
21/01/05 13:33:15 380 [INFO,train:89]         epoch 100 age 1: 0.192 13.04
21/01/05 13:33:17 977 [INFO,train:89]         epoch 100 age 2: 0.150 10.30
21/01/05 13:46:36 048 [INFO,train:46] gc len at 120: 111619
21/01/05 13:47:12 618 [INFO,train:82] 120: 0.636 41.73 9984 156
21/01/05 13:47:12 618 [INFO,train:89]         epoch 120 age 0: 0.296 20.06
21/01/05 13:47:15 223 [INFO,train:89]         epoch 120 age 1: 0.171 12.15
21/01/05 13:47:17 846 [INFO,train:89]         epoch 120 age 2: 0.130 9.54
21/01/05 14:00:39 739 [INFO,train:46] gc len at 140: 116809
21/01/05 14:01:17 256 [INFO,train:82] 140: 0.635 42.14 9984 156
21/01/05 14:01:17 256 [INFO,train:89]         epoch 140 age 0: 0.299 20.54
21/01/05 14:01:19 846 [INFO,train:89]         epoch 140 age 1: 0.174 12.21
21/01/05 14:01:22 447 [INFO,train:89]         epoch 140 age 2: 0.131 9.04
21/01/05 14:14:45 395 [INFO,train:46] gc len at 160: 115746
21/01/05 14:14:45 812 [INFO,benchmark:264] start benchmark against MrGreed for 512x2
21/01/05 14:15:23 693 [INFO,train:82] 160: 0.688 39.74 9984 156
21/01/05 14:15:23 693 [INFO,train:89]         epoch 160 age 0: 0.317 19.76
21/01/05 14:15:26 299 [INFO,train:89]         epoch 160 age 1: 0.185 11.94
21/01/05 14:15:28 900 [INFO,train:89]         epoch 160 age 2: 0.138 9.19
21/01/05 14:26:48 310 [INFO,benchmark:289] benchmark at epoch 160's result: -91.09 8.16
21/01/05 14:29:00 045 [INFO,train:46] gc len at 180: 112059
21/01/05 14:29:36 393 [INFO,train:82] 180: 0.627 42.04 9984 156
21/01/05 14:29:36 393 [INFO,train:89]         epoch 180 age 0: 0.291 19.68
21/01/05 14:29:38 989 [INFO,train:89]         epoch 180 age 1: 0.169 11.12
21/01/05 14:29:41 574 [INFO,train:89]         epoch 180 age 2: 0.126 8.71
21/01/05 14:43:01 348 [INFO,train:46] gc len at 200: 102516
21/01/05 14:43:38 943 [INFO,train:82] 200: 0.636 41.81 9984 156
21/01/05 14:43:38 943 [INFO,train:89]         epoch 200 age 0: 0.294 19.45
21/01/05 14:43:41 537 [INFO,train:89]         epoch 200 age 1: 0.166 11.87
21/01/05 14:43:44 137 [INFO,train:89]         epoch 200 age 2: 0.124 8.95
21/01/05 14:57:08 640 [INFO,train:46] gc len at 220: 111947
21/01/05 14:57:46 132 [INFO,train:82] 220: 0.655 39.01 9984 156
21/01/05 14:57:46 132 [INFO,train:89]         epoch 220 age 0: 0.299 18.46
21/01/05 14:57:48 731 [INFO,train:89]         epoch 220 age 1: 0.171 10.89
21/01/05 14:57:51 327 [INFO,train:89]         epoch 220 age 2: 0.127 8.17
21/01/05 15:11:24 938 [INFO,train:46] gc len at 240: 117734
21/01/05 15:11:25 406 [INFO,benchmark:264] start benchmark against MrGreed for 512x2
21/01/05 15:12:03 064 [INFO,train:82] 240: 0.662 41.89 9984 156
21/01/05 15:12:03 065 [INFO,train:89]         epoch 240 age 0: 0.304 19.39
21/01/05 15:12:05 667 [INFO,train:89]         epoch 240 age 1: 0.169 11.57
21/01/05 15:12:08 274 [INFO,train:89]         epoch 240 age 2: 0.124 8.36
21/01/05 15:23:43 669 [INFO,benchmark:289] benchmark at epoch 240's result: -53.98 8.15
21/01/05 15:25:38 806 [INFO,train:46] gc len at 260: 119234
21/01/05 15:26:15 905 [INFO,train:82] 260: 0.598 39.73 9984 156
21/01/05 15:26:15 905 [INFO,train:89]         epoch 260 age 0: 0.278 18.89
21/01/05 15:26:18 807 [INFO,train:89]         epoch 260 age 1: 0.155 10.80
21/01/05 15:26:21 695 [INFO,train:89]         epoch 260 age 2: 0.117 8.47
21/01/05 15:39:46 013 [INFO,train:46] gc len at 280: 118899
21/01/05 15:40:23 416 [INFO,train:82] 280: 0.623 42.15 9984 156
21/01/05 15:40:23 417 [INFO,train:89]         epoch 280 age 0: 0.285 19.11
21/01/05 15:40:25 998 [INFO,train:89]         epoch 280 age 1: 0.162 11.48
21/01/05 15:40:28 581 [INFO,train:89]         epoch 280 age 2: 0.120 8.77
21/01/05 15:53:57 060 [INFO,train:46] gc len at 300: 119092
21/01/05 15:54:34 686 [INFO,train:82] 300: 0.661 44.93 9984 156
21/01/05 15:54:34 686 [INFO,train:89]         epoch 300 age 0: 0.302 20.91
21/01/05 15:54:37 284 [INFO,train:89]         epoch 300 age 1: 0.174 12.78
21/01/05 15:54:39 888 [INFO,train:89]         epoch 300 age 2: 0.128 9.26
21/01/05 16:08:06 151 [INFO,train:46] gc len at 320: 113081
21/01/05 16:08:06 607 [INFO,benchmark:264] start benchmark against MrGreed for 512x2
21/01/05 16:08:43 588 [INFO,train:82] 320: 0.650 41.04 9984 156
21/01/05 16:08:43 588 [INFO,train:89]         epoch 320 age 0: 0.300 18.80
21/01/05 16:08:46 196 [INFO,train:89]         epoch 320 age 1: 0.168 11.17
21/01/05 16:08:48 782 [INFO,train:89]         epoch 320 age 2: 0.126 8.10
21/01/05 16:21:25 957 [INFO,benchmark:289] benchmark at epoch 320's result: -49.28 8.21
21/01/05 16:22:22 528 [INFO,train:46] gc len at 340: 106266
21/01/05 16:22:59 575 [INFO,train:82] 340: 0.624 37.90 9984 156
21/01/05 16:22:59 575 [INFO,train:89]         epoch 340 age 0: 0.285 17.78
21/01/05 16:23:02 155 [INFO,train:89]         epoch 340 age 1: 0.160 10.19
21/01/05 16:23:04 732 [INFO,train:89]         epoch 340 age 2: 0.119 7.40
21/01/05 16:36:24 868 [INFO,train:46] gc len at 360: 107935
21/01/05 16:37:02 088 [INFO,train:82] 360: 0.650 39.88 9984 156
21/01/05 16:37:02 088 [INFO,train:89]         epoch 360 age 0: 0.293 18.37
21/01/05 16:37:04 688 [INFO,train:89]         epoch 360 age 1: 0.165 10.52
21/01/05 16:37:07 271 [INFO,train:89]         epoch 360 age 2: 0.119 7.60
21/01/05 16:50:30 875 [INFO,train:46] gc len at 380: 112750
21/01/05 16:51:08 010 [INFO,train:82] 380: 0.626 42.64 9984 156
21/01/05 16:51:08 010 [INFO,train:89]         epoch 380 age 0: 0.284 19.57
21/01/05 16:51:10 614 [INFO,train:89]         epoch 380 age 1: 0.160 11.56
21/01/05 16:51:13 207 [INFO,train:89]         epoch 380 age 2: 0.117 8.68
21/01/05 17:04:43 575 [INFO,train:46] gc len at 400: 107686
21/01/05 17:04:43 990 [INFO,benchmark:264] start benchmark against MrGreed for 512x2
21/01/05 17:05:21 182 [INFO,train:82] 400: 0.648 43.46 9984 156
21/01/05 17:05:21 182 [INFO,train:89]         epoch 400 age 0: 0.295 19.49
21/01/05 17:05:23 790 [INFO,train:89]         epoch 400 age 1: 0.165 11.89
21/01/05 17:05:26 386 [INFO,train:89]         epoch 400 age 2: 0.121 8.69
21/01/05 17:16:49 663 [INFO,benchmark:289] benchmark at epoch 400's result: -55.34 8.24
21/01/05 17:18:54 869 [INFO,train:46] gc len at 420: 115203
21/01/05 17:19:32 361 [INFO,train:82] 420: 0.681 38.22 9984 156
21/01/05 17:19:32 361 [INFO,train:89]         epoch 420 age 0: 0.299 17.59
21/01/05 17:19:34 948 [INFO,train:89]         epoch 420 age 1: 0.166 10.02
21/01/05 17:19:37 556 [INFO,train:89]         epoch 420 age 2: 0.117 7.30
21/01/05 17:33:07 179 [INFO,train:46] gc len at 440: 111124
21/01/05 17:33:44 748 [INFO,train:82] 440: 0.574 36.78 9984 156
21/01/05 17:33:44 748 [INFO,train:89]         epoch 440 age 0: 0.268 17.52
21/01/05 17:33:47 346 [INFO,train:89]         epoch 440 age 1: 0.151 10.14
21/01/05 17:33:49 936 [INFO,train:89]         epoch 440 age 2: 0.113 7.54
21/01/05 17:47:12 295 [INFO,train:46] gc len at 460: 115083
21/01/05 17:47:50 054 [INFO,train:82] 460: 0.625 40.99 9984 156
21/01/05 17:47:50 054 [INFO,train:89]         epoch 460 age 0: 0.286 18.69
21/01/05 17:47:52 917 [INFO,train:89]         epoch 460 age 1: 0.160 11.29
21/01/05 17:47:55 774 [INFO,train:89]         epoch 460 age 2: 0.117 8.29
21/01/05 18:01:28 277 [INFO,train:46] gc len at 480: 115876
21/01/05 18:01:28 719 [INFO,benchmark:264] start benchmark against MrGreed for 512x2
21/01/05 18:02:06 358 [INFO,train:82] 480: 0.610 36.66 9984 156
21/01/05 18:02:06 358 [INFO,train:89]         epoch 480 age 0: 0.280 17.46
21/01/05 18:02:08 951 [INFO,train:89]         epoch 480 age 1: 0.153 10.10
21/01/05 18:02:11 571 [INFO,train:89]         epoch 480 age 2: 0.115 7.32
21/01/05 18:13:26 454 [INFO,benchmark:289] benchmark at epoch 480's result: -56.29 7.95
21/01/05 18:15:38 897 [INFO,train:46] gc len at 500: 117156
21/01/05 18:16:15 743 [INFO,train:82] 500: 0.603 35.13 9984 156
21/01/05 18:16:15 743 [INFO,train:89]         epoch 500 age 0: 0.279 17.00
21/01/05 18:16:18 351 [INFO,train:89]         epoch 500 age 1: 0.156 9.98
21/01/05 18:16:20 945 [INFO,train:89]         epoch 500 age 2: 0.116 7.46
21/01/05 18:29:43 707 [INFO,train:46] gc len at 520: 117034
21/01/05 18:30:21 398 [INFO,train:82] 520: 0.606 38.30 9984 156
21/01/05 18:30:21 398 [INFO,train:89]         epoch 520 age 0: 0.281 18.22
21/01/05 18:30:23 990 [INFO,train:89]         epoch 520 age 1: 0.157 10.12
21/01/05 18:30:26 601 [INFO,train:89]         epoch 520 age 2: 0.117 7.43
21/01/05 18:43:54 831 [INFO,train:46] gc len at 540: 108047
21/01/05 18:44:32 183 [INFO,train:82] 540: 0.635 40.42 9984 156
21/01/05 18:44:32 184 [INFO,train:89]         epoch 540 age 0: 0.290 18.46
21/01/05 18:44:34 785 [INFO,train:89]         epoch 540 age 1: 0.155 11.04
21/01/05 18:44:37 401 [INFO,train:89]         epoch 540 age 2: 0.116 8.03
21/01/05 18:58:14 092 [INFO,train:46] gc len at 560: 112142
21/01/05 18:58:14 546 [INFO,benchmark:264] start benchmark against MrGreed for 512x2
21/01/05 18:58:52 023 [INFO,train:82] 560: 0.621 38.05 9984 156
21/01/05 18:58:52 023 [INFO,train:89]         epoch 560 age 0: 0.288 17.96
21/01/05 18:58:54 609 [INFO,train:89]         epoch 560 age 1: 0.164 10.71
21/01/05 18:58:57 177 [INFO,train:89]         epoch 560 age 2: 0.122 7.84
21/01/05 19:10:13 907 [INFO,benchmark:289] benchmark at epoch 560's result: -33.70 7.82
21/01/05 19:12:25 485 [INFO,train:46] gc len at 580: 114171
21/01/05 19:13:02 540 [INFO,train:82] 580: 0.649 42.90 9984 156
21/01/05 19:13:02 541 [INFO,train:89]         epoch 580 age 0: 0.297 19.58
21/01/05 19:13:05 397 [INFO,train:89]         epoch 580 age 1: 0.166 11.29
21/01/05 19:13:08 205 [INFO,train:89]         epoch 580 age 2: 0.122 8.05
21/01/05 19:26:35 907 [INFO,train:46] gc len at 600: 107792
21/01/05 19:27:13 177 [INFO,train:82] 600: 0.655 41.76 9984 156
21/01/05 19:27:13 177 [INFO,train:89]         epoch 600 age 0: 0.295 18.78
21/01/05 19:27:16 048 [INFO,train:89]         epoch 600 age 1: 0.164 11.12
21/01/05 19:27:18 912 [INFO,train:89]         epoch 600 age 2: 0.120 7.75
21/01/05 19:40:44 517 [INFO,train:46] gc len at 620: 108409
21/01/05 19:41:22 375 [INFO,train:82] 620: 0.631 37.76 9984 156
21/01/05 19:41:22 375 [INFO,train:89]         epoch 620 age 0: 0.289 18.18
21/01/05 19:41:24 974 [INFO,train:89]         epoch 620 age 1: 0.162 10.62
21/01/05 19:41:27 556 [INFO,train:89]         epoch 620 age 2: 0.118 8.01
21/01/05 19:55:02 256 [INFO,train:46] gc len at 640: 119111
21/01/05 19:55:02 708 [INFO,benchmark:264] start benchmark against MrGreed for 512x2
21/01/05 19:55:39 600 [INFO,train:82] 640: 0.627 38.29 9984 156
21/01/05 19:55:39 601 [INFO,train:89]         epoch 640 age 0: 0.282 17.88
21/01/05 19:55:42 204 [INFO,train:89]         epoch 640 age 1: 0.157 10.39
21/01/05 19:55:44 798 [INFO,train:89]         epoch 640 age 2: 0.115 7.56
21/01/05 20:07:08 660 [INFO,benchmark:289] benchmark at epoch 640's result: -47.46 8.12
21/01/05 20:09:14 687 [INFO,train:46] gc len at 660: 118008
21/01/05 20:09:52 183 [INFO,train:82] 660: 0.617 41.45 9984 156
21/01/05 20:09:52 183 [INFO,train:89]         epoch 660 age 0: 0.288 19.63
21/01/05 20:09:54 834 [INFO,train:89]         epoch 660 age 1: 0.165 11.54
21/01/05 20:09:57 467 [INFO,train:89]         epoch 660 age 2: 0.123 8.26
21/01/05 20:23:26 368 [INFO,train:46] gc len at 680: 108896
21/01/05 20:24:03 855 [INFO,train:82] 680: 0.625 34.76 9984 156
21/01/05 20:24:03 855 [INFO,train:89]         epoch 680 age 0: 0.289 16.99
21/01/05 20:24:06 445 [INFO,train:89]         epoch 680 age 1: 0.171 9.60
21/01/05 20:24:09 048 [INFO,train:89]         epoch 680 age 2: 0.126 7.11
21/01/05 20:37:35 756 [INFO,train:46] gc len at 700: 106955
21/01/05 20:38:13 340 [INFO,train:82] 700: 0.661 38.45 9984 156
21/01/05 20:38:13 340 [INFO,train:89]         epoch 700 age 0: 0.299 17.73
21/01/05 20:38:16 161 [INFO,train:89]         epoch 700 age 1: 0.165 10.56
21/01/05 20:38:19 046 [INFO,train:89]         epoch 700 age 2: 0.122 7.74
21/01/05 20:51:58 761 [INFO,train:46] gc len at 720: 115148
21/01/05 20:51:59 191 [INFO,benchmark:264] start benchmark against MrGreed for 512x2
21/01/05 20:52:37 264 [INFO,train:82] 720: 0.599 42.52 9984 156
21/01/05 20:52:37 264 [INFO,train:89]         epoch 720 age 0: 0.280 19.12
21/01/05 20:52:39 862 [INFO,train:89]         epoch 720 age 1: 0.163 11.47
21/01/05 20:52:42 453 [INFO,train:89]         epoch 720 age 2: 0.120 7.90
21/01/05 21:04:52 190 [INFO,benchmark:289] benchmark at epoch 720's result: -22.44 8.11
21/01/05 21:06:16 259 [INFO,train:46] gc len at 740: 113019
21/01/05 21:06:53 073 [INFO,train:82] 740: 0.642 37.16 9984 156
21/01/05 21:06:53 073 [INFO,train:89]         epoch 740 age 0: 0.293 17.38
21/01/05 21:06:55 669 [INFO,train:89]         epoch 740 age 1: 0.160 9.97
21/01/05 21:06:58 282 [INFO,train:89]         epoch 740 age 2: 0.117 7.03
21/01/05 21:20:23 940 [INFO,train:46] gc len at 760: 106300
21/01/05 21:21:00 043 [INFO,train:82] 760: 0.636 37.48 9984 156
21/01/05 21:21:00 043 [INFO,train:89]         epoch 760 age 0: 0.295 17.46
21/01/05 21:21:02 646 [INFO,train:89]         epoch 760 age 1: 0.162 10.58
21/01/05 21:21:05 239 [INFO,train:89]         epoch 760 age 2: 0.119 7.44
21/01/05 21:34:29 944 [INFO,train:46] gc len at 780: 112294
21/01/05 21:35:07 196 [INFO,train:82] 780: 0.609 37.51 9984 156
21/01/05 21:35:07 196 [INFO,train:89]         epoch 780 age 0: 0.281 17.37
21/01/05 21:35:10 089 [INFO,train:89]         epoch 780 age 1: 0.155 10.18
21/01/05 21:35:12 985 [INFO,train:89]         epoch 780 age 2: 0.113 7.29
21/01/05 21:48:47 243 [INFO,train:46] gc len at 800: 116376
21/01/05 21:48:47 688 [INFO,benchmark:264] start benchmark against MrGreed for 512x2
21/01/05 21:49:24 830 [INFO,train:82] 800: 0.642 42.27 9984 156
21/01/05 21:49:24 831 [INFO,train:89]         epoch 800 age 0: 0.293 19.04
21/01/05 21:49:27 715 [INFO,train:89]         epoch 800 age 1: 0.163 10.67
21/01/05 21:49:30 575 [INFO,train:89]         epoch 800 age 2: 0.122 7.66
21/01/05 22:01:34 472 [INFO,benchmark:289] benchmark at epoch 800's result: -31.13 7.89
21/01/05 22:03:05 225 [INFO,train:46] gc len at 820: 110690
21/01/05 22:03:42 749 [INFO,train:82] 820: 0.595 36.18 9984 156
21/01/05 22:03:42 750 [INFO,train:89]         epoch 820 age 0: 0.281 17.10
21/01/05 22:03:45 345 [INFO,train:89]         epoch 820 age 1: 0.164 9.94
21/01/05 22:03:47 950 [INFO,train:89]         epoch 820 age 2: 0.121 7.08
21/01/05 22:17:08 089 [INFO,train:46] gc len at 840: 106627
21/01/05 22:17:45 189 [INFO,train:82] 840: 0.675 40.15 9984 156
21/01/05 22:17:45 189 [INFO,train:89]         epoch 840 age 0: 0.306 18.77
21/01/05 22:17:47 783 [INFO,train:89]         epoch 840 age 1: 0.170 11.23
21/01/05 22:17:50 379 [INFO,train:89]         epoch 840 age 2: 0.120 7.93
21/01/05 22:31:14 043 [INFO,train:46] gc len at 860: 115033
21/01/05 22:31:51 044 [INFO,train:82] 860: 0.616 37.87 9984 156
21/01/05 22:31:51 044 [INFO,train:89]         epoch 860 age 0: 0.282 17.46
21/01/05 22:31:53 936 [INFO,train:89]         epoch 860 age 1: 0.157 10.39
21/01/05 22:31:56 784 [INFO,train:89]         epoch 860 age 2: 0.114 7.38
21/01/05 22:45:25 641 [INFO,train:46] gc len at 880: 107609
21/01/05 22:45:26 107 [INFO,benchmark:264] start benchmark against MrGreed for 512x2
21/01/05 22:46:03 415 [INFO,train:82] 880: 0.707 40.59 9984 156
21/01/05 22:46:03 416 [INFO,train:89]         epoch 880 age 0: 0.320 19.19
21/01/05 22:46:05 004 [INFO,train:89]         epoch 880 age 1: 0.181 11.32
21/01/05 22:46:08 606 [INFO,train:89]         epoch 880 age 2: 0.132 8.03
21/01/05 22:57:32 638 [INFO,benchmark:289] benchmark at epoch 880's result: -32.14 8.39
21/01/05 22:59:36 915 [INFO,train:46] gc len at 900: 116872
21/01/05 23:00:13 659 [INFO,train:82] 900: 0.673 40.76 9984 156
21/01/05 23:00:13 659 [INFO,train:89]         epoch 900 age 0: 0.306 18.95
21/01/05 23:00:16 089 [INFO,train:89]         epoch 900 age 1: 0.171 11.45
21/01/05 23:00:18 495 [INFO,train:89]         epoch 900 age 2: 0.121 7.85
21/01/05 23:13:48 885 [INFO,train:46] gc len at 920: 101678
21/01/05 23:14:26 993 [INFO,train:82] 920: 0.672 37.44 9984 156
21/01/05 23:14:26 993 [INFO,train:89]         epoch 920 age 0: 0.308 17.50
21/01/05 23:14:29 584 [INFO,train:89]         epoch 920 age 1: 0.176 10.13
21/01/05 23:14:32 172 [INFO,train:89]         epoch 920 age 2: 0.128 7.58
21/01/05 23:27:57 575 [INFO,train:46] gc len at 940: 102952
21/01/05 23:28:34 350 [INFO,train:82] 940: 0.639 35.71 9984 156
21/01/05 23:28:34 350 [INFO,train:89]         epoch 940 age 0: 0.292 16.80
21/01/05 23:28:36 944 [INFO,train:89]         epoch 940 age 1: 0.160 9.47
21/01/05 23:28:39 539 [INFO,train:89]         epoch 940 age 2: 0.117 6.91
21/01/05 23:42:09 013 [INFO,train:46] gc len at 960: 106294
21/01/05 23:42:09 471 [INFO,benchmark:264] start benchmark against MrGreed for 512x2
21/01/05 23:42:46 394 [INFO,train:82] 960: 0.621 36.69 9984 156
21/01/05 23:42:46 394 [INFO,train:89]         epoch 960 age 0: 0.285 17.02
21/01/05 23:42:48 993 [INFO,train:89]         epoch 960 age 1: 0.161 9.64
21/01/05 23:42:51 592 [INFO,train:89]         epoch 960 age 2: 0.117 6.81
21/01/05 23:54:21 651 [INFO,benchmark:289] benchmark at epoch 960's result: -19.81 7.90
21/01/05 23:56:20 814 [INFO,train:46] gc len at 980: 108382
21/01/05 23:56:57 757 [INFO,train:82] 980: 0.658 39.29 9984 156
21/01/05 23:56:57 757 [INFO,train:89]         epoch 980 age 0: 0.298 18.19
21/01/05 23:57:00 343 [INFO,train:89]         epoch 980 age 1: 0.165 10.35
21/01/05 23:57:02 942 [INFO,train:89]         epoch 980 age 2: 0.119 7.18
21/01/06 00:10:29 433 [INFO,train:46] gc len at 1000: 108733
21/01/06 00:11:06 477 [INFO,train:82] 1000: 0.681 39.72 9984 156
21/01/06 00:11:06 477 [INFO,train:89]         epoch 1000 age 0: 0.311 18.06
21/01/06 00:11:09 084 [INFO,train:89]         epoch 1000 age 1: 0.177 10.27
21/01/06 00:11:11 981 [INFO,train:89]         epoch 1000 age 2: 0.130 7.50
21/01/06 00:24:54 103 [INFO,train:46] gc len at 1020: 106122
21/01/06 00:25:31 964 [INFO,train:82] 1020: 0.613 35.49 9984 156
21/01/06 00:25:31 964 [INFO,train:89]         epoch 1020 age 0: 0.287 16.65
21/01/06 00:25:34 824 [INFO,train:89]         epoch 1020 age 1: 0.162 9.71
21/01/06 00:25:37 680 [INFO,train:89]         epoch 1020 age 2: 0.119 7.04
21/01/06 00:39:09 089 [INFO,train:46] gc len at 1040: 112810
21/01/06 00:39:09 531 [INFO,benchmark:264] start benchmark against MrGreed for 512x2
21/01/06 00:39:46 386 [INFO,train:82] 1040: 0.652 41.96 9984 156
21/01/06 00:39:46 386 [INFO,train:89]         epoch 1040 age 0: 0.299 18.91
21/01/06 00:39:49 285 [INFO,train:89]         epoch 1040 age 1: 0.173 11.16
21/01/06 00:39:52 153 [INFO,train:89]         epoch 1040 age 2: 0.126 7.97
21/01/06 00:51:31 140 [INFO,benchmark:289] benchmark at epoch 1040's result: -21.47 8.28
21/01/06 00:53:26 962 [INFO,train:46] gc len at 1060: 113561
21/01/06 00:54:03 897 [INFO,train:82] 1060: 0.625 38.42 9984 156
21/01/06 00:54:03 898 [INFO,train:89]         epoch 1060 age 0: 0.294 17.99
21/01/06 00:54:06 508 [INFO,train:89]         epoch 1060 age 1: 0.163 10.58
21/01/06 00:54:09 110 [INFO,train:89]         epoch 1060 age 2: 0.121 7.37
21/01/06 01:07:35 635 [INFO,train:46] gc len at 1080: 118538
21/01/06 01:08:13 687 [INFO,train:82] 1080: 0.691 39.73 9984 156
21/01/06 01:08:13 688 [INFO,train:89]         epoch 1080 age 0: 0.315 18.30
21/01/06 01:08:16 515 [INFO,train:89]         epoch 1080 age 1: 0.177 10.54
21/01/06 01:08:19 393 [INFO,train:89]         epoch 1080 age 2: 0.129 7.15
21/01/06 01:21:42 436 [INFO,train:46] gc len at 1100: 121034
21/01/06 01:22:16 875 [INFO,train:82] 1100: 0.643 35.02 9984 156
21/01/06 01:22:16 875 [INFO,train:89]         epoch 1100 age 0: 0.296 16.80
21/01/06 01:22:19 443 [INFO,train:89]         epoch 1100 age 1: 0.167 9.57
21/01/06 01:22:21 953 [INFO,train:89]         epoch 1100 age 2: 0.122 6.75
21/01/06 01:35:26 454 [INFO,train:46] gc len at 1120: 111042
21/01/06 01:35:26 885 [INFO,benchmark:264] start benchmark against MrGreed for 512x2
21/01/06 01:36:04 004 [INFO,train:82] 1120: 0.632 40.22 9984 156
21/01/06 01:36:04 004 [INFO,train:89]         epoch 1120 age 0: 0.291 17.94
21/01/06 01:36:06 613 [INFO,train:89]         epoch 1120 age 1: 0.163 10.09
21/01/06 01:36:09 208 [INFO,train:89]         epoch 1120 age 2: 0.119 7.15
21/01/06 01:47:48 639 [INFO,benchmark:289] benchmark at epoch 1120's result: -27.18 7.87
21/01/06 01:49:35 044 [INFO,train:46] gc len at 1140: 111363
21/01/06 01:50:11 027 [INFO,train:82] 1140: 0.603 37.56 9984 156
21/01/06 01:50:11 028 [INFO,train:89]         epoch 1140 age 0: 0.285 17.57
21/01/06 01:50:13 846 [INFO,train:89]         epoch 1140 age 1: 0.160 9.81
21/01/06 01:50:16 729 [INFO,train:89]         epoch 1140 age 2: 0.118 7.00
21/01/06 02:03:27 285 [INFO,train:46] gc len at 1160: 112585
21/01/06 02:04:03 220 [INFO,train:82] 1160: 0.587 35.52 9984 156
21/01/06 02:04:03 220 [INFO,train:89]         epoch 1160 age 0: 0.279 16.36
21/01/06 02:04:06 096 [INFO,train:89]         epoch 1160 age 1: 0.158 9.58
21/01/06 02:04:08 971 [INFO,train:89]         epoch 1160 age 2: 0.116 6.72
21/01/06 02:17:20 729 [INFO,train:46] gc len at 1180: 110199
21/01/06 02:17:56 559 [INFO,train:82] 1180: 0.647 41.26 9984 156
21/01/06 02:17:56 560 [INFO,train:89]         epoch 1180 age 0: 0.295 18.22
21/01/06 02:17:59 398 [INFO,train:89]         epoch 1180 age 1: 0.170 10.28
21/01/06 02:18:02 251 [INFO,train:89]         epoch 1180 age 2: 0.122 7.07
21/01/06 02:31:13 149 [INFO,train:46] gc len at 1200: 114014
21/01/06 02:31:13 589 [INFO,benchmark:264] start benchmark against MrGreed for 512x2
21/01/06 02:31:50 639 [INFO,train:82] 1200: 0.657 38.29 9984 156
21/01/06 02:31:50 639 [INFO,train:89]         epoch 1200 age 0: 0.306 17.55
21/01/06 02:31:53 488 [INFO,train:89]         epoch 1200 age 1: 0.177 10.57
21/01/06 02:31:56 348 [INFO,train:89]         epoch 1200 age 2: 0.129 7.78
21/01/06 02:43:20 114 [INFO,benchmark:289] benchmark at epoch 1200's result: -6.38 7.96
21/01/06 02:45:22 281 [INFO,train:46] gc len at 1220: 111743
21/01/06 02:45:58 407 [INFO,train:82] 1220: 0.632 38.36 9984 156
21/01/06 02:45:58 407 [INFO,train:89]         epoch 1220 age 0: 0.293 17.95
21/01/06 02:46:01 304 [INFO,train:89]         epoch 1220 age 1: 0.164 10.34
21/01/06 02:46:04 176 [INFO,train:89]         epoch 1220 age 2: 0.119 7.35
21/01/06 02:59:15 140 [INFO,train:46] gc len at 1240: 106693
21/01/06 02:59:51 321 [INFO,train:82] 1240: 0.646 33.71 9984 156
21/01/06 02:59:51 321 [INFO,train:89]         epoch 1240 age 0: 0.303 16.32
21/01/06 02:59:54 176 [INFO,train:89]         epoch 1240 age 1: 0.176 9.81
21/01/06 02:59:57 021 [INFO,train:89]         epoch 1240 age 2: 0.128 7.27
21/01/06 03:13:09 576 [INFO,train:46] gc len at 1260: 118608
21/01/06 03:13:46 267 [INFO,train:82] 1260: 0.689 39.31 9984 156
21/01/06 03:13:46 267 [INFO,train:89]         epoch 1260 age 0: 0.316 18.24
21/01/06 03:13:48 862 [INFO,train:89]         epoch 1260 age 1: 0.183 10.47
21/01/06 03:13:51 470 [INFO,train:89]         epoch 1260 age 2: 0.135 7.80
21/01/06 03:27:15 512 [INFO,train:46] gc len at 1280: 112118
21/01/06 03:27:15 957 [INFO,benchmark:264] start benchmark against MrGreed for 512x2
21/01/06 03:27:52 768 [INFO,train:82] 1280: 0.649 38.92 9984 156
21/01/06 03:27:52 768 [INFO,train:89]         epoch 1280 age 0: 0.302 18.09
21/01/06 03:27:55 644 [INFO,train:89]         epoch 1280 age 1: 0.179 10.58
21/01/06 03:27:58 562 [INFO,train:89]         epoch 1280 age 2: 0.129 7.80
21/01/06 03:39:20 418 [INFO,benchmark:289] benchmark at epoch 1280's result: -14.75 8.19
21/01/06 03:41:18 273 [INFO,train:46] gc len at 1300: 107394
21/01/06 03:41:54 481 [INFO,train:82] 1300: 0.667 33.46 9984 156
21/01/06 03:41:54 481 [INFO,train:89]         epoch 1300 age 0: 0.307 16.70
21/01/06 03:41:57 343 [INFO,train:89]         epoch 1300 age 1: 0.181 9.70
21/01/06 03:42:00 236 [INFO,train:89]         epoch 1300 age 2: 0.132 7.14
21/01/06 03:55:10 948 [INFO,train:46] gc len at 1320: 106706
21/01/06 03:55:47 220 [INFO,train:82] 1320: 0.634 35.36 9984 156
21/01/06 03:55:47 220 [INFO,train:89]         epoch 1320 age 0: 0.299 16.84
21/01/06 03:55:50 111 [INFO,train:89]         epoch 1320 age 1: 0.177 9.95
21/01/06 03:55:52 947 [INFO,train:89]         epoch 1320 age 2: 0.128 7.34
21/01/06 04:09:06 036 [INFO,train:46] gc len at 1340: 120622
21/01/06 04:09:41 792 [INFO,train:82] 1340: 0.645 37.39 9984 156
21/01/06 04:09:41 792 [INFO,train:89]         epoch 1340 age 0: 0.303 17.49
21/01/06 04:09:44 609 [INFO,train:89]         epoch 1340 age 1: 0.176 10.26
21/01/06 04:09:47 511 [INFO,train:89]         epoch 1340 age 2: 0.128 7.17
21/01/06 04:22:58 488 [INFO,train:46] gc len at 1360: 118218
21/01/06 04:22:58 927 [INFO,benchmark:264] start benchmark against MrGreed for 512x2
21/01/06 04:23:36 572 [INFO,train:82] 1360: 0.640 39.05 9984 156
21/01/06 04:23:36 573 [INFO,train:89]         epoch 1360 age 0: 0.296 17.55
21/01/06 04:23:39 387 [INFO,train:89]         epoch 1360 age 1: 0.172 10.01
21/01/06 04:23:42 270 [INFO,train:89]         epoch 1360 age 2: 0.125 7.09
21/01/06 04:35:18 964 [INFO,benchmark:289] benchmark at epoch 1360's result: -7.71 8.06
21/01/06 04:37:07 122 [INFO,train:46] gc len at 1380: 104228
21/01/06 04:37:43 167 [INFO,train:82] 1380: 0.651 45.51 9984 156
21/01/06 04:37:43 167 [INFO,train:89]         epoch 1380 age 0: 0.303 20.16
21/01/06 04:37:46 040 [INFO,train:89]         epoch 1380 age 1: 0.181 12.30
21/01/06 04:37:48 902 [INFO,train:89]         epoch 1380 age 2: 0.132 8.66
21/01/06 04:51:00 264 [INFO,train:46] gc len at 1400: 108263
21/01/06 04:51:37 812 [INFO,train:82] 1400: 0.637 40.93 9984 156
21/01/06 04:51:37 812 [INFO,train:89]         epoch 1400 age 0: 0.297 18.69
21/01/06 04:51:40 689 [INFO,train:89]         epoch 1400 age 1: 0.170 10.81
21/01/06 04:51:43 357 [INFO,train:89]         epoch 1400 age 2: 0.125 7.82
21/01/06 05:05:07 748 [INFO,train:46] gc len at 1420: 115389
21/01/06 05:05:44 224 [INFO,train:82] 1420: 0.667 37.35 9984 156
21/01/06 05:05:44 224 [INFO,train:89]         epoch 1420 age 0: 0.308 17.08
21/01/06 05:05:47 058 [INFO,train:89]         epoch 1420 age 1: 0.176 9.95
21/01/06 05:05:49 900 [INFO,train:89]         epoch 1420 age 2: 0.128 6.95
21/01/06 05:19:04 986 [INFO,train:46] gc len at 1440: 110770
21/01/06 05:19:05 430 [INFO,benchmark:264] start benchmark against MrGreed for 512x2
21/01/06 05:19:42 166 [INFO,train:82] 1440: 0.656 36.29 9984 156
21/01/06 05:19:42 166 [INFO,train:89]         epoch 1440 age 0: 0.303 17.31
21/01/06 05:19:45 039 [INFO,train:89]         epoch 1440 age 1: 0.171 9.99
21/01/06 05:19:47 933 [INFO,train:89]         epoch 1440 age 2: 0.123 7.37
21/01/06 05:31:18 228 [INFO,benchmark:289] benchmark at epoch 1440's result: -15.67 8.45
21/01/06 05:33:11 505 [INFO,train:46] gc len at 1460: 117763
21/01/06 05:33:47 184 [INFO,train:82] 1460: 0.646 42.49 9984 156
21/01/06 05:33:47 184 [INFO,train:89]         epoch 1460 age 0: 0.296 19.26
21/01/06 05:33:50 033 [INFO,train:89]         epoch 1460 age 1: 0.168 11.11
21/01/06 05:33:52 896 [INFO,train:89]         epoch 1460 age 2: 0.124 8.03
21/01/06 05:47:04 200 [INFO,train:46] gc len at 1480: 114972
21/01/06 05:47:40 487 [INFO,train:82] 1480: 0.650 35.96 9984 156
21/01/06 05:47:40 487 [INFO,train:89]         epoch 1480 age 0: 0.302 16.58
21/01/06 05:47:43 371 [INFO,train:89]         epoch 1480 age 1: 0.177 9.58
21/01/06 05:47:46 224 [INFO,train:89]         epoch 1480 age 2: 0.128 6.68
21/01/06 06:00:57 165 [INFO,train:46] gc len at 1500: 106406
21/01/06 06:01:32 829 [INFO,train:82] 1500: 0.647 35.27 9984 156
21/01/06 06:01:32 829 [INFO,train:89]         epoch 1500 age 0: 0.300 16.99
21/01/06 06:01:35 666 [INFO,train:89]         epoch 1500 age 1: 0.175 10.11
21/01/06 06:01:38 567 [INFO,train:89]         epoch 1500 age 2: 0.129 7.45
21/01/06 06:14:50 027 [INFO,train:46] gc len at 1520: 103714
21/01/06 06:14:50 461 [INFO,benchmark:264] start benchmark against MrGreed for 512x2
21/01/06 06:15:26 965 [INFO,train:82] 1520: 0.649 41.30 9984 156
21/01/06 06:15:26 966 [INFO,train:89]         epoch 1520 age 0: 0.300 18.65
21/01/06 06:15:29 543 [INFO,train:89]         epoch 1520 age 1: 0.173 11.17
21/01/06 06:15:32 123 [INFO,train:89]         epoch 1520 age 2: 0.124 8.05
21/01/06 06:26:50 821 [INFO,benchmark:289] benchmark at epoch 1520's result: -12.71 8.33
21/01/06 06:28:54 662 [INFO,train:46] gc len at 1540: 112256
21/01/06 06:29:30 927 [INFO,train:82] 1540: 0.635 34.57 9984 156
21/01/06 06:29:30 927 [INFO,train:89]         epoch 1540 age 0: 0.296 16.24
21/01/06 06:29:33 831 [INFO,train:89]         epoch 1540 age 1: 0.169 9.38
21/01/06 06:29:36 619 [INFO,train:89]         epoch 1540 age 2: 0.124 6.69
21/01/06 06:43:03 572 [INFO,train:46] gc len at 1560: 109183
21/01/06 06:43:40 645 [INFO,train:82] 1560: 0.697 45.92 9984 156
21/01/06 06:43:40 645 [INFO,train:89]         epoch 1560 age 0: 0.319 20.03
21/01/06 06:43:43 480 [INFO,train:89]         epoch 1560 age 1: 0.186 11.62
21/01/06 06:43:46 308 [INFO,train:89]         epoch 1560 age 2: 0.132 8.15
21/01/06 06:56:58 921 [INFO,train:46] gc len at 1580: 115933
21/01/06 06:57:34 747 [INFO,train:82] 1580: 0.641 41.69 9984 156
21/01/06 06:57:34 747 [INFO,train:89]         epoch 1580 age 0: 0.296 18.96
21/01/06 06:57:37 595 [INFO,train:89]         epoch 1580 age 1: 0.170 11.22
21/01/06 06:57:40 433 [INFO,train:89]         epoch 1580 age 2: 0.123 7.81
21/01/06 07:10:52 216 [INFO,train:46] gc len at 1600: 113685
21/01/06 07:10:52 654 [INFO,benchmark:264] start benchmark against MrGreed for 512x2
21/01/06 07:11:30 249 [INFO,train:82] 1600: 0.682 39.59 9984 156
21/01/06 07:11:30 249 [INFO,train:89]         epoch 1600 age 0: 0.313 18.28
21/01/06 07:11:33 168 [INFO,train:89]         epoch 1600 age 1: 0.181 11.03
21/01/06 07:11:36 044 [INFO,train:89]         epoch 1600 age 2: 0.131 7.81
21/01/06 07:23:08 655 [INFO,benchmark:289] benchmark at epoch 1600's result: -5.06 8.20
21/01/06 07:25:00 743 [INFO,train:46] gc len at 1620: 117265
21/01/06 07:25:36 718 [INFO,train:82] 1620: 0.696 40.30 9984 156
21/01/06 07:25:36 718 [INFO,train:89]         epoch 1620 age 0: 0.315 18.30
21/01/06 07:25:39 523 [INFO,train:89]         epoch 1620 age 1: 0.179 10.65
21/01/06 07:25:42 414 [INFO,train:89]         epoch 1620 age 2: 0.128 7.81
21/01/06 07:38:53 669 [INFO,train:46] gc len at 1640: 119983
21/01/06 07:39:29 719 [INFO,train:82] 1640: 0.669 40.25 9984 156
21/01/06 07:39:29 719 [INFO,train:89]         epoch 1640 age 0: 0.309 18.90
21/01/06 07:39:32 556 [INFO,train:89]         epoch 1640 age 1: 0.178 11.44
21/01/06 07:39:35 447 [INFO,train:89]         epoch 1640 age 2: 0.131 8.02
21/01/06 07:52:46 637 [INFO,train:46] gc len at 1660: 116654
21/01/06 07:53:22 846 [INFO,train:82] 1660: 0.702 40.91 9984 156
21/01/06 07:53:22 847 [INFO,train:89]         epoch 1660 age 0: 0.317 18.19
21/01/06 07:53:25 765 [INFO,train:89]         epoch 1660 age 1: 0.180 10.72
21/01/06 07:53:28 655 [INFO,train:89]         epoch 1660 age 2: 0.127 7.62
21/01/06 08:06:39 689 [INFO,train:46] gc len at 1680: 104264
21/01/06 08:06:40 146 [INFO,benchmark:264] start benchmark against MrGreed for 512x2
21/01/06 08:07:16 796 [INFO,train:82] 1680: 0.678 37.84 9984 156
21/01/06 08:07:16 796 [INFO,train:89]         epoch 1680 age 0: 0.310 17.57
21/01/06 08:07:19 656 [INFO,train:89]         epoch 1680 age 1: 0.178 10.09
21/01/06 08:07:22 549 [INFO,train:89]         epoch 1680 age 2: 0.129 7.12
21/01/06 08:18:50 319 [INFO,benchmark:289] benchmark at epoch 1680's result: -25.89 8.11
21/01/06 08:20:53 611 [INFO,train:46] gc len at 1700: 117853
21/01/06 08:21:31 008 [INFO,train:82] 1700: 0.688 37.97 9984 156
21/01/06 08:21:31 008 [INFO,train:89]         epoch 1700 age 0: 0.318 17.62
21/01/06 08:21:33 612 [INFO,train:89]         epoch 1700 age 1: 0.188 10.24
21/01/06 08:21:36 220 [INFO,train:89]         epoch 1700 age 2: 0.135 7.40
21/01/06 08:34:49 884 [INFO,train:46] gc len at 1720: 112533
21/01/06 08:35:26 376 [INFO,train:82] 1720: 0.673 35.19 9984 156
21/01/06 08:35:26 376 [INFO,train:89]         epoch 1720 age 0: 0.312 16.73
21/01/06 08:35:29 218 [INFO,train:89]         epoch 1720 age 1: 0.179 9.61
21/01/06 08:35:32 061 [INFO,train:89]         epoch 1720 age 2: 0.132 7.16
21/01/06 08:48:43 438 [INFO,train:46] gc len at 1740: 114441
21/01/06 08:49:19 067 [INFO,train:82] 1740: 0.648 34.84 9984 156
21/01/06 08:49:19 067 [INFO,train:89]         epoch 1740 age 0: 0.309 16.57
21/01/06 08:49:21 913 [INFO,train:89]         epoch 1740 age 1: 0.180 10.03
21/01/06 08:49:24 758 [INFO,train:89]         epoch 1740 age 2: 0.132 7.31
21/01/06 09:02:37 418 [INFO,train:46] gc len at 1760: 119784
21/01/06 09:02:37 871 [INFO,benchmark:264] start benchmark against MrGreed for 512x2
21/01/06 09:03:14 538 [INFO,train:82] 1760: 0.669 35.67 9984 156
21/01/06 09:03:14 539 [INFO,train:89]         epoch 1760 age 0: 0.310 17.46
21/01/06 09:03:17 144 [INFO,train:89]         epoch 1760 age 1: 0.177 10.64
21/01/06 09:03:19 744 [INFO,train:89]         epoch 1760 age 2: 0.129 7.82
21/01/06 09:14:53 277 [INFO,benchmark:289] benchmark at epoch 1760's result: -9.99 8.14
21/01/06 09:16:44 480 [INFO,train:46] gc len at 1780: 107131
21/01/06 09:17:20 543 [INFO,train:82] 1780: 0.645 38.79 9984 156
21/01/06 09:17:20 543 [INFO,train:89]         epoch 1780 age 0: 0.301 18.04
21/01/06 09:17:23 427 [INFO,train:89]         epoch 1780 age 1: 0.177 10.26
21/01/06 09:17:26 333 [INFO,train:89]         epoch 1780 age 2: 0.129 7.20
21/01/06 09:30:36 085 [INFO,train:46] gc len at 1800: 116888
21/01/06 09:31:11 836 [INFO,train:82] 1800: 0.654 36.29 9984 156
21/01/06 09:31:11 836 [INFO,train:89]         epoch 1800 age 0: 0.306 16.80
21/01/06 09:31:14 724 [INFO,train:89]         epoch 1800 age 1: 0.179 9.87
21/01/06 09:31:17 589 [INFO,train:89]         epoch 1800 age 2: 0.133 7.14
21/01/06 09:44:28 173 [INFO,train:46] gc len at 1820: 119729
21/01/06 09:45:04 245 [INFO,train:82] 1820: 0.665 40.05 9984 156
21/01/06 09:45:04 246 [INFO,train:89]         epoch 1820 age 0: 0.316 18.69
21/01/06 09:45:07 122 [INFO,train:89]         epoch 1820 age 1: 0.181 11.32
21/01/06 09:45:09 996 [INFO,train:89]         epoch 1820 age 2: 0.133 8.10
21/01/06 09:58:33 767 [INFO,train:46] gc len at 1840: 107347
21/01/06 09:58:34 202 [INFO,benchmark:264] start benchmark against MrGreed for 512x2
21/01/06 09:59:10 984 [INFO,train:82] 1840: 0.664 36.73 9984 156
21/01/06 09:59:10 984 [INFO,train:89]         epoch 1840 age 0: 0.311 16.93
21/01/06 09:59:13 559 [INFO,train:89]         epoch 1840 age 1: 0.179 9.68
21/01/06 09:59:16 143 [INFO,train:89]         epoch 1840 age 2: 0.134 6.99
21/01/06 10:10:49 153 [INFO,benchmark:289] benchmark at epoch 1840's result: -0.19 8.10
21/01/06 10:12:41 949 [INFO,train:46] gc len at 1860: 102480
21/01/06 10:13:18 235 [INFO,train:82] 1860: 0.684 38.56 9984 156
21/01/06 10:13:18 236 [INFO,train:89]         epoch 1860 age 0: 0.316 17.61
21/01/06 10:13:21 108 [INFO,train:89]         epoch 1860 age 1: 0.183 10.19
21/01/06 10:13:23 959 [INFO,train:89]         epoch 1860 age 2: 0.134 7.20
