20/12/15 00:45:01 923 [INFO,<module>:553] sharing_strategy: file_system
20/12/15 00:45:03 939 [INFO,main:527] start from: ./ZeroNets/from-one-6f/PV_NET-11-2247733-600.pkl
20/12/15 00:45:03 939 [INFO,train:433] optimizer: {'lr': 0.0002, 'betas': (0.9, 0.999), 'eps': 1e-07, 'weight_decay': 0.0001, 'amsgrad': False}
20/12/15 00:45:03 939 [INFO,train:437] LOSS2_WEIGHT: 0.0300, BETA: 0.20, VALUE_RENORMAL: 10, BENCHMARK_METHOD: -1, TRAIN_SAMPLE: -1, REVIEW_NUMBER: 3, DATA_ROUNDS: 3x6
20/12/15 00:45:04 572 [INFO,benchmark:311] start benchmark against MrGreed for 512x2
20/12/15 00:45:24 687 [INFO,train:485] #epoch: loss1 loss2 grad1/grad2 amp_probe #train_datas
20/12/15 00:45:24 725 [INFO,train:502] 0: 0.27 34.32 0.0081 0.0576 13244
20/12/15 00:45:24 747 [INFO,train:518]         epoch 0 age 0: 0.27 34.32
20/12/15 00:45:24 769 [INFO,train:518]         epoch 0 age 1: 0.24 31.14
20/12/15 00:45:24 791 [INFO,train:518]         epoch 0 age 2: 0.23 28.65
20/12/15 00:45:35 104 [INFO,train:502] 1: 0.23 31.15 0.0064 0.0576 13222
20/12/15 00:45:35 126 [INFO,train:518]         epoch 1 age 0: 0.23 31.15
20/12/15 00:45:35 147 [INFO,train:518]         epoch 1 age 1: 0.22 29.43
20/12/15 00:45:35 169 [INFO,train:518]         epoch 1 age 2: 0.22 27.59
20/12/15 00:45:45 634 [INFO,train:502] 2: 0.23 29.52 0.0047 0.0576 13271
20/12/15 00:45:45 656 [INFO,train:518]         epoch 2 age 0: 0.23 29.52
20/12/15 00:45:45 677 [INFO,train:518]         epoch 2 age 1: 0.23 28.15
20/12/15 00:45:45 699 [INFO,train:518]         epoch 2 age 2: 0.22 26.88
20/12/15 00:45:55 716 [INFO,train:502] 3: 0.23 35.38 0.0051 0.0575 13228
20/12/15 00:45:55 738 [INFO,train:518]         epoch 3 age 0: 0.23 35.38
20/12/15 00:45:55 760 [INFO,train:518]         epoch 3 age 1: 0.23 34.24
20/12/15 00:45:55 781 [INFO,train:518]         epoch 3 age 2: 0.22 33.02
20/12/15 00:46:05 941 [INFO,train:502] 4: 0.24 37.41 0.0080 0.0576 13131
20/12/15 00:46:05 962 [INFO,train:518]         epoch 4 age 0: 0.24 37.41
20/12/15 00:46:05 984 [INFO,train:518]         epoch 4 age 1: 0.24 36.33
20/12/15 00:46:06 005 [INFO,train:518]         epoch 4 age 2: 0.23 35.24
20/12/15 00:46:16 306 [INFO,train:502] 5: 0.25 39.34 0.0083 0.0576 13198
20/12/15 00:46:16 328 [INFO,train:518]         epoch 5 age 0: 0.25 39.34
20/12/15 00:46:16 349 [INFO,train:518]         epoch 5 age 1: 0.25 38.31
20/12/15 00:46:16 370 [INFO,train:518]         epoch 5 age 2: 0.24 37.23
20/12/15 00:47:07 616 [INFO,train:502] 10: 0.26 29.75 0.0099 0.0575 13256
20/12/15 00:47:07 637 [INFO,train:518]         epoch 10 age 0: 0.26 29.75
20/12/15 00:47:07 659 [INFO,train:518]         epoch 10 age 1: 0.25 28.81
20/12/15 00:47:07 680 [INFO,train:518]         epoch 10 age 2: 0.25 27.85
20/12/15 00:47:59 450 [INFO,train:502] 15: 0.21 28.66 0.0063 0.0573 13270
20/12/15 00:47:59 472 [INFO,train:518]         epoch 15 age 0: 0.21 28.66
20/12/15 00:47:59 493 [INFO,train:518]         epoch 15 age 1: 0.21 27.86
20/12/15 00:47:59 515 [INFO,train:518]         epoch 15 age 2: 0.20 26.92
20/12/15 00:48:50 753 [INFO,train:502] 20: 0.25 31.06 0.0071 0.0572 13256
20/12/15 00:48:50 775 [INFO,train:518]         epoch 20 age 0: 0.25 31.06
20/12/15 00:48:50 796 [INFO,train:518]         epoch 20 age 1: 0.24 29.75
20/12/15 00:48:50 818 [INFO,train:518]         epoch 20 age 2: 0.23 28.35
20/12/15 00:49:42 845 [INFO,train:502] 25: 0.26 30.40 0.0074 0.0573 13191
20/12/15 00:49:42 866 [INFO,train:518]         epoch 25 age 0: 0.26 30.40
20/12/15 00:49:42 888 [INFO,train:518]         epoch 25 age 1: 0.26 29.47
20/12/15 00:49:42 909 [INFO,train:518]         epoch 25 age 2: 0.25 28.49
20/12/15 00:50:34 287 [INFO,train:502] 30: 0.25 29.84 0.0063 0.0573 13222
20/12/15 00:50:34 308 [INFO,train:518]         epoch 30 age 0: 0.25 29.84
20/12/15 00:50:34 330 [INFO,train:518]         epoch 30 age 1: 0.25 28.98
20/12/15 00:50:34 351 [INFO,train:518]         epoch 30 age 2: 0.25 28.05
20/12/15 00:51:25 541 [INFO,train:502] 35: 0.21 30.07 0.0049 0.0573 13296
20/12/15 00:51:25 563 [INFO,train:518]         epoch 35 age 0: 0.21 30.07
20/12/15 00:51:25 584 [INFO,train:518]         epoch 35 age 1: 0.21 28.88
20/12/15 00:51:25 606 [INFO,train:518]         epoch 35 age 2: 0.21 27.74
20/12/15 00:53:16 635 [INFO,benchmark:337] benchmark at epoch 0's result: -27.10 8.11
20/12/15 00:54:01 250 [INFO,train:502] 50: 0.24 28.18 0.0069 0.0573 13203
20/12/15 00:54:01 272 [INFO,train:518]         epoch 50 age 0: 0.24 28.18
20/12/15 00:54:01 293 [INFO,train:518]         epoch 50 age 1: 0.24 27.19
20/12/15 00:54:01 315 [INFO,train:518]         epoch 50 age 2: 0.23 26.39
20/12/15 01:02:24 561 [INFO,benchmark:311] start benchmark against MrGreed for 512x2
20/12/15 01:02:35 092 [INFO,train:502] 100: 0.25 32.42 0.0060 0.0576 13322
20/12/15 01:02:35 113 [INFO,train:518]         epoch 100 age 0: 0.25 32.42
20/12/15 01:02:35 135 [INFO,train:518]         epoch 100 age 1: 0.24 31.45
20/12/15 01:02:35 156 [INFO,train:518]         epoch 100 age 2: 0.24 30.28
20/12/15 01:11:31 272 [INFO,benchmark:337] benchmark at epoch 100's result: -43.99 8.20
20/12/15 01:11:46 131 [INFO,train:502] 150: 0.23 31.54 0.0078 0.0577 13248
20/12/15 01:11:46 153 [INFO,train:518]         epoch 150 age 0: 0.23 31.54
20/12/15 01:11:46 174 [INFO,train:518]         epoch 150 age 1: 0.23 30.54
20/12/15 01:11:46 196 [INFO,train:518]         epoch 150 age 2: 0.22 29.41
20/12/15 01:23:48 816 [INFO,benchmark:311] start benchmark against MrGreed for 512x2
20/12/15 01:24:03 517 [INFO,train:502] 200: 0.26 34.81 0.0068 0.0583 13232
20/12/15 01:24:03 538 [INFO,train:518]         epoch 200 age 0: 0.26 34.81
20/12/15 01:24:03 559 [INFO,train:518]         epoch 200 age 1: 0.26 33.71
20/12/15 01:24:03 581 [INFO,train:518]         epoch 200 age 2: 0.25 32.54
20/12/15 01:32:37 127 [INFO,benchmark:337] benchmark at epoch 200's result: -32.54 8.75
20/12/15 01:36:29 730 [INFO,train:502] 250: 0.25 30.28 0.0089 0.0590 13210
20/12/15 01:36:29 752 [INFO,train:518]         epoch 250 age 0: 0.25 30.28
20/12/15 01:36:29 774 [INFO,train:518]         epoch 250 age 1: 0.24 29.47
20/12/15 01:36:29 795 [INFO,train:518]         epoch 250 age 2: 0.23 28.60
20/12/15 01:48:20 455 [INFO,benchmark:311] start benchmark against MrGreed for 512x2
20/12/15 01:48:35 425 [INFO,train:502] 300: 0.25 29.18 0.0097 0.0590 13257
20/12/15 01:48:35 447 [INFO,train:518]         epoch 300 age 0: 0.25 29.18
20/12/15 01:48:35 468 [INFO,train:518]         epoch 300 age 1: 0.24 28.27
20/12/15 01:48:35 490 [INFO,train:518]         epoch 300 age 2: 0.23 27.29
20/12/15 01:56:22 300 [INFO,benchmark:337] benchmark at epoch 300's result: -66.10 8.20
20/12/15 02:00:49 301 [INFO,train:502] 350: 0.23 29.71 0.0066 0.0591 13029
20/12/15 02:00:49 321 [INFO,train:518]         epoch 350 age 0: 0.23 29.71
20/12/15 02:00:49 342 [INFO,train:518]         epoch 350 age 1: 0.23 28.82
20/12/15 02:00:49 363 [INFO,train:518]         epoch 350 age 2: 0.22 27.83
20/12/15 02:12:49 256 [INFO,benchmark:311] start benchmark against MrGreed for 512x2
20/12/15 02:13:03 779 [INFO,train:502] 400: 0.23 30.99 0.0052 0.0596 13214
20/12/15 02:13:03 800 [INFO,train:518]         epoch 400 age 0: 0.23 30.99
20/12/15 02:13:03 822 [INFO,train:518]         epoch 400 age 1: 0.23 30.00
20/12/15 02:13:03 843 [INFO,train:518]         epoch 400 age 2: 0.22 28.91
20/12/15 02:21:40 511 [INFO,benchmark:337] benchmark at epoch 400's result: -42.61 8.35
20/12/15 02:25:32 288 [INFO,train:502] 450: 0.26 30.33 0.0058 0.0598 13388
20/12/15 02:25:32 310 [INFO,train:518]         epoch 450 age 0: 0.26 30.33
20/12/15 02:25:32 332 [INFO,train:518]         epoch 450 age 1: 0.26 29.33
20/12/15 02:25:32 353 [INFO,train:518]         epoch 450 age 2: 0.25 28.25
20/12/15 02:28:31 450 [ERR,train:469] get data failed at epoch 457, has got 11836 datas:
Traceback (most recent call last):
  File "./MrZeroTree.py", line 466, in train
    queue_get=data_queue.get(block=True,timeout=data_timeout*3+30)
  File "/usr/lib/python3.6/multiprocessing/queues.py", line 105, in get
    raise Empty
queue.Empty

20/12/15 02:29:19 499 [INFO,train:471] enough rest
20/12/15 02:39:37 567 [INFO,benchmark:311] start benchmark against MrGreed for 512x2
20/12/15 02:39:52 354 [INFO,train:502] 500: 0.25 26.71 0.0063 0.0602 13279
20/12/15 02:39:52 376 [INFO,train:518]         epoch 500 age 0: 0.25 26.71
20/12/15 02:39:52 397 [INFO,train:518]         epoch 500 age 1: 0.24 25.69
20/12/15 02:39:52 419 [INFO,train:518]         epoch 500 age 2: 0.23 24.89
20/12/15 02:48:41 811 [INFO,benchmark:337] benchmark at epoch 500's result: -54.62 8.62
20/12/15 02:52:19 816 [INFO,train:502] 550: 0.26 34.17 0.0081 0.0603 13155
20/12/15 02:52:19 838 [INFO,train:518]         epoch 550 age 0: 0.26 34.17
20/12/15 02:52:19 859 [INFO,train:518]         epoch 550 age 1: 0.26 32.99
20/12/15 02:52:19 880 [INFO,train:518]         epoch 550 age 2: 0.25 31.43
20/12/15 03:04:21 398 [INFO,benchmark:311] start benchmark against MrGreed for 512x2
20/12/15 03:12:49 984 [INFO,benchmark:337] benchmark at epoch 600's result: -35.94 8.05
20/12/15 14:04:50 293 [ERR,main:531] :
Traceback (most recent call last):
  File "./MrZeroTree.py", line 529, in main
    train(pv_net)
  File "./MrZeroTree.py", line 460, in train
    p.start()
  File "/usr/lib/python3.6/multiprocessing/process.py", line 105, in start
    self._popen = self._Popen(self)
  File "/usr/lib/python3.6/multiprocessing/context.py", line 223, in _Popen
    return _default_context.get_context().Process._Popen(process_obj)
  File "/usr/lib/python3.6/multiprocessing/context.py", line 284, in _Popen
    return Popen(process_obj)
KeyboardInterrupt

