21/01/02 00:35:31 032 [INFO,main:103] BETA: 0.20, VALUE_RENORMAL: 10, MCTS_EXPL: 30, BENCH_SMP_B: 5, BENCH_SMP_K: 0.0
21/01/02 00:35:31 082 [INFO,main:104] init pv_net: PV_NET_C [(428, 2048), (2048, 2048), (2048, 512), (512, 512), (512, 512), (512, 512), (512, 512), (512, 512), (512, 512), (512, 512), (512, 512), (512, 512), (512, 512), (512, 512), (512, 512), (512, 52), (512, 1)] 9303093
21/01/02 00:35:31 082 [INFO,train:31] loss2_weight: 0.03, data_rounds: 64, train_mcts_b: 0, train_mcts_k: 2.0, review_number: 3, age_in_epoch: 3
21/01/02 00:35:33 153 [INFO,train:36] optimizer: {'lr': 0.0002, 'betas': (0.9, 0.999), 'eps': 1e-07, 'weight_decay': 0.0001, 'amsgrad': False}
21/01/02 00:35:33 278 [INFO,train:53] gc len at 0: 50473
21/01/02 00:35:33 740 [INFO,benchmark:260] start benchmark against MrGreed for 512x2
21/01/02 00:35:59 970 [INFO,train:89] 0: 0.792 39.30 3328 52
21/01/02 00:35:59 970 [INFO,train:96]         epoch 0 age 0: 0.792 39.30
21/01/02 00:36:00 562 [INFO,train:96]         epoch 0 age 1: 0.178 38.69
21/01/02 00:36:01 147 [INFO,train:96]         epoch 0 age 2: 0.168 38.35
21/01/02 00:36:01 152 [INFO,train:53] gc len at 1: 77788
21/01/02 00:36:28 498 [INFO,train:89] 1: 0.191 36.11 6656 104
21/01/02 00:36:28 498 [INFO,train:96]         epoch 1 age 0: 0.179 37.23
21/01/02 00:36:29 680 [INFO,train:96]         epoch 1 age 1: 0.169 34.17
21/01/02 00:36:30 859 [INFO,train:96]         epoch 1 age 2: 0.154 30.53
21/01/02 00:36:30 865 [INFO,train:53] gc len at 2: 94794
21/01/02 00:36:58 475 [INFO,train:89] 2: 0.345 33.00 9984 156
21/01/02 00:36:58 476 [INFO,train:96]         epoch 2 age 0: 0.218 31.35
21/01/02 00:37:00 257 [INFO,train:96]         epoch 2 age 1: 0.199 27.80
21/01/02 00:37:02 043 [INFO,train:96]         epoch 2 age 2: 0.189 23.75
21/01/02 00:37:02 051 [INFO,train:53] gc len at 3: 115141
21/01/02 00:37:30 309 [INFO,train:89] 3: 0.337 35.68 9984 156
21/01/02 00:37:30 309 [INFO,train:96]         epoch 3 age 0: 0.238 27.73
21/01/02 00:37:32 095 [INFO,train:96]         epoch 3 age 1: 0.213 23.29
21/01/02 00:37:33 875 [INFO,train:96]         epoch 3 age 2: 0.196 19.15
21/01/02 00:37:33 884 [INFO,train:53] gc len at 4: 113255
21/01/02 00:38:01 992 [INFO,train:89] 4: 0.360 46.85 9984 156
21/01/02 00:38:01 992 [INFO,train:96]         epoch 4 age 0: 0.250 28.38
21/01/02 00:38:03 775 [INFO,train:96]         epoch 4 age 1: 0.221 22.06
21/01/02 00:38:05 560 [INFO,train:96]         epoch 4 age 2: 0.199 18.91
21/01/02 00:38:05 568 [INFO,train:53] gc len at 5: 109663
21/01/02 00:38:33 697 [INFO,train:89] 5: 0.273 42.00 9984 156
21/01/02 00:38:33 697 [INFO,train:96]         epoch 5 age 0: 0.224 26.61
21/01/02 00:38:35 481 [INFO,train:96]         epoch 5 age 1: 0.196 21.18
21/01/02 00:38:37 263 [INFO,train:96]         epoch 5 age 2: 0.176 17.41
21/01/02 00:40:44 582 [INFO,train:53] gc len at 10: 117643
21/01/02 00:41:12 616 [INFO,train:89] 10: 0.448 46.75 9984 156
21/01/02 00:41:12 616 [INFO,train:96]         epoch 10 age 0: 0.293 26.51
21/01/02 00:41:14 393 [INFO,train:96]         epoch 10 age 1: 0.239 19.36
21/01/02 00:41:16 172 [INFO,train:96]         epoch 10 age 2: 0.214 15.87
21/01/02 00:43:24 026 [INFO,train:53] gc len at 15: 112680
21/01/02 00:43:52 388 [INFO,train:89] 15: 0.446 43.37 9984 156
21/01/02 00:43:52 388 [INFO,train:96]         epoch 15 age 0: 0.289 23.69
21/01/02 00:43:54 572 [INFO,train:96]         epoch 15 age 1: 0.229 16.22
21/01/02 00:43:56 725 [INFO,train:96]         epoch 15 age 2: 0.197 13.12
21/01/02 00:45:09 028 [INFO,benchmark:285] benchmark at epoch 0's result: -228.52 7.92
21/01/02 00:46:05 169 [INFO,train:53] gc len at 20: 115341
21/01/02 00:46:32 370 [INFO,train:89] 20: 0.532 39.83 9984 156
21/01/02 00:46:32 371 [INFO,train:96]         epoch 20 age 0: 0.300 21.58
21/01/02 00:46:34 532 [INFO,train:96]         epoch 20 age 1: 0.223 14.63
21/01/02 00:46:36 713 [INFO,train:96]         epoch 20 age 2: 0.190 11.62
21/01/02 00:48:43 877 [INFO,train:53] gc len at 25: 107773
21/01/02 00:49:11 214 [INFO,train:89] 25: 0.537 45.29 9984 156
21/01/02 00:49:11 214 [INFO,train:96]         epoch 25 age 0: 0.292 23.05
21/01/02 00:49:13 355 [INFO,train:96]         epoch 25 age 1: 0.208 15.08
21/01/02 00:49:15 509 [INFO,train:96]         epoch 25 age 2: 0.167 11.40
21/01/02 00:56:41 185 [INFO,train:53] gc len at 40: 103681
21/01/02 00:57:08 447 [INFO,train:89] 40: 0.502 40.90 9984 156
21/01/02 00:57:08 448 [INFO,train:96]         epoch 40 age 0: 0.260 20.35
21/01/02 00:57:10 587 [INFO,train:96]         epoch 40 age 1: 0.167 12.59
21/01/02 00:57:12 742 [INFO,train:96]         epoch 40 age 2: 0.133 9.86
21/01/02 01:07:18 116 [INFO,train:53] gc len at 60: 100950
21/01/02 01:07:45 536 [INFO,train:89] 60: 0.472 40.02 9984 156
21/01/02 01:07:45 536 [INFO,train:96]         epoch 60 age 0: 0.241 19.55
21/01/02 01:07:47 657 [INFO,train:96]         epoch 60 age 1: 0.153 12.08
21/01/02 01:07:49 696 [INFO,train:96]         epoch 60 age 2: 0.122 9.25
21/01/02 01:17:51 883 [INFO,train:53] gc len at 80: 118121
21/01/02 01:17:52 330 [INFO,benchmark:260] start benchmark against MrGreed for 512x2
21/01/02 01:18:20 788 [INFO,train:89] 80: 0.493 42.89 9984 156
21/01/02 01:18:20 788 [INFO,train:96]         epoch 80 age 0: 0.241 20.05
21/01/02 01:18:22 593 [INFO,train:96]         epoch 80 age 1: 0.151 12.07
21/01/02 01:18:24 384 [INFO,train:96]         epoch 80 age 2: 0.119 8.91
21/01/02 01:27:27 290 [INFO,benchmark:285] benchmark at epoch 80's result: -121.96 8.20
21/01/02 01:28:33 831 [INFO,train:53] gc len at 100: 106932
21/01/02 01:29:01 309 [INFO,train:89] 100: 0.501 37.07 9984 156
21/01/02 01:29:01 309 [INFO,train:96]         epoch 100 age 0: 0.243 18.45
21/01/02 01:29:03 245 [INFO,train:96]         epoch 100 age 1: 0.157 11.35
21/01/02 01:29:05 181 [INFO,train:96]         epoch 100 age 2: 0.123 8.54
21/01/02 01:39:07 937 [INFO,train:53] gc len at 120: 119230
21/01/02 01:39:35 528 [INFO,train:89] 120: 0.494 37.57 9984 156
21/01/02 01:39:35 528 [INFO,train:96]         epoch 120 age 0: 0.245 18.16
21/01/02 01:39:37 649 [INFO,train:96]         epoch 120 age 1: 0.157 10.86
21/01/02 01:39:39 803 [INFO,train:96]         epoch 120 age 2: 0.123 8.05
21/01/02 01:50:00 452 [INFO,train:53] gc len at 140: 110388
21/01/02 01:50:28 838 [INFO,train:89] 140: 0.512 41.23 9984 156
21/01/02 01:50:28 838 [INFO,train:96]         epoch 140 age 0: 0.247 19.73
21/01/02 01:50:30 702 [INFO,train:96]         epoch 140 age 1: 0.152 11.97
21/01/02 01:50:32 585 [INFO,train:96]         epoch 140 age 2: 0.122 9.17
21/01/02 02:00:52 011 [INFO,train:53] gc len at 160: 102482
21/01/02 02:00:52 454 [INFO,benchmark:260] start benchmark against MrGreed for 512x2
21/01/02 02:01:21 299 [INFO,train:89] 160: 0.511 40.67 9984 156
21/01/02 02:01:21 299 [INFO,train:96]         epoch 160 age 0: 0.250 19.37
21/01/02 02:01:23 078 [INFO,train:96]         epoch 160 age 1: 0.156 11.73
21/01/02 02:01:24 860 [INFO,train:96]         epoch 160 age 2: 0.121 9.10
21/01/02 02:10:33 023 [INFO,benchmark:285] benchmark at epoch 160's result: -113.71 7.98
21/01/02 02:11:38 745 [INFO,train:53] gc len at 180: 110640
21/01/02 02:12:07 048 [INFO,train:89] 180: 0.498 39.76 9984 156
21/01/02 02:12:07 048 [INFO,train:96]         epoch 180 age 0: 0.244 19.42
21/01/02 02:12:09 200 [INFO,train:96]         epoch 180 age 1: 0.150 11.62
21/01/02 02:12:11 371 [INFO,train:96]         epoch 180 age 2: 0.118 8.66
21/01/02 02:22:22 472 [INFO,train:53] gc len at 200: 117782
21/01/02 02:22:50 380 [INFO,train:89] 200: 0.573 42.32 9984 156
21/01/02 02:22:50 381 [INFO,train:96]         epoch 200 age 0: 0.270 19.66
21/01/02 02:22:52 473 [INFO,train:96]         epoch 200 age 1: 0.164 11.56
21/01/02 02:22:54 359 [INFO,train:96]         epoch 200 age 2: 0.125 8.63
21/01/02 02:33:01 283 [INFO,train:53] gc len at 220: 101243
21/01/02 02:33:28 775 [INFO,train:89] 220: 0.544 45.41 9984 156
21/01/02 02:33:28 775 [INFO,train:96]         epoch 220 age 0: 0.264 20.62
21/01/02 02:33:30 970 [INFO,train:96]         epoch 220 age 1: 0.155 12.51
21/01/02 02:33:33 114 [INFO,train:96]         epoch 220 age 2: 0.119 9.57
21/01/02 02:43:47 145 [INFO,train:53] gc len at 240: 112728
21/01/02 02:43:47 605 [INFO,benchmark:260] start benchmark against MrGreed for 512x2
21/01/02 02:44:16 450 [INFO,train:89] 240: 0.527 37.67 9984 156
21/01/02 02:44:16 450 [INFO,train:96]         epoch 240 age 0: 0.250 18.22
21/01/02 02:44:18 242 [INFO,train:96]         epoch 240 age 1: 0.152 10.98
21/01/02 02:44:20 029 [INFO,train:96]         epoch 240 age 2: 0.116 8.15
21/01/02 02:53:37 347 [INFO,benchmark:285] benchmark at epoch 240's result: -97.70 8.18
21/01/02 02:54:34 834 [INFO,train:53] gc len at 260: 114618
21/01/02 02:55:02 556 [INFO,train:89] 260: 0.522 42.33 9984 156
21/01/02 02:55:02 556 [INFO,train:96]         epoch 260 age 0: 0.249 19.29
21/01/02 02:55:04 689 [INFO,train:96]         epoch 260 age 1: 0.149 11.72
21/01/02 02:55:06 839 [INFO,train:96]         epoch 260 age 2: 0.115 8.63
21/01/02 03:05:18 156 [INFO,train:53] gc len at 280: 108136
21/01/02 03:05:46 450 [INFO,train:89] 280: 0.568 39.68 9984 156
21/01/02 03:05:46 450 [INFO,train:96]         epoch 280 age 0: 0.263 18.67
21/01/02 03:05:48 480 [INFO,train:96]         epoch 280 age 1: 0.155 10.91
21/01/02 03:05:50 627 [INFO,train:96]         epoch 280 age 2: 0.116 7.96
21/01/02 03:16:05 229 [INFO,train:53] gc len at 300: 113512
21/01/02 03:16:33 442 [INFO,train:89] 300: 0.545 37.31 9984 156
21/01/02 03:16:33 442 [INFO,train:96]         epoch 300 age 0: 0.258 17.61
21/01/02 03:16:35 595 [INFO,train:96]         epoch 300 age 1: 0.150 10.29
21/01/02 03:16:37 752 [INFO,train:96]         epoch 300 age 2: 0.114 7.50
21/01/02 03:26:50 074 [INFO,train:53] gc len at 320: 107509
21/01/02 03:26:50 519 [INFO,benchmark:260] start benchmark against MrGreed for 512x2
21/01/02 03:27:19 704 [INFO,train:89] 320: 0.570 37.71 9984 156
21/01/02 03:27:19 705 [INFO,train:96]         epoch 320 age 0: 0.263 17.99
21/01/02 03:27:21 488 [INFO,train:96]         epoch 320 age 1: 0.151 10.90
21/01/02 03:27:23 267 [INFO,train:96]         epoch 320 age 2: 0.112 7.93
21/01/02 03:36:31 038 [INFO,benchmark:285] benchmark at epoch 320's result: -94.23 8.21
21/01/02 03:37:38 243 [INFO,train:53] gc len at 340: 117483
21/01/02 03:38:06 054 [INFO,train:89] 340: 0.548 42.54 9984 156
21/01/02 03:38:06 054 [INFO,train:96]         epoch 340 age 0: 0.250 19.50
21/01/02 03:38:08 257 [INFO,train:96]         epoch 340 age 1: 0.142 11.80
21/01/02 03:38:10 410 [INFO,train:96]         epoch 340 age 2: 0.106 9.08
21/01/02 03:48:15 558 [INFO,train:53] gc len at 360: 121112
21/01/02 03:48:43 591 [INFO,train:89] 360: 0.552 38.45 9984 156
21/01/02 03:48:43 591 [INFO,train:96]         epoch 360 age 0: 0.251 18.24
21/01/02 03:48:45 576 [INFO,train:96]         epoch 360 age 1: 0.138 10.76
21/01/02 03:48:47 727 [INFO,train:96]         epoch 360 age 2: 0.100 8.14
21/01/02 03:58:58 054 [INFO,train:53] gc len at 380: 110090
21/01/02 03:59:26 189 [INFO,train:89] 380: 0.529 34.48 9984 156
21/01/02 03:59:26 189 [INFO,train:96]         epoch 380 age 0: 0.246 17.07
21/01/02 03:59:28 366 [INFO,train:96]         epoch 380 age 1: 0.141 9.91
21/01/02 03:59:30 546 [INFO,train:96]         epoch 380 age 2: 0.105 7.34
21/01/02 04:09:45 136 [INFO,train:53] gc len at 400: 107329
21/01/02 04:09:45 591 [INFO,benchmark:260] start benchmark against MrGreed for 512x2
21/01/02 04:10:14 515 [INFO,train:89] 400: 0.526 36.99 9984 156
21/01/02 04:10:14 515 [INFO,train:96]         epoch 400 age 0: 0.244 17.89
21/01/02 04:10:16 304 [INFO,train:96]         epoch 400 age 1: 0.140 10.53
21/01/02 04:10:18 084 [INFO,train:96]         epoch 400 age 2: 0.102 8.00
21/01/02 04:19:38 256 [INFO,benchmark:285] benchmark at epoch 400's result: -84.43 8.26
21/01/02 04:20:32 248 [INFO,train:53] gc len at 420: 110487
21/01/02 04:21:00 193 [INFO,train:89] 420: 0.541 38.50 9984 156
21/01/02 04:21:00 193 [INFO,train:96]         epoch 420 age 0: 0.248 18.12
21/01/02 04:21:02 344 [INFO,train:96]         epoch 420 age 1: 0.140 10.77
21/01/02 04:21:04 488 [INFO,train:96]         epoch 420 age 2: 0.102 7.84
21/01/02 04:31:14 642 [INFO,train:53] gc len at 440: 107439
21/01/02 04:31:42 562 [INFO,train:89] 440: 0.532 40.25 9984 156
21/01/02 04:31:42 563 [INFO,train:96]         epoch 440 age 0: 0.247 18.81
21/01/02 04:31:44 504 [INFO,train:96]         epoch 440 age 1: 0.136 10.59
21/01/02 04:31:46 606 [INFO,train:96]         epoch 440 age 2: 0.102 7.86
21/01/02 04:41:58 211 [INFO,train:53] gc len at 460: 115802
21/01/02 04:42:26 439 [INFO,train:89] 460: 0.536 37.15 9984 156
21/01/02 04:42:26 439 [INFO,train:96]         epoch 460 age 0: 0.248 17.49
21/01/02 04:42:28 614 [INFO,train:96]         epoch 460 age 1: 0.135 10.66
21/01/02 04:42:30 782 [INFO,train:96]         epoch 460 age 2: 0.101 7.91
21/01/02 04:52:50 236 [INFO,train:53] gc len at 480: 119589
21/01/02 04:52:50 691 [INFO,benchmark:260] start benchmark against MrGreed for 512x2
21/01/02 04:53:19 127 [INFO,train:89] 480: 0.569 38.85 9984 156
21/01/02 04:53:19 128 [INFO,train:96]         epoch 480 age 0: 0.254 18.20
21/01/02 04:53:20 915 [INFO,train:96]         epoch 480 age 1: 0.139 10.93
21/01/02 04:53:22 700 [INFO,train:96]         epoch 480 age 2: 0.101 7.66
21/01/02 05:02:41 391 [INFO,benchmark:285] benchmark at epoch 480's result: -63.36 8.04
21/01/02 05:03:34 333 [INFO,train:53] gc len at 500: 116032
21/01/02 05:04:02 421 [INFO,train:89] 500: 0.495 34.38 9984 156
21/01/02 05:04:02 421 [INFO,train:96]         epoch 500 age 0: 0.231 16.59
21/01/02 05:04:04 553 [INFO,train:96]         epoch 500 age 1: 0.125 9.67
21/01/02 05:04:06 761 [INFO,train:96]         epoch 500 age 2: 0.093 7.26
21/01/02 05:14:14 295 [INFO,train:53] gc len at 520: 106896
21/01/02 05:14:41 993 [INFO,train:89] 520: 0.524 41.58 9984 156
21/01/02 05:14:41 994 [INFO,train:96]         epoch 520 age 0: 0.237 18.62
21/01/02 05:14:43 985 [INFO,train:96]         epoch 520 age 1: 0.130 11.03
21/01/02 05:14:46 170 [INFO,train:96]         epoch 520 age 2: 0.097 7.88
21/01/02 05:24:58 428 [INFO,train:53] gc len at 540: 117171
21/01/02 05:25:26 442 [INFO,train:89] 540: 0.532 37.78 9984 156
21/01/02 05:25:26 442 [INFO,train:96]         epoch 540 age 0: 0.243 17.58
21/01/02 05:25:28 607 [INFO,train:96]         epoch 540 age 1: 0.130 9.99
21/01/02 05:25:30 782 [INFO,train:96]         epoch 540 age 2: 0.097 7.57
21/01/02 05:35:45 049 [INFO,train:53] gc len at 560: 112159
21/01/02 05:35:45 455 [INFO,benchmark:260] start benchmark against MrGreed for 512x2
21/01/02 05:36:14 067 [INFO,train:89] 560: 0.501 32.82 9984 156
21/01/02 05:36:14 067 [INFO,train:96]         epoch 560 age 0: 0.230 15.96
21/01/02 05:36:15 849 [INFO,train:96]         epoch 560 age 1: 0.120 9.16
21/01/02 05:36:17 624 [INFO,train:96]         epoch 560 age 2: 0.089 7.00
21/01/02 05:45:22 908 [INFO,benchmark:285] benchmark at epoch 560's result: -41.55 8.54
21/01/02 05:46:31 621 [INFO,train:53] gc len at 580: 109619
21/01/02 05:46:59 730 [INFO,train:89] 580: 0.549 41.12 9984 156
21/01/02 05:46:59 730 [INFO,train:96]         epoch 580 age 0: 0.245 18.46
21/01/02 05:47:01 879 [INFO,train:96]         epoch 580 age 1: 0.133 10.77
21/01/02 05:47:03 856 [INFO,train:96]         epoch 580 age 2: 0.095 7.55
21/01/02 05:57:10 933 [INFO,train:53] gc len at 600: 118444
21/01/02 05:57:38 583 [INFO,train:89] 600: 0.520 37.67 9984 156
21/01/02 05:57:38 584 [INFO,train:96]         epoch 600 age 0: 0.239 17.90
21/01/02 05:57:40 721 [INFO,train:96]         epoch 600 age 1: 0.127 9.87
21/01/02 05:57:42 911 [INFO,train:96]         epoch 600 age 2: 0.093 7.32
21/01/02 06:07:59 647 [INFO,train:53] gc len at 620: 113774
21/01/02 06:08:27 573 [INFO,train:89] 620: 0.552 39.62 9984 156
21/01/02 06:08:27 573 [INFO,train:96]         epoch 620 age 0: 0.248 18.40
21/01/02 06:08:29 724 [INFO,train:96]         epoch 620 age 1: 0.136 10.75
21/01/02 06:08:31 854 [INFO,train:96]         epoch 620 age 2: 0.097 8.06
21/01/02 06:18:45 536 [INFO,train:53] gc len at 640: 111772
21/01/02 06:18:45 978 [INFO,benchmark:260] start benchmark against MrGreed for 512x2
21/01/02 06:19:14 071 [INFO,train:89] 640: 0.524 33.05 9984 156
21/01/02 06:19:14 071 [INFO,train:96]         epoch 640 age 0: 0.241 16.81
21/01/02 06:19:15 854 [INFO,train:96]         epoch 640 age 1: 0.125 9.96
21/01/02 06:19:17 635 [INFO,train:96]         epoch 640 age 2: 0.092 7.49
21/01/02 06:28:33 064 [INFO,benchmark:285] benchmark at epoch 640's result: -39.20 8.25
21/01/02 06:29:42 260 [INFO,train:53] gc len at 660: 107750
21/01/02 06:30:10 348 [INFO,train:89] 660: 0.512 36.21 9984 156
21/01/02 06:30:10 348 [INFO,train:96]         epoch 660 age 0: 0.233 16.92
21/01/02 06:30:12 467 [INFO,train:96]         epoch 660 age 1: 0.122 10.09
21/01/02 06:30:14 616 [INFO,train:96]         epoch 660 age 2: 0.089 7.69
21/01/02 06:40:28 317 [INFO,train:53] gc len at 680: 110854
21/01/02 06:40:56 274 [INFO,train:89] 680: 0.520 35.09 9984 156
21/01/02 06:40:56 275 [INFO,train:96]         epoch 680 age 0: 0.234 16.97
21/01/02 06:40:58 456 [INFO,train:96]         epoch 680 age 1: 0.124 9.72
21/01/02 06:41:00 646 [INFO,train:96]         epoch 680 age 2: 0.091 7.26
21/01/02 06:51:15 531 [INFO,train:53] gc len at 700: 119498
21/01/02 06:51:43 926 [INFO,train:89] 700: 0.527 38.48 9984 156
21/01/02 06:51:43 926 [INFO,train:96]         epoch 700 age 0: 0.239 17.99
21/01/02 06:51:46 094 [INFO,train:96]         epoch 700 age 1: 0.128 10.57
21/01/02 06:51:48 109 [INFO,train:96]         epoch 700 age 2: 0.092 7.94
21/01/02 07:02:06 688 [INFO,train:53] gc len at 720: 116458
21/01/02 07:02:07 114 [INFO,benchmark:260] start benchmark against MrGreed for 512x2
21/01/02 07:02:35 689 [INFO,train:89] 720: 0.536 38.68 9984 156
21/01/02 07:02:35 689 [INFO,train:96]         epoch 720 age 0: 0.241 18.13
21/01/02 07:02:37 471 [INFO,train:96]         epoch 720 age 1: 0.128 10.11
21/01/02 07:02:39 261 [INFO,train:96]         epoch 720 age 2: 0.092 7.53
21/01/02 07:11:54 228 [INFO,benchmark:285] benchmark at epoch 720's result: -47.67 8.33
21/01/02 07:12:50 190 [INFO,train:53] gc len at 740: 108747
21/01/02 07:13:18 326 [INFO,train:89] 740: 0.488 40.78 9984 156
21/01/02 07:13:18 326 [INFO,train:96]         epoch 740 age 0: 0.223 18.61
21/01/02 07:13:20 507 [INFO,train:96]         epoch 740 age 1: 0.119 10.88
21/01/02 07:13:22 664 [INFO,train:96]         epoch 740 age 2: 0.088 8.19
21/01/02 07:23:36 429 [INFO,train:53] gc len at 760: 102040
21/01/02 07:24:04 115 [INFO,train:89] 760: 0.511 37.39 9984 156
21/01/02 07:24:04 115 [INFO,train:96]         epoch 760 age 0: 0.228 17.92
21/01/02 07:24:06 207 [INFO,train:96]         epoch 760 age 1: 0.123 10.80
21/01/02 07:24:08 201 [INFO,train:96]         epoch 760 age 2: 0.089 7.66
21/01/02 07:34:14 312 [INFO,train:53] gc len at 780: 119299
21/01/02 07:34:42 408 [INFO,train:89] 780: 0.544 33.93 9984 156
21/01/02 07:34:42 408 [INFO,train:96]         epoch 780 age 0: 0.244 16.90
21/01/02 07:34:44 528 [INFO,train:96]         epoch 780 age 1: 0.131 9.67
21/01/02 07:34:46 715 [INFO,train:96]         epoch 780 age 2: 0.094 7.41
21/01/02 07:44:58 157 [INFO,train:53] gc len at 800: 115836
21/01/02 07:44:58 597 [INFO,benchmark:260] start benchmark against MrGreed for 512x2
21/01/02 07:45:27 538 [INFO,train:89] 800: 0.555 35.11 9984 156
21/01/02 07:45:27 539 [INFO,train:96]         epoch 800 age 0: 0.245 16.84
21/01/02 07:45:29 318 [INFO,train:96]         epoch 800 age 1: 0.126 9.53
21/01/02 07:45:31 087 [INFO,train:96]         epoch 800 age 2: 0.089 7.61
21/01/02 07:54:45 677 [INFO,benchmark:285] benchmark at epoch 800's result: -45.23 8.27
21/01/02 07:55:43 267 [INFO,train:53] gc len at 820: 104153
21/01/02 07:56:11 152 [INFO,train:89] 820: 0.485 36.86 9984 156
21/01/02 07:56:11 152 [INFO,train:96]         epoch 820 age 0: 0.219 17.57
21/01/02 07:56:13 321 [INFO,train:96]         epoch 820 age 1: 0.114 10.32
21/01/02 07:56:15 439 [INFO,train:96]         epoch 820 age 2: 0.084 7.61
21/01/02 08:06:27 432 [INFO,train:53] gc len at 840: 101676
21/01/02 08:06:55 182 [INFO,train:89] 840: 0.513 36.09 9984 156
21/01/02 08:06:55 183 [INFO,train:96]         epoch 840 age 0: 0.229 17.69
21/01/02 08:06:57 171 [INFO,train:96]         epoch 840 age 1: 0.121 10.12
21/01/02 08:06:59 259 [INFO,train:96]         epoch 840 age 2: 0.088 7.72
21/01/02 08:17:07 554 [INFO,train:53] gc len at 860: 114460
21/01/02 08:17:35 208 [INFO,train:89] 860: 0.530 38.94 9984 156
21/01/02 08:17:35 208 [INFO,train:96]         epoch 860 age 0: 0.236 17.97
21/01/02 08:17:37 330 [INFO,train:96]         epoch 860 age 1: 0.120 10.38
21/01/02 08:17:39 473 [INFO,train:96]         epoch 860 age 2: 0.086 7.57
21/01/02 08:27:54 253 [INFO,train:53] gc len at 880: 110614
21/01/02 08:27:54 680 [INFO,benchmark:260] start benchmark against MrGreed for 512x2
21/01/02 08:28:23 526 [INFO,train:89] 880: 0.539 41.67 9984 156
21/01/02 08:28:23 526 [INFO,train:96]         epoch 880 age 0: 0.241 19.58
21/01/02 08:28:25 692 [INFO,train:96]         epoch 880 age 1: 0.126 11.11
21/01/02 08:28:27 875 [INFO,train:96]         epoch 880 age 2: 0.092 9.45
21/01/02 08:37:30 639 [INFO,benchmark:285] benchmark at epoch 880's result: -41.46 8.12
21/01/02 08:38:40 488 [INFO,train:53] gc len at 900: 111102
21/01/02 08:39:08 585 [INFO,train:89] 900: 0.510 34.71 9984 156
21/01/02 08:39:08 586 [INFO,train:96]         epoch 900 age 0: 0.229 16.35
21/01/02 08:39:10 760 [INFO,train:96]         epoch 900 age 1: 0.118 9.61
21/01/02 08:39:12 952 [INFO,train:96]         epoch 900 age 2: 0.087 7.01
21/01/02 08:49:23 824 [INFO,train:53] gc len at 920: 114711
21/01/02 08:49:51 548 [INFO,train:89] 920: 0.526 37.62 9984 156
21/01/02 08:49:51 548 [INFO,train:96]         epoch 920 age 0: 0.234 17.43
21/01/02 08:49:53 505 [INFO,train:96]         epoch 920 age 1: 0.122 10.67
21/01/02 08:49:55 432 [INFO,train:96]         epoch 920 age 2: 0.086 7.76
21/01/02 09:00:02 208 [INFO,train:53] gc len at 940: 115209
21/01/02 09:00:30 249 [INFO,train:89] 940: 0.475 35.44 9984 156
21/01/02 09:00:30 249 [INFO,train:96]         epoch 940 age 0: 0.214 16.67
21/01/02 09:00:32 426 [INFO,train:96]         epoch 940 age 1: 0.114 9.80
21/01/02 09:00:34 600 [INFO,train:96]         epoch 940 age 2: 0.082 7.45
21/01/02 09:10:53 517 [INFO,train:53] gc len at 960: 114785
21/01/02 09:10:53 951 [INFO,benchmark:260] start benchmark against MrGreed for 512x2
21/01/02 09:11:22 005 [INFO,train:89] 960: 0.535 38.27 9984 156
21/01/02 09:11:22 006 [INFO,train:96]         epoch 960 age 0: 0.233 18.20
21/01/02 09:11:25 147 [INFO,train:96]         epoch 960 age 1: 0.118 10.85
21/01/02 09:11:27 341 [INFO,train:96]         epoch 960 age 2: 0.085 7.91
21/01/02 09:20:38 944 [INFO,benchmark:285] benchmark at epoch 960's result: -33.44 8.04
21/01/02 09:21:41 172 [INFO,train:53] gc len at 980: 104006
21/01/02 09:22:08 898 [INFO,train:89] 980: 0.480 35.90 9984 156
21/01/02 09:22:08 898 [INFO,train:96]         epoch 980 age 0: 0.218 16.88
21/01/02 09:22:11 037 [INFO,train:96]         epoch 980 age 1: 0.114 9.88
21/01/02 09:22:13 132 [INFO,train:96]         epoch 980 age 2: 0.082 7.44
21/01/02 09:32:25 502 [INFO,train:53] gc len at 1000: 103276
21/01/02 09:32:53 355 [INFO,train:89] 1000: 0.508 36.89 9984 156
21/01/02 09:32:53 355 [INFO,train:96]         epoch 1000 age 0: 0.227 17.51
21/01/02 09:32:55 549 [INFO,train:96]         epoch 1000 age 1: 0.118 9.97
21/01/02 09:32:57 723 [INFO,train:96]         epoch 1000 age 2: 0.086 7.35
21/01/02 09:43:09 103 [INFO,train:53] gc len at 1020: 107388
21/01/02 09:43:36 848 [INFO,train:89] 1020: 0.523 41.04 9984 156
21/01/02 09:43:36 848 [INFO,train:96]         epoch 1020 age 0: 0.232 18.64
21/01/02 09:43:39 005 [INFO,train:96]         epoch 1020 age 1: 0.122 10.44
21/01/02 09:43:41 202 [INFO,train:96]         epoch 1020 age 2: 0.089 7.50
21/01/02 09:53:58 189 [INFO,train:53] gc len at 1040: 118137
21/01/02 09:53:58 586 [INFO,benchmark:260] start benchmark against MrGreed for 512x2
21/01/02 09:54:27 249 [INFO,train:89] 1040: 0.516 38.30 9984 156
21/01/02 09:54:27 249 [INFO,train:96]         epoch 1040 age 0: 0.229 17.62
21/01/02 09:54:29 429 [INFO,train:96]         epoch 1040 age 1: 0.120 10.85
21/01/02 09:54:31 612 [INFO,train:96]         epoch 1040 age 2: 0.084 7.92
21/01/02 10:03:47 468 [INFO,benchmark:285] benchmark at epoch 1040's result: -26.97 8.12
21/01/02 10:04:52 500 [INFO,train:53] gc len at 1060: 117549
21/01/02 10:05:20 757 [INFO,train:89] 1060: 0.528 37.70 9984 156
21/01/02 10:05:20 757 [INFO,train:96]         epoch 1060 age 0: 0.234 18.00
21/01/02 10:05:22 965 [INFO,train:96]         epoch 1060 age 1: 0.120 11.06
21/01/02 10:05:25 175 [INFO,train:96]         epoch 1060 age 2: 0.085 8.43
21/01/02 10:15:40 548 [INFO,train:53] gc len at 1080: 118167
21/01/02 10:16:08 847 [INFO,train:89] 1080: 0.508 40.25 9984 156
21/01/02 10:16:08 847 [INFO,train:96]         epoch 1080 age 0: 0.225 18.27
21/01/02 10:16:10 992 [INFO,train:96]         epoch 1080 age 1: 0.120 10.21
21/01/02 10:16:13 117 [INFO,train:96]         epoch 1080 age 2: 0.086 7.40
21/01/02 10:26:24 124 [INFO,train:53] gc len at 1100: 107217
21/01/02 10:26:52 275 [INFO,train:89] 1100: 0.545 39.39 9984 156
21/01/02 10:26:52 275 [INFO,train:96]         epoch 1100 age 0: 0.238 18.07
21/01/02 10:26:54 050 [INFO,train:96]         epoch 1100 age 1: 0.124 10.06
21/01/02 10:26:55 834 [INFO,train:96]         epoch 1100 age 2: 0.090 7.59
21/01/02 10:37:11 477 [INFO,train:53] gc len at 1120: 113556
21/01/02 10:37:11 891 [INFO,benchmark:260] start benchmark against MrGreed for 512x2
21/01/02 10:37:40 235 [INFO,train:89] 1120: 0.530 35.53 9984 156
21/01/02 10:37:40 235 [INFO,train:96]         epoch 1120 age 0: 0.233 16.77
21/01/02 10:37:42 296 [INFO,train:96]         epoch 1120 age 1: 0.121 9.78
21/01/02 10:37:44 464 [INFO,train:96]         epoch 1120 age 2: 0.086 7.31
21/01/02 10:46:52 391 [INFO,benchmark:285] benchmark at epoch 1120's result: -24.23 8.07
21/01/02 10:48:10 670 [INFO,train:53] gc len at 1140: 115960
21/01/02 10:48:38 286 [INFO,train:89] 1140: 0.547 39.36 9984 156
21/01/02 10:48:38 286 [INFO,train:96]         epoch 1140 age 0: 0.241 18.59
21/01/02 10:48:40 403 [INFO,train:96]         epoch 1140 age 1: 0.121 10.72
21/01/02 10:48:42 577 [INFO,train:96]         epoch 1140 age 2: 0.088 7.91
21/01/02 10:58:54 939 [INFO,train:53] gc len at 1160: 101310
21/01/02 10:59:23 133 [INFO,train:89] 1160: 0.541 36.13 9984 156
21/01/02 10:59:23 133 [INFO,train:96]         epoch 1160 age 0: 0.236 16.91
21/01/02 10:59:25 146 [INFO,train:96]         epoch 1160 age 1: 0.120 9.62
21/01/02 10:59:27 149 [INFO,train:96]         epoch 1160 age 2: 0.085 7.07
21/01/02 11:09:40 076 [INFO,train:53] gc len at 1180: 104806
21/01/02 11:10:08 919 [INFO,train:89] 1180: 0.480 33.53 9984 156
21/01/02 11:10:08 919 [INFO,train:96]         epoch 1180 age 0: 0.219 16.32
21/01/02 11:10:10 707 [INFO,train:96]         epoch 1180 age 1: 0.113 9.47
21/01/02 11:10:12 498 [INFO,train:96]         epoch 1180 age 2: 0.082 7.07
21/01/02 11:20:27 048 [INFO,train:53] gc len at 1200: 115473
21/01/02 11:20:27 495 [INFO,benchmark:260] start benchmark against MrGreed for 512x2
21/01/02 11:20:56 407 [INFO,train:89] 1200: 0.506 35.25 9984 156
21/01/02 11:20:56 407 [INFO,train:96]         epoch 1200 age 0: 0.224 16.63
21/01/02 11:20:58 595 [INFO,train:96]         epoch 1200 age 1: 0.114 9.75
21/01/02 11:21:00 767 [INFO,train:96]         epoch 1200 age 2: 0.080 7.25
21/01/02 11:30:15 885 [INFO,benchmark:285] benchmark at epoch 1200's result: -25.48 8.11
21/01/02 11:31:29 052 [INFO,train:53] gc len at 1220: 119999
21/01/02 11:31:56 920 [INFO,train:89] 1220: 0.534 45.36 9984 156
21/01/02 11:31:56 920 [INFO,train:96]         epoch 1220 age 0: 0.235 20.24
21/01/02 11:31:59 016 [INFO,train:96]         epoch 1220 age 1: 0.122 12.11
21/01/02 11:32:01 143 [INFO,train:96]         epoch 1220 age 2: 0.088 9.14
21/01/02 11:42:14 519 [INFO,train:53] gc len at 1240: 106368
21/01/02 11:42:42 331 [INFO,train:89] 1240: 0.515 35.12 9984 156
21/01/02 11:42:42 332 [INFO,train:96]         epoch 1240 age 0: 0.228 16.42
21/01/02 11:42:44 432 [INFO,train:96]         epoch 1240 age 1: 0.118 9.55
21/01/02 11:42:46 555 [INFO,train:96]         epoch 1240 age 2: 0.085 7.28
21/01/02 11:53:03 085 [INFO,train:53] gc len at 1260: 120159
21/01/02 11:53:31 930 [INFO,train:89] 1260: 0.523 38.56 9984 156
21/01/02 11:53:31 930 [INFO,train:96]         epoch 1260 age 0: 0.230 18.35
21/01/02 11:53:34 112 [INFO,train:96]         epoch 1260 age 1: 0.118 10.81
21/01/02 11:53:36 039 [INFO,train:96]         epoch 1260 age 2: 0.085 8.13
21/01/02 12:03:47 683 [INFO,train:53] gc len at 1280: 111625
21/01/02 12:03:48 082 [INFO,benchmark:260] start benchmark against MrGreed for 512x2
21/01/02 12:04:16 713 [INFO,train:89] 1280: 0.531 34.66 9984 156
21/01/02 12:04:16 713 [INFO,train:96]         epoch 1280 age 0: 0.232 16.34
21/01/02 12:04:18 907 [INFO,train:96]         epoch 1280 age 1: 0.116 9.58
21/01/02 12:04:21 096 [INFO,train:96]         epoch 1280 age 2: 0.082 7.10
21/01/02 12:13:55 490 [INFO,benchmark:285] benchmark at epoch 1280's result: -33.80 8.16
21/01/02 12:14:44 188 [INFO,train:53] gc len at 1300: 109392
21/01/02 12:15:12 035 [INFO,train:89] 1300: 0.520 36.31 9984 156
21/01/02 12:15:12 036 [INFO,train:96]         epoch 1300 age 0: 0.229 17.13
21/01/02 12:15:14 199 [INFO,train:96]         epoch 1300 age 1: 0.122 9.72
21/01/02 12:15:16 380 [INFO,train:96]         epoch 1300 age 2: 0.088 7.38
21/01/02 12:25:28 842 [INFO,train:53] gc len at 1320: 110860
21/01/02 12:25:56 719 [INFO,train:89] 1320: 0.506 37.15 9984 156
21/01/02 12:25:56 719 [INFO,train:96]         epoch 1320 age 0: 0.227 17.01
21/01/02 12:25:58 922 [INFO,train:96]         epoch 1320 age 1: 0.117 9.80
21/01/02 12:26:00 987 [INFO,train:96]         epoch 1320 age 2: 0.084 6.82
21/01/02 12:36:10 822 [INFO,train:53] gc len at 1340: 111609
21/01/02 12:36:39 801 [INFO,train:89] 1340: 0.532 36.12 9984 156
21/01/02 12:36:39 801 [INFO,train:96]         epoch 1340 age 0: 0.233 17.36
21/01/02 12:36:41 609 [INFO,train:96]         epoch 1340 age 1: 0.120 10.21
21/01/02 12:36:43 396 [INFO,train:96]         epoch 1340 age 2: 0.087 7.50
21/01/02 12:46:58 104 [INFO,train:53] gc len at 1360: 117487
21/01/02 12:46:58 527 [INFO,benchmark:260] start benchmark against MrGreed for 512x2
21/01/02 12:47:26 835 [INFO,train:89] 1360: 0.538 35.89 9984 156
21/01/02 12:47:26 835 [INFO,train:96]         epoch 1360 age 0: 0.238 16.98
21/01/02 12:47:28 648 [INFO,train:96]         epoch 1360 age 1: 0.121 10.13
21/01/02 12:47:30 435 [INFO,train:96]         epoch 1360 age 2: 0.085 7.32
21/01/02 12:56:47 614 [INFO,benchmark:285] benchmark at epoch 1360's result: -25.80 8.39
21/01/02 12:57:47 303 [INFO,train:53] gc len at 1380: 114860
21/01/02 12:58:15 454 [INFO,train:89] 1380: 0.549 38.96 9984 156
21/01/02 12:58:15 454 [INFO,train:96]         epoch 1380 age 0: 0.240 18.05
21/01/02 12:58:17 574 [INFO,train:96]         epoch 1380 age 1: 0.127 10.27
21/01/02 12:58:19 550 [INFO,train:96]         epoch 1380 age 2: 0.090 7.58
21/01/02 13:08:25 961 [INFO,train:53] gc len at 1400: 105829
21/01/02 13:08:54 140 [INFO,train:89] 1400: 0.577 40.47 9984 156
21/01/02 13:08:54 140 [INFO,train:96]         epoch 1400 age 0: 0.251 18.47
21/01/02 13:08:56 222 [INFO,train:96]         epoch 1400 age 1: 0.126 10.64
21/01/02 13:08:58 331 [INFO,train:96]         epoch 1400 age 2: 0.087 7.67
21/01/02 13:19:13 787 [INFO,train:53] gc len at 1420: 103098
21/01/02 13:19:42 856 [INFO,train:89] 1420: 0.526 35.96 9984 156
21/01/02 13:19:42 856 [INFO,train:96]         epoch 1420 age 0: 0.234 16.72
21/01/02 13:19:44 641 [INFO,train:96]         epoch 1420 age 1: 0.123 9.81
21/01/02 13:19:46 421 [INFO,train:96]         epoch 1420 age 2: 0.088 6.93
21/01/02 13:29:59 602 [INFO,train:53] gc len at 1440: 121297
21/01/02 13:30:00 078 [INFO,benchmark:260] start benchmark against MrGreed for 512x2
21/01/02 13:30:28 963 [INFO,train:89] 1440: 0.541 32.01 9984 156
21/01/02 13:30:28 963 [INFO,train:96]         epoch 1440 age 0: 0.237 15.53
21/01/02 13:30:31 100 [INFO,train:96]         epoch 1440 age 1: 0.120 9.21
21/01/02 13:30:33 280 [INFO,train:96]         epoch 1440 age 2: 0.085 6.88
21/01/02 13:39:41 974 [INFO,benchmark:285] benchmark at epoch 1440's result: -41.11 8.34
21/01/02 13:40:55 425 [INFO,train:53] gc len at 1460: 108885
21/01/02 13:41:23 155 [INFO,train:89] 1460: 0.546 40.20 9984 156
21/01/02 13:41:23 155 [INFO,train:96]         epoch 1460 age 0: 0.236 18.25
21/01/02 13:41:25 295 [INFO,train:96]         epoch 1460 age 1: 0.119 10.72
21/01/02 13:41:27 400 [INFO,train:96]         epoch 1460 age 2: 0.083 7.58
21/01/02 13:51:39 760 [INFO,train:53] gc len at 1480: 114351
21/01/02 13:52:07 671 [INFO,train:89] 1480: 0.556 33.97 9984 156
21/01/02 13:52:07 671 [INFO,train:96]         epoch 1480 age 0: 0.242 16.27
21/01/02 13:52:09 856 [INFO,train:96]         epoch 1480 age 1: 0.121 9.18
21/01/02 13:52:12 016 [INFO,train:96]         epoch 1480 age 2: 0.085 6.85
21/01/02 14:02:31 443 [INFO,train:53] gc len at 1500: 115772
21/01/02 14:03:00 284 [INFO,train:89] 1500: 0.494 38.80 9984 156
21/01/02 14:03:00 284 [INFO,train:96]         epoch 1500 age 0: 0.218 17.74
21/01/02 14:03:02 451 [INFO,train:96]         epoch 1500 age 1: 0.109 10.52
21/01/02 14:03:04 612 [INFO,train:96]         epoch 1500 age 2: 0.081 7.71
21/01/02 14:13:20 197 [INFO,train:53] gc len at 1520: 103282
21/01/02 14:13:20 662 [INFO,benchmark:260] start benchmark against MrGreed for 512x2
21/01/02 14:13:49 023 [INFO,train:89] 1520: 0.549 35.30 9984 156
21/01/02 14:13:49 023 [INFO,train:96]         epoch 1520 age 0: 0.237 16.68
21/01/02 14:13:50 803 [INFO,train:96]         epoch 1520 age 1: 0.120 9.77
21/01/02 14:13:52 589 [INFO,train:96]         epoch 1520 age 2: 0.086 7.34
21/01/02 14:23:06 096 [INFO,benchmark:285] benchmark at epoch 1520's result: -23.93 8.15
21/01/02 14:24:13 152 [INFO,train:53] gc len at 1540: 103709
21/01/02 14:24:41 256 [INFO,train:89] 1540: 0.508 36.63 9984 156
21/01/02 14:24:41 257 [INFO,train:96]         epoch 1540 age 0: 0.228 16.95
21/01/02 14:24:43 451 [INFO,train:96]         epoch 1540 age 1: 0.118 10.15
21/01/02 14:24:45 461 [INFO,train:96]         epoch 1540 age 2: 0.087 7.07
21/01/02 14:34:54 491 [INFO,train:53] gc len at 1560: 113621
21/01/02 14:35:22 702 [INFO,train:89] 1560: 0.504 34.30 9984 156
21/01/02 14:35:22 702 [INFO,train:96]         epoch 1560 age 0: 0.224 16.31
21/01/02 14:35:24 869 [INFO,train:96]         epoch 1560 age 1: 0.116 9.65
21/01/02 14:35:26 997 [INFO,train:96]         epoch 1560 age 2: 0.084 7.48
21/01/02 14:45:42 721 [INFO,train:53] gc len at 1580: 111485
21/01/02 14:46:11 386 [INFO,train:89] 1580: 0.507 37.83 9984 156
21/01/02 14:46:11 386 [INFO,train:96]         epoch 1580 age 0: 0.221 16.98
21/01/02 14:46:13 175 [INFO,train:96]         epoch 1580 age 1: 0.110 10.19
21/01/02 14:46:14 955 [INFO,train:96]         epoch 1580 age 2: 0.079 7.78
21/01/02 14:56:30 194 [INFO,train:53] gc len at 1600: 110633
21/01/02 14:56:30 597 [INFO,benchmark:260] start benchmark against MrGreed for 512x2
21/01/02 14:56:58 790 [INFO,train:89] 1600: 0.501 38.03 9984 156
21/01/02 14:56:58 790 [INFO,train:96]         epoch 1600 age 0: 0.220 17.96
21/01/02 14:57:00 569 [INFO,train:96]         epoch 1600 age 1: 0.113 10.60
21/01/02 14:57:02 358 [INFO,train:96]         epoch 1600 age 2: 0.082 7.95
21/01/02 15:06:24 761 [INFO,benchmark:285] benchmark at epoch 1600's result: -11.80 8.18
21/01/02 15:07:17 452 [INFO,train:53] gc len at 1620: 105244
21/01/02 15:07:44 937 [INFO,train:89] 1620: 0.516 36.40 9984 156
21/01/02 15:07:44 937 [INFO,train:96]         epoch 1620 age 0: 0.226 17.54
21/01/02 15:07:46 967 [INFO,train:96]         epoch 1620 age 1: 0.115 10.10
21/01/02 15:07:49 123 [INFO,train:96]         epoch 1620 age 2: 0.083 7.32
21/01/02 15:18:03 239 [INFO,train:53] gc len at 1640: 118165
21/01/02 15:18:30 971 [INFO,train:89] 1640: 0.491 33.83 9984 156
21/01/02 15:18:30 971 [INFO,train:96]         epoch 1640 age 0: 0.218 16.39
21/01/02 15:18:33 149 [INFO,train:96]         epoch 1640 age 1: 0.112 8.98
21/01/02 15:18:35 343 [INFO,train:96]         epoch 1640 age 2: 0.079 7.08
21/01/02 15:28:47 987 [INFO,train:53] gc len at 1660: 103385
21/01/02 15:29:16 873 [INFO,train:89] 1660: 0.480 32.85 9984 156
21/01/02 15:29:16 874 [INFO,train:96]         epoch 1660 age 0: 0.213 16.13
21/01/02 15:29:18 680 [INFO,train:96]         epoch 1660 age 1: 0.113 9.35
21/01/02 15:29:20 461 [INFO,train:96]         epoch 1660 age 2: 0.082 7.35
21/01/02 15:39:35 610 [INFO,train:53] gc len at 1680: 113476
21/01/02 15:39:36 063 [INFO,benchmark:260] start benchmark against MrGreed for 512x2
21/01/02 15:40:04 795 [INFO,train:89] 1680: 0.477 36.93 9984 156
21/01/02 15:40:04 795 [INFO,train:96]         epoch 1680 age 0: 0.214 17.47
21/01/02 15:40:06 991 [INFO,train:96]         epoch 1680 age 1: 0.111 10.62
21/01/02 15:40:09 167 [INFO,train:96]         epoch 1680 age 2: 0.080 7.91
21/01/02 15:49:36 502 [INFO,benchmark:285] benchmark at epoch 1680's result: -27.98 8.32
21/01/02 15:50:30 041 [INFO,train:53] gc len at 1700: 118782
21/01/02 15:50:58 682 [INFO,train:89] 1700: 0.508 36.03 9984 156
21/01/02 15:50:58 683 [INFO,train:96]         epoch 1700 age 0: 0.225 17.00
21/01/02 15:51:00 896 [INFO,train:96]         epoch 1700 age 1: 0.113 9.99
21/01/02 15:51:03 063 [INFO,train:96]         epoch 1700 age 2: 0.080 7.68
21/01/02 16:01:19 952 [INFO,train:53] gc len at 1720: 118378
21/01/02 16:01:48 116 [INFO,train:89] 1720: 0.534 35.33 9984 156
21/01/02 16:01:48 116 [INFO,train:96]         epoch 1720 age 0: 0.235 16.36
21/01/02 16:01:50 216 [INFO,train:96]         epoch 1720 age 1: 0.118 9.72
21/01/02 16:01:52 376 [INFO,train:96]         epoch 1720 age 2: 0.086 7.23
21/01/02 16:12:07 918 [INFO,train:53] gc len at 1740: 117151
21/01/02 16:12:36 604 [INFO,train:89] 1740: 0.510 35.85 9984 156
21/01/02 16:12:36 605 [INFO,train:96]         epoch 1740 age 0: 0.226 16.66
21/01/02 16:12:38 396 [INFO,train:96]         epoch 1740 age 1: 0.114 9.34
21/01/02 16:12:40 177 [INFO,train:96]         epoch 1740 age 2: 0.084 6.88
