20/12/30 20:31:02 433 [INFO,main:563] start from: ./ZeroNets/from-zero-9a/PV_NET-17-9479221-560.pkl
20/12/30 20:31:02 433 [INFO,train:466] BETA: 0.20, VALUE_RENORMAL: 10, BENCH_SMP_B: 10, BENCH_SMP_K: 1
20/12/30 20:31:02 433 [INFO,train:468] loss2_weight: 0.03, data_rounds: 3x64, train_mcts_b: 5, train_mcts_k: 2, review_number: 3, age_in_epoch: 3
20/12/30 20:31:02 433 [INFO,train:473] optimizer: {'lr': 0.0001, 'betas': (0.9, 0.999), 'eps': 1e-07, 'weight_decay': 0.0001, 'amsgrad': False}
20/12/30 20:31:03 100 [INFO,benchmark:384] start benchmark against MrGreed for 512x2
20/12/30 20:32:43 264 [WARN,train:508] get data failed AGAIN at epoch 0! Has got 6656 datas.
20/12/30 20:32:44 197 [INFO,train:547] 0: 0.264 27.73 6656 52
20/12/30 20:32:44 198 [INFO,train:553]         epoch 0 age 0: 0.264 27.73
20/12/30 20:32:44 817 [INFO,train:553]         epoch 0 age 1: 0.073 11.56
20/12/30 20:32:45 427 [INFO,train:553]         epoch 0 age 2: 0.042 6.80
20/12/30 20:32:45 427 [INFO,train:492] resting...
20/12/30 20:33:05 077 [ERR,main:567] :
Traceback (most recent call last):
  File "./MrZeroTree.py", line 565, in main
    train(pv_net)
  File "./MrZeroTree.py", line 492, in train
    log("resting...");time.sleep(120);rest_flag=False
KeyboardInterrupt

20/12/30 20:33:10 612 [INFO,main:563] start from: ./ZeroNets/from-zero-9a/PV_NET-17-9479221-560.pkl
20/12/30 20:33:10 612 [INFO,train:466] BETA: 0.20, VALUE_RENORMAL: 10, BENCH_SMP_B: 10, BENCH_SMP_K: 1
20/12/30 20:33:10 612 [INFO,train:468] loss2_weight: 0.03, data_rounds: 3x64, train_mcts_b: 5, train_mcts_k: 2, review_number: 3, age_in_epoch: 3
20/12/30 20:33:10 612 [INFO,train:473] optimizer: {'lr': 0.0001, 'betas': (0.9, 0.999), 'eps': 1e-07, 'weight_decay': 0.0001, 'amsgrad': False}
20/12/30 20:33:11 324 [INFO,benchmark:384] start benchmark against MrGreed for 512x2
20/12/30 20:34:00 012 [INFO,train:547] 0: 0.263 30.57 9984 78
20/12/30 20:34:00 012 [INFO,train:553]         epoch 0 age 0: 0.263 30.57
20/12/30 20:34:01 089 [INFO,train:553]         epoch 0 age 1: 0.074 12.02
20/12/30 20:34:02 193 [INFO,train:553]         epoch 0 age 2: 0.044 7.36
20/12/30 20:34:52 980 [INFO,train:547] 1: 0.278 26.23 19968 156
20/12/30 20:34:52 980 [INFO,train:553]         epoch 1 age 0: 0.161 16.80
20/12/30 20:34:55 108 [INFO,train:553]         epoch 1 age 1: 0.055 6.87
20/12/30 20:34:57 240 [INFO,train:553]         epoch 1 age 2: 0.038 5.25
20/12/30 20:35:49 430 [INFO,train:547] 2: 0.240 25.39 29952 234
20/12/30 20:35:49 431 [INFO,train:553]         epoch 2 age 0: 0.105 11.97
20/12/30 20:35:52 670 [INFO,train:553]         epoch 2 age 1: 0.043 5.59
20/12/30 20:35:55 896 [INFO,train:553]         epoch 2 age 2: 0.033 4.67
20/12/30 20:36:48 294 [INFO,train:547] 3: 0.262 28.46 29952 234
20/12/30 20:36:48 294 [INFO,train:553]         epoch 3 age 0: 0.109 12.60
20/12/30 20:36:51 564 [INFO,train:553]         epoch 3 age 1: 0.044 5.68
20/12/30 20:36:54 832 [INFO,train:553]         epoch 3 age 2: 0.033 4.75
20/12/30 20:37:46 506 [INFO,train:547] 4: 0.246 30.81 29952 234
20/12/30 20:37:46 506 [INFO,train:553]         epoch 4 age 0: 0.104 13.43
20/12/30 20:37:49 784 [INFO,train:553]         epoch 4 age 1: 0.042 5.96
20/12/30 20:37:52 004 [INFO,train:553]         epoch 4 age 2: 0.032 4.52
20/12/30 20:38:44 849 [INFO,train:547] 5: 0.252 29.91 29952 234
20/12/30 20:38:44 849 [INFO,train:553]         epoch 5 age 0: 0.105 12.98
20/12/30 20:38:48 122 [INFO,train:553]         epoch 5 age 1: 0.042 5.57
20/12/30 20:38:51 378 [INFO,train:553]         epoch 5 age 2: 0.031 4.50
20/12/30 20:43:37 344 [INFO,train:547] 10: 0.235 28.72 29952 234
20/12/30 20:43:37 344 [INFO,train:553]         epoch 10 age 0: 0.097 12.47
20/12/30 20:43:40 650 [INFO,train:553]         epoch 10 age 1: 0.038 5.29
20/12/30 20:43:43 918 [INFO,train:553]         epoch 10 age 2: 0.029 4.46
20/12/30 20:48:30 957 [INFO,train:547] 15: 0.239 28.13 29952 234
20/12/30 20:48:30 957 [INFO,train:553]         epoch 15 age 0: 0.099 12.25
20/12/30 20:48:34 189 [INFO,train:553]         epoch 15 age 1: 0.037 5.05
20/12/30 20:48:37 432 [INFO,train:553]         epoch 15 age 2: 0.028 4.13
20/12/30 20:53:23 578 [INFO,train:547] 20: 0.240 29.83 29952 234
20/12/30 20:53:23 579 [INFO,train:553]         epoch 20 age 0: 0.098 12.82
20/12/30 20:53:26 873 [INFO,train:553]         epoch 20 age 1: 0.037 5.53
20/12/30 20:53:30 162 [INFO,train:553]         epoch 20 age 2: 0.028 4.49
20/12/30 20:58:18 638 [INFO,train:547] 25: 0.231 30.60 29952 234
20/12/30 20:58:18 638 [INFO,train:553]         epoch 25 age 0: 0.095 12.89
20/12/30 20:58:21 912 [INFO,train:553]         epoch 25 age 1: 0.037 4.91
20/12/30 20:58:25 172 [INFO,train:553]         epoch 25 age 2: 0.027 4.10
20/12/30 21:03:13 109 [INFO,train:547] 30: 0.233 27.34 29952 234
20/12/30 21:03:13 109 [INFO,train:553]         epoch 30 age 0: 0.096 11.77
20/12/30 21:03:16 399 [INFO,train:553]         epoch 30 age 1: 0.036 4.89
20/12/30 21:03:19 648 [INFO,train:553]         epoch 30 age 2: 0.027 3.97
20/12/30 21:04:48 787 [INFO,benchmark:409] benchmark at epoch 0's result: -33.70 8.17
20/12/30 21:07:58 270 [INFO,train:547] 35: 0.224 31.23 29952 234
20/12/30 21:07:58 270 [INFO,train:553]         epoch 35 age 0: 0.092 13.09
20/12/30 21:08:00 923 [INFO,train:553]         epoch 35 age 1: 0.035 5.43
20/12/30 21:08:03 665 [INFO,train:553]         epoch 35 age 2: 0.027 4.38
20/12/30 21:11:50 576 [INFO,benchmark:384] start benchmark against MrGreed for 512x2
20/12/30 21:12:42 179 [INFO,train:547] 40: 0.235 29.59 29952 234
20/12/30 21:12:42 179 [INFO,train:553]         epoch 40 age 0: 0.097 12.49
20/12/30 21:12:45 414 [INFO,train:553]         epoch 40 age 1: 0.036 4.80
20/12/30 21:12:48 672 [INFO,train:553]         epoch 40 age 2: 0.027 4.04
20/12/30 21:32:20 240 [INFO,train:547] 60: 0.228 31.95 29952 234
20/12/30 21:32:20 241 [INFO,train:553]         epoch 60 age 0: 0.093 13.18
20/12/30 21:32:23 522 [INFO,train:553]         epoch 60 age 1: 0.035 5.09
20/12/30 21:32:26 798 [INFO,train:553]         epoch 60 age 2: 0.025 3.95
20/12/30 21:44:02 435 [INFO,benchmark:409] benchmark at epoch 40's result: -60.35 8.34
20/12/30 21:44:41 046 [WARN,train:508] get data failed AGAIN at epoch 73! Has got 19968 datas.
20/12/30 21:44:41 608 [WARN,train:508] get data failed AGAIN at epoch 73! Has got 19968 datas.
20/12/30 21:44:42 220 [WARN,train:508] get data failed AGAIN at epoch 73! Has got 19968 datas.
20/12/30 21:44:42 957 [ERR,main:567] :
Traceback (most recent call last):
  File "./MrZeroTree.py", line 565, in main
    train(pv_net)
  File "./MrZeroTree.py", line 511, in train
    train_datas_gpu=[[i[0].to(device_main),i[1].to(device_main),i[2].to(device_main),i[3].to(device_main)] for i in train_datas]
  File "./MrZeroTree.py", line 511, in <listcomp>
    train_datas_gpu=[[i[0].to(device_main),i[1].to(device_main),i[2].to(device_main),i[3].to(device_main)] for i in train_datas]
KeyboardInterrupt

