21/01/04 17:58:47 912 [INFO,main:97] BETA: 0.20, VALUE_RENORMAL: 10, MCTS_EXPL: 30, BENCH_SMP_B: 5, BENCH_SMP_K: 0.0
21/01/04 17:58:47 970 [INFO,main:100] init pv_net: PV_NET [(434, 2048), (2048, 2048), (2048, 512), (512, 512), (512, 512), (512, 512), (512, 512), (512, 512), (512, 512), (512, 512), (512, 512), (512, 512), (512, 512), (512, 512), (512, 512), (512, 512), (512, 512), (512, 512), (512, 512), (512, 512), (512, 512), (512, 512), (512, 512), (512, 52), (512, 1)] 11416629
21/01/04 17:58:47 970 [INFO,train:24] loss2_weight: 0.03, data_rounds: 64, train_mcts_b: 0, train_mcts_k: 2.0, review_number: 3, age_in_epoch: 3
21/01/04 17:58:49 965 [INFO,train:29] optimizer: {'lr': 5e-05, 'betas': (0.3, 0.999), 'eps': 1e-07, 'weight_decay': 0.0001, 'amsgrad': False}
21/01/04 17:58:50 108 [INFO,train:46] gc len at 0: 50571
21/01/04 17:58:50 542 [INFO,benchmark:264] start benchmark against MrGreed for 512x2
21/01/04 17:59:23 282 [INFO,train:82] 0: 1.112 38.28 3328 52
21/01/04 17:59:23 282 [INFO,train:89]         epoch 0 age 0: 1.112 38.28
21/01/04 17:59:24 216 [INFO,train:89]         epoch 0 age 1: 0.148 37.52
21/01/04 17:59:25 181 [INFO,train:89]         epoch 0 age 2: 0.143 37.06
21/01/04 17:59:25 187 [INFO,train:46] gc len at 1: 78886
21/01/04 18:00:00 457 [INFO,train:82] 1: 0.176 40.67 6656 104
21/01/04 18:00:00 457 [INFO,train:89]         epoch 1 age 0: 0.159 38.86
21/01/04 18:00:02 324 [INFO,train:89]         epoch 1 age 1: 0.154 37.88
21/01/04 18:00:04 194 [INFO,train:89]         epoch 1 age 2: 0.145 35.95
21/01/04 18:00:04 200 [INFO,train:46] gc len at 2: 88033
21/01/04 18:00:38 911 [INFO,train:82] 2: 0.249 31.85 9984 156
21/01/04 18:00:38 911 [INFO,train:89]         epoch 2 age 0: 0.179 34.58
21/01/04 18:00:41 814 [INFO,train:89]         epoch 2 age 1: 0.170 33.30
21/01/04 18:00:44 665 [INFO,train:89]         epoch 2 age 2: 0.163 31.31
21/01/04 18:00:44 672 [INFO,train:46] gc len at 3: 109784
21/01/04 18:01:21 145 [INFO,train:82] 3: 0.331 36.16 9984 156
21/01/04 18:01:21 145 [INFO,train:89]         epoch 3 age 0: 0.219 32.93
21/01/04 18:01:24 075 [INFO,train:89]         epoch 3 age 1: 0.210 30.28
21/01/04 18:01:26 943 [INFO,train:89]         epoch 3 age 2: 0.202 26.97
21/01/04 18:01:26 952 [INFO,train:46] gc len at 4: 112300
21/01/04 18:02:02 557 [INFO,train:82] 4: 0.433 34.70 9984 156
21/01/04 18:02:02 558 [INFO,train:89]         epoch 4 age 0: 0.279 29.55
21/01/04 18:02:05 380 [INFO,train:89]         epoch 4 age 1: 0.269 26.13
21/01/04 18:02:08 248 [INFO,train:89]         epoch 4 age 2: 0.257 23.16
21/01/04 18:02:08 256 [INFO,train:46] gc len at 5: 109697
21/01/04 18:02:43 982 [INFO,train:82] 5: 0.539 44.43 9984 156
21/01/04 18:02:43 982 [INFO,train:89]         epoch 5 age 0: 0.351 30.25
21/01/04 18:02:46 850 [INFO,train:89]         epoch 5 age 1: 0.336 26.29
21/01/04 18:02:49 707 [INFO,train:89]         epoch 5 age 2: 0.323 23.52
21/01/04 18:05:34 389 [INFO,train:46] gc len at 10: 117043
21/01/04 18:06:09 888 [INFO,train:82] 10: 0.573 47.32 9984 156
21/01/04 18:06:09 888 [INFO,train:89]         epoch 10 age 0: 0.412 29.02
21/01/04 18:06:12 759 [INFO,train:89]         epoch 10 age 1: 0.379 23.27
21/01/04 18:06:15 606 [INFO,train:89]         epoch 10 age 2: 0.361 19.99
21/01/04 18:08:59 585 [INFO,train:46] gc len at 15: 106376
21/01/04 18:09:34 839 [INFO,train:82] 15: 0.531 46.75 9984 156
21/01/04 18:09:34 839 [INFO,train:89]         epoch 15 age 0: 0.390 26.47
21/01/04 18:09:37 736 [INFO,train:89]         epoch 15 age 1: 0.345 19.34
21/01/04 18:09:40 608 [INFO,train:89]         epoch 15 age 2: 0.319 15.50
21/01/04 18:10:25 646 [INFO,benchmark:289] benchmark at epoch 0's result: -264.72 7.86
21/01/04 18:12:19 001 [INFO,train:46] gc len at 20: 107538
21/01/04 18:12:55 888 [INFO,train:82] 20: 0.557 43.80 9984 156
21/01/04 18:12:55 888 [INFO,train:89]         epoch 20 age 0: 0.377 24.31
21/01/04 18:12:58 496 [INFO,train:89]         epoch 20 age 1: 0.320 16.71
21/01/04 18:13:01 127 [INFO,train:89]         epoch 20 age 2: 0.298 13.40
21/01/04 18:15:48 835 [INFO,train:46] gc len at 25: 113853
21/01/04 18:16:25 308 [INFO,train:82] 25: 0.524 46.93 9984 156
21/01/04 18:16:25 308 [INFO,train:89]         epoch 25 age 0: 0.376 24.45
21/01/04 18:16:27 918 [INFO,train:89]         epoch 25 age 1: 0.303 16.89
21/01/04 18:16:30 523 [INFO,train:89]         epoch 25 age 2: 0.276 13.20
21/01/04 18:26:15 398 [INFO,train:46] gc len at 40: 114175
21/01/04 18:26:52 665 [INFO,train:82] 40: 0.576 43.94 9984 156
21/01/04 18:26:52 665 [INFO,train:89]         epoch 40 age 0: 0.362 22.30
21/01/04 18:26:55 540 [INFO,train:89]         epoch 40 age 1: 0.273 14.36
21/01/04 18:26:58 430 [INFO,train:89]         epoch 40 age 2: 0.236 11.29
21/01/04 18:40:25 735 [INFO,train:46] gc len at 60: 105674
21/01/04 18:41:02 492 [INFO,train:82] 60: 0.565 42.58 9984 156
21/01/04 18:41:02 493 [INFO,train:89]         epoch 60 age 0: 0.343 21.49
21/01/04 18:41:05 300 [INFO,train:89]         epoch 60 age 1: 0.255 13.19
21/01/04 18:41:08 186 [INFO,train:89]         epoch 60 age 2: 0.215 9.97
21/01/04 18:54:33 645 [INFO,train:46] gc len at 80: 106330
21/01/04 18:54:34 109 [INFO,benchmark:264] start benchmark against MrGreed for 512x2
21/01/04 18:55:10 669 [INFO,train:82] 80: 0.646 41.13 9984 156
21/01/04 18:55:10 669 [INFO,train:89]         epoch 80 age 0: 0.360 19.99
21/01/04 18:55:13 274 [INFO,train:89]         epoch 80 age 1: 0.264 12.22
21/01/04 18:55:15 886 [INFO,train:89]         epoch 80 age 2: 0.221 9.24
21/01/04 19:06:43 123 [INFO,benchmark:289] benchmark at epoch 80's result: -106.39 8.28
21/01/04 19:08:44 073 [INFO,train:46] gc len at 100: 108379
21/01/04 19:09:21 113 [INFO,train:82] 100: 0.632 44.67 9984 156
21/01/04 19:09:21 113 [INFO,train:89]         epoch 100 age 0: 0.356 21.07
21/01/04 19:09:23 713 [INFO,train:89]         epoch 100 age 1: 0.261 13.03
21/01/04 19:09:26 325 [INFO,train:89]         epoch 100 age 2: 0.219 9.63
21/01/04 19:23:01 075 [INFO,train:46] gc len at 120: 115854
21/01/04 19:23:38 370 [INFO,train:82] 120: 0.706 44.28 9984 156
21/01/04 19:23:38 371 [INFO,train:89]         epoch 120 age 0: 0.388 20.93
21/01/04 19:23:41 211 [INFO,train:89]         epoch 120 age 1: 0.277 12.69
21/01/04 19:23:44 089 [INFO,train:89]         epoch 120 age 2: 0.231 9.75
21/01/04 19:37:14 484 [INFO,train:46] gc len at 140: 114828
21/01/04 19:37:51 846 [INFO,train:82] 140: 0.703 39.40 9984 156
21/01/04 19:37:51 846 [INFO,train:89]         epoch 140 age 0: 0.383 20.22
21/01/04 19:37:54 460 [INFO,train:89]         epoch 140 age 1: 0.280 12.55
21/01/04 19:37:57 081 [INFO,train:89]         epoch 140 age 2: 0.234 9.47
21/01/04 19:51:28 360 [INFO,train:46] gc len at 160: 108049
21/01/04 19:51:28 808 [INFO,benchmark:264] start benchmark against MrGreed for 512x2
21/01/04 19:52:06 117 [INFO,train:82] 160: 0.676 39.49 9984 156
21/01/04 19:52:06 117 [INFO,train:89]         epoch 160 age 0: 0.378 19.27
21/01/04 19:52:09 042 [INFO,train:89]         epoch 160 age 1: 0.264 11.76
21/01/04 19:52:11 752 [INFO,train:89]         epoch 160 age 2: 0.220 8.85
21/01/04 20:03:28 970 [INFO,benchmark:289] benchmark at epoch 160's result: -85.68 8.10
21/01/04 20:05:52 718 [INFO,train:46] gc len at 180: 104739
21/01/04 20:06:30 925 [INFO,train:82] 180: 0.721 40.56 9984 156
21/01/04 20:06:30 926 [INFO,train:89]         epoch 180 age 0: 0.385 19.82
21/01/04 20:06:33 858 [INFO,train:89]         epoch 180 age 1: 0.270 11.86
21/01/04 20:06:36 767 [INFO,train:89]         epoch 180 age 2: 0.221 8.87
21/01/04 20:20:13 204 [INFO,train:46] gc len at 200: 105864
21/01/04 20:20:50 182 [INFO,train:82] 200: 0.689 41.39 9984 156
21/01/04 20:20:50 183 [INFO,train:89]         epoch 200 age 0: 0.369 19.60
21/01/04 20:20:52 752 [INFO,train:89]         epoch 200 age 1: 0.261 12.09
21/01/04 20:20:55 274 [INFO,train:89]         epoch 200 age 2: 0.214 8.78
21/01/04 20:34:15 614 [INFO,train:46] gc len at 220: 119912
21/01/04 20:34:52 869 [INFO,train:82] 220: 0.748 48.93 9984 156
21/01/04 20:34:52 869 [INFO,train:89]         epoch 220 age 0: 0.389 22.37
21/01/04 20:34:55 479 [INFO,train:89]         epoch 220 age 1: 0.272 13.66
21/01/04 20:34:58 109 [INFO,train:89]         epoch 220 age 2: 0.215 9.59
21/01/04 20:48:28 730 [INFO,train:46] gc len at 240: 108229
21/01/04 20:48:29 177 [INFO,benchmark:264] start benchmark against MrGreed for 512x2
21/01/04 20:49:07 282 [INFO,train:82] 240: 0.703 42.26 9984 156
21/01/04 20:49:07 282 [INFO,train:89]         epoch 240 age 0: 0.364 20.75
21/01/04 20:49:09 890 [INFO,train:89]         epoch 240 age 1: 0.251 12.59
21/01/04 20:49:12 517 [INFO,train:89]         epoch 240 age 2: 0.202 9.17
21/01/04 21:00:50 179 [INFO,benchmark:289] benchmark at epoch 240's result: -69.66 8.26
21/01/04 21:02:46 772 [INFO,train:46] gc len at 260: 114129
21/01/04 21:03:24 422 [INFO,train:82] 260: 0.746 43.71 9984 156
21/01/04 21:03:24 422 [INFO,train:89]         epoch 260 age 0: 0.388 21.47
21/01/04 21:03:27 042 [INFO,train:89]         epoch 260 age 1: 0.261 12.92
21/01/04 21:03:29 655 [INFO,train:89]         epoch 260 age 2: 0.207 9.45
21/01/04 21:17:03 372 [INFO,train:46] gc len at 280: 104773
21/01/04 21:17:40 407 [INFO,train:82] 280: 0.724 41.59 9984 156
21/01/04 21:17:40 408 [INFO,train:89]         epoch 280 age 0: 0.374 20.03
21/01/04 21:17:43 291 [INFO,train:89]         epoch 280 age 1: 0.249 11.75
21/01/04 21:17:46 191 [INFO,train:89]         epoch 280 age 2: 0.199 8.53
21/01/04 21:31:12 828 [INFO,train:46] gc len at 300: 102367
21/01/04 21:31:49 756 [INFO,train:82] 300: 0.758 47.71 9984 156
21/01/04 21:31:49 756 [INFO,train:89]         epoch 300 age 0: 0.390 21.81
21/01/04 21:31:52 363 [INFO,train:89]         epoch 300 age 1: 0.260 12.86
21/01/04 21:31:54 932 [INFO,train:89]         epoch 300 age 2: 0.203 9.29
21/01/04 21:45:26 357 [INFO,train:46] gc len at 320: 112416
21/01/04 21:45:26 816 [INFO,benchmark:264] start benchmark against MrGreed for 512x2
21/01/04 21:46:04 183 [INFO,train:82] 320: 0.746 41.77 9984 156
21/01/04 21:46:04 183 [INFO,train:89]         epoch 320 age 0: 0.370 19.12
21/01/04 21:46:06 795 [INFO,train:89]         epoch 320 age 1: 0.248 11.35
21/01/04 21:46:09 413 [INFO,train:89]         epoch 320 age 2: 0.195 8.28
21/01/04 21:58:40 224 [INFO,benchmark:289] benchmark at epoch 320's result: -61.52 8.31
21/01/04 21:59:55 349 [INFO,train:46] gc len at 340: 116490
21/01/04 22:00:33 321 [INFO,train:82] 340: 0.672 40.64 9984 156
21/01/04 22:00:33 322 [INFO,train:89]         epoch 340 age 0: 0.353 19.06
21/01/04 22:00:36 234 [INFO,train:89]         epoch 340 age 1: 0.232 11.09
21/01/04 22:00:39 077 [INFO,train:89]         epoch 340 age 2: 0.186 8.09
21/01/04 22:14:25 624 [INFO,train:46] gc len at 360: 113183
21/01/04 22:15:02 699 [INFO,train:82] 360: 0.719 43.51 9984 156
21/01/04 22:15:02 699 [INFO,train:89]         epoch 360 age 0: 0.362 19.62
21/01/04 22:15:05 297 [INFO,train:89]         epoch 360 age 1: 0.237 11.72
21/01/04 22:15:07 913 [INFO,train:89]         epoch 360 age 2: 0.185 8.55
21/01/04 22:28:44 407 [INFO,train:46] gc len at 380: 114239
21/01/04 22:29:22 228 [INFO,train:82] 380: 0.743 42.19 9984 156
21/01/04 22:29:22 228 [INFO,train:89]         epoch 380 age 0: 0.377 19.73
21/01/04 22:29:25 012 [INFO,train:89]         epoch 380 age 1: 0.247 12.15
21/01/04 22:29:27 894 [INFO,train:89]         epoch 380 age 2: 0.195 8.55
21/01/04 22:42:56 717 [INFO,train:46] gc len at 400: 118952
21/01/04 22:42:57 170 [INFO,benchmark:264] start benchmark against MrGreed for 512x2
21/01/04 22:43:34 522 [INFO,train:82] 400: 0.748 41.31 9984 156
21/01/04 22:43:34 523 [INFO,train:89]         epoch 400 age 0: 0.376 20.11
21/01/04 22:43:37 133 [INFO,train:89]         epoch 400 age 1: 0.245 11.97
21/01/04 22:43:39 732 [INFO,train:89]         epoch 400 age 2: 0.190 8.90
21/01/04 22:54:51 974 [INFO,benchmark:289] benchmark at epoch 400's result: -64.15 8.37
21/01/04 22:57:15 509 [INFO,train:46] gc len at 420: 115110
21/01/04 22:57:53 612 [INFO,train:82] 420: 0.758 41.76 9984 156
21/01/04 22:57:53 612 [INFO,train:89]         epoch 420 age 0: 0.377 19.37
21/01/04 22:57:56 220 [INFO,train:89]         epoch 420 age 1: 0.251 12.26
21/01/04 22:57:58 834 [INFO,train:89]         epoch 420 age 2: 0.198 8.57
21/01/04 23:11:32 322 [INFO,train:46] gc len at 440: 107643
21/01/04 23:12:09 750 [INFO,train:82] 440: 0.781 47.63 9984 156
21/01/04 23:12:09 751 [INFO,train:89]         epoch 440 age 0: 0.383 21.21
21/01/04 23:12:12 357 [INFO,train:89]         epoch 440 age 1: 0.246 12.65
21/01/04 23:12:14 974 [INFO,train:89]         epoch 440 age 2: 0.190 8.97
21/01/04 23:25:40 477 [INFO,train:46] gc len at 460: 113139
21/01/04 23:26:17 659 [INFO,train:82] 460: 0.735 39.48 9984 156
21/01/04 23:26:17 659 [INFO,train:89]         epoch 460 age 0: 0.368 19.32
21/01/04 23:26:20 269 [INFO,train:89]         epoch 460 age 1: 0.237 11.53
21/01/04 23:26:22 880 [INFO,train:89]         epoch 460 age 2: 0.182 8.73
21/01/04 23:39:47 287 [INFO,train:46] gc len at 480: 116237
21/01/04 23:39:47 710 [INFO,benchmark:264] start benchmark against MrGreed for 512x2
21/01/04 23:40:24 955 [INFO,train:82] 480: 0.759 42.61 9984 156
21/01/04 23:40:24 956 [INFO,train:89]         epoch 480 age 0: 0.373 20.04
21/01/04 23:40:27 570 [INFO,train:89]         epoch 480 age 1: 0.242 11.60
21/01/04 23:40:30 093 [INFO,train:89]         epoch 480 age 2: 0.183 8.33
21/01/04 23:51:50 021 [INFO,benchmark:289] benchmark at epoch 480's result: -53.90 8.37
21/01/04 23:54:11 078 [INFO,train:46] gc len at 500: 118275
21/01/04 23:54:48 539 [INFO,train:82] 500: 0.760 44.83 9984 156
21/01/04 23:54:48 540 [INFO,train:89]         epoch 500 age 0: 0.379 20.88
21/01/04 23:54:51 455 [INFO,train:89]         epoch 500 age 1: 0.249 12.50
21/01/04 23:54:54 328 [INFO,train:89]         epoch 500 age 2: 0.189 9.12
21/01/05 00:08:35 343 [INFO,train:46] gc len at 520: 118782
21/01/05 00:09:12 618 [INFO,train:82] 520: 0.723 41.72 9984 156
21/01/05 00:09:12 619 [INFO,train:89]         epoch 520 age 0: 0.361 19.57
21/01/05 00:09:15 239 [INFO,train:89]         epoch 520 age 1: 0.237 11.56
21/01/05 00:09:17 850 [INFO,train:89]         epoch 520 age 2: 0.182 8.19
21/01/05 00:22:55 642 [INFO,train:46] gc len at 540: 112939
21/01/05 00:23:32 812 [INFO,train:82] 540: 0.795 40.00 9984 156
21/01/05 00:23:32 812 [INFO,train:89]         epoch 540 age 0: 0.380 18.62
21/01/05 00:23:35 735 [INFO,train:89]         epoch 540 age 1: 0.242 10.78
21/01/05 00:23:38 652 [INFO,train:89]         epoch 540 age 2: 0.184 7.77
21/01/05 00:37:11 497 [INFO,train:46] gc len at 560: 102880
21/01/05 00:37:11 959 [INFO,benchmark:264] start benchmark against MrGreed for 512x2
21/01/05 00:37:48 510 [INFO,train:82] 560: 0.689 44.64 9984 156
21/01/05 00:37:48 510 [INFO,train:89]         epoch 560 age 0: 0.350 20.63
21/01/05 00:37:51 101 [INFO,train:89]         epoch 560 age 1: 0.222 12.03
21/01/05 00:37:53 707 [INFO,train:89]         epoch 560 age 2: 0.169 8.71
21/01/05 00:49:34 468 [INFO,benchmark:289] benchmark at epoch 560's result: -58.75 8.38
21/01/05 00:51:27 696 [INFO,train:46] gc len at 580: 115790
21/01/05 00:52:05 339 [INFO,train:82] 580: 0.734 40.72 9984 156
21/01/05 00:52:05 339 [INFO,train:89]         epoch 580 age 0: 0.364 18.86
21/01/05 00:52:07 946 [INFO,train:89]         epoch 580 age 1: 0.235 11.09
21/01/05 00:52:10 570 [INFO,train:89]         epoch 580 age 2: 0.179 8.07
21/01/05 01:05:44 182 [INFO,train:46] gc len at 600: 117288
21/01/05 01:06:21 315 [INFO,train:82] 600: 0.738 42.55 9984 156
21/01/05 01:06:21 315 [INFO,train:89]         epoch 600 age 0: 0.365 19.97
21/01/05 01:06:23 923 [INFO,train:89]         epoch 600 age 1: 0.237 11.67
21/01/05 01:06:26 541 [INFO,train:89]         epoch 600 age 2: 0.178 8.47
21/01/05 01:20:01 292 [INFO,train:46] gc len at 620: 102551
21/01/05 01:20:38 839 [INFO,train:82] 620: 0.774 41.26 9984 156
21/01/05 01:20:38 839 [INFO,train:89]         epoch 620 age 0: 0.374 19.44
21/01/05 01:20:41 441 [INFO,train:89]         epoch 620 age 1: 0.240 11.73
21/01/05 01:20:44 056 [INFO,train:89]         epoch 620 age 2: 0.179 8.24
21/01/05 01:34:18 936 [INFO,train:46] gc len at 640: 115962
21/01/05 01:34:19 378 [INFO,benchmark:264] start benchmark against MrGreed for 512x2
21/01/05 01:34:57 017 [INFO,train:82] 640: 0.741 40.56 9984 156
21/01/05 01:34:57 017 [INFO,train:89]         epoch 640 age 0: 0.365 18.69
21/01/05 01:34:59 607 [INFO,train:89]         epoch 640 age 1: 0.233 10.92
21/01/05 01:35:02 200 [INFO,train:89]         epoch 640 age 2: 0.173 7.78
21/01/05 01:46:32 059 [INFO,benchmark:289] benchmark at epoch 640's result: -52.64 8.26
21/01/05 01:48:39 693 [INFO,train:46] gc len at 660: 116683
21/01/05 01:49:16 725 [INFO,train:82] 660: 0.644 38.23 9984 156
21/01/05 01:49:16 725 [INFO,train:89]         epoch 660 age 0: 0.324 18.39
21/01/05 01:49:19 328 [INFO,train:89]         epoch 660 age 1: 0.213 10.89
21/01/05 01:49:21 950 [INFO,train:89]         epoch 660 age 2: 0.163 7.59
21/01/05 02:02:54 431 [INFO,train:46] gc len at 680: 114384
21/01/05 02:03:31 589 [INFO,train:82] 680: 0.696 45.60 9984 156
21/01/05 02:03:31 590 [INFO,train:89]         epoch 680 age 0: 0.347 20.52
21/01/05 02:03:34 189 [INFO,train:89]         epoch 680 age 1: 0.221 11.94
21/01/05 02:03:36 773 [INFO,train:89]         epoch 680 age 2: 0.164 8.50
21/01/05 02:17:09 379 [INFO,train:46] gc len at 700: 115004
21/01/05 02:17:46 044 [INFO,train:82] 700: 0.719 44.53 9984 156
21/01/05 02:17:46 044 [INFO,train:89]         epoch 700 age 0: 0.348 20.41
21/01/05 02:17:48 580 [INFO,train:89]         epoch 700 age 1: 0.217 11.94
21/01/05 02:17:51 341 [INFO,train:89]         epoch 700 age 2: 0.162 8.17
21/01/05 02:31:23 067 [INFO,train:46] gc len at 720: 107539
21/01/05 02:31:23 521 [INFO,benchmark:264] start benchmark against MrGreed for 512x2
21/01/05 02:32:01 356 [INFO,train:82] 720: 0.681 38.18 9984 156
21/01/05 02:32:01 356 [INFO,train:89]         epoch 720 age 0: 0.344 18.39
21/01/05 02:32:03 961 [INFO,train:89]         epoch 720 age 1: 0.215 10.73
21/01/05 02:32:06 581 [INFO,train:89]         epoch 720 age 2: 0.164 7.83
21/01/05 02:44:17 896 [INFO,benchmark:289] benchmark at epoch 720's result: -25.06 8.29
21/01/05 02:45:46 529 [INFO,train:46] gc len at 740: 101854
21/01/05 02:46:23 883 [INFO,train:82] 740: 0.748 42.03 9984 156
21/01/05 02:46:23 884 [INFO,train:89]         epoch 740 age 0: 0.365 19.33
21/01/05 02:46:26 517 [INFO,train:89]         epoch 740 age 1: 0.233 11.26
21/01/05 02:46:29 131 [INFO,train:89]         epoch 740 age 2: 0.174 7.95
21/01/05 03:00:05 314 [INFO,train:46] gc len at 760: 105750
21/01/05 03:00:42 427 [INFO,train:82] 760: 0.742 42.51 9984 156
21/01/05 03:00:42 427 [INFO,train:89]         epoch 760 age 0: 0.366 19.95
21/01/05 03:00:45 340 [INFO,train:89]         epoch 760 age 1: 0.234 12.41
21/01/05 03:00:48 203 [INFO,train:89]         epoch 760 age 2: 0.176 8.82
21/01/05 03:14:20 250 [INFO,train:46] gc len at 780: 116864
21/01/05 03:14:57 619 [INFO,train:82] 780: 0.771 48.09 9984 156
21/01/05 03:14:57 619 [INFO,train:89]         epoch 780 age 0: 0.377 21.20
21/01/05 03:15:00 480 [INFO,train:89]         epoch 780 age 1: 0.242 12.89
21/01/05 03:15:03 230 [INFO,train:89]         epoch 780 age 2: 0.183 9.03
21/01/05 03:28:33 350 [INFO,train:46] gc len at 800: 121912
21/01/05 03:28:33 795 [INFO,benchmark:264] start benchmark against MrGreed for 512x2
21/01/05 03:29:11 441 [INFO,train:82] 800: 0.764 43.10 9984 156
21/01/05 03:29:11 441 [INFO,train:89]         epoch 800 age 0: 0.366 19.56
21/01/05 03:29:14 060 [INFO,train:89]         epoch 800 age 1: 0.232 11.26
21/01/05 03:29:16 687 [INFO,train:89]         epoch 800 age 2: 0.171 8.09
21/01/05 03:41:57 704 [INFO,benchmark:289] benchmark at epoch 800's result: -38.61 7.94
21/01/05 03:42:57 421 [INFO,train:46] gc len at 820: 118254
21/01/05 03:43:35 146 [INFO,train:82] 820: 0.701 40.13 9984 156
21/01/05 03:43:35 146 [INFO,train:89]         epoch 820 age 0: 0.352 18.82
21/01/05 03:43:37 759 [INFO,train:89]         epoch 820 age 1: 0.219 10.94
21/01/05 03:43:40 362 [INFO,train:89]         epoch 820 age 2: 0.165 7.82
21/01/05 03:57:10 559 [INFO,train:46] gc len at 840: 117744
21/01/05 03:57:47 937 [INFO,train:82] 840: 0.684 36.06 9984 156
21/01/05 03:57:47 937 [INFO,train:89]         epoch 840 age 0: 0.344 17.55
21/01/05 03:57:50 554 [INFO,train:89]         epoch 840 age 1: 0.215 10.46
21/01/05 03:57:53 152 [INFO,train:89]         epoch 840 age 2: 0.162 7.62
21/01/05 04:11:18 569 [INFO,train:46] gc len at 860: 109174
21/01/05 04:11:56 398 [INFO,train:82] 860: 0.723 38.86 9984 156
21/01/05 04:11:56 399 [INFO,train:89]         epoch 860 age 0: 0.346 18.23
21/01/05 04:11:59 061 [INFO,train:89]         epoch 860 age 1: 0.218 10.39
21/01/05 04:12:01 682 [INFO,train:89]         epoch 860 age 2: 0.162 7.18
21/01/05 04:25:30 779 [INFO,train:46] gc len at 880: 117628
21/01/05 04:25:31 231 [INFO,benchmark:264] start benchmark against MrGreed for 512x2
21/01/05 04:26:08 547 [INFO,train:82] 880: 0.679 40.86 9984 156
21/01/05 04:26:08 548 [INFO,train:89]         epoch 880 age 0: 0.328 18.45
21/01/05 04:26:11 155 [INFO,train:89]         epoch 880 age 1: 0.209 11.12
21/01/05 04:26:13 760 [INFO,train:89]         epoch 880 age 2: 0.157 7.80
21/01/05 04:38:01 651 [INFO,benchmark:289] benchmark at epoch 880's result: -31.49 8.06
21/01/05 04:39:50 398 [INFO,train:46] gc len at 900: 115308
21/01/05 04:40:27 756 [INFO,train:82] 900: 0.733 40.79 9984 156
21/01/05 04:40:27 756 [INFO,train:89]         epoch 900 age 0: 0.353 19.11
21/01/05 04:40:30 376 [INFO,train:89]         epoch 900 age 1: 0.218 11.01
21/01/05 04:40:32 001 [INFO,train:89]         epoch 900 age 2: 0.163 7.96
21/01/05 04:54:13 002 [INFO,train:46] gc len at 920: 113612
21/01/05 04:54:51 368 [INFO,train:82] 920: 0.721 42.98 9984 156
21/01/05 04:54:51 368 [INFO,train:89]         epoch 920 age 0: 0.346 19.74
21/01/05 04:54:54 008 [INFO,train:89]         epoch 920 age 1: 0.219 11.70
21/01/05 04:54:56 593 [INFO,train:89]         epoch 920 age 2: 0.164 8.06
21/01/05 05:08:27 092 [INFO,train:46] gc len at 940: 109450
21/01/05 05:09:04 425 [INFO,train:82] 940: 0.700 43.13 9984 156
21/01/05 05:09:04 426 [INFO,train:89]         epoch 940 age 0: 0.340 19.45
21/01/05 05:09:07 080 [INFO,train:89]         epoch 940 age 1: 0.216 11.53
21/01/05 05:09:09 691 [INFO,train:89]         epoch 940 age 2: 0.160 7.96
21/01/05 05:22:41 294 [INFO,train:46] gc len at 960: 109433
21/01/05 05:22:41 792 [INFO,benchmark:264] start benchmark against MrGreed for 512x2
21/01/05 05:23:19 525 [INFO,train:82] 960: 0.708 44.57 9984 156
21/01/05 05:23:19 525 [INFO,train:89]         epoch 960 age 0: 0.343 20.10
21/01/05 05:23:22 429 [INFO,train:89]         epoch 960 age 1: 0.215 12.00
21/01/05 05:23:25 328 [INFO,train:89]         epoch 960 age 2: 0.161 8.45
21/01/05 05:35:07 955 [INFO,benchmark:289] benchmark at epoch 960's result: -44.41 7.90
21/01/05 05:37:07 191 [INFO,train:46] gc len at 980: 109168
21/01/05 05:37:45 285 [INFO,train:82] 980: 0.721 34.33 9984 156
21/01/05 05:37:45 286 [INFO,train:89]         epoch 980 age 0: 0.346 16.83
21/01/05 05:37:47 890 [INFO,train:89]         epoch 980 age 1: 0.217 9.84
21/01/05 05:37:50 489 [INFO,train:89]         epoch 980 age 2: 0.161 7.33
21/01/05 05:51:23 705 [INFO,train:46] gc len at 1000: 116074
21/01/05 05:52:01 482 [INFO,train:82] 1000: 0.676 36.38 9984 156
21/01/05 05:52:01 482 [INFO,train:89]         epoch 1000 age 0: 0.327 17.08
21/01/05 05:52:04 081 [INFO,train:89]         epoch 1000 age 1: 0.201 10.00
21/01/05 05:52:06 684 [INFO,train:89]         epoch 1000 age 2: 0.148 7.21
21/01/05 06:05:44 138 [INFO,train:46] gc len at 1020: 109925
21/01/05 06:06:21 253 [INFO,train:82] 1020: 0.713 40.21 9984 156
21/01/05 06:06:21 254 [INFO,train:89]         epoch 1020 age 0: 0.347 18.65
21/01/05 06:06:24 113 [INFO,train:89]         epoch 1020 age 1: 0.217 10.81
21/01/05 06:06:27 016 [INFO,train:89]         epoch 1020 age 2: 0.159 7.75
21/01/05 06:20:01 603 [INFO,train:46] gc len at 1040: 120360
21/01/05 06:20:02 057 [INFO,benchmark:264] start benchmark against MrGreed for 512x2
21/01/05 06:20:39 329 [INFO,train:82] 1040: 0.758 44.01 9984 156
21/01/05 06:20:39 329 [INFO,train:89]         epoch 1040 age 0: 0.365 19.38
21/01/05 06:20:41 951 [INFO,train:89]         epoch 1040 age 1: 0.224 11.29
21/01/05 06:20:44 573 [INFO,train:89]         epoch 1040 age 2: 0.161 7.84
21/01/05 06:32:44 467 [INFO,benchmark:289] benchmark at epoch 1040's result: -21.70 8.13
21/01/05 06:34:20 554 [INFO,train:46] gc len at 1060: 118325
21/01/05 06:34:57 982 [INFO,train:82] 1060: 0.685 41.93 9984 156
21/01/05 06:34:57 982 [INFO,train:89]         epoch 1060 age 0: 0.333 19.13
21/01/05 06:35:00 620 [INFO,train:89]         epoch 1060 age 1: 0.205 11.30
21/01/05 06:35:03 229 [INFO,train:89]         epoch 1060 age 2: 0.151 8.01
21/01/05 06:48:33 884 [INFO,train:46] gc len at 1080: 118576
21/01/05 06:49:11 164 [INFO,train:82] 1080: 0.690 37.96 9984 156
21/01/05 06:49:11 165 [INFO,train:89]         epoch 1080 age 0: 0.334 17.99
21/01/05 06:49:13 818 [INFO,train:89]         epoch 1080 age 1: 0.206 10.44
21/01/05 06:49:16 496 [INFO,train:89]         epoch 1080 age 2: 0.151 7.43
21/01/05 07:02:49 390 [INFO,train:46] gc len at 1100: 116339
21/01/05 07:03:27 696 [INFO,train:82] 1100: 0.746 45.90 9984 156
21/01/05 07:03:27 696 [INFO,train:89]         epoch 1100 age 0: 0.357 20.74
21/01/05 07:03:30 300 [INFO,train:89]         epoch 1100 age 1: 0.223 12.61
21/01/05 07:03:32 894 [INFO,train:89]         epoch 1100 age 2: 0.166 9.00
21/01/05 07:17:12 579 [INFO,train:46] gc len at 1120: 104992
21/01/05 07:17:13 059 [INFO,benchmark:264] start benchmark against MrGreed for 512x2
21/01/05 07:17:50 578 [INFO,train:82] 1120: 0.706 42.22 9984 156
21/01/05 07:17:50 578 [INFO,train:89]         epoch 1120 age 0: 0.337 19.05
21/01/05 07:17:53 188 [INFO,train:89]         epoch 1120 age 1: 0.209 11.18
21/01/05 07:17:55 804 [INFO,train:89]         epoch 1120 age 2: 0.152 7.60
21/01/05 07:29:51 221 [INFO,benchmark:289] benchmark at epoch 1120's result: -8.63 8.16
21/01/05 07:31:30 726 [INFO,train:46] gc len at 1140: 120297
21/01/05 07:32:08 207 [INFO,train:82] 1140: 0.687 36.74 9984 156
21/01/05 07:32:08 207 [INFO,train:89]         epoch 1140 age 0: 0.328 17.40
21/01/05 07:32:10 829 [INFO,train:89]         epoch 1140 age 1: 0.201 10.23
21/01/05 07:32:13 446 [INFO,train:89]         epoch 1140 age 2: 0.146 7.15
21/01/05 07:45:47 983 [INFO,train:46] gc len at 1160: 117654
21/01/05 07:46:25 095 [INFO,train:82] 1160: 0.717 37.95 9984 156
21/01/05 07:46:25 096 [INFO,train:89]         epoch 1160 age 0: 0.342 17.48
21/01/05 07:46:27 717 [INFO,train:89]         epoch 1160 age 1: 0.212 10.15
21/01/05 07:46:30 341 [INFO,train:89]         epoch 1160 age 2: 0.155 7.22
21/01/05 08:00:05 704 [INFO,train:46] gc len at 1180: 108182
21/01/05 08:00:42 959 [INFO,train:82] 1180: 0.691 38.48 9984 156
21/01/05 08:00:42 959 [INFO,train:89]         epoch 1180 age 0: 0.332 17.48
21/01/05 08:00:45 591 [INFO,train:89]         epoch 1180 age 1: 0.203 10.22
21/01/05 08:00:48 194 [INFO,train:89]         epoch 1180 age 2: 0.148 7.21
21/01/05 08:14:23 792 [INFO,train:46] gc len at 1200: 113682
21/01/05 08:14:24 260 [INFO,benchmark:264] start benchmark against MrGreed for 512x2
21/01/05 08:15:02 103 [INFO,train:82] 1200: 0.736 40.16 9984 156
21/01/05 08:15:02 103 [INFO,train:89]         epoch 1200 age 0: 0.353 18.42
21/01/05 08:15:04 728 [INFO,train:89]         epoch 1200 age 1: 0.220 10.80
21/01/05 08:15:07 338 [INFO,train:89]         epoch 1200 age 2: 0.160 7.56
21/01/05 08:27:47 803 [INFO,benchmark:289] benchmark at epoch 1200's result: -38.55 8.32
21/01/05 08:28:48 615 [INFO,train:46] gc len at 1220: 118874
21/01/05 08:29:26 166 [INFO,train:82] 1220: 0.730 38.87 9984 156
21/01/05 08:29:26 167 [INFO,train:89]         epoch 1220 age 0: 0.349 18.07
21/01/05 08:29:28 759 [INFO,train:89]         epoch 1220 age 1: 0.216 10.55
21/01/05 08:29:31 347 [INFO,train:89]         epoch 1220 age 2: 0.156 7.19
21/01/05 08:43:05 674 [INFO,train:46] gc len at 1240: 112275
21/01/05 08:43:43 128 [INFO,train:82] 1240: 0.719 42.20 9984 156
21/01/05 08:43:43 128 [INFO,train:89]         epoch 1240 age 0: 0.349 18.80
21/01/05 08:43:45 748 [INFO,train:89]         epoch 1240 age 1: 0.219 11.04
21/01/05 08:43:48 359 [INFO,train:89]         epoch 1240 age 2: 0.163 7.36
21/01/05 08:57:17 754 [INFO,train:46] gc len at 1260: 108160
21/01/05 08:57:55 497 [INFO,train:82] 1260: 0.669 36.94 9984 156
21/01/05 08:57:55 498 [INFO,train:89]         epoch 1260 age 0: 0.328 16.89
21/01/05 08:57:58 116 [INFO,train:89]         epoch 1260 age 1: 0.204 10.06
21/01/05 08:58:00 735 [INFO,train:89]         epoch 1260 age 2: 0.152 6.83
21/01/05 09:11:29 185 [INFO,train:46] gc len at 1280: 116052
21/01/05 09:11:29 663 [INFO,benchmark:264] start benchmark against MrGreed for 512x2
21/01/05 09:12:07 207 [INFO,train:82] 1280: 0.713 40.77 9984 156
21/01/05 09:12:07 207 [INFO,train:89]         epoch 1280 age 0: 0.339 18.95
21/01/05 09:12:09 823 [INFO,train:89]         epoch 1280 age 1: 0.212 11.19
21/01/05 09:12:12 438 [INFO,train:89]         epoch 1280 age 2: 0.157 7.74
21/01/05 09:24:58 115 [INFO,benchmark:289] benchmark at epoch 1280's result: -23.74 7.82
21/01/05 09:25:49 881 [INFO,train:46] gc len at 1300: 117724
21/01/05 09:26:27 441 [INFO,train:82] 1300: 0.747 41.34 9984 156
21/01/05 09:26:27 441 [INFO,train:89]         epoch 1300 age 0: 0.353 18.63
21/01/05 09:26:30 049 [INFO,train:89]         epoch 1300 age 1: 0.218 10.82
21/01/05 09:26:32 641 [INFO,train:89]         epoch 1300 age 2: 0.155 7.57
21/01/05 09:40:10 404 [INFO,train:46] gc len at 1320: 112907
21/01/05 09:40:48 310 [INFO,train:82] 1320: 0.736 37.95 9984 156
21/01/05 09:40:48 310 [INFO,train:89]         epoch 1320 age 0: 0.351 17.61
21/01/05 09:40:50 852 [INFO,train:89]         epoch 1320 age 1: 0.216 10.09
21/01/05 09:40:53 743 [INFO,train:89]         epoch 1320 age 2: 0.158 7.02
21/01/05 09:54:27 604 [INFO,train:46] gc len at 1340: 115545
21/01/05 09:55:05 197 [INFO,train:82] 1340: 0.722 37.16 9984 156
21/01/05 09:55:05 197 [INFO,train:89]         epoch 1340 age 0: 0.344 17.33
21/01/05 09:55:08 027 [INFO,train:89]         epoch 1340 age 1: 0.209 10.06
21/01/05 09:55:10 642 [INFO,train:89]         epoch 1340 age 2: 0.154 7.11
21/01/05 10:08:41 520 [INFO,train:46] gc len at 1360: 118225
21/01/05 10:08:41 968 [INFO,benchmark:264] start benchmark against MrGreed for 512x2
21/01/05 10:09:19 176 [INFO,train:82] 1360: 0.688 39.15 9984 156
21/01/05 10:09:19 176 [INFO,train:89]         epoch 1360 age 0: 0.337 17.96
21/01/05 10:09:21 782 [INFO,train:89]         epoch 1360 age 1: 0.202 10.34
21/01/05 10:09:24 403 [INFO,train:89]         epoch 1360 age 2: 0.148 7.09
21/01/05 10:21:45 126 [INFO,benchmark:289] benchmark at epoch 1360's result: -13.81 8.24
21/01/05 10:23:03 115 [INFO,train:46] gc len at 1380: 114787
21/01/05 10:23:40 493 [INFO,train:82] 1380: 0.738 38.89 9984 156
21/01/05 10:23:40 493 [INFO,train:89]         epoch 1380 age 0: 0.350 17.80
21/01/05 10:23:43 118 [INFO,train:89]         epoch 1380 age 1: 0.216 10.35
21/01/05 10:23:45 713 [INFO,train:89]         epoch 1380 age 2: 0.158 7.33
21/01/05 10:37:24 409 [INFO,train:46] gc len at 1400: 115829
21/01/05 10:38:01 249 [INFO,train:82] 1400: 0.755 43.60 9984 156
21/01/05 10:38:01 249 [INFO,train:89]         epoch 1400 age 0: 0.352 19.57
21/01/05 10:38:03 870 [INFO,train:89]         epoch 1400 age 1: 0.215 11.33
21/01/05 10:38:06 742 [INFO,train:89]         epoch 1400 age 2: 0.152 7.89
21/01/05 10:51:41 867 [INFO,train:46] gc len at 1420: 107821
21/01/05 10:52:19 455 [INFO,train:82] 1420: 0.707 39.58 9984 156
21/01/05 10:52:19 455 [INFO,train:89]         epoch 1420 age 0: 0.338 18.29
21/01/05 10:52:22 037 [INFO,train:89]         epoch 1420 age 1: 0.207 10.71
21/01/05 10:52:24 646 [INFO,train:89]         epoch 1420 age 2: 0.151 7.31
21/01/05 11:05:53 091 [INFO,train:46] gc len at 1440: 110049
21/01/05 11:05:53 519 [INFO,benchmark:264] start benchmark against MrGreed for 512x2
21/01/05 11:06:30 442 [INFO,train:82] 1440: 0.704 37.65 9984 156
21/01/05 11:06:30 442 [INFO,train:89]         epoch 1440 age 0: 0.340 17.66
21/01/05 11:06:33 045 [INFO,train:89]         epoch 1440 age 1: 0.205 10.24
21/01/05 11:06:35 666 [INFO,train:89]         epoch 1440 age 2: 0.150 7.26
21/01/05 11:18:27 149 [INFO,benchmark:289] benchmark at epoch 1440's result: 5.62 8.19
21/01/05 11:20:10 219 [INFO,train:46] gc len at 1460: 116703
21/01/05 11:20:47 631 [INFO,train:82] 1460: 0.691 38.36 9984 156
21/01/05 11:20:47 631 [INFO,train:89]         epoch 1460 age 0: 0.331 17.53
21/01/05 11:20:50 231 [INFO,train:89]         epoch 1460 age 1: 0.197 10.18
21/01/05 11:20:52 835 [INFO,train:89]         epoch 1460 age 2: 0.142 7.01
21/01/05 11:34:22 618 [INFO,train:46] gc len at 1480: 119185
21/01/05 11:35:01 263 [INFO,train:82] 1480: 0.759 40.18 9984 156
21/01/05 11:35:01 263 [INFO,train:89]         epoch 1480 age 0: 0.354 18.23
21/01/05 11:35:03 878 [INFO,train:89]         epoch 1480 age 1: 0.218 11.01
21/01/05 11:35:06 493 [INFO,train:89]         epoch 1480 age 2: 0.156 7.41
21/01/05 11:48:38 360 [INFO,train:46] gc len at 1500: 114491
21/01/05 11:49:15 221 [INFO,train:82] 1500: 0.734 41.57 9984 156
21/01/05 11:49:15 222 [INFO,train:89]         epoch 1500 age 0: 0.351 18.90
21/01/05 11:49:17 857 [INFO,train:89]         epoch 1500 age 1: 0.219 11.03
21/01/05 11:49:20 481 [INFO,train:89]         epoch 1500 age 2: 0.159 7.68
21/01/05 12:02:47 191 [INFO,train:46] gc len at 1520: 103714
21/01/05 12:02:47 644 [INFO,benchmark:264] start benchmark against MrGreed for 512x2
21/01/05 12:03:24 664 [INFO,train:82] 1520: 0.761 45.59 9984 156
21/01/05 12:03:24 664 [INFO,train:89]         epoch 1520 age 0: 0.353 20.26
21/01/05 12:03:27 266 [INFO,train:89]         epoch 1520 age 1: 0.215 11.73
21/01/05 12:03:29 870 [INFO,train:89]         epoch 1520 age 2: 0.156 8.55
21/01/05 12:15:36 670 [INFO,benchmark:289] benchmark at epoch 1520's result: -0.89 7.82
21/01/05 12:17:07 054 [INFO,train:46] gc len at 1540: 110485
21/01/05 12:17:44 752 [INFO,train:82] 1540: 0.740 41.96 9984 156
21/01/05 12:17:44 753 [INFO,train:89]         epoch 1540 age 0: 0.347 18.64
21/01/05 12:17:47 372 [INFO,train:89]         epoch 1540 age 1: 0.213 10.89
21/01/05 12:17:49 984 [INFO,train:89]         epoch 1540 age 2: 0.153 7.59
21/01/05 12:31:22 321 [INFO,train:46] gc len at 1560: 111851
21/01/05 12:31:59 982 [INFO,train:82] 1560: 0.739 38.39 9984 156
21/01/05 12:31:59 982 [INFO,train:89]         epoch 1560 age 0: 0.349 17.63
21/01/05 12:32:02 584 [INFO,train:89]         epoch 1560 age 1: 0.210 10.41
21/01/05 12:32:05 184 [INFO,train:89]         epoch 1560 age 2: 0.150 7.31
21/01/05 12:45:40 334 [INFO,train:46] gc len at 1580: 114518
21/01/05 12:46:19 112 [INFO,train:82] 1580: 0.801 42.13 9984 156
21/01/05 12:46:19 113 [INFO,train:89]         epoch 1580 age 0: 0.367 19.13
21/01/05 12:46:21 976 [INFO,train:89]         epoch 1580 age 1: 0.223 11.10
21/01/05 12:46:24 838 [INFO,train:89]         epoch 1580 age 2: 0.162 8.02
21/01/05 13:00:03 285 [INFO,train:46] gc len at 1600: 113505
21/01/05 13:00:03 740 [INFO,benchmark:264] start benchmark against MrGreed for 512x2
21/01/05 13:00:41 300 [INFO,train:82] 1600: 0.764 41.58 9984 156
21/01/05 13:00:41 300 [INFO,train:89]         epoch 1600 age 0: 0.358 18.60
21/01/05 13:00:43 915 [INFO,train:89]         epoch 1600 age 1: 0.217 10.64
21/01/05 13:00:46 519 [INFO,train:89]         epoch 1600 age 2: 0.156 7.39
21/01/05 13:12:12 545 [INFO,benchmark:289] benchmark at epoch 1600's result: -2.79 8.19
21/01/05 13:14:29 565 [INFO,train:46] gc len at 1620: 106552
21/01/05 13:15:06 966 [INFO,train:82] 1620: 0.775 41.08 9984 156
21/01/05 13:15:06 966 [INFO,train:89]         epoch 1620 age 0: 0.360 19.02
21/01/05 13:15:09 555 [INFO,train:89]         epoch 1620 age 1: 0.212 11.37
21/01/05 13:15:12 155 [INFO,train:89]         epoch 1620 age 2: 0.153 7.89
21/01/05 13:28:46 360 [INFO,train:46] gc len at 1640: 119863
21/01/05 13:29:24 176 [INFO,train:82] 1640: 0.741 39.97 9984 156
21/01/05 13:29:24 176 [INFO,train:89]         epoch 1640 age 0: 0.343 17.88
21/01/05 13:29:26 791 [INFO,train:89]         epoch 1640 age 1: 0.206 10.77
21/01/05 13:29:29 403 [INFO,train:89]         epoch 1640 age 2: 0.148 7.36
21/01/05 13:43:04 653 [INFO,train:46] gc len at 1660: 117042
21/01/05 13:43:42 191 [INFO,train:82] 1660: 0.771 43.62 9984 156
21/01/05 13:43:42 191 [INFO,train:89]         epoch 1660 age 0: 0.351 19.17
21/01/05 13:43:44 741 [INFO,train:89]         epoch 1660 age 1: 0.216 10.94
21/01/05 13:43:47 336 [INFO,train:89]         epoch 1660 age 2: 0.154 7.77
21/01/05 13:57:25 714 [INFO,train:46] gc len at 1680: 119347
21/01/05 13:57:26 159 [INFO,benchmark:264] start benchmark against MrGreed for 512x2
21/01/05 13:58:03 790 [INFO,train:82] 1680: 0.748 38.66 9984 156
21/01/05 13:58:03 790 [INFO,train:89]         epoch 1680 age 0: 0.356 17.99
21/01/05 13:58:06 404 [INFO,train:89]         epoch 1680 age 1: 0.218 10.61
21/01/05 13:58:09 016 [INFO,train:89]         epoch 1680 age 2: 0.157 7.34
21/01/05 14:10:11 292 [INFO,benchmark:289] benchmark at epoch 1680's result: -3.01 7.97
21/01/05 14:11:46 919 [INFO,train:46] gc len at 1700: 111744
21/01/05 14:12:24 617 [INFO,train:82] 1700: 0.740 38.28 9984 156
21/01/05 14:12:24 617 [INFO,train:89]         epoch 1700 age 0: 0.345 17.71
21/01/05 14:12:27 227 [INFO,train:89]         epoch 1700 age 1: 0.205 10.39
21/01/05 14:12:29 843 [INFO,train:89]         epoch 1700 age 2: 0.149 7.41
21/01/05 14:26:06 284 [INFO,train:46] gc len at 1720: 118590
21/01/05 14:26:44 137 [INFO,train:82] 1720: 0.718 36.60 9984 156
21/01/05 14:26:44 137 [INFO,train:89]         epoch 1720 age 0: 0.343 17.33
21/01/05 14:26:46 753 [INFO,train:89]         epoch 1720 age 1: 0.209 9.99
21/01/05 14:26:49 291 [INFO,train:89]         epoch 1720 age 2: 0.150 6.94
21/01/05 14:40:25 446 [INFO,train:46] gc len at 1740: 115783
21/01/05 14:41:02 683 [INFO,train:82] 1740: 0.730 38.48 9984 156
21/01/05 14:41:02 683 [INFO,train:89]         epoch 1740 age 0: 0.346 17.52
21/01/05 14:41:05 293 [INFO,train:89]         epoch 1740 age 1: 0.209 10.12
21/01/05 14:41:07 904 [INFO,train:89]         epoch 1740 age 2: 0.151 7.24
21/01/05 14:54:39 330 [INFO,train:46] gc len at 1760: 104232
21/01/05 14:54:39 765 [INFO,benchmark:264] start benchmark against MrGreed for 512x2
21/01/05 14:55:17 330 [INFO,train:82] 1760: 0.782 38.83 9984 156
21/01/05 14:55:17 330 [INFO,train:89]         epoch 1760 age 0: 0.363 18.08
21/01/05 14:55:19 939 [INFO,train:89]         epoch 1760 age 1: 0.218 10.60
21/01/05 14:55:22 553 [INFO,train:89]         epoch 1760 age 2: 0.156 7.07
21/01/05 15:07:30 781 [INFO,benchmark:289] benchmark at epoch 1760's result: -6.77 8.21
21/01/05 15:09:03 811 [INFO,train:46] gc len at 1780: 120360
21/01/05 15:09:41 429 [INFO,train:82] 1780: 0.727 38.00 9984 156
21/01/05 15:09:41 429 [INFO,train:89]         epoch 1780 age 0: 0.346 17.42
21/01/05 15:09:44 042 [INFO,train:89]         epoch 1780 age 1: 0.214 10.29
21/01/05 15:09:46 642 [INFO,train:89]         epoch 1780 age 2: 0.157 6.89
21/01/05 15:23:22 675 [INFO,train:46] gc len at 1800: 102263
21/01/05 15:24:00 134 [INFO,train:82] 1800: 0.708 43.56 9984 156
21/01/05 15:24:00 135 [INFO,train:89]         epoch 1800 age 0: 0.337 19.17
21/01/05 15:24:02 980 [INFO,train:89]         epoch 1800 age 1: 0.208 11.23
21/01/05 15:24:05 836 [INFO,train:89]         epoch 1800 age 2: 0.149 7.79
21/01/05 15:37:39 586 [INFO,train:46] gc len at 1820: 103207
21/01/05 15:38:17 142 [INFO,train:82] 1820: 0.738 37.10 9984 156
21/01/05 15:38:17 142 [INFO,train:89]         epoch 1820 age 0: 0.347 17.35
21/01/05 15:38:19 898 [INFO,train:89]         epoch 1820 age 1: 0.210 10.13
21/01/05 15:38:22 723 [INFO,train:89]         epoch 1820 age 2: 0.152 6.94
21/01/05 15:51:54 015 [INFO,train:46] gc len at 1840: 120598
21/01/05 15:51:54 463 [INFO,benchmark:264] start benchmark against MrGreed for 512x2
21/01/05 15:52:32 102 [INFO,train:82] 1840: 0.728 40.17 9984 156
21/01/05 15:52:32 102 [INFO,train:89]         epoch 1840 age 0: 0.343 18.29
21/01/05 15:52:34 717 [INFO,train:89]         epoch 1840 age 1: 0.211 10.97
21/01/05 15:52:37 331 [INFO,train:89]         epoch 1840 age 2: 0.154 7.67
21/01/05 16:04:16 073 [INFO,benchmark:289] benchmark at epoch 1840's result: -6.94 8.40
21/01/05 16:06:14 155 [INFO,train:46] gc len at 1860: 120423
21/01/05 16:06:51 439 [INFO,train:82] 1860: 0.757 46.33 9984 156
21/01/05 16:06:51 439 [INFO,train:89]         epoch 1860 age 0: 0.352 20.43
21/01/05 16:06:54 042 [INFO,train:89]         epoch 1860 age 1: 0.209 12.51
21/01/05 16:06:56 653 [INFO,train:89]         epoch 1860 age 2: 0.147 8.34
21/01/05 16:20:36 769 [INFO,train:46] gc len at 1880: 115596
21/01/05 16:21:15 191 [INFO,train:82] 1880: 0.748 37.76 9984 156
21/01/05 16:21:15 191 [INFO,train:89]         epoch 1880 age 0: 0.349 17.28
21/01/05 16:21:17 803 [INFO,train:89]         epoch 1880 age 1: 0.215 10.19
21/01/05 16:21:20 418 [INFO,train:89]         epoch 1880 age 2: 0.154 6.91
21/01/05 16:34:49 096 [INFO,train:46] gc len at 1900: 117828
21/01/05 16:35:26 317 [INFO,train:82] 1900: 0.681 37.90 9984 156
21/01/05 16:35:26 317 [INFO,train:89]         epoch 1900 age 0: 0.326 17.59
21/01/05 16:35:28 915 [INFO,train:89]         epoch 1900 age 1: 0.200 10.33
21/01/05 16:35:31 514 [INFO,train:89]         epoch 1900 age 2: 0.145 6.89
21/01/05 16:48:58 838 [INFO,train:46] gc len at 1920: 121076
21/01/05 16:48:59 302 [INFO,benchmark:264] start benchmark against MrGreed for 512x2
21/01/05 16:49:36 809 [INFO,train:82] 1920: 0.728 41.45 9984 156
21/01/05 16:49:36 809 [INFO,train:89]         epoch 1920 age 0: 0.341 18.63
21/01/05 16:49:39 430 [INFO,train:89]         epoch 1920 age 1: 0.214 10.86
21/01/05 16:49:42 042 [INFO,train:89]         epoch 1920 age 2: 0.156 7.25
21/01/05 17:01:15 872 [INFO,benchmark:289] benchmark at epoch 1920's result: 5.77 7.75
21/01/05 17:03:20 200 [INFO,train:46] gc len at 1940: 113071
21/01/05 17:03:58 247 [INFO,train:82] 1940: 0.742 39.04 9984 156
21/01/05 17:03:58 247 [INFO,train:89]         epoch 1940 age 0: 0.349 18.23
21/01/05 17:04:00 845 [INFO,train:89]         epoch 1940 age 1: 0.208 10.84
21/01/05 17:04:03 462 [INFO,train:89]         epoch 1940 age 2: 0.150 7.69
21/01/05 17:17:44 127 [INFO,train:46] gc len at 1960: 102075
21/01/05 17:18:21 632 [INFO,train:82] 1960: 0.710 37.48 9984 156
21/01/05 17:18:21 632 [INFO,train:89]         epoch 1960 age 0: 0.339 16.97
21/01/05 17:18:24 174 [INFO,train:89]         epoch 1960 age 1: 0.205 9.70
21/01/05 17:18:26 792 [INFO,train:89]         epoch 1960 age 2: 0.150 6.73
21/01/05 17:32:13 951 [INFO,train:46] gc len at 1980: 119448
21/01/05 17:32:51 734 [INFO,train:82] 1980: 0.727 42.15 9984 156
21/01/05 17:32:51 734 [INFO,train:89]         epoch 1980 age 0: 0.352 19.22
21/01/05 17:32:54 345 [INFO,train:89]         epoch 1980 age 1: 0.215 10.99
21/01/05 17:32:56 940 [INFO,train:89]         epoch 1980 age 2: 0.161 7.67
21/01/05 17:46:30 118 [INFO,train:46] gc len at 2000: 112268
21/01/05 17:46:30 567 [INFO,benchmark:264] start benchmark against MrGreed for 512x2
21/01/05 17:47:07 697 [INFO,train:82] 2000: 0.731 41.93 9984 156
21/01/05 17:47:07 697 [INFO,train:89]         epoch 2000 age 0: 0.347 19.06
21/01/05 17:47:10 308 [INFO,train:89]         epoch 2000 age 1: 0.211 11.03
21/01/05 17:47:12 934 [INFO,train:89]         epoch 2000 age 2: 0.150 7.35
21/01/05 17:58:34 649 [INFO,benchmark:289] benchmark at epoch 2000's result: 7.16 7.77
21/01/05 18:00:52 035 [INFO,train:46] gc len at 2020: 112151
21/01/05 18:01:28 597 [INFO,train:82] 2020: 0.817 43.65 9984 156
21/01/05 18:01:28 597 [INFO,train:89]         epoch 2020 age 0: 0.377 19.60
21/01/05 18:01:31 168 [INFO,train:89]         epoch 2020 age 1: 0.228 11.35
21/01/05 18:01:33 773 [INFO,train:89]         epoch 2020 age 2: 0.161 8.07
21/01/05 18:15:12 497 [INFO,train:46] gc len at 2040: 103321
21/01/05 18:15:49 959 [INFO,train:82] 2040: 0.751 43.77 9984 156
21/01/05 18:15:49 959 [INFO,train:89]         epoch 2040 age 0: 0.351 19.25
21/01/05 18:15:52 576 [INFO,train:89]         epoch 2040 age 1: 0.212 11.54
21/01/05 18:15:55 193 [INFO,train:89]         epoch 2040 age 2: 0.152 8.18
21/01/05 18:29:26 085 [INFO,train:46] gc len at 2060: 118460
21/01/05 18:30:04 187 [INFO,train:82] 2060: 0.734 39.82 9984 156
21/01/05 18:30:04 187 [INFO,train:89]         epoch 2060 age 0: 0.350 17.93
21/01/05 18:30:06 806 [INFO,train:89]         epoch 2060 age 1: 0.212 10.39
21/01/05 18:30:09 422 [INFO,train:89]         epoch 2060 age 2: 0.152 7.08
21/01/05 18:43:45 865 [INFO,train:46] gc len at 2080: 104379
21/01/05 18:43:46 315 [INFO,benchmark:264] start benchmark against MrGreed for 512x2
21/01/05 18:44:24 086 [INFO,train:82] 2080: 0.726 39.73 9984 156
21/01/05 18:44:24 086 [INFO,train:89]         epoch 2080 age 0: 0.342 18.01
21/01/05 18:44:26 702 [INFO,train:89]         epoch 2080 age 1: 0.209 10.66
21/01/05 18:44:29 301 [INFO,train:89]         epoch 2080 age 2: 0.150 7.30
21/01/05 18:56:07 388 [INFO,benchmark:289] benchmark at epoch 2080's result: -5.61 8.02
21/01/05 18:58:08 414 [INFO,train:46] gc len at 2100: 116928
21/01/05 18:58:46 032 [INFO,train:82] 2100: 0.744 40.59 9984 156
21/01/05 18:58:46 032 [INFO,train:89]         epoch 2100 age 0: 0.351 18.13
21/01/05 18:58:48 642 [INFO,train:89]         epoch 2100 age 1: 0.210 10.97
21/01/05 18:58:51 267 [INFO,train:89]         epoch 2100 age 2: 0.152 7.45
21/01/05 19:12:33 717 [INFO,train:46] gc len at 2120: 119710
21/01/05 19:13:10 809 [INFO,train:82] 2120: 0.760 40.64 9984 156
21/01/05 19:13:10 809 [INFO,train:89]         epoch 2120 age 0: 0.354 18.51
21/01/05 19:13:13 723 [INFO,train:89]         epoch 2120 age 1: 0.211 10.85
21/01/05 19:13:16 476 [INFO,train:89]         epoch 2120 age 2: 0.151 7.61
21/01/05 19:26:55 169 [INFO,train:46] gc len at 2140: 120767
21/01/05 19:27:32 258 [INFO,train:82] 2140: 0.759 45.25 9984 156
21/01/05 19:27:32 258 [INFO,train:89]         epoch 2140 age 0: 0.358 19.70
21/01/05 19:27:35 076 [INFO,train:89]         epoch 2140 age 1: 0.222 11.41
21/01/05 19:27:37 941 [INFO,train:89]         epoch 2140 age 2: 0.162 7.63
21/01/05 19:41:11 742 [INFO,train:46] gc len at 2160: 120597
21/01/05 19:41:12 195 [INFO,benchmark:264] start benchmark against MrGreed for 512x2
21/01/05 19:41:50 625 [INFO,train:82] 2160: 0.749 37.21 9984 156
21/01/05 19:41:50 625 [INFO,train:89]         epoch 2160 age 0: 0.356 17.16
21/01/05 19:41:53 220 [INFO,train:89]         epoch 2160 age 1: 0.220 10.24
21/01/05 19:41:55 839 [INFO,train:89]         epoch 2160 age 2: 0.163 7.02
21/01/05 19:54:21 408 [INFO,benchmark:289] benchmark at epoch 2160's result: -3.41 8.05
21/01/05 19:55:37 517 [INFO,train:46] gc len at 2180: 108361
21/01/05 19:56:14 990 [INFO,train:82] 2180: 0.786 42.66 9984 156
21/01/05 19:56:14 990 [INFO,train:89]         epoch 2180 age 0: 0.372 19.26
21/01/05 19:56:17 578 [INFO,train:89]         epoch 2180 age 1: 0.224 11.03
21/01/05 19:56:20 158 [INFO,train:89]         epoch 2180 age 2: 0.160 7.87
21/01/05 20:09:57 946 [INFO,train:46] gc len at 2200: 115426
21/01/05 20:10:35 579 [INFO,train:82] 2200: 0.746 37.29 9984 156
21/01/05 20:10:35 579 [INFO,train:89]         epoch 2200 age 0: 0.354 17.23
21/01/05 20:10:38 472 [INFO,train:89]         epoch 2200 age 1: 0.223 10.10
21/01/05 20:10:41 213 [INFO,train:89]         epoch 2200 age 2: 0.160 7.15
21/01/05 20:24:22 299 [INFO,train:46] gc len at 2220: 106115
21/01/05 20:24:59 826 [INFO,train:82] 2220: 0.730 36.37 9984 156
21/01/05 20:24:59 826 [INFO,train:89]         epoch 2220 age 0: 0.351 16.93
21/01/05 20:25:02 445 [INFO,train:89]         epoch 2220 age 1: 0.216 10.22
21/01/05 20:25:05 055 [INFO,train:89]         epoch 2220 age 2: 0.154 7.30
21/01/05 20:38:42 418 [INFO,train:46] gc len at 2240: 109238
21/01/05 20:38:42 865 [INFO,benchmark:264] start benchmark against MrGreed for 512x2
21/01/05 20:39:20 198 [INFO,train:82] 2240: 0.713 40.08 9984 156
21/01/05 20:39:20 198 [INFO,train:89]         epoch 2240 age 0: 0.344 18.29
21/01/05 20:39:22 806 [INFO,train:89]         epoch 2240 age 1: 0.212 10.53
21/01/05 20:39:25 411 [INFO,train:89]         epoch 2240 age 2: 0.151 7.09
21/01/05 20:51:33 984 [INFO,benchmark:289] benchmark at epoch 2240's result: 9.79 7.83
21/01/05 20:53:03 762 [INFO,train:46] gc len at 2260: 113993
21/01/05 20:53:41 478 [INFO,train:82] 2260: 0.786 38.88 9984 156
21/01/05 20:53:41 478 [INFO,train:89]         epoch 2260 age 0: 0.364 17.97
21/01/05 20:53:44 084 [INFO,train:89]         epoch 2260 age 1: 0.226 10.40
21/01/05 20:53:46 699 [INFO,train:89]         epoch 2260 age 2: 0.160 7.03
21/01/05 21:07:22 678 [INFO,train:46] gc len at 2280: 119356
21/01/05 21:07:59 981 [INFO,train:82] 2280: 0.756 39.20 9984 156
21/01/05 21:07:59 981 [INFO,train:89]         epoch 2280 age 0: 0.350 17.54
21/01/05 21:08:02 591 [INFO,train:89]         epoch 2280 age 1: 0.214 10.38
21/01/05 21:08:05 204 [INFO,train:89]         epoch 2280 age 2: 0.151 7.10
21/01/05 21:21:37 232 [INFO,train:46] gc len at 2300: 103897
21/01/05 21:22:14 642 [INFO,train:82] 2300: 0.756 36.68 9984 156
21/01/05 21:22:14 642 [INFO,train:89]         epoch 2300 age 0: 0.357 17.18
21/01/05 21:22:17 252 [INFO,train:89]         epoch 2300 age 1: 0.217 10.14
21/01/05 21:22:19 869 [INFO,train:89]         epoch 2300 age 2: 0.157 7.12
21/01/05 21:35:49 167 [INFO,train:46] gc len at 2320: 119585
21/01/05 21:35:49 604 [INFO,benchmark:264] start benchmark against MrGreed for 512x2
21/01/05 21:36:26 976 [INFO,train:82] 2320: 0.714 37.99 9984 156
21/01/05 21:36:26 976 [INFO,train:89]         epoch 2320 age 0: 0.342 17.42
21/01/05 21:36:29 595 [INFO,train:89]         epoch 2320 age 1: 0.207 10.02
21/01/05 21:36:32 189 [INFO,train:89]         epoch 2320 age 2: 0.149 6.98
21/01/05 21:48:11 752 [INFO,benchmark:289] benchmark at epoch 2320's result: 1.88 8.08
21/01/05 21:50:10 167 [INFO,train:46] gc len at 2340: 116594
21/01/05 21:50:48 017 [INFO,train:82] 2340: 0.704 39.98 9984 156
21/01/05 21:50:48 017 [INFO,train:89]         epoch 2340 age 0: 0.337 18.25
21/01/05 21:50:50 639 [INFO,train:89]         epoch 2340 age 1: 0.212 10.90
21/01/05 21:50:53 238 [INFO,train:89]         epoch 2340 age 2: 0.151 7.49
21/01/05 22:04:35 721 [INFO,train:46] gc len at 2360: 106221
21/01/05 22:05:14 159 [INFO,train:82] 2360: 0.760 39.29 9984 156
21/01/05 22:05:14 159 [INFO,train:89]         epoch 2360 age 0: 0.357 17.95
21/01/05 22:05:16 779 [INFO,train:89]         epoch 2360 age 1: 0.222 10.47
21/01/05 22:05:19 397 [INFO,train:89]         epoch 2360 age 2: 0.164 6.82
21/01/05 22:18:49 721 [INFO,train:46] gc len at 2380: 118309
21/01/05 22:19:27 073 [INFO,train:82] 2380: 0.738 38.28 9984 156
21/01/05 22:19:27 073 [INFO,train:89]         epoch 2380 age 0: 0.347 17.60
21/01/05 22:19:29 684 [INFO,train:89]         epoch 2380 age 1: 0.213 10.26
21/01/05 22:19:32 297 [INFO,train:89]         epoch 2380 age 2: 0.151 7.30
21/01/05 22:33:02 134 [INFO,train:46] gc len at 2400: 114984
21/01/05 22:33:02 574 [INFO,benchmark:264] start benchmark against MrGreed for 512x2
21/01/05 22:33:39 776 [INFO,train:82] 2400: 0.771 41.82 9984 156
21/01/05 22:33:39 776 [INFO,train:89]         epoch 2400 age 0: 0.360 18.58
21/01/05 22:33:42 390 [INFO,train:89]         epoch 2400 age 1: 0.223 10.92
21/01/05 22:33:44 002 [INFO,train:89]         epoch 2400 age 2: 0.161 7.58
21/01/05 22:45:09 084 [INFO,benchmark:289] benchmark at epoch 2400's result: 9.49 8.12
21/01/05 22:47:24 496 [INFO,train:46] gc len at 2420: 118795
21/01/05 22:48:02 398 [INFO,train:82] 2420: 0.726 36.75 9984 156
21/01/05 22:48:02 398 [INFO,train:89]         epoch 2420 age 0: 0.348 17.10
21/01/05 22:48:05 007 [INFO,train:89]         epoch 2420 age 1: 0.214 10.32
21/01/05 22:48:07 628 [INFO,train:89]         epoch 2420 age 2: 0.153 7.24
21/01/05 23:01:48 777 [INFO,train:46] gc len at 2440: 118845
21/01/05 23:02:25 872 [INFO,train:82] 2440: 0.743 41.35 9984 156
21/01/05 23:02:25 872 [INFO,train:89]         epoch 2440 age 0: 0.354 18.62
21/01/05 23:02:28 733 [INFO,train:89]         epoch 2440 age 1: 0.218 10.98
21/01/05 23:02:31 633 [INFO,train:89]         epoch 2440 age 2: 0.155 7.22
21/01/05 23:16:08 403 [INFO,train:46] gc len at 2460: 104292
21/01/05 23:16:45 192 [INFO,train:82] 2460: 0.681 38.07 9984 156
21/01/05 23:16:45 192 [INFO,train:89]         epoch 2460 age 0: 0.332 17.73
21/01/05 23:16:47 788 [INFO,train:89]         epoch 2460 age 1: 0.199 10.43
21/01/05 23:16:50 402 [INFO,train:89]         epoch 2460 age 2: 0.145 7.33
21/01/05 23:30:22 543 [INFO,train:46] gc len at 2480: 108953
21/01/05 23:30:22 987 [INFO,benchmark:264] start benchmark against MrGreed for 512x2
21/01/05 23:31:00 533 [INFO,train:82] 2480: 0.720 33.94 9984 156
21/01/05 23:31:00 533 [INFO,train:89]         epoch 2480 age 0: 0.347 16.20
21/01/05 23:31:03 152 [INFO,train:89]         epoch 2480 age 1: 0.221 9.45
21/01/05 23:31:05 766 [INFO,train:89]         epoch 2480 age 2: 0.161 6.60
21/01/05 23:42:38 354 [INFO,benchmark:289] benchmark at epoch 2480's result: 9.89 7.94
21/01/05 23:44:43 798 [INFO,train:46] gc len at 2500: 104258
21/01/05 23:45:21 825 [INFO,train:82] 2500: 0.767 38.81 9984 156
21/01/05 23:45:21 825 [INFO,train:89]         epoch 2500 age 0: 0.365 17.53
21/01/05 23:45:24 483 [INFO,train:89]         epoch 2500 age 1: 0.226 10.19
21/01/05 23:45:27 102 [INFO,train:89]         epoch 2500 age 2: 0.159 7.37
21/01/05 23:59:02 206 [INFO,train:46] gc len at 2520: 110597
21/01/05 23:59:39 797 [INFO,train:82] 2520: 0.719 36.69 9984 156
21/01/05 23:59:39 797 [INFO,train:89]         epoch 2520 age 0: 0.347 16.85
21/01/05 23:59:42 401 [INFO,train:89]         epoch 2520 age 1: 0.221 9.85
21/01/05 23:59:44 002 [INFO,train:89]         epoch 2520 age 2: 0.160 6.81
21/01/06 00:13:17 487 [INFO,train:46] gc len at 2540: 107633
21/01/06 00:13:55 607 [INFO,train:82] 2540: 0.766 37.94 9984 156
21/01/06 00:13:55 608 [INFO,train:89]         epoch 2540 age 0: 0.362 17.75
21/01/06 00:13:58 225 [INFO,train:89]         epoch 2540 age 1: 0.225 10.40
21/01/06 00:14:00 830 [INFO,train:89]         epoch 2540 age 2: 0.161 7.37
21/01/06 00:27:43 785 [INFO,train:46] gc len at 2560: 111330
21/01/06 00:27:44 236 [INFO,benchmark:264] start benchmark against MrGreed for 512x2
21/01/06 00:28:21 581 [INFO,train:82] 2560: 0.758 40.37 9984 156
21/01/06 00:28:21 581 [INFO,train:89]         epoch 2560 age 0: 0.361 18.12
21/01/06 00:28:24 198 [INFO,train:89]         epoch 2560 age 1: 0.224 10.55
21/01/06 00:28:26 859 [INFO,train:89]         epoch 2560 age 2: 0.162 7.17
21/01/06 00:40:03 518 [INFO,benchmark:289] benchmark at epoch 2560's result: -4.32 7.94
21/01/06 00:42:09 786 [INFO,train:46] gc len at 2580: 121715
21/01/06 00:42:46 755 [INFO,train:82] 2580: 0.762 39.17 9984 156
21/01/06 00:42:46 756 [INFO,train:89]         epoch 2580 age 0: 0.359 18.15
21/01/06 00:42:49 362 [INFO,train:89]         epoch 2580 age 1: 0.222 10.99
21/01/06 00:42:51 967 [INFO,train:89]         epoch 2580 age 2: 0.160 7.53
21/01/06 00:56:33 347 [INFO,train:46] gc len at 2600: 116621
21/01/06 00:57:10 606 [INFO,train:82] 2600: 0.754 37.49 9984 156
21/01/06 00:57:10 606 [INFO,train:89]         epoch 2600 age 0: 0.360 17.12
21/01/06 00:57:13 203 [INFO,train:89]         epoch 2600 age 1: 0.220 10.43
21/01/06 00:57:15 813 [INFO,train:89]         epoch 2600 age 2: 0.160 7.38
21/01/06 01:10:48 664 [INFO,train:46] gc len at 2620: 100839
21/01/06 01:11:26 071 [INFO,train:82] 2620: 0.751 37.11 9984 156
21/01/06 01:11:26 071 [INFO,train:89]         epoch 2620 age 0: 0.358 17.09
21/01/06 01:11:28 687 [INFO,train:89]         epoch 2620 age 1: 0.226 10.11
21/01/06 01:11:31 287 [INFO,train:89]         epoch 2620 age 2: 0.163 6.95
