21/01/08 23:57:18 058 [INFO,main:112] BETA: 0.20, VALUE_RENORMAL: 10, MCTS_EXPL: 30, BENCH_SMP_B: 5, BENCH_SMP_K: 0.0
21/01/08 23:57:18 120 [INFO,main:116] init pv_net: RES_NET_18 11194869
21/01/08 23:57:18 121 [INFO,train:24] loss2_weight: 0.03, data_rounds: 64, train_mcts_b: 0, train_mcts_k: 2.0, review_number: 3, age_in_epoch: 3
21/01/08 23:57:20 125 [INFO,train:29] optimizer: {'lr': 5e-05, 'betas': (0.3, 0.999), 'eps': 1e-07, 'weight_decay': 0.0001, 'amsgrad': False}
21/01/08 23:57:20 640 [INFO,benchmark:253] start benchmark against MrGreed for 512x2
21/01/08 23:58:56 147 [INFO,train:68] dloss at 0: 0.0126 0.1648 0.0766
21/01/08 23:58:58 885 [INFO,train:97] 0: 2.441 35.77 3328 52
21/01/08 23:58:58 885 [INFO,train:104]         epoch 0 age 0: 2.441 35.77
21/01/08 23:59:01 616 [INFO,train:104]         epoch 0 age 1: 1.276 33.81
21/01/08 23:59:04 363 [INFO,train:104]         epoch 0 age 2: 0.579 25.89
21/01/09 00:00:41 193 [INFO,train:68] dloss at 1: 0.0109 0.8962 0.0121
21/01/09 00:00:46 711 [INFO,train:97] 1: 0.180 32.02 6656 104
21/01/09 00:00:46 711 [INFO,train:104]         epoch 1 age 0: 0.380 28.96
21/01/09 00:00:52 220 [INFO,train:104]         epoch 1 age 1: 0.189 18.52
21/01/09 00:00:57 743 [INFO,train:104]         epoch 1 age 2: 0.124 15.87
21/01/09 00:02:36 554 [INFO,train:68] dloss at 2: 0.0056 0.7939 0.0071
21/01/09 00:02:44 700 [INFO,train:97] 2: 0.160 38.35 9984 156
21/01/09 00:02:44 700 [INFO,train:104]         epoch 2 age 0: 0.136 23.36
21/01/09 00:02:52 967 [INFO,train:104]         epoch 2 age 1: 0.087 16.70
21/01/09 00:03:01 229 [INFO,train:104]         epoch 2 age 2: 0.063 14.60
21/01/09 00:04:39 001 [INFO,train:68] dloss at 3: 0.0067 0.5208 0.0129
21/01/09 00:04:48 253 [INFO,train:97] 3: 0.161 41.01 9984 156
21/01/09 00:04:48 254 [INFO,train:104]         epoch 3 age 0: 0.095 23.40
21/01/09 00:04:56 484 [INFO,train:104]         epoch 3 age 1: 0.058 16.38
21/01/09 00:05:04 811 [INFO,train:104]         epoch 3 age 2: 0.045 13.98
21/01/09 00:06:43 385 [INFO,train:68] dloss at 4: 0.0063 0.8057 0.0079
21/01/09 00:06:51 723 [INFO,train:97] 4: 0.155 40.70 9984 156
21/01/09 00:06:51 723 [INFO,train:104]         epoch 4 age 0: 0.081 22.88
21/01/09 00:07:00 029 [INFO,train:104]         epoch 4 age 1: 0.048 16.17
21/01/09 00:07:08 318 [INFO,train:104]         epoch 4 age 2: 0.037 13.34
21/01/09 00:08:48 040 [INFO,train:68] dloss at 5: 0.0075 1.5250 0.0049
21/01/09 00:08:56 307 [INFO,train:97] 5: 0.151 39.07 9984 156
21/01/09 00:08:56 307 [INFO,train:104]         epoch 5 age 0: 0.075 21.92
21/01/09 00:09:04 602 [INFO,train:104]         epoch 5 age 1: 0.042 14.74
21/01/09 00:09:12 928 [INFO,train:104]         epoch 5 age 2: 0.033 12.92
21/01/09 00:19:20 760 [INFO,train:68] dloss at 10: 0.0104 0.4388 0.0237
21/01/09 00:19:29 060 [INFO,train:97] 10: 0.137 38.51 9984 156
21/01/09 00:19:29 061 [INFO,train:104]         epoch 10 age 0: 0.063 21.11
21/01/09 00:19:37 359 [INFO,train:104]         epoch 10 age 1: 0.030 13.68
21/01/09 00:19:45 676 [INFO,train:104]         epoch 10 age 2: 0.024 11.78
21/01/09 00:29:38 520 [INFO,train:68] dloss at 15: 0.0026 0.4481 0.0058
21/01/09 00:29:46 732 [INFO,train:97] 15: 0.126 43.02 9984 156
21/01/09 00:29:46 732 [INFO,train:104]         epoch 15 age 0: 0.060 21.90
21/01/09 00:29:54 934 [INFO,train:104]         epoch 15 age 1: 0.032 14.72
21/01/09 00:30:03 216 [INFO,train:104]         epoch 15 age 2: 0.026 12.86
21/01/09 00:33:16 577 [INFO,benchmark:278] benchmark at epoch 0's result: -213.21 8.00
21/01/09 00:38:02 112 [INFO,train:68] dloss at 20: 0.0062 0.4647 0.0133
21/01/09 00:38:07 914 [INFO,train:97] 20: 0.130 38.71 9984 156
21/01/09 00:38:07 914 [INFO,train:104]         epoch 20 age 0: 0.061 20.48
21/01/09 00:38:13 711 [INFO,train:104]         epoch 20 age 1: 0.032 13.74
21/01/09 00:38:19 519 [INFO,train:104]         epoch 20 age 2: 0.025 11.37
21/01/09 00:45:22 606 [INFO,train:68] dloss at 25: 0.0007 0.4720 0.0016
21/01/09 00:45:28 387 [INFO,train:97] 25: 0.125 31.23 9984 156
21/01/09 00:45:28 387 [INFO,train:104]         epoch 25 age 0: 0.059 16.88
21/01/09 00:45:34 169 [INFO,train:104]         epoch 25 age 1: 0.032 10.61
21/01/09 00:45:39 965 [INFO,train:104]         epoch 25 age 2: 0.025 8.68
21/01/09 01:07:19 813 [INFO,train:68] dloss at 40: 0.0018 0.2209 0.0084
21/01/09 01:07:25 574 [INFO,train:97] 40: 0.112 29.97 9984 156
21/01/09 01:07:25 574 [INFO,train:104]         epoch 40 age 0: 0.053 16.39
21/01/09 01:07:31 338 [INFO,train:104]         epoch 40 age 1: 0.030 10.97
21/01/09 01:07:37 106 [INFO,train:104]         epoch 40 age 2: 0.023 9.45
21/01/09 01:36:36 313 [INFO,train:68] dloss at 60: 0.0004 0.1880 0.0023
21/01/09 01:36:42 112 [INFO,train:97] 60: 0.110 32.42 9984 156
21/01/09 01:36:42 112 [INFO,train:104]         epoch 60 age 0: 0.052 16.43
21/01/09 01:36:47 925 [INFO,train:104]         epoch 60 age 1: 0.030 11.32
21/01/09 01:36:53 719 [INFO,train:104]         epoch 60 age 2: 0.024 8.77
21/01/09 02:04:52 115 [INFO,benchmark:253] start benchmark against MrGreed for 512x2
21/01/09 02:06:29 482 [INFO,train:68] dloss at 80: 0.0011 0.1963 0.0056
21/01/09 02:06:37 786 [INFO,train:97] 80: 0.106 30.55 9984 156
21/01/09 02:06:37 787 [INFO,train:104]         epoch 80 age 0: 0.051 15.58
21/01/09 02:06:46 077 [INFO,train:104]         epoch 80 age 1: 0.030 9.73
21/01/09 02:06:54 432 [INFO,train:104]         epoch 80 age 2: 0.023 7.90
21/01/09 02:41:14 658 [INFO,benchmark:278] benchmark at epoch 80's result: -123.14 8.40
21/01/09 02:45:43 081 [INFO,train:68] dloss at 100: 0.0010 0.0721 0.0134
21/01/09 02:45:48 822 [INFO,train:97] 100: 0.107 28.37 9984 156
21/01/09 02:45:48 822 [INFO,train:104]         epoch 100 age 0: 0.052 14.66
21/01/09 02:45:54 578 [INFO,train:104]         epoch 100 age 1: 0.030 9.90
21/01/09 02:46:00 343 [INFO,train:104]         epoch 100 age 2: 0.023 7.91
21/01/09 03:14:24 532 [INFO,train:68] dloss at 120: 0.0011 0.2936 0.0037
21/01/09 03:14:30 258 [INFO,train:97] 120: 0.099 26.58 9984 156
21/01/09 03:14:30 259 [INFO,train:104]         epoch 120 age 0: 0.048 13.82
21/01/09 03:14:35 990 [INFO,train:104]         epoch 120 age 1: 0.028 8.56
21/01/09 03:14:41 706 [INFO,train:104]         epoch 120 age 2: 0.021 7.30
21/01/09 03:43:00 942 [INFO,train:68] dloss at 140: 0.0015 0.0873 0.0167
21/01/09 03:43:06 649 [INFO,train:97] 140: 0.113 27.19 9984 156
21/01/09 03:43:06 649 [INFO,train:104]         epoch 140 age 0: 0.053 13.48
21/01/09 03:43:12 358 [INFO,train:104]         epoch 140 age 1: 0.030 8.66
21/01/09 03:43:18 072 [INFO,train:104]         epoch 140 age 2: 0.022 7.27
21/01/09 04:11:06 898 [INFO,benchmark:253] start benchmark against MrGreed for 512x2
21/01/09 04:12:45 932 [INFO,train:68] dloss at 160: 0.0008 0.2103 0.0037
21/01/09 04:12:54 080 [INFO,train:97] 160: 0.114 27.47 9984 156
21/01/09 04:12:54 080 [INFO,train:104]         epoch 160 age 0: 0.052 13.23
21/01/09 04:13:02 213 [INFO,train:104]         epoch 160 age 1: 0.031 9.14
21/01/09 04:13:10 423 [INFO,train:104]         epoch 160 age 2: 0.023 6.72
21/01/09 04:47:29 698 [INFO,benchmark:278] benchmark at epoch 160's result: -118.87 8.41
21/01/09 04:51:50 144 [INFO,train:68] dloss at 180: 0.0007 0.3587 0.0020
21/01/09 04:51:55 832 [INFO,train:97] 180: 0.101 21.08 9984 156
21/01/09 04:51:55 832 [INFO,train:104]         epoch 180 age 0: 0.049 11.26
21/01/09 04:52:01 531 [INFO,train:104]         epoch 180 age 1: 0.027 7.17
21/01/09 04:52:07 238 [INFO,train:104]         epoch 180 age 2: 0.021 6.09
21/01/09 05:20:30 498 [INFO,train:68] dloss at 200: 0.0027 0.3004 0.0090
21/01/09 05:20:36 198 [INFO,train:97] 200: 0.108 22.69 9984 156
21/01/09 05:20:36 198 [INFO,train:104]         epoch 200 age 0: 0.050 11.84
21/01/09 05:20:41 916 [INFO,train:104]         epoch 200 age 1: 0.027 7.64
21/01/09 05:20:47 663 [INFO,train:104]         epoch 200 age 2: 0.021 5.98
21/01/09 05:49:14 268 [INFO,train:68] dloss at 220: 0.0042 0.1508 0.0277
21/01/09 05:49:19 998 [INFO,train:97] 220: 0.110 25.05 9984 156
21/01/09 05:49:19 998 [INFO,train:104]         epoch 220 age 0: 0.050 12.00
21/01/09 05:49:25 734 [INFO,train:104]         epoch 220 age 1: 0.027 7.99
21/01/09 05:49:31 488 [INFO,train:104]         epoch 220 age 2: 0.020 6.55
21/01/09 06:17:29 834 [INFO,benchmark:253] start benchmark against MrGreed for 512x2
21/01/09 06:19:06 583 [INFO,train:68] dloss at 240: 0.0005 0.0863 0.0061
21/01/09 06:19:14 775 [INFO,train:97] 240: 0.102 21.48 9984 156
21/01/09 06:19:14 775 [INFO,train:104]         epoch 240 age 0: 0.047 10.72
21/01/09 06:19:23 027 [INFO,train:104]         epoch 240 age 1: 0.027 7.38
21/01/09 06:19:31 284 [INFO,train:104]         epoch 240 age 2: 0.020 5.81
21/01/09 06:53:46 684 [INFO,benchmark:278] benchmark at epoch 240's result: -119.76 8.35
21/01/09 06:58:13 906 [INFO,train:68] dloss at 260: 0.0016 0.8357 0.0019
21/01/09 06:58:19 609 [INFO,train:97] 260: 0.114 21.16 9984 156
21/01/09 06:58:19 609 [INFO,train:104]         epoch 260 age 0: 0.051 10.81
21/01/09 06:58:25 312 [INFO,train:104]         epoch 260 age 1: 0.026 6.71
21/01/09 06:58:31 031 [INFO,train:104]         epoch 260 age 2: 0.020 5.71
21/01/09 07:27:02 068 [INFO,train:68] dloss at 280: 0.0018 0.2057 0.0087
21/01/09 07:27:07 771 [INFO,train:97] 280: 0.116 18.13 9984 156
21/01/09 07:27:07 771 [INFO,train:104]         epoch 280 age 0: 0.052 10.21
21/01/09 07:27:13 487 [INFO,train:104]         epoch 280 age 1: 0.028 7.03
21/01/09 07:27:19 220 [INFO,train:104]         epoch 280 age 2: 0.021 5.70
21/01/09 07:55:39 003 [INFO,train:68] dloss at 300: 0.0023 0.1023 0.0224
21/01/09 07:55:44 698 [INFO,train:97] 300: 0.101 20.03 9984 156
21/01/09 07:55:44 698 [INFO,train:104]         epoch 300 age 0: 0.047 10.73
21/01/09 07:55:50 402 [INFO,train:104]         epoch 300 age 1: 0.026 7.40
21/01/09 07:55:56 141 [INFO,train:104]         epoch 300 age 2: 0.018 5.63
21/01/09 08:23:47 558 [INFO,benchmark:253] start benchmark against MrGreed for 512x2
21/01/09 08:25:23 758 [INFO,train:68] dloss at 320: 0.0005 0.4226 0.0012
21/01/09 08:25:31 881 [INFO,train:97] 320: 0.112 21.17 9984 156
21/01/09 08:25:31 881 [INFO,train:104]         epoch 320 age 0: 0.050 10.29
21/01/09 08:25:40 109 [INFO,train:104]         epoch 320 age 1: 0.027 6.55
21/01/09 08:25:48 372 [INFO,train:104]         epoch 320 age 2: 0.019 5.18
21/01/09 08:59:43 638 [INFO,benchmark:278] benchmark at epoch 320's result: -96.52 8.45
21/01/09 09:04:20 472 [INFO,train:68] dloss at 340: 0.0009 0.1042 0.0085
21/01/09 09:04:26 162 [INFO,train:97] 340: 0.112 13.92 9984 156
21/01/09 09:04:26 162 [INFO,train:104]         epoch 340 age 0: 0.050 7.81
21/01/09 09:04:31 873 [INFO,train:104]         epoch 340 age 1: 0.026 5.27
21/01/09 09:04:37 584 [INFO,train:104]         epoch 340 age 2: 0.019 4.51
21/01/09 09:33:06 289 [INFO,train:68] dloss at 360: 0.0029 0.1833 0.0159
21/01/09 09:33:11 986 [INFO,train:97] 360: 0.113 17.95 9984 156
21/01/09 09:33:11 986 [INFO,train:104]         epoch 360 age 0: 0.049 9.09
21/01/09 09:33:17 691 [INFO,train:104]         epoch 360 age 1: 0.024 5.89
21/01/09 09:33:23 405 [INFO,train:104]         epoch 360 age 2: 0.018 4.80
21/01/09 10:01:45 918 [INFO,train:68] dloss at 380: 0.0006 0.2297 0.0027
21/01/09 10:01:51 625 [INFO,train:97] 380: 0.101 21.08 9984 156
21/01/09 10:01:51 625 [INFO,train:104]         epoch 380 age 0: 0.045 10.22
21/01/09 10:01:57 337 [INFO,train:104]         epoch 380 age 1: 0.024 7.51
21/01/09 10:02:03 051 [INFO,train:104]         epoch 380 age 2: 0.017 5.43
21/01/09 10:30:03 910 [INFO,benchmark:253] start benchmark against MrGreed for 512x2
21/01/09 10:31:40 654 [INFO,train:68] dloss at 400: 0.0011 0.1414 0.0077
21/01/09 10:31:48 856 [INFO,train:97] 400: 0.110 16.58 9984 156
21/01/09 10:31:48 856 [INFO,train:104]         epoch 400 age 0: 0.048 8.43
21/01/09 10:31:57 062 [INFO,train:104]         epoch 400 age 1: 0.025 5.54
21/01/09 10:32:05 290 [INFO,train:104]         epoch 400 age 2: 0.017 4.24
21/01/09 11:06:21 783 [INFO,benchmark:278] benchmark at epoch 400's result: -86.32 8.34
21/01/09 11:10:53 989 [INFO,train:68] dloss at 420: 0.0007 0.1011 0.0065
21/01/09 11:10:59 742 [INFO,train:97] 420: 0.115 19.09 9984 156
21/01/09 11:10:59 742 [INFO,train:104]         epoch 420 age 0: 0.050 9.69
21/01/09 11:11:05 499 [INFO,train:104]         epoch 420 age 1: 0.024 5.83
21/01/09 11:11:11 267 [INFO,train:104]         epoch 420 age 2: 0.016 4.47
21/01/09 11:40:27 137 [INFO,train:68] dloss at 440: 0.0003 0.1063 0.0030
21/01/09 11:40:32 891 [INFO,train:97] 440: 0.108 14.80 9984 156
21/01/09 11:40:32 891 [INFO,train:104]         epoch 440 age 0: 0.046 7.96
21/01/09 11:40:38 654 [INFO,train:104]         epoch 440 age 1: 0.023 5.42
21/01/09 11:40:44 424 [INFO,train:104]         epoch 440 age 2: 0.016 4.44
21/01/09 12:10:06 715 [INFO,train:68] dloss at 460: 0.0007 0.1042 0.0068
21/01/09 12:10:12 470 [INFO,train:97] 460: 0.104 14.67 9984 156
21/01/09 12:10:12 471 [INFO,train:104]         epoch 460 age 0: 0.046 8.10
21/01/09 12:10:18 230 [INFO,train:104]         epoch 460 age 1: 0.024 5.12
21/01/09 12:10:23 999 [INFO,train:104]         epoch 460 age 2: 0.016 4.20
21/01/09 12:38:40 352 [INFO,benchmark:253] start benchmark against MrGreed for 512x2
21/01/09 12:40:19 079 [INFO,train:68] dloss at 480: 0.0004 0.0901 0.0049
21/01/09 12:40:27 240 [INFO,train:97] 480: 0.101 18.34 9984 156
21/01/09 12:40:27 241 [INFO,train:104]         epoch 480 age 0: 0.045 9.65
21/01/09 12:40:35 500 [INFO,train:104]         epoch 480 age 1: 0.022 6.69
21/01/09 12:40:43 902 [INFO,train:104]         epoch 480 age 2: 0.016 5.20
21/01/09 13:14:58 132 [INFO,benchmark:278] benchmark at epoch 480's result: -87.20 8.41
21/01/09 13:19:44 470 [INFO,train:68] dloss at 500: 0.0011 0.1217 0.0088
21/01/09 13:19:50 282 [INFO,train:97] 500: 0.098 13.99 9984 156
21/01/09 13:19:50 283 [INFO,train:104]         epoch 500 age 0: 0.043 7.81
21/01/09 13:19:56 106 [INFO,train:104]         epoch 500 age 1: 0.022 5.23
21/01/09 13:20:01 938 [INFO,train:104]         epoch 500 age 2: 0.015 4.14
21/01/09 13:49:21 729 [INFO,train:68] dloss at 520: 0.0008 0.1525 0.0053
21/01/09 13:49:27 548 [INFO,train:97] 520: 0.101 13.69 9984 156
21/01/09 13:49:27 548 [INFO,train:104]         epoch 520 age 0: 0.044 7.37
21/01/09 13:49:33 357 [INFO,train:104]         epoch 520 age 1: 0.021 4.77
21/01/09 13:49:39 171 [INFO,train:104]         epoch 520 age 2: 0.015 3.86
21/01/09 14:18:59 910 [INFO,train:68] dloss at 540: 0.0034 0.2140 0.0159
21/01/09 14:19:05 707 [INFO,train:97] 540: 0.105 18.66 9984 156
21/01/09 14:19:05 707 [INFO,train:104]         epoch 540 age 0: 0.045 9.39
21/01/09 14:19:11 513 [INFO,train:104]         epoch 540 age 1: 0.022 5.82
21/01/09 14:19:17 329 [INFO,train:104]         epoch 540 age 2: 0.015 4.67
21/01/09 14:47:36 455 [INFO,benchmark:253] start benchmark against MrGreed for 512x2
21/01/09 14:49:15 587 [INFO,train:68] dloss at 560: 0.0006 0.2374 0.0026
21/01/09 14:49:23 861 [INFO,train:97] 560: 0.098 16.51 9984 156
21/01/09 14:49:23 861 [INFO,train:104]         epoch 560 age 0: 0.042 7.96
21/01/09 14:49:32 182 [INFO,train:104]         epoch 560 age 1: 0.020 4.95
21/01/09 14:49:40 611 [INFO,train:104]         epoch 560 age 2: 0.014 4.22
21/01/09 15:24:06 280 [INFO,benchmark:278] benchmark at epoch 560's result: -103.90 7.99
21/01/09 15:28:43 404 [INFO,train:68] dloss at 580: 0.0006 0.1347 0.0044
21/01/09 15:28:49 205 [INFO,train:97] 580: 0.104 15.77 9984 156
21/01/09 15:28:49 205 [INFO,train:104]         epoch 580 age 0: 0.044 7.95
21/01/09 15:28:55 012 [INFO,train:104]         epoch 580 age 1: 0.021 5.68
21/01/09 15:29:00 831 [INFO,train:104]         epoch 580 age 2: 0.015 4.39
21/01/09 15:58:01 636 [INFO,train:68] dloss at 600: 0.0004 0.2002 0.0019
21/01/09 15:58:07 417 [INFO,train:97] 600: 0.101 14.94 9984 156
21/01/09 15:58:07 417 [INFO,train:104]         epoch 600 age 0: 0.043 7.70
21/01/09 15:58:13 211 [INFO,train:104]         epoch 600 age 1: 0.021 4.99
21/01/09 15:58:19 018 [INFO,train:104]         epoch 600 age 2: 0.015 4.12
