20/12/18 17:34:46 733 [INFO,<module>:543] sharing_strategy: file_system
20/12/18 17:34:48 660 [INFO,main:517] start from: ./ZeroNets/from-one-9b/PV_NET-11-2247733-320.pkl
20/12/18 17:34:48 660 [INFO,train:406] BETA: 0.20, VALUE_RENORMAL: 10, BENCHMARK_METHOD: -1, TRAIN_SAMPLE: -1, PV_DEEP: 2
20/12/18 17:34:48 661 [INFO,train:411] optimizer: {'lr': 0.001, 'betas': (0.9, 0.999), 'eps': 1e-07, 'weight_decay': 0.0001, 'amsgrad': False}
20/12/18 17:34:48 661 [INFO,train:419] loss2_weight: 0.03, review_number: 3, data_rounds: 3x12, age_in_epoch: 3
20/12/18 17:34:49 245 [INFO,benchmark:286] start benchmark against MrGreed for 512x2
20/12/18 17:35:25 517 [INFO,train:475] #epoch: loss1 loss2 grad1/grad2 amp_probe #train_datas
20/12/18 17:35:25 585 [INFO,train:492] 0: 0.29 36.19 0.0071 0.0829 26628
20/12/18 17:35:25 626 [INFO,train:508]         epoch 0 age 0: 0.29 36.19
20/12/18 17:35:25 667 [INFO,train:508]         epoch 0 age 1: 0.24 34.24
20/12/18 17:35:25 707 [INFO,train:508]         epoch 0 age 2: 0.22 29.46
20/12/18 17:35:41 562 [INFO,train:492] 1: 0.22 32.40 0.0025 0.0825 26520
20/12/18 17:35:41 603 [INFO,train:508]         epoch 1 age 0: 0.22 32.40
20/12/18 17:35:41 645 [INFO,train:508]         epoch 1 age 1: 0.21 28.71
20/12/18 17:35:41 681 [INFO,train:508]         epoch 1 age 2: 0.21 27.02
20/12/18 17:35:57 004 [INFO,train:492] 2: 0.23 29.37 0.0035 0.0820 26464
20/12/18 17:35:57 040 [INFO,train:508]         epoch 2 age 0: 0.23 29.37
20/12/18 17:35:57 073 [INFO,train:508]         epoch 2 age 1: 0.22 27.30
20/12/18 17:35:57 108 [INFO,train:508]         epoch 2 age 2: 0.21 26.01
20/12/18 17:36:13 045 [INFO,train:492] 3: 0.24 30.55 0.0048 0.0816 26495
20/12/18 17:36:13 086 [INFO,train:508]         epoch 3 age 0: 0.24 30.55
20/12/18 17:36:13 127 [INFO,train:508]         epoch 3 age 1: 0.22 28.66
20/12/18 17:36:13 167 [INFO,train:508]         epoch 3 age 2: 0.21 26.88
20/12/18 17:36:28 807 [INFO,train:492] 4: 0.24 33.49 0.0035 0.0812 26472
20/12/18 17:36:28 848 [INFO,train:508]         epoch 4 age 0: 0.24 33.49
20/12/18 17:36:28 888 [INFO,train:508]         epoch 4 age 1: 0.23 31.39
20/12/18 17:36:28 925 [INFO,train:508]         epoch 4 age 2: 0.22 29.40
20/12/18 17:36:44 631 [INFO,train:492] 5: 0.24 33.00 0.0061 0.0807 26532
20/12/18 17:36:44 672 [INFO,train:508]         epoch 5 age 0: 0.24 33.00
20/12/18 17:36:44 713 [INFO,train:508]         epoch 5 age 1: 0.23 31.26
20/12/18 17:36:44 753 [INFO,train:508]         epoch 5 age 2: 0.22 29.49
20/12/18 17:38:03 460 [INFO,train:492] 10: 0.25 30.85 0.0081 0.0796 26547
20/12/18 17:38:03 501 [INFO,train:508]         epoch 10 age 0: 0.25 30.85
20/12/18 17:38:03 541 [INFO,train:508]         epoch 10 age 1: 0.24 29.53
20/12/18 17:38:03 579 [INFO,train:508]         epoch 10 age 2: 0.23 27.97
20/12/18 17:39:21 327 [INFO,train:492] 15: 0.27 27.07 0.0092 0.0789 26500
20/12/18 17:39:21 367 [INFO,train:508]         epoch 15 age 0: 0.27 27.07
20/12/18 17:39:21 407 [INFO,train:508]         epoch 15 age 1: 0.26 25.53
20/12/18 17:39:21 447 [INFO,train:508]         epoch 15 age 2: 0.25 24.08
20/12/18 17:40:39 311 [INFO,train:492] 20: 0.25 30.48 0.0052 0.0790 26467
20/12/18 17:40:39 351 [INFO,train:508]         epoch 20 age 0: 0.25 30.48
20/12/18 17:40:39 391 [INFO,train:508]         epoch 20 age 1: 0.24 28.76
20/12/18 17:40:39 426 [INFO,train:508]         epoch 20 age 2: 0.23 26.89
20/12/18 17:41:57 352 [INFO,train:492] 25: 0.26 31.60 0.0069 0.0793 26365
20/12/18 17:41:57 393 [INFO,train:508]         epoch 25 age 0: 0.26 31.60
20/12/18 17:41:57 428 [INFO,train:508]         epoch 25 age 1: 0.24 30.05
20/12/18 17:41:57 462 [INFO,train:508]         epoch 25 age 2: 0.23 28.49
20/12/18 17:42:48 632 [INFO,benchmark:312] benchmark at epoch 0's result: -51.94 8.03
20/12/18 17:43:16 390 [INFO,train:492] 30: 0.29 28.90 0.0081 0.0802 26510
20/12/18 17:43:16 429 [INFO,train:508]         epoch 30 age 0: 0.29 28.90
20/12/18 17:43:16 466 [INFO,train:508]         epoch 30 age 1: 0.28 27.48
20/12/18 17:43:16 503 [INFO,train:508]         epoch 30 age 2: 0.27 25.84
20/12/18 17:45:17 809 [ERR,train:458] get data failed at epoch 32, has got 23492 datas.:
Traceback (most recent call last):
  File "./MrZeroTree.py", line 455, in train
    queue_get=data_queue.get(block=True,timeout=data_timeout*3+30)
  File "/usr/lib/python3.6/multiprocessing/queues.py", line 105, in get
    raise Empty
queue.Empty

20/12/18 17:45:17 811 [INFO,train:459] resting...
20/12/18 17:46:07 861 [INFO,train:461] enough rest
20/12/18 17:46:54 848 [INFO,train:492] 35: 0.26 32.25 0.0083 0.0807 25528
20/12/18 17:46:54 887 [INFO,train:508]         epoch 35 age 0: 0.26 32.25
20/12/18 17:46:54 926 [INFO,train:508]         epoch 35 age 1: 0.25 30.76
20/12/18 17:46:54 964 [INFO,train:508]         epoch 35 age 2: 0.24 29.00
20/12/18 17:48:12 102 [INFO,train:492] 40: 0.29 31.98 0.0095 0.0813 26258
20/12/18 17:48:12 142 [INFO,train:508]         epoch 40 age 0: 0.29 31.98
20/12/18 17:48:12 182 [INFO,train:508]         epoch 40 age 1: 0.28 30.39
20/12/18 17:48:12 222 [INFO,train:508]         epoch 40 age 2: 0.27 28.77
20/12/18 17:53:18 670 [INFO,train:492] 60: 0.28 28.71 0.0069 0.0840 26542
20/12/18 17:53:18 710 [INFO,train:508]         epoch 60 age 0: 0.28 28.71
20/12/18 17:53:18 751 [INFO,train:508]         epoch 60 age 1: 0.27 27.39
20/12/18 17:53:18 791 [INFO,train:508]         epoch 60 age 2: 0.26 26.01
20/12/18 17:58:10 228 [INFO,benchmark:286] start benchmark against MrGreed for 512x2
20/12/18 17:58:25 300 [INFO,train:492] 80: 0.27 27.26 0.0116 0.0856 26511
20/12/18 17:58:25 336 [INFO,train:508]         epoch 80 age 0: 0.27 27.26
20/12/18 17:58:25 371 [INFO,train:508]         epoch 80 age 1: 0.25 25.94
20/12/18 17:58:25 405 [INFO,train:508]         epoch 80 age 2: 0.24 24.79
20/12/18 18:03:37 118 [INFO,train:492] 100: 0.26 30.30 0.0033 0.0871 26461
20/12/18 18:03:37 159 [INFO,train:508]         epoch 100 age 0: 0.26 30.30
20/12/18 18:03:37 195 [INFO,train:508]         epoch 100 age 1: 0.25 28.48
20/12/18 18:03:37 229 [INFO,train:508]         epoch 100 age 2: 0.24 27.23
20/12/18 18:06:08 806 [INFO,benchmark:312] benchmark at epoch 80's result: -43.60 8.05
20/12/18 18:08:48 455 [INFO,train:492] 120: 0.28 32.18 0.0074 0.0887 26328
20/12/18 18:08:48 496 [INFO,train:508]         epoch 120 age 0: 0.28 32.18
20/12/18 18:08:48 536 [INFO,train:508]         epoch 120 age 1: 0.27 30.74
20/12/18 18:08:48 576 [INFO,train:508]         epoch 120 age 2: 0.26 29.00
20/12/18 18:13:57 075 [INFO,train:492] 140: 0.27 32.76 0.0069 0.0900 26560
20/12/18 18:13:57 116 [INFO,train:508]         epoch 140 age 0: 0.27 32.76
20/12/18 18:13:57 157 [INFO,train:508]         epoch 140 age 1: 0.27 31.72
20/12/18 18:13:57 197 [INFO,train:508]         epoch 140 age 2: 0.26 30.19
20/12/18 18:19:53 689 [INFO,benchmark:286] start benchmark against MrGreed for 512x2
20/12/18 18:20:13 386 [INFO,train:492] 160: 0.26 31.31 0.0044 0.0911 26398
20/12/18 18:20:13 427 [INFO,train:508]         epoch 160 age 0: 0.26 31.31
20/12/18 18:20:13 467 [INFO,train:508]         epoch 160 age 1: 0.25 29.41
20/12/18 18:20:13 507 [INFO,train:508]         epoch 160 age 2: 0.24 27.62
20/12/18 18:26:53 185 [INFO,train:492] 180: 0.30 30.42 0.0062 0.0922 26447
20/12/18 18:26:53 225 [INFO,train:508]         epoch 180 age 0: 0.30 30.42
20/12/18 18:26:53 260 [INFO,train:508]         epoch 180 age 1: 0.29 28.59
20/12/18 18:26:53 293 [INFO,train:508]         epoch 180 age 2: 0.28 27.03
20/12/18 18:27:47 448 [INFO,benchmark:312] benchmark at epoch 160's result: -54.22 8.06
20/12/18 18:33:24 182 [INFO,train:492] 200: 0.27 30.32 0.0054 0.0927 26404
20/12/18 18:33:24 222 [INFO,train:508]         epoch 200 age 0: 0.27 30.32
20/12/18 18:33:24 263 [INFO,train:508]         epoch 200 age 1: 0.26 28.69
20/12/18 18:33:24 303 [INFO,train:508]         epoch 200 age 2: 0.25 27.02
20/12/18 18:39:55 722 [INFO,train:492] 220: 0.27 29.41 0.0051 0.0931 26464
20/12/18 18:39:55 762 [INFO,train:508]         epoch 220 age 0: 0.27 29.41
20/12/18 18:39:55 802 [INFO,train:508]         epoch 220 age 1: 0.26 27.65
20/12/18 18:39:55 842 [INFO,train:508]         epoch 220 age 2: 0.25 25.97
20/12/18 18:46:06 841 [INFO,benchmark:286] start benchmark against MrGreed for 512x2
20/12/18 18:46:26 861 [INFO,train:492] 240: 0.27 29.96 0.0061 0.0939 26355
20/12/18 18:46:26 901 [INFO,train:508]         epoch 240 age 0: 0.27 29.96
20/12/18 18:46:26 941 [INFO,train:508]         epoch 240 age 1: 0.26 28.39
20/12/18 18:46:26 981 [INFO,train:508]         epoch 240 age 2: 0.25 26.64
20/12/18 18:53:07 374 [INFO,train:492] 260: 0.28 31.26 0.0058 0.0958 26412
20/12/18 18:53:07 415 [INFO,train:508]         epoch 260 age 0: 0.28 31.26
20/12/18 18:53:07 455 [INFO,train:508]         epoch 260 age 1: 0.27 29.22
20/12/18 18:53:07 495 [INFO,train:508]         epoch 260 age 2: 0.26 27.35
20/12/18 18:53:58 670 [INFO,benchmark:312] benchmark at epoch 240's result: -46.14 8.27
20/12/18 18:59:39 626 [INFO,train:492] 280: 0.27 30.39 0.0049 0.0968 26384
20/12/18 18:59:39 666 [INFO,train:508]         epoch 280 age 0: 0.27 30.39
20/12/18 18:59:39 705 [INFO,train:508]         epoch 280 age 1: 0.26 28.41
20/12/18 18:59:39 739 [INFO,train:508]         epoch 280 age 2: 0.25 27.08
20/12/18 19:06:10 344 [INFO,train:492] 300: 0.26 33.22 0.0039 0.0969 26446
20/12/18 19:06:10 384 [INFO,train:508]         epoch 300 age 0: 0.26 33.22
20/12/18 19:06:10 421 [INFO,train:508]         epoch 300 age 1: 0.25 31.63
20/12/18 19:06:10 455 [INFO,train:508]         epoch 300 age 2: 0.24 30.08
20/12/18 19:12:21 603 [INFO,benchmark:286] start benchmark against MrGreed for 512x2
20/12/18 19:12:41 659 [INFO,train:492] 320: 0.29 28.84 0.0081 0.0973 26412
20/12/18 19:12:41 699 [INFO,train:508]         epoch 320 age 0: 0.29 28.84
20/12/18 19:12:41 738 [INFO,train:508]         epoch 320 age 1: 0.28 27.64
20/12/18 19:12:41 772 [INFO,train:508]         epoch 320 age 2: 0.27 26.48
20/12/18 19:19:20 726 [INFO,train:492] 340: 0.26 31.40 0.0082 0.0977 26472
20/12/18 19:19:20 766 [INFO,train:508]         epoch 340 age 0: 0.26 31.40
20/12/18 19:19:20 807 [INFO,train:508]         epoch 340 age 1: 0.25 29.81
20/12/18 19:19:20 847 [INFO,train:508]         epoch 340 age 2: 0.24 28.06
20/12/18 19:20:20 906 [INFO,benchmark:312] benchmark at epoch 320's result: -50.40 8.29
20/12/18 19:22:10 330 [ERR,train:458] get data failed at epoch 344, has got 23551 datas.:
Traceback (most recent call last):
  File "./MrZeroTree.py", line 455, in train
    queue_get=data_queue.get(block=True,timeout=data_timeout*3+30)
  File "/usr/lib/python3.6/multiprocessing/queues.py", line 105, in get
    raise Empty
queue.Empty

20/12/18 19:22:10 331 [INFO,train:459] resting...
20/12/18 19:23:00 382 [INFO,train:461] enough rest
20/12/18 19:28:12 492 [INFO,train:492] 360: 0.28 30.09 0.0125 0.0988 26504
20/12/18 19:28:12 533 [INFO,train:508]         epoch 360 age 0: 0.28 30.09
20/12/18 19:28:12 573 [INFO,train:508]         epoch 360 age 1: 0.27 28.86
20/12/18 19:28:12 613 [INFO,train:508]         epoch 360 age 2: 0.26 27.37
20/12/18 19:34:44 021 [INFO,train:492] 380: 0.26 32.04 0.0083 0.0988 26389
20/12/18 19:34:44 061 [INFO,train:508]         epoch 380 age 0: 0.26 32.04
20/12/18 19:34:44 102 [INFO,train:508]         epoch 380 age 1: 0.25 29.72
20/12/18 19:34:44 142 [INFO,train:508]         epoch 380 age 2: 0.24 27.36
20/12/18 19:40:55 986 [INFO,benchmark:286] start benchmark against MrGreed for 512x2
20/12/18 19:41:16 056 [INFO,train:492] 400: 0.26 28.03 0.0094 0.0993 26460
20/12/18 19:41:16 096 [INFO,train:508]         epoch 400 age 0: 0.26 28.03
20/12/18 19:41:16 136 [INFO,train:508]         epoch 400 age 1: 0.25 26.87
20/12/18 19:41:16 169 [INFO,train:508]         epoch 400 age 2: 0.24 25.75
20/12/18 19:47:54 539 [INFO,train:492] 420: 0.26 29.48 0.0081 0.1004 26448
20/12/18 19:47:54 580 [INFO,train:508]         epoch 420 age 0: 0.26 29.48
20/12/18 19:47:54 620 [INFO,train:508]         epoch 420 age 1: 0.25 28.37
20/12/18 19:47:54 658 [INFO,train:508]         epoch 420 age 2: 0.24 27.22
20/12/18 19:48:48 442 [INFO,benchmark:312] benchmark at epoch 400's result: -41.82 8.42
20/12/18 19:54:29 720 [INFO,train:492] 440: 0.28 32.42 0.0068 0.1008 26423
20/12/18 19:54:29 760 [INFO,train:508]         epoch 440 age 0: 0.28 32.42
20/12/18 19:54:29 796 [INFO,train:508]         epoch 440 age 1: 0.27 31.11
20/12/18 19:54:29 829 [INFO,train:508]         epoch 440 age 2: 0.26 29.32
20/12/18 19:58:53 701 [ERR,train:458] get data failed at epoch 449, has got 23463 datas.:
Traceback (most recent call last):
  File "./MrZeroTree.py", line 455, in train
    queue_get=data_queue.get(block=True,timeout=data_timeout*3+30)
  File "/usr/lib/python3.6/multiprocessing/queues.py", line 105, in get
    raise Empty
queue.Empty

20/12/18 19:58:53 702 [INFO,train:459] resting...
20/12/18 19:59:43 752 [INFO,train:461] enough rest
20/12/18 20:03:19 844 [INFO,train:492] 460: 0.28 31.32 0.0050 0.1012 26220
20/12/18 20:03:19 884 [INFO,train:508]         epoch 460 age 0: 0.28 31.32
20/12/18 20:03:19 924 [INFO,train:508]         epoch 460 age 1: 0.27 29.23
20/12/18 20:03:19 964 [INFO,train:508]         epoch 460 age 2: 0.26 27.40
20/12/18 20:09:31 500 [INFO,benchmark:286] start benchmark against MrGreed for 512x2
20/12/18 20:09:51 220 [INFO,train:492] 480: 0.28 30.63 0.0089 0.1012 26388
20/12/18 20:09:51 260 [INFO,train:508]         epoch 480 age 0: 0.28 30.63
20/12/18 20:09:51 300 [INFO,train:508]         epoch 480 age 1: 0.27 29.05
20/12/18 20:09:51 334 [INFO,train:508]         epoch 480 age 2: 0.26 27.60
20/12/18 20:16:31 701 [INFO,train:492] 500: 0.27 31.39 0.0071 0.1010 26305
20/12/18 20:16:31 741 [INFO,train:508]         epoch 500 age 0: 0.27 31.39
20/12/18 20:16:31 781 [INFO,train:508]         epoch 500 age 1: 0.26 30.02
20/12/18 20:16:31 821 [INFO,train:508]         epoch 500 age 2: 0.26 28.62
20/12/18 20:17:20 301 [INFO,benchmark:312] benchmark at epoch 480's result: -41.60 8.38
20/12/18 20:23:04 148 [INFO,train:492] 520: 0.29 31.94 0.0071 0.1024 26365
20/12/18 20:23:04 189 [INFO,train:508]         epoch 520 age 0: 0.29 31.94
20/12/18 20:23:04 229 [INFO,train:508]         epoch 520 age 1: 0.27 30.37
20/12/18 20:23:04 269 [INFO,train:508]         epoch 520 age 2: 0.26 28.56
20/12/18 20:29:36 349 [INFO,train:492] 540: 0.29 29.50 0.0051 0.1028 26611
20/12/18 20:29:36 391 [INFO,train:508]         epoch 540 age 0: 0.29 29.50
20/12/18 20:29:36 431 [INFO,train:508]         epoch 540 age 1: 0.28 28.68
20/12/18 20:29:36 468 [INFO,train:508]         epoch 540 age 2: 0.27 27.09
20/12/18 20:35:48 058 [INFO,benchmark:286] start benchmark against MrGreed for 512x2
20/12/18 20:36:07 979 [INFO,train:492] 560: 0.26 33.27 0.0066 0.1031 26508
20/12/18 20:36:08 019 [INFO,train:508]         epoch 560 age 0: 0.26 33.27
20/12/18 20:36:08 060 [INFO,train:508]         epoch 560 age 1: 0.25 31.80
20/12/18 20:36:08 100 [INFO,train:508]         epoch 560 age 2: 0.25 30.35
20/12/18 20:42:48 559 [INFO,train:492] 580: 0.28 30.53 0.0071 0.1031 26575
20/12/18 20:42:48 600 [INFO,train:508]         epoch 580 age 0: 0.28 30.53
20/12/18 20:42:48 640 [INFO,train:508]         epoch 580 age 1: 0.28 29.05
20/12/18 20:42:48 681 [INFO,train:508]         epoch 580 age 2: 0.27 27.67
20/12/18 20:43:55 273 [INFO,benchmark:312] benchmark at epoch 560's result: -54.80 8.00
20/12/18 20:49:22 069 [INFO,train:492] 600: 0.26 28.79 0.0065 0.1039 26614
20/12/18 20:49:22 109 [INFO,train:508]         epoch 600 age 0: 0.26 28.79
20/12/18 20:49:22 150 [INFO,train:508]         epoch 600 age 1: 0.25 27.56
20/12/18 20:49:22 190 [INFO,train:508]         epoch 600 age 2: 0.24 26.54
20/12/18 20:55:54 764 [INFO,train:492] 620: 0.26 31.00 0.0049 0.1040 26453
20/12/18 20:55:54 804 [INFO,train:508]         epoch 620 age 0: 0.26 31.00
20/12/18 20:55:54 844 [INFO,train:508]         epoch 620 age 1: 0.26 29.53
20/12/18 20:55:54 884 [INFO,train:508]         epoch 620 age 2: 0.25 27.68
20/12/18 21:02:08 982 [INFO,benchmark:286] start benchmark against MrGreed for 512x2
20/12/18 21:04:56 871 [ERR,train:458] get data failed at epoch 640, has got 23548 datas.:
Traceback (most recent call last):
  File "./MrZeroTree.py", line 455, in train
    queue_get=data_queue.get(block=True,timeout=data_timeout*3+30)
  File "/usr/lib/python3.6/multiprocessing/queues.py", line 105, in get
    raise Empty
queue.Empty

20/12/18 21:04:56 872 [INFO,train:459] resting...
20/12/18 21:05:46 922 [INFO,train:461] enough rest
20/12/18 21:05:47 132 [INFO,train:492] 640: 0.28 33.53 0.0085 0.1040 23548
20/12/18 21:05:47 168 [INFO,train:508]         epoch 640 age 0: 0.28 33.53
20/12/18 21:05:47 204 [INFO,train:508]         epoch 640 age 1: 0.27 31.83
20/12/18 21:05:47 240 [INFO,train:508]         epoch 640 age 2: 0.26 30.05
20/12/18 21:12:32 039 [ERR,train:458] get data failed at epoch 654, has got 23376 datas.:
Traceback (most recent call last):
  File "./MrZeroTree.py", line 455, in train
    queue_get=data_queue.get(block=True,timeout=data_timeout*3+30)
  File "/usr/lib/python3.6/multiprocessing/queues.py", line 105, in get
    raise Empty
queue.Empty

20/12/18 21:12:32 054 [INFO,train:459] resting...
20/12/18 21:13:22 105 [INFO,train:461] enough rest
20/12/18 21:15:28 250 [INFO,train:492] 660: 0.29 28.78 0.0112 0.1049 26268
20/12/18 21:15:28 292 [INFO,train:508]         epoch 660 age 0: 0.29 28.78
20/12/18 21:15:28 332 [INFO,train:508]         epoch 660 age 1: 0.28 27.29
20/12/18 21:15:28 372 [INFO,train:508]         epoch 660 age 2: 0.27 25.94
20/12/18 23:50:40 499 [ERR,main:521] :
Traceback (most recent call last):
  File "./MrZeroTree.py", line 519, in main
    train(pv_net)
  File "./MrZeroTree.py", line 445, in train
    p.start()
  File "/usr/lib/python3.6/multiprocessing/process.py", line 105, in start
    self._popen = self._Popen(self)
  File "/usr/lib/python3.6/multiprocessing/context.py", line 223, in _Popen
    return _default_context.get_context().Process._Popen(process_obj)
  File "/usr/lib/python3.6/multiprocessing/context.py", line 284, in _Popen
    return Popen(process_obj)
KeyboardInterrupt

