20/12/15 14:14:44 208 [INFO,<module>:518] sharing_strategy: file_system
20/12/15 14:14:46 175 [INFO,main:492] start from: ./ZeroNets/mimic-greed-514-shi/PV_NET-11-2247733-300.pkl
20/12/15 14:14:46 176 [INFO,train:396] optimizer: {'lr': 0.001, 'betas': (0.9, 0.999), 'eps': 1e-07, 'weight_decay': 0.0001, 'amsgrad': False}
20/12/15 14:14:46 176 [INFO,train:400] LOSS2_WEIGHT: 0.0300, BETA: 0.20, VALUE_RENORMAL: 10, BENCHMARK_METHOD: -1, TRAIN_SAMPLE: -1, REVIEW_NUMBER: 3, DATA_ROUNDS: 3x8
20/12/15 14:14:46 773 [INFO,benchmark:274] start benchmark against MrGreed for 512x2
20/12/15 14:15:20 188 [INFO,train:450] #epoch: loss1 loss2 grad1/grad2 amp_probe #train_datas
20/12/15 14:15:20 290 [INFO,train:467] 0: 0.80 50.28 0.0229 0.0559 17768
20/12/15 14:15:20 318 [INFO,train:483]         epoch 0 age 0: 0.80 50.28
20/12/15 14:15:20 346 [INFO,train:483]         epoch 0 age 1: 0.59 46.00
20/12/15 14:15:20 374 [INFO,train:483]         epoch 0 age 2: 0.48 42.38
20/12/15 14:15:32 198 [INFO,train:467] 1: 0.42 37.23 0.0198 0.0561 17674
20/12/15 14:15:32 226 [INFO,train:483]         epoch 1 age 0: 0.42 37.23
20/12/15 14:15:32 254 [INFO,train:483]         epoch 1 age 1: 0.37 35.86
20/12/15 14:15:32 279 [INFO,train:483]         epoch 1 age 2: 0.33 34.27
20/12/15 14:15:44 796 [INFO,train:467] 2: 0.36 33.04 0.0198 0.0558 17663
20/12/15 14:15:44 824 [INFO,train:483]         epoch 2 age 0: 0.36 33.04
20/12/15 14:15:44 852 [INFO,train:483]         epoch 2 age 1: 0.33 31.99
20/12/15 14:15:44 880 [INFO,train:483]         epoch 2 age 2: 0.30 30.21
20/12/15 14:15:56 993 [INFO,train:467] 3: 0.33 38.38 0.0161 0.0555 17700
20/12/15 14:15:57 021 [INFO,train:483]         epoch 3 age 0: 0.33 38.38
20/12/15 14:15:57 048 [INFO,train:483]         epoch 3 age 1: 0.31 36.87
20/12/15 14:15:57 076 [INFO,train:483]         epoch 3 age 2: 0.28 35.37
20/12/15 14:16:09 080 [INFO,train:467] 4: 0.29 38.90 0.0131 0.0552 17772
20/12/15 14:16:09 108 [INFO,train:483]         epoch 4 age 0: 0.29 38.90
20/12/15 14:16:09 136 [INFO,train:483]         epoch 4 age 1: 0.27 37.56
20/12/15 14:16:09 164 [INFO,train:483]         epoch 4 age 2: 0.25 36.29
20/12/15 14:16:21 419 [INFO,train:467] 5: 0.28 39.25 0.0098 0.0549 17828
20/12/15 14:16:21 446 [INFO,train:483]         epoch 5 age 0: 0.28 39.25
20/12/15 14:16:21 474 [INFO,train:483]         epoch 5 age 1: 0.25 37.93
20/12/15 14:16:21 502 [INFO,train:483]         epoch 5 age 2: 0.24 36.51
20/12/15 14:17:21 987 [INFO,train:467] 10: 0.21 36.78 0.0091 0.0538 17746
20/12/15 14:17:22 015 [INFO,train:483]         epoch 10 age 0: 0.21 36.78
20/12/15 14:17:22 043 [INFO,train:483]         epoch 10 age 1: 0.20 34.87
20/12/15 14:17:22 070 [INFO,train:483]         epoch 10 age 2: 0.19 32.81
20/12/15 14:18:23 679 [INFO,train:467] 15: 0.19 32.42 0.0060 0.0530 17740
20/12/15 14:18:23 707 [INFO,train:483]         epoch 15 age 0: 0.19 32.42
20/12/15 14:18:23 735 [INFO,train:483]         epoch 15 age 1: 0.18 30.18
20/12/15 14:18:23 762 [INFO,train:483]         epoch 15 age 2: 0.17 28.11
20/12/15 14:19:25 803 [INFO,train:467] 20: 0.19 30.11 0.0078 0.0533 17631
20/12/15 14:19:25 831 [INFO,train:483]         epoch 20 age 0: 0.19 30.11
20/12/15 14:19:25 858 [INFO,train:483]         epoch 20 age 1: 0.18 28.66
20/12/15 14:19:25 886 [INFO,train:483]         epoch 20 age 2: 0.17 26.92
20/12/15 14:20:26 255 [INFO,train:467] 25: 0.23 33.52 0.0079 0.0532 17651
20/12/15 14:20:26 283 [INFO,train:483]         epoch 25 age 0: 0.23 33.52
20/12/15 14:20:26 310 [INFO,train:483]         epoch 25 age 1: 0.22 31.86
20/12/15 14:20:26 337 [INFO,train:483]         epoch 25 age 2: 0.20 30.07
20/12/15 14:21:27 172 [INFO,train:467] 30: 0.25 31.52 0.0093 0.0535 17686
20/12/15 14:21:27 200 [INFO,train:483]         epoch 30 age 0: 0.25 31.52
20/12/15 14:21:27 228 [INFO,train:483]         epoch 30 age 1: 0.23 29.89
20/12/15 14:21:27 256 [INFO,train:483]         epoch 30 age 2: 0.22 28.08
20/12/15 14:22:27 714 [INFO,train:467] 35: 0.18 33.89 0.0096 0.0540 17683
20/12/15 14:22:27 742 [INFO,train:483]         epoch 35 age 0: 0.18 33.89
20/12/15 14:22:27 770 [INFO,train:483]         epoch 35 age 1: 0.17 32.53
20/12/15 14:22:27 798 [INFO,train:483]         epoch 35 age 2: 0.16 31.04
20/12/15 14:22:49 053 [INFO,benchmark:300] benchmark at epoch 0's result: -123.75 8.27
20/12/15 14:25:25 887 [INFO,train:467] 50: 0.25 41.17 0.0136 0.0546 17733
20/12/15 14:25:25 915 [INFO,train:483]         epoch 50 age 0: 0.25 41.17
20/12/15 14:25:25 941 [INFO,train:483]         epoch 50 age 1: 0.24 39.50
20/12/15 14:25:25 965 [INFO,train:483]         epoch 50 age 2: 0.23 37.56
20/12/15 14:35:10 775 [INFO,benchmark:274] start benchmark against MrGreed for 512x2
20/12/15 14:35:22 752 [INFO,train:467] 100: 0.24 34.27 0.0063 0.0577 17758
20/12/15 14:35:22 780 [INFO,train:483]         epoch 100 age 0: 0.24 34.27
20/12/15 14:35:22 809 [INFO,train:483]         epoch 100 age 1: 0.23 32.28
20/12/15 14:35:22 836 [INFO,train:483]         epoch 100 age 2: 0.22 30.47
20/12/15 14:43:05 035 [INFO,benchmark:300] benchmark at epoch 100's result: -119.80 8.58
20/12/15 14:46:12 382 [INFO,train:467] 150: 0.23 34.33 0.0053 0.0605 17672
20/12/15 14:46:12 410 [INFO,train:483]         epoch 150 age 0: 0.23 34.33
20/12/15 14:46:12 438 [INFO,train:483]         epoch 150 age 1: 0.22 32.66
20/12/15 14:46:12 466 [INFO,train:483]         epoch 150 age 2: 0.20 30.16
20/12/15 15:01:46 876 [INFO,benchmark:274] start benchmark against MrGreed for 512x2
20/12/15 15:02:05 817 [INFO,train:467] 200: 0.26 35.15 0.0092 0.0632 17590
20/12/15 15:02:05 845 [INFO,train:483]         epoch 200 age 0: 0.26 35.15
20/12/15 15:02:05 871 [INFO,train:483]         epoch 200 age 1: 0.24 33.79
20/12/15 15:02:05 896 [INFO,train:483]         epoch 200 age 2: 0.23 32.11
20/12/15 15:09:31 912 [INFO,benchmark:300] benchmark at epoch 200's result: -101.88 8.03
20/12/15 15:18:02 419 [INFO,train:467] 250: 0.27 34.67 0.0089 0.0665 17636
20/12/15 15:18:02 446 [INFO,train:483]         epoch 250 age 0: 0.27 34.67
20/12/15 15:18:02 474 [INFO,train:483]         epoch 250 age 1: 0.26 33.65
20/12/15 15:18:02 503 [INFO,train:483]         epoch 250 age 2: 0.25 31.92
20/12/15 15:33:36 365 [INFO,benchmark:274] start benchmark against MrGreed for 512x2
20/12/15 15:33:55 231 [INFO,train:467] 300: 0.26 29.32 0.0101 0.0682 17748
20/12/15 15:33:55 259 [INFO,train:483]         epoch 300 age 0: 0.26 29.32
20/12/15 15:33:55 287 [INFO,train:483]         epoch 300 age 1: 0.25 27.98
20/12/15 15:33:55 314 [INFO,train:483]         epoch 300 age 2: 0.24 26.83
20/12/15 15:41:17 405 [INFO,benchmark:300] benchmark at epoch 300's result: -63.60 8.08
20/12/15 15:49:52 427 [INFO,train:467] 350: 0.25 31.40 0.0055 0.0705 17672
20/12/15 15:49:52 455 [INFO,train:483]         epoch 350 age 0: 0.25 31.40
20/12/15 15:49:52 483 [INFO,train:483]         epoch 350 age 1: 0.24 29.96
20/12/15 15:49:52 511 [INFO,train:483]         epoch 350 age 2: 0.23 28.34
20/12/15 16:05:27 015 [INFO,benchmark:274] start benchmark against MrGreed for 512x2
20/12/15 16:05:46 100 [INFO,train:467] 400: 0.28 36.17 0.0082 0.0730 17622
20/12/15 16:05:46 128 [INFO,train:483]         epoch 400 age 0: 0.28 36.17
20/12/15 16:05:46 156 [INFO,train:483]         epoch 400 age 1: 0.26 34.72
20/12/15 16:05:46 184 [INFO,train:483]         epoch 400 age 2: 0.25 32.88
20/12/15 16:13:12 320 [INFO,benchmark:300] benchmark at epoch 400's result: -91.45 8.52
20/12/15 16:21:43 476 [INFO,train:467] 450: 0.25 32.28 0.0036 0.0750 17674
20/12/15 16:21:43 504 [INFO,train:483]         epoch 450 age 0: 0.25 32.28
20/12/15 16:21:43 532 [INFO,train:483]         epoch 450 age 1: 0.24 30.54
20/12/15 16:21:43 560 [INFO,train:483]         epoch 450 age 2: 0.23 28.45
20/12/15 16:37:18 384 [INFO,benchmark:274] start benchmark against MrGreed for 512x2
20/12/15 16:37:37 374 [INFO,train:467] 500: 0.29 30.80 0.0145 0.0765 17794
20/12/15 16:37:37 402 [INFO,train:483]         epoch 500 age 0: 0.29 30.80
20/12/15 16:37:37 430 [INFO,train:483]         epoch 500 age 1: 0.27 29.82
20/12/15 16:37:37 458 [INFO,train:483]         epoch 500 age 2: 0.25 29.02
20/12/15 16:44:57 096 [INFO,benchmark:300] benchmark at epoch 500's result: -53.06 8.49
20/12/15 16:53:35 354 [INFO,train:467] 550: 0.28 29.83 0.0078 0.0780 17742
20/12/15 16:53:35 383 [INFO,train:483]         epoch 550 age 0: 0.28 29.83
20/12/15 16:53:35 410 [INFO,train:483]         epoch 550 age 1: 0.27 28.75
20/12/15 16:53:35 436 [INFO,train:483]         epoch 550 age 2: 0.26 27.29
20/12/15 17:09:11 228 [INFO,benchmark:274] start benchmark against MrGreed for 512x2
20/12/15 17:09:30 158 [INFO,train:467] 600: 0.26 30.69 0.0048 0.0794 17788
20/12/15 17:09:30 186 [INFO,train:483]         epoch 600 age 0: 0.26 30.69
20/12/15 17:09:30 214 [INFO,train:483]         epoch 600 age 1: 0.25 29.08
20/12/15 17:09:30 242 [INFO,train:483]         epoch 600 age 2: 0.24 27.35
20/12/15 17:16:51 480 [INFO,benchmark:300] benchmark at epoch 600's result: -53.84 8.43
20/12/15 17:25:28 151 [INFO,train:467] 650: 0.25 28.44 0.0093 0.0807 17713
20/12/15 17:25:28 180 [INFO,train:483]         epoch 650 age 0: 0.25 28.44
20/12/15 17:25:28 208 [INFO,train:483]         epoch 650 age 1: 0.24 27.20
20/12/15 17:25:28 233 [INFO,train:483]         epoch 650 age 2: 0.23 26.02
20/12/15 17:39:14 000 [ERR,train:434] get data failed at epoch 680, has got 15624 datas:
Traceback (most recent call last):
  File "./MrZeroTree.py", line 431, in train
    queue_get=data_queue.get(block=True,timeout=data_timeout*3+30)
  File "/usr/lib/python3.6/multiprocessing/queues.py", line 105, in get
    raise Empty
queue.Empty

20/12/15 17:40:51 030 [INFO,train:436] enough rest
20/12/15 17:48:49 020 [ERR,train:434] get data failed at epoch 682, has got 10822 datas:
Traceback (most recent call last):
  File "./MrZeroTree.py", line 431, in train
    queue_get=data_queue.get(block=True,timeout=data_timeout*3+30)
  File "/usr/lib/python3.6/multiprocessing/queues.py", line 108, in get
    res = self._recv_bytes()
  File "/usr/lib/python3.6/multiprocessing/connection.py", line 216, in recv_bytes
    buf = self._recv_bytes(maxlength)
  File "/usr/lib/python3.6/multiprocessing/connection.py", line 411, in _recv_bytes
    return self._recv(size)
  File "/usr/lib/python3.6/multiprocessing/connection.py", line 379, in _recv
    chunk = read(handle, remaining)
KeyboardInterrupt

20/12/15 17:48:49 620 [ERR,main:496] :
Traceback (most recent call last):
  File "./MrZeroTree.py", line 431, in train
    queue_get=data_queue.get(block=True,timeout=data_timeout*3+30)
  File "/usr/lib/python3.6/multiprocessing/queues.py", line 108, in get
    res = self._recv_bytes()
  File "/usr/lib/python3.6/multiprocessing/connection.py", line 216, in recv_bytes
    buf = self._recv_bytes(maxlength)
  File "/usr/lib/python3.6/multiprocessing/connection.py", line 411, in _recv_bytes
    return self._recv(size)
  File "/usr/lib/python3.6/multiprocessing/connection.py", line 379, in _recv
    chunk = read(handle, remaining)
KeyboardInterrupt

During handling of the above exception, another exception occurred:

Traceback (most recent call last):
  File "./MrZeroTree.py", line 494, in main
    train(pv_net)
  File "./MrZeroTree.py", line 435, in train
    time.sleep(data_timeout*3+30)
KeyboardInterrupt

