21/01/07 14:19:50 792 [INFO,main:97] BETA: 0.20, VALUE_RENORMAL: 10, MCTS_EXPL: 30, BENCH_SMP_B: 5, BENCH_SMP_K: 0.0
21/01/07 14:19:50 863 [INFO,main:101] init pv_net: RES_NET_18 12532341
21/01/07 14:19:50 863 [INFO,train:24] loss2_weight: 0.03, data_rounds: 64, train_mcts_b: 0, train_mcts_k: 2.0, review_number: 3, age_in_epoch: 3
21/01/07 14:19:52 788 [INFO,train:29] optimizer: {'lr': 0.0001, 'betas': (0.3, 0.999), 'eps': 1e-07, 'weight_decay': 0.0001, 'amsgrad': False}
21/01/07 14:19:52 909 [INFO,train:46] gc len at 0: 51140
21/01/07 14:19:53 391 [INFO,benchmark:253] start benchmark against MrGreed for 512x2
21/01/07 14:21:31 761 [INFO,train:82] 0: 2.019 39.33 3328 52
21/01/07 14:21:31 761 [INFO,train:89]         epoch 0 age 0: 2.019 39.33
21/01/07 14:21:34 503 [INFO,train:89]         epoch 0 age 1: 0.580 35.39
21/01/07 14:21:37 236 [INFO,train:89]         epoch 0 age 2: 0.217 23.69
21/01/07 14:21:37 240 [INFO,train:46] gc len at 1: 78840
21/01/07 14:23:20 938 [INFO,train:82] 1: 0.166 34.92 6656 104
21/01/07 14:23:20 938 [INFO,train:89]         epoch 1 age 0: 0.191 29.31
21/01/07 14:23:26 446 [INFO,train:89]         epoch 1 age 1: 0.095 19.54
21/01/07 14:23:31 983 [INFO,train:89]         epoch 1 age 2: 0.067 18.71
21/01/07 14:23:31 988 [INFO,train:46] gc len at 2: 90881
21/01/07 14:25:15 798 [INFO,train:82] 2: 0.165 37.88 9984 156
21/01/07 14:25:15 798 [INFO,train:89]         epoch 2 age 0: 0.099 25.10
21/01/07 14:25:24 026 [INFO,train:89]         epoch 2 age 1: 0.055 17.61
21/01/07 14:25:32 245 [INFO,train:89]         epoch 2 age 2: 0.048 16.54
21/01/07 14:25:32 252 [INFO,train:46] gc len at 3: 111356
21/01/07 14:27:18 473 [INFO,train:82] 3: 0.180 41.51 9984 156
21/01/07 14:27:18 473 [INFO,train:89]         epoch 3 age 0: 0.092 24.86
21/01/07 14:27:26 710 [INFO,train:89]         epoch 3 age 1: 0.051 17.29
21/01/07 14:27:34 925 [INFO,train:89]         epoch 3 age 2: 0.043 15.51
21/01/07 14:27:34 933 [INFO,train:46] gc len at 4: 119574
21/01/07 14:29:20 864 [INFO,train:82] 4: 0.168 37.32 9984 156
21/01/07 14:29:20 864 [INFO,train:89]         epoch 4 age 0: 0.085 22.78
21/01/07 14:29:29 078 [INFO,train:89]         epoch 4 age 1: 0.044 15.67
21/01/07 14:29:37 303 [INFO,train:89]         epoch 4 age 2: 0.038 13.62
21/01/07 14:29:37 310 [INFO,train:46] gc len at 5: 116468
21/01/07 14:31:22 582 [INFO,train:82] 5: 0.170 40.65 9984 156
21/01/07 14:31:22 582 [INFO,train:89]         epoch 5 age 0: 0.082 22.63
21/01/07 14:31:30 803 [INFO,train:89]         epoch 5 age 1: 0.041 14.68
21/01/07 14:31:39 049 [INFO,train:89]         epoch 5 age 2: 0.031 13.28
21/01/07 14:39:47 750 [INFO,train:46] gc len at 10: 116935
21/01/07 14:41:32 731 [INFO,train:82] 10: 0.167 40.34 9984 156
21/01/07 14:41:32 731 [INFO,train:89]         epoch 10 age 0: 0.075 21.17
21/01/07 14:41:40 907 [INFO,train:89]         epoch 10 age 1: 0.037 13.23
21/01/07 14:41:49 137 [INFO,train:89]         epoch 10 age 2: 0.029 11.57
21/01/07 14:50:01 167 [INFO,train:46] gc len at 15: 102115
21/01/07 14:51:54 490 [INFO,train:82] 15: 0.154 39.49 9984 156
21/01/07 14:51:54 490 [INFO,train:89]         epoch 15 age 0: 0.069 20.25
21/01/07 14:52:02 768 [INFO,train:89]         epoch 15 age 1: 0.034 12.10
21/01/07 14:52:11 100 [INFO,train:89]         epoch 15 age 2: 0.028 10.94
21/01/07 14:55:31 621 [INFO,benchmark:278] benchmark at epoch 0's result: -218.82 8.07
21/01/07 14:59:50 730 [INFO,train:46] gc len at 20: 108536
21/01/07 15:01:21 899 [INFO,train:82] 20: 0.131 37.41 9984 156
21/01/07 15:01:21 899 [INFO,train:89]         epoch 20 age 0: 0.061 19.31
21/01/07 15:01:27 934 [INFO,train:89]         epoch 20 age 1: 0.032 11.77
21/01/07 15:01:33 971 [INFO,train:89]         epoch 20 age 2: 0.025 9.55
21/01/07 15:09:05 007 [INFO,train:46] gc len at 25: 105620
21/01/07 15:10:35 256 [INFO,train:82] 25: 0.145 37.41 9984 156
21/01/07 15:10:35 257 [INFO,train:89]         epoch 25 age 0: 0.065 18.89
21/01/07 15:10:41 286 [INFO,train:89]         epoch 25 age 1: 0.035 12.22
21/01/07 15:10:47 325 [INFO,train:89]         epoch 25 age 2: 0.027 10.32
21/01/07 15:38:33 300 [INFO,train:46] gc len at 40: 103541
21/01/07 15:40:09 777 [INFO,train:82] 40: 0.136 30.18 9984 156
21/01/07 15:40:09 777 [INFO,train:89]         epoch 40 age 0: 0.064 16.66
21/01/07 15:40:15 779 [INFO,train:89]         epoch 40 age 1: 0.034 10.60
21/01/07 15:40:21 779 [INFO,train:89]         epoch 40 age 2: 0.027 8.65
21/01/07 16:14:59 312 [INFO,train:46] gc len at 60: 104783
21/01/07 16:16:29 474 [INFO,train:82] 60: 0.136 30.53 9984 156
21/01/07 16:16:29 474 [INFO,train:89]         epoch 60 age 0: 0.063 15.56
21/01/07 16:16:35 516 [INFO,train:89]         epoch 60 age 1: 0.033 9.87
21/01/07 16:16:41 532 [INFO,train:89]         epoch 60 age 2: 0.026 7.87
21/01/07 16:52:39 403 [INFO,train:46] gc len at 80: 104598
21/01/07 16:52:39 988 [INFO,benchmark:253] start benchmark against MrGreed for 512x2
21/01/07 16:54:46 618 [INFO,train:82] 80: 0.126 31.13 9984 156
21/01/07 16:54:46 618 [INFO,train:89]         epoch 80 age 0: 0.060 16.04
21/01/07 16:54:54 853 [INFO,train:89]         epoch 80 age 1: 0.033 10.04
21/01/07 16:55:03 240 [INFO,train:89]         epoch 80 age 2: 0.026 7.98
21/01/07 17:30:39 654 [INFO,benchmark:278] benchmark at epoch 80's result: -162.81 7.83
21/01/07 17:37:44 141 [INFO,train:46] gc len at 100: 103131
21/01/07 17:39:16 334 [INFO,train:82] 100: 0.114 29.02 9984 156
21/01/07 17:39:16 334 [INFO,train:89]         epoch 100 age 0: 0.056 15.73
21/01/07 17:39:22 347 [INFO,train:89]         epoch 100 age 1: 0.033 10.63
21/01/07 17:39:28 366 [INFO,train:89]         epoch 100 age 2: 0.026 8.23
21/01/07 18:16:04 683 [INFO,train:46] gc len at 120: 118431
21/01/07 18:17:43 878 [INFO,train:82] 120: 0.132 32.82 9984 156
21/01/07 18:17:43 878 [INFO,train:89]         epoch 120 age 0: 0.061 16.33
21/01/07 18:17:49 915 [INFO,train:89]         epoch 120 age 1: 0.033 10.03
21/01/07 18:17:55 953 [INFO,train:89]         epoch 120 age 2: 0.027 8.22
21/01/07 18:54:22 034 [INFO,train:46] gc len at 140: 109417
21/01/07 18:56:13 176 [INFO,train:82] 140: 0.128 26.54 9984 156
21/01/07 18:56:13 176 [INFO,train:89]         epoch 140 age 0: 0.061 13.24
21/01/07 18:56:19 211 [INFO,train:89]         epoch 140 age 1: 0.034 8.36
21/01/07 18:56:25 260 [INFO,train:89]         epoch 140 age 2: 0.027 6.62
21/01/07 19:33:27 883 [INFO,train:46] gc len at 160: 118176
21/01/07 19:33:28 403 [INFO,benchmark:253] start benchmark against MrGreed for 512x2
21/01/07 19:35:26 821 [INFO,train:82] 160: 0.131 32.89 9984 156
21/01/07 19:35:26 821 [INFO,train:89]         epoch 160 age 0: 0.061 15.09
21/01/07 19:35:35 151 [INFO,train:89]         epoch 160 age 1: 0.033 9.54
21/01/07 19:35:43 477 [INFO,train:89]         epoch 160 age 2: 0.025 7.04
21/01/07 20:11:38 665 [INFO,benchmark:278] benchmark at epoch 160's result: -130.36 8.17
21/01/07 20:18:33 578 [INFO,train:46] gc len at 180: 117676
21/01/07 20:20:19 795 [INFO,train:82] 180: 0.119 29.31 9984 156
21/01/07 20:20:19 795 [INFO,train:89]         epoch 180 age 0: 0.057 15.14
21/01/07 20:20:25 810 [INFO,train:89]         epoch 180 age 1: 0.032 10.01
21/01/07 20:20:31 842 [INFO,train:89]         epoch 180 age 2: 0.024 7.71
21/01/07 20:57:58 334 [INFO,train:46] gc len at 200: 107154
21/01/07 20:59:47 013 [INFO,train:82] 200: 0.126 27.25 9984 156
21/01/07 20:59:47 014 [INFO,train:89]         epoch 200 age 0: 0.058 13.34
21/01/07 20:59:53 046 [INFO,train:89]         epoch 200 age 1: 0.032 7.75
21/01/07 20:59:59 055 [INFO,train:89]         epoch 200 age 2: 0.026 6.40
21/01/07 21:39:07 548 [INFO,train:46] gc len at 220: 103103
21/01/07 21:40:55 269 [INFO,train:82] 220: 0.130 26.92 9984 156
21/01/07 21:40:55 269 [INFO,train:89]         epoch 220 age 0: 0.058 13.41
21/01/07 21:41:01 300 [INFO,train:89]         epoch 220 age 1: 0.033 7.93
21/01/07 21:41:07 336 [INFO,train:89]         epoch 220 age 2: 0.025 6.05
21/01/07 22:20:46 453 [INFO,train:46] gc len at 240: 116391
21/01/07 22:20:47 057 [INFO,benchmark:253] start benchmark against MrGreed for 512x2
21/01/07 22:22:43 093 [INFO,train:82] 240: 0.116 22.15 9984 156
21/01/07 22:22:43 093 [INFO,train:89]         epoch 240 age 0: 0.055 11.35
21/01/07 22:22:51 459 [INFO,train:89]         epoch 240 age 1: 0.030 7.51
21/01/07 22:22:59 900 [INFO,train:89]         epoch 240 age 2: 0.023 5.77
21/01/07 22:59:36 647 [INFO,benchmark:278] benchmark at epoch 240's result: -126.22 8.01
21/01/07 23:06:16 917 [INFO,train:46] gc len at 260: 102517
21/01/07 23:07:51 020 [INFO,train:82] 260: 0.120 27.61 9984 156
21/01/07 23:07:51 020 [INFO,train:89]         epoch 260 age 0: 0.056 13.18
21/01/07 23:07:57 024 [INFO,train:89]         epoch 260 age 1: 0.031 8.01
21/01/07 23:08:03 037 [INFO,train:89]         epoch 260 age 2: 0.023 6.05
21/01/07 23:43:09 825 [INFO,train:46] gc len at 280: 114312
21/01/07 23:45:09 053 [INFO,train:82] 280: 0.119 29.19 9984 156
21/01/07 23:45:09 053 [INFO,train:89]         epoch 280 age 0: 0.055 14.17
21/01/07 23:45:15 056 [INFO,train:89]         epoch 280 age 1: 0.030 8.84
21/01/07 23:45:21 076 [INFO,train:89]         epoch 280 age 2: 0.023 6.53
21/01/08 00:19:29 963 [INFO,train:46] gc len at 300: 103646
21/01/08 00:21:12 782 [INFO,train:82] 300: 0.115 21.23 9984 156
21/01/08 00:21:12 782 [INFO,train:89]         epoch 300 age 0: 0.053 11.01
21/01/08 00:21:18 769 [INFO,train:89]         epoch 300 age 1: 0.028 7.02
21/01/08 00:21:24 768 [INFO,train:89]         epoch 300 age 2: 0.022 5.23
21/01/08 00:57:36 056 [INFO,train:46] gc len at 320: 121070
21/01/08 00:57:36 647 [INFO,benchmark:253] start benchmark against MrGreed for 512x2
21/01/08 00:59:49 480 [INFO,train:82] 320: 0.127 24.52 9984 156
21/01/08 00:59:49 481 [INFO,train:89]         epoch 320 age 0: 0.056 11.72
21/01/08 00:59:57 803 [INFO,train:89]         epoch 320 age 1: 0.029 7.38
21/01/08 01:00:06 054 [INFO,train:89]         epoch 320 age 2: 0.022 5.50
21/01/08 01:35:14 554 [INFO,benchmark:278] benchmark at epoch 320's result: -104.78 8.32
21/01/08 01:42:43 050 [INFO,train:46] gc len at 340: 115290
21/01/08 01:44:21 202 [INFO,train:82] 340: 0.127 19.84 9984 156
21/01/08 01:44:21 203 [INFO,train:89]         epoch 340 age 0: 0.058 10.65
21/01/08 01:44:27 217 [INFO,train:89]         epoch 340 age 1: 0.030 7.17
21/01/08 01:44:33 246 [INFO,train:89]         epoch 340 age 2: 0.023 5.18
21/01/08 02:19:46 102 [INFO,train:46] gc len at 360: 117091
21/01/08 02:21:26 117 [INFO,train:82] 360: 0.118 19.97 9984 156
21/01/08 02:21:26 117 [INFO,train:89]         epoch 360 age 0: 0.054 11.04
21/01/08 02:21:32 143 [INFO,train:89]         epoch 360 age 1: 0.029 7.81
21/01/08 02:21:38 249 [INFO,train:89]         epoch 360 age 2: 0.023 5.79
21/01/08 02:57:09 904 [INFO,train:46] gc len at 380: 116846
21/01/08 02:58:58 922 [INFO,train:82] 380: 0.113 20.67 9984 156
21/01/08 02:58:58 922 [INFO,train:89]         epoch 380 age 0: 0.053 10.66
21/01/08 02:59:04 941 [INFO,train:89]         epoch 380 age 1: 0.029 6.68
21/01/08 02:59:10 997 [INFO,train:89]         epoch 380 age 2: 0.022 5.39
21/01/08 03:36:22 175 [INFO,train:46] gc len at 400: 105731
21/01/08 03:36:22 632 [INFO,benchmark:253] start benchmark against MrGreed for 512x2
21/01/08 03:38:09 625 [INFO,train:82] 400: 0.112 19.81 9984 156
21/01/08 03:38:09 625 [INFO,train:89]         epoch 400 age 0: 0.052 9.83
21/01/08 03:38:17 946 [INFO,train:89]         epoch 400 age 1: 0.027 6.31
21/01/08 03:38:26 292 [INFO,train:89]         epoch 400 age 2: 0.022 5.55
21/01/08 04:12:32 962 [INFO,benchmark:278] benchmark at epoch 400's result: -83.01 8.15
21/01/08 04:16:14 436 [INFO,train:46] gc len at 420: 117556
21/01/08 04:17:29 531 [INFO,train:82] 420: 0.128 22.14 9984 156
21/01/08 04:17:29 531 [INFO,train:89]         epoch 420 age 0: 0.057 11.29
21/01/08 04:17:35 330 [INFO,train:89]         epoch 420 age 1: 0.029 7.20
21/01/08 04:17:41 133 [INFO,train:89]         epoch 420 age 2: 0.022 5.22
21/01/08 04:45:11 470 [INFO,train:46] gc len at 440: 104528
21/01/08 04:46:26 977 [INFO,train:82] 440: 0.111 22.50 9984 156
21/01/08 04:46:26 978 [INFO,train:89]         epoch 440 age 0: 0.051 11.18
21/01/08 04:46:32 766 [INFO,train:89]         epoch 440 age 1: 0.026 7.08
21/01/08 04:46:38 575 [INFO,train:89]         epoch 440 age 2: 0.020 5.22
21/01/08 05:14:18 772 [INFO,train:46] gc len at 460: 118682
21/01/08 05:15:36 791 [INFO,train:82] 460: 0.125 18.52 9984 156
21/01/08 05:15:36 792 [INFO,train:89]         epoch 460 age 0: 0.056 9.81
21/01/08 05:15:42 633 [INFO,train:89]         epoch 460 age 1: 0.028 5.73
21/01/08 05:15:48 482 [INFO,train:89]         epoch 460 age 2: 0.022 4.62
21/01/08 05:43:48 166 [INFO,train:46] gc len at 480: 106060
21/01/08 05:43:48 603 [INFO,benchmark:253] start benchmark against MrGreed for 512x2
21/01/08 05:45:33 440 [INFO,train:82] 480: 0.117 21.88 9984 156
21/01/08 05:45:33 440 [INFO,train:89]         epoch 480 age 0: 0.053 11.10
21/01/08 05:45:41 672 [INFO,train:89]         epoch 480 age 1: 0.028 6.53
21/01/08 05:45:49 926 [INFO,train:89]         epoch 480 age 2: 0.021 5.42
21/01/08 06:19:52 565 [INFO,benchmark:278] benchmark at epoch 480's result: -83.75 8.18
21/01/08 06:23:27 605 [INFO,train:46] gc len at 500: 117854
21/01/08 06:24:42 604 [INFO,train:82] 500: 0.113 22.78 9984 156
21/01/08 06:24:42 604 [INFO,train:89]         epoch 500 age 0: 0.052 11.21
21/01/08 06:24:48 389 [INFO,train:89]         epoch 500 age 1: 0.027 7.34
21/01/08 06:24:54 182 [INFO,train:89]         epoch 500 age 2: 0.020 5.69
21/01/08 06:52:15 199 [INFO,train:46] gc len at 520: 116072
21/01/08 06:53:30 059 [INFO,train:82] 520: 0.115 17.93 9984 156
21/01/08 06:53:30 060 [INFO,train:89]         epoch 520 age 0: 0.052 9.37
21/01/08 06:53:35 855 [INFO,train:89]         epoch 520 age 1: 0.026 5.94
21/01/08 06:53:41 656 [INFO,train:89]         epoch 520 age 2: 0.019 4.81
21/01/08 07:21:19 696 [INFO,train:46] gc len at 540: 122010
21/01/08 07:22:35 972 [INFO,train:82] 540: 0.105 16.48 9984 156
21/01/08 07:22:35 972 [INFO,train:89]         epoch 540 age 0: 0.048 8.31
21/01/08 07:22:41 808 [INFO,train:89]         epoch 540 age 1: 0.024 4.91
21/01/08 07:22:47 658 [INFO,train:89]         epoch 540 age 2: 0.019 4.14
21/01/08 07:50:47 553 [INFO,train:46] gc len at 560: 101204
21/01/08 07:50:47 989 [INFO,benchmark:253] start benchmark against MrGreed for 512x2
21/01/08 07:52:33 697 [INFO,train:82] 560: 0.116 21.30 9984 156
21/01/08 07:52:33 697 [INFO,train:89]         epoch 560 age 0: 0.052 11.46
21/01/08 07:52:41 919 [INFO,train:89]         epoch 560 age 1: 0.027 8.12
21/01/08 07:52:50 156 [INFO,train:89]         epoch 560 age 2: 0.020 6.52
21/01/08 08:26:53 333 [INFO,benchmark:278] benchmark at epoch 560's result: -88.40 8.22
21/01/08 08:30:18 677 [INFO,train:46] gc len at 580: 104266
21/01/08 08:31:34 979 [INFO,train:82] 580: 0.113 22.78 9984 156
21/01/08 08:31:34 979 [INFO,train:89]         epoch 580 age 0: 0.051 10.95
21/01/08 08:31:40 784 [INFO,train:89]         epoch 580 age 1: 0.026 6.94
21/01/08 08:31:46 612 [INFO,train:89]         epoch 580 age 2: 0.020 5.27
21/01/08 08:59:12 104 [INFO,train:46] gc len at 600: 110300
21/01/08 09:00:27 331 [INFO,train:82] 600: 0.115 17.62 9984 156
21/01/08 09:00:27 331 [INFO,train:89]         epoch 600 age 0: 0.051 9.12
21/01/08 09:00:33 115 [INFO,train:89]         epoch 600 age 1: 0.026 5.65
21/01/08 09:00:38 913 [INFO,train:89]         epoch 600 age 2: 0.019 4.50
21/01/08 09:28:23 511 [INFO,train:46] gc len at 620: 101963
21/01/08 09:29:39 524 [INFO,train:82] 620: 0.110 16.05 9984 156
21/01/08 09:29:39 524 [INFO,train:89]         epoch 620 age 0: 0.050 8.44
21/01/08 09:29:45 322 [INFO,train:89]         epoch 620 age 1: 0.027 5.52
21/01/08 09:29:51 119 [INFO,train:89]         epoch 620 age 2: 0.019 4.11
21/01/08 09:57:58 107 [INFO,train:46] gc len at 640: 116432
21/01/08 09:57:58 532 [INFO,benchmark:253] start benchmark against MrGreed for 512x2
21/01/08 09:59:44 706 [INFO,train:82] 640: 0.107 17.45 9984 156
21/01/08 09:59:44 706 [INFO,train:89]         epoch 640 age 0: 0.048 9.17
21/01/08 09:59:53 079 [INFO,train:89]         epoch 640 age 1: 0.025 6.14
21/01/08 10:00:01 408 [INFO,train:89]         epoch 640 age 2: 0.019 4.60
21/01/08 10:34:48 383 [INFO,benchmark:278] benchmark at epoch 640's result: -111.08 7.99
21/01/08 10:38:02 948 [INFO,train:46] gc len at 660: 117475
21/01/08 10:39:20 195 [INFO,train:82] 660: 0.125 20.26 9984 156
21/01/08 10:39:20 195 [INFO,train:89]         epoch 660 age 0: 0.055 9.72
21/01/08 10:39:26 086 [INFO,train:89]         epoch 660 age 1: 0.026 6.40
21/01/08 10:39:31 971 [INFO,train:89]         epoch 660 age 2: 0.020 5.25
21/01/08 11:07:43 252 [INFO,train:46] gc len at 680: 107852
21/01/08 11:08:59 275 [INFO,train:82] 680: 0.109 16.70 9984 156
21/01/08 11:08:59 275 [INFO,train:89]         epoch 680 age 0: 0.049 8.50
21/01/08 11:09:05 147 [INFO,train:89]         epoch 680 age 1: 0.024 4.91
21/01/08 11:09:11 023 [INFO,train:89]         epoch 680 age 2: 0.018 4.27
21/01/08 11:37:27 398 [INFO,train:46] gc len at 700: 108031
21/01/08 11:38:44 648 [INFO,train:82] 700: 0.123 21.07 9984 156
21/01/08 11:38:44 648 [INFO,train:89]         epoch 700 age 0: 0.053 10.18
21/01/08 11:38:50 523 [INFO,train:89]         epoch 700 age 1: 0.028 6.66
21/01/08 11:38:56 407 [INFO,train:89]         epoch 700 age 2: 0.020 5.30
21/01/08 12:06:59 899 [INFO,train:46] gc len at 720: 103279
21/01/08 12:07:00 334 [INFO,benchmark:253] start benchmark against MrGreed for 512x2
21/01/08 12:08:46 517 [INFO,train:82] 720: 0.098 17.69 9984 156
21/01/08 12:08:46 517 [INFO,train:89]         epoch 720 age 0: 0.045 8.90
21/01/08 12:08:54 739 [INFO,train:89]         epoch 720 age 1: 0.025 5.07
21/01/08 12:09:03 034 [INFO,train:89]         epoch 720 age 2: 0.019 3.87
21/01/08 12:43:14 667 [INFO,benchmark:278] benchmark at epoch 720's result: -84.62 7.89
21/01/08 12:46:53 995 [INFO,train:46] gc len at 740: 117232
21/01/08 12:48:11 336 [INFO,train:82] 740: 0.106 21.38 9984 156
21/01/08 12:48:11 336 [INFO,train:89]         epoch 740 age 0: 0.048 10.06
21/01/08 12:48:17 182 [INFO,train:89]         epoch 740 age 1: 0.025 5.89
21/01/08 12:48:23 034 [INFO,train:89]         epoch 740 age 2: 0.019 4.47
21/01/08 13:16:37 399 [INFO,train:46] gc len at 760: 118690
21/01/08 13:17:55 483 [INFO,train:82] 760: 0.107 21.93 9984 156
21/01/08 13:17:55 483 [INFO,train:89]         epoch 760 age 0: 0.048 10.29
21/01/08 13:18:01 365 [INFO,train:89]         epoch 760 age 1: 0.025 6.54
21/01/08 13:18:07 261 [INFO,train:89]         epoch 760 age 2: 0.019 5.05
21/01/08 13:46:24 411 [INFO,train:46] gc len at 780: 104598
21/01/08 13:47:42 761 [INFO,train:82] 780: 0.104 20.97 9984 156
21/01/08 13:47:42 761 [INFO,train:89]         epoch 780 age 0: 0.047 9.81
21/01/08 13:47:48 633 [INFO,train:89]         epoch 780 age 1: 0.025 6.79
21/01/08 13:47:54 523 [INFO,train:89]         epoch 780 age 2: 0.018 4.89
21/01/08 14:16:11 001 [INFO,train:46] gc len at 800: 104635
21/01/08 14:16:12 456 [INFO,benchmark:253] start benchmark against MrGreed for 512x2
21/01/08 14:17:59 766 [INFO,train:82] 800: 0.115 15.46 9984 156
21/01/08 14:17:59 766 [INFO,train:89]         epoch 800 age 0: 0.050 8.13
21/01/08 14:18:08 068 [INFO,train:89]         epoch 800 age 1: 0.025 5.43
21/01/08 14:18:16 420 [INFO,train:89]         epoch 800 age 2: 0.018 3.90
21/01/08 14:52:45 448 [INFO,benchmark:278] benchmark at epoch 800's result: -93.85 8.13
21/01/08 14:56:08 076 [INFO,train:46] gc len at 820: 118940
21/01/08 14:57:23 677 [INFO,train:82] 820: 0.109 13.42 9984 156
21/01/08 14:57:23 677 [INFO,train:89]         epoch 820 age 0: 0.049 7.34
21/01/08 14:57:29 479 [INFO,train:89]         epoch 820 age 1: 0.024 4.60
21/01/08 14:57:35 289 [INFO,train:89]         epoch 820 age 2: 0.019 3.89
21/01/08 15:24:57 771 [INFO,train:46] gc len at 840: 118574
21/01/08 15:26:12 236 [INFO,train:82] 840: 0.101 18.98 9984 156
21/01/08 15:26:12 236 [INFO,train:89]         epoch 840 age 0: 0.046 8.69
21/01/08 15:26:18 036 [INFO,train:89]         epoch 840 age 1: 0.025 5.67
21/01/08 15:26:23 852 [INFO,train:89]         epoch 840 age 2: 0.019 4.59
21/01/08 15:54:28 398 [INFO,train:46] gc len at 860: 120890
21/01/08 15:55:47 876 [INFO,train:82] 860: 0.113 18.79 9984 156
21/01/08 15:55:47 876 [INFO,train:89]         epoch 860 age 0: 0.049 9.53
21/01/08 15:55:53 750 [INFO,train:89]         epoch 860 age 1: 0.026 6.31
21/01/08 15:55:59 640 [INFO,train:89]         epoch 860 age 2: 0.018 4.51
21/01/08 16:24:18 408 [INFO,train:46] gc len at 880: 117012
21/01/08 16:24:18 856 [INFO,benchmark:253] start benchmark against MrGreed for 512x2
21/01/08 16:26:04 102 [INFO,train:82] 880: 0.103 17.09 9984 156
21/01/08 16:26:04 102 [INFO,train:89]         epoch 880 age 0: 0.046 8.78
21/01/08 16:26:12 357 [INFO,train:89]         epoch 880 age 1: 0.025 6.03
21/01/08 16:26:20 710 [INFO,train:89]         epoch 880 age 2: 0.017 4.71
21/01/08 17:00:40 383 [INFO,benchmark:278] benchmark at epoch 880's result: -95.89 8.04
21/01/08 17:04:12 334 [INFO,train:46] gc len at 900: 105548
21/01/08 17:05:30 342 [INFO,train:82] 900: 0.115 19.65 9984 156
21/01/08 17:05:30 343 [INFO,train:89]         epoch 900 age 0: 0.049 8.84
21/01/08 17:05:36 216 [INFO,train:89]         epoch 900 age 1: 0.024 5.55
21/01/08 17:05:42 104 [INFO,train:89]         epoch 900 age 2: 0.017 4.29
21/01/08 17:33:57 454 [INFO,train:46] gc len at 920: 115225
21/01/08 17:35:14 530 [INFO,train:82] 920: 0.106 14.39 9984 156
21/01/08 17:35:14 530 [INFO,train:89]         epoch 920 age 0: 0.047 8.34
21/01/08 17:35:20 410 [INFO,train:89]         epoch 920 age 1: 0.023 5.53
21/01/08 17:35:26 286 [INFO,train:89]         epoch 920 age 2: 0.017 4.32
21/01/08 18:03:43 702 [INFO,train:46] gc len at 940: 101605
21/01/08 18:05:01 248 [INFO,train:82] 940: 0.123 16.22 9984 156
21/01/08 18:05:01 248 [INFO,train:89]         epoch 940 age 0: 0.053 7.99
21/01/08 18:05:07 120 [INFO,train:89]         epoch 940 age 1: 0.026 5.19
21/01/08 18:05:12 000 [INFO,train:89]         epoch 940 age 2: 0.018 3.90
21/01/08 18:33:16 022 [INFO,train:46] gc len at 960: 102301
21/01/08 18:33:16 455 [INFO,benchmark:253] start benchmark against MrGreed for 512x2
21/01/08 18:35:01 944 [INFO,train:82] 960: 0.102 16.43 9984 156
21/01/08 18:35:01 944 [INFO,train:89]         epoch 960 age 0: 0.045 7.90
21/01/08 18:35:10 160 [INFO,train:89]         epoch 960 age 1: 0.023 4.77
21/01/08 18:35:18 364 [INFO,train:89]         epoch 960 age 2: 0.016 3.67
21/01/08 19:09:32 367 [INFO,benchmark:278] benchmark at epoch 960's result: -89.30 7.98
21/01/08 19:12:56 908 [INFO,train:46] gc len at 980: 118468
21/01/08 19:14:12 664 [INFO,train:82] 980: 0.115 16.95 9984 156
21/01/08 19:14:12 664 [INFO,train:89]         epoch 980 age 0: 0.050 8.39
21/01/08 19:14:18 469 [INFO,train:89]         epoch 980 age 1: 0.024 5.02
21/01/08 19:14:24 288 [INFO,train:89]         epoch 980 age 2: 0.018 3.91
21/01/08 19:41:48 136 [INFO,train:46] gc len at 1000: 116975
21/01/08 19:43:02 740 [INFO,train:82] 1000: 0.096 12.41 9984 156
21/01/08 19:43:02 740 [INFO,train:89]         epoch 1000 age 0: 0.042 6.32
21/01/08 19:43:08 520 [INFO,train:89]         epoch 1000 age 1: 0.022 4.25
21/01/08 19:43:14 312 [INFO,train:89]         epoch 1000 age 2: 0.016 3.34
21/01/08 20:11:07 205 [INFO,train:46] gc len at 1020: 113687
21/01/08 20:12:24 226 [INFO,train:82] 1020: 0.114 16.51 9984 156
21/01/08 20:12:24 226 [INFO,train:89]         epoch 1020 age 0: 0.049 8.46
21/01/08 20:12:30 053 [INFO,train:89]         epoch 1020 age 1: 0.025 5.35
21/01/08 20:12:35 897 [INFO,train:89]         epoch 1020 age 2: 0.017 3.61
