20/12/31 21:33:28 821 [INFO,main:525] start from: ./ZeroNets/from-zero-14b/PV_NET-17-9479221-400.pkl
20/12/31 21:33:28 821 [INFO,train:427] BETA: 0.20, VALUE_RENORMAL: 10, MCTS_EXPL: 30, BENCH_SMP_B: 5, BENCH_SMP_K: 0.0
20/12/31 21:33:28 822 [INFO,train:429] loss2_weight: 0.03, data_rounds: 4x16, train_mcts_b: 0, train_mcts_k: 2.0, review_number: 3, age_in_epoch: 3
20/12/31 21:33:28 822 [INFO,train:434] optimizer: {'lr': 0.0001, 'betas': (0.9, 0.999), 'eps': 1e-07, 'weight_decay': 0.0001, 'amsgrad': False}
20/12/31 21:33:29 546 [INFO,benchmark:363] start benchmark against MrGreed for 512x2
20/12/31 21:33:42 069 [INFO,train:508] 0: 0.583 32.33 3328 26
20/12/31 21:33:42 069 [INFO,train:515]         epoch 0 age 0: 0.583 32.33
20/12/31 21:33:42 375 [INFO,train:515]         epoch 0 age 1: 0.306 22.09
20/12/31 21:33:42 734 [INFO,train:515]         epoch 0 age 2: 0.211 14.99
20/12/31 21:33:56 017 [INFO,train:508] 1: 0.551 33.69 6656 52
20/12/31 21:33:56 017 [INFO,train:515]         epoch 1 age 0: 0.381 24.34
20/12/31 21:33:56 648 [INFO,train:515]         epoch 1 age 1: 0.227 14.77
20/12/31 21:33:57 391 [INFO,train:515]         epoch 1 age 2: 0.161 10.75
20/12/31 21:34:11 125 [INFO,train:508] 2: 0.561 34.80 9984 78
20/12/31 21:34:11 125 [INFO,train:515]         epoch 2 age 0: 0.294 18.77
20/12/31 21:34:12 242 [INFO,train:515]         epoch 2 age 1: 0.176 10.71
20/12/31 21:34:13 347 [INFO,train:515]         epoch 2 age 2: 0.130 8.20
20/12/31 21:34:27 351 [INFO,train:508] 3: 0.686 44.00 9984 78
20/12/31 21:34:27 351 [INFO,train:515]         epoch 3 age 0: 0.316 20.13
20/12/31 21:34:28 456 [INFO,train:515]         epoch 3 age 1: 0.173 11.26
20/12/31 21:34:29 562 [INFO,train:515]         epoch 3 age 2: 0.125 7.86
20/12/31 21:34:43 492 [INFO,train:508] 4: 0.676 45.05 9984 78
20/12/31 21:34:43 492 [INFO,train:515]         epoch 4 age 0: 0.309 20.26
20/12/31 21:34:44 561 [INFO,train:515]         epoch 4 age 1: 0.172 11.87
20/12/31 21:34:45 654 [INFO,train:515]         epoch 4 age 2: 0.123 8.50
20/12/31 21:34:59 710 [INFO,train:508] 5: 0.658 42.96 9984 78
20/12/31 21:34:59 710 [INFO,train:515]         epoch 5 age 0: 0.301 19.99
20/12/31 21:35:00 808 [INFO,train:515]         epoch 5 age 1: 0.167 11.64
20/12/31 21:35:01 910 [INFO,train:515]         epoch 5 age 2: 0.119 8.09
20/12/31 21:36:21 187 [INFO,train:508] 10: 0.636 42.76 9984 78
20/12/31 21:36:21 187 [INFO,train:515]         epoch 10 age 0: 0.293 19.22
20/12/31 21:36:22 292 [INFO,train:515]         epoch 10 age 1: 0.163 11.40
20/12/31 21:36:23 401 [INFO,train:515]         epoch 10 age 2: 0.117 8.13
20/12/31 21:37:42 914 [INFO,train:508] 15: 0.659 47.83 9984 78
20/12/31 21:37:42 914 [INFO,train:515]         epoch 15 age 0: 0.299 20.63
20/12/31 21:37:44 024 [INFO,train:515]         epoch 15 age 1: 0.164 11.52
20/12/31 21:37:45 126 [INFO,train:515]         epoch 15 age 2: 0.118 8.28
20/12/31 21:39:04 539 [INFO,train:508] 20: 0.575 38.23 9984 78
20/12/31 21:39:04 539 [INFO,train:515]         epoch 20 age 0: 0.267 17.92
20/12/31 21:39:05 615 [INFO,train:515]         epoch 20 age 1: 0.149 10.46
20/12/31 21:39:06 733 [INFO,train:515]         epoch 20 age 2: 0.108 7.82
20/12/31 21:40:26 366 [INFO,train:508] 25: 0.650 43.01 9984 78
20/12/31 21:40:26 366 [INFO,train:515]         epoch 25 age 0: 0.295 19.61
20/12/31 21:40:27 469 [INFO,train:515]         epoch 25 age 1: 0.162 11.70
20/12/31 21:40:28 586 [INFO,train:515]         epoch 25 age 2: 0.119 8.49
20/12/31 21:41:47 766 [INFO,train:508] 30: 0.589 45.54 9984 78
20/12/31 21:41:47 766 [INFO,train:515]         epoch 30 age 0: 0.272 20.39
20/12/31 21:41:48 856 [INFO,train:515]         epoch 30 age 1: 0.155 12.47
20/12/31 21:41:49 953 [INFO,train:515]         epoch 30 age 2: 0.113 9.23
20/12/31 21:44:30 877 [INFO,benchmark:388] benchmark at epoch 0's result: -35.33 7.96
20/12/31 21:49:49 659 [INFO,train:508] 60: 0.669 43.52 9984 78
20/12/31 21:49:49 659 [INFO,train:515]         epoch 60 age 0: 0.299 19.82
20/12/31 21:49:50 581 [INFO,train:515]         epoch 60 age 1: 0.167 11.67
20/12/31 21:49:51 462 [INFO,train:515]         epoch 60 age 2: 0.120 8.32
20/12/31 21:57:33 874 [INFO,benchmark:363] start benchmark against MrGreed for 512x2
20/12/31 21:57:47 640 [INFO,train:508] 90: 0.641 40.84 9984 78
20/12/31 21:57:47 641 [INFO,train:515]         epoch 90 age 0: 0.295 18.94
20/12/31 21:57:48 746 [INFO,train:515]         epoch 90 age 1: 0.166 10.69
20/12/31 21:57:49 864 [INFO,train:515]         epoch 90 age 2: 0.121 7.66
20/12/31 22:07:30 091 [INFO,train:508] 120: 0.638 43.68 9984 78
20/12/31 22:07:30 092 [INFO,train:515]         epoch 120 age 0: 0.291 19.89
20/12/31 22:07:31 198 [INFO,train:515]         epoch 120 age 1: 0.161 11.12
20/12/31 22:07:32 305 [INFO,train:515]         epoch 120 age 2: 0.116 7.59
20/12/31 22:08:17 022 [INFO,benchmark:388] benchmark at epoch 90's result: -32.05 8.49
20/12/31 22:20:21 703 [INFO,train:508] 150: 0.631 38.74 9984 78
20/12/31 22:20:21 703 [INFO,train:515]         epoch 150 age 0: 0.290 18.20
20/12/31 22:20:22 612 [INFO,train:515]         epoch 150 age 1: 0.160 10.63
20/12/31 22:20:23 580 [INFO,train:515]         epoch 150 age 2: 0.115 7.20
20/12/31 22:27:21 383 [WARN,train:477] get data failed AGAIN at epoch 166! Has got 9568 datas.
20/12/31 22:27:31 393 [WARN,train:477] get data failed AGAIN at epoch 166! Has got 9568 datas.
20/12/31 22:27:34 181 [INFO,train:457] resting...
20/12/31 22:33:17 508 [INFO,benchmark:363] start benchmark against MrGreed for 512x2
20/12/31 22:33:41 362 [INFO,train:508] 180: 0.651 38.26 9984 78
20/12/31 22:33:41 362 [INFO,train:515]         epoch 180 age 0: 0.293 17.65
20/12/31 22:33:42 319 [INFO,train:515]         epoch 180 age 1: 0.165 9.85
20/12/31 22:33:43 287 [INFO,train:515]         epoch 180 age 2: 0.118 6.98
20/12/31 22:43:35 206 [INFO,benchmark:388] benchmark at epoch 180's result: -19.04 8.04
20/12/31 22:46:51 309 [INFO,train:508] 210: 0.660 41.78 9984 78
20/12/31 22:46:51 310 [INFO,train:515]         epoch 210 age 0: 0.297 19.33
20/12/31 22:46:52 220 [INFO,train:515]         epoch 210 age 1: 0.165 11.34
20/12/31 22:46:53 112 [INFO,train:515]         epoch 210 age 2: 0.117 8.06
20/12/31 22:53:25 175 [WARN,train:477] get data failed AGAIN at epoch 225! Has got 9568 datas.
20/12/31 22:53:35 186 [WARN,train:477] get data failed AGAIN at epoch 225! Has got 9568 datas.
20/12/31 22:53:38 049 [INFO,train:457] resting...
20/12/31 23:00:10 845 [INFO,train:508] 240: 0.659 45.90 9984 78
20/12/31 23:00:10 845 [INFO,train:515]         epoch 240 age 0: 0.300 20.27
20/12/31 23:00:11 739 [INFO,train:515]         epoch 240 age 1: 0.166 12.10
20/12/31 23:00:12 633 [INFO,train:515]         epoch 240 age 2: 0.121 8.71
20/12/31 23:12:38 167 [INFO,benchmark:363] start benchmark against MrGreed for 512x2
20/12/31 23:13:02 139 [INFO,train:508] 270: 0.649 41.56 9984 78
20/12/31 23:13:02 139 [INFO,train:515]         epoch 270 age 0: 0.299 19.73
20/12/31 23:13:03 247 [INFO,train:515]         epoch 270 age 1: 0.170 11.64
20/12/31 23:13:04 318 [INFO,train:515]         epoch 270 age 2: 0.121 7.95
20/12/31 23:22:50 394 [INFO,benchmark:388] benchmark at epoch 270's result: -16.49 8.18
20/12/31 23:26:13 204 [INFO,train:508] 300: 0.639 36.11 9984 78
20/12/31 23:26:13 204 [INFO,train:515]         epoch 300 age 0: 0.294 17.21
20/12/31 23:26:14 040 [INFO,train:515]         epoch 300 age 1: 0.164 9.78
20/12/31 23:26:14 934 [INFO,train:515]         epoch 300 age 2: 0.117 7.26
20/12/31 23:37:29 856 [WARN,train:477] get data failed AGAIN at epoch 326! Has got 9568 datas.
20/12/31 23:37:39 867 [WARN,train:477] get data failed AGAIN at epoch 326! Has got 9568 datas.
20/12/31 23:37:42 650 [INFO,train:457] resting...
20/12/31 23:39:33 739 [INFO,train:508] 330: 0.662 39.54 9903 77
20/12/31 23:39:33 739 [INFO,train:515]         epoch 330 age 0: 0.298 18.04
20/12/31 23:39:34 622 [INFO,train:515]         epoch 330 age 1: 0.161 10.41
20/12/31 23:39:35 529 [INFO,train:515]         epoch 330 age 2: 0.113 7.37
20/12/31 23:52:01 027 [INFO,benchmark:363] start benchmark against MrGreed for 512x2
20/12/31 23:52:25 070 [INFO,train:508] 360: 0.602 37.04 9984 78
20/12/31 23:52:25 071 [INFO,train:515]         epoch 360 age 0: 0.279 17.56
20/12/31 23:52:26 168 [INFO,train:515]         epoch 360 age 1: 0.158 9.83
20/12/31 23:52:27 292 [INFO,train:515]         epoch 360 age 2: 0.113 7.17
21/01/01 00:02:25 055 [INFO,benchmark:388] benchmark at epoch 360's result: -10.97 8.05
21/01/01 00:05:36 349 [INFO,train:508] 390: 0.652 38.74 9984 78
21/01/01 00:05:36 349 [INFO,train:515]         epoch 390 age 0: 0.300 18.25
21/01/01 00:05:37 288 [INFO,train:515]         epoch 390 age 1: 0.167 10.22
21/01/01 00:05:38 206 [INFO,train:515]         epoch 390 age 2: 0.119 7.54
21/01/01 00:18:27 162 [INFO,train:508] 420: 0.642 43.79 9984 78
21/01/01 00:18:27 162 [INFO,train:515]         epoch 420 age 0: 0.290 19.54
21/01/01 00:18:28 086 [INFO,train:515]         epoch 420 age 1: 0.159 11.74
21/01/01 00:18:28 985 [INFO,train:515]         epoch 420 age 2: 0.114 8.00
21/01/01 00:30:56 049 [INFO,benchmark:363] start benchmark against MrGreed for 512x2
21/01/01 00:32:03 932 [WARN,train:477] get data failed AGAIN at epoch 450! Has got 9152 datas.
21/01/01 00:32:13 943 [WARN,train:477] get data failed AGAIN at epoch 450! Has got 9152 datas.
21/01/01 00:32:23 953 [WARN,train:477] get data failed AGAIN at epoch 450! Has got 9152 datas.
21/01/01 00:32:33 964 [WARN,train:477] get data failed AGAIN at epoch 450! Has got 9152 datas.
21/01/01 00:32:35 159 [INFO,train:508] 450: 0.542 39.02 9152 71
21/01/01 00:32:35 160 [INFO,train:515]         epoch 450 age 0: 0.257 17.76
21/01/01 00:32:36 123 [INFO,train:515]         epoch 450 age 1: 0.143 10.23
21/01/01 00:32:37 131 [INFO,train:515]         epoch 450 age 2: 0.103 7.26
21/01/01 00:32:37 131 [INFO,train:457] resting...
21/01/01 00:33:48 937 [WARN,train:477] get data failed AGAIN at epoch 451! Has got 8598 datas.
21/01/01 00:33:58 948 [WARN,train:477] get data failed AGAIN at epoch 451! Has got 8598 datas.
21/01/01 00:34:08 958 [WARN,train:477] get data failed AGAIN at epoch 451! Has got 8598 datas.
21/01/01 00:34:18 969 [WARN,train:477] get data failed AGAIN at epoch 451! Has got 8598 datas.
21/01/01 00:34:21 998 [INFO,train:457] resting...
21/01/01 00:40:32 841 [INFO,benchmark:388] benchmark at epoch 450's result: -20.04 8.36
21/01/01 00:42:22 765 [WARN,train:477] get data failed AGAIN at epoch 452! Has got 5732 datas.
21/01/01 00:42:23 841 [WARN,train:477] get data failed AGAIN at epoch 452! Has got 5732 datas.
21/01/01 00:42:24 910 [WARN,train:477] get data failed AGAIN at epoch 452! Has got 5732 datas.
21/01/01 00:42:25 435 [WARN,train:477] get data failed AGAIN at epoch 452! Has got 5732 datas.
21/01/01 00:42:25 915 [WARN,train:477] get data failed AGAIN at epoch 452! Has got 5732 datas.
21/01/01 00:42:26 395 [WARN,train:477] get data failed AGAIN at epoch 452! Has got 5732 datas.
21/01/01 00:42:26 851 [WARN,train:477] get data failed AGAIN at epoch 452! Has got 5732 datas.
21/01/01 00:42:27 293 [WARN,train:477] get data failed AGAIN at epoch 452! Has got 5732 datas.
21/01/01 00:42:27 747 [WARN,train:477] get data failed AGAIN at epoch 452! Has got 5732 datas.
21/01/01 00:42:28 216 [WARN,train:477] get data failed AGAIN at epoch 452! Has got 5732 datas.
21/01/01 00:42:28 636 [WARN,train:477] get data failed AGAIN at epoch 452! Has got 5732 datas.
21/01/01 00:42:29 061 [WARN,train:477] get data failed AGAIN at epoch 452! Has got 5732 datas.
21/01/01 00:42:29 504 [WARN,train:477] get data failed AGAIN at epoch 452! Has got 5732 datas.
21/01/01 00:42:29 940 [WARN,train:477] get data failed AGAIN at epoch 452! Has got 5732 datas.
21/01/01 00:42:30 399 [WARN,train:477] get data failed AGAIN at epoch 452! Has got 5732 datas.
21/01/01 00:42:30 835 [WARN,train:477] get data failed AGAIN at epoch 452! Has got 5732 datas.
21/01/01 00:42:32 613 [INFO,train:457] resting...
