20/12/16 19:58:24 632 [INFO,<module>:523] sharing_strategy: file_system
20/12/16 19:58:26 591 [INFO,main:497] start from: ./ZeroNets/mimic-greed-514-shi/PV_NET-11-2247733-300.pkl
20/12/16 19:58:26 591 [INFO,train:390] BETA: 0.20, VALUE_RENORMAL: 10, BENCHMARK_METHOD: -1, TRAIN_SAMPLE: 100
20/12/16 19:58:26 592 [INFO,train:395] optimizer: {'lr': 0.001, 'betas': (0.9, 0.999), 'eps': 1e-07, 'weight_decay': 0.0001, 'amsgrad': False}
20/12/16 19:58:26 592 [INFO,train:401] loss2_weight: 0.03, review_number: 3, data_rounds: 3x10, age_in_epoch: 3
20/12/16 19:58:27 189 [INFO,benchmark:274] start benchmark against MrGreed for 512x2
20/12/16 20:06:20 352 [INFO,benchmark:300] benchmark at epoch 0's result: -115.90 8.50
20/12/16 20:07:18 679 [INFO,train:455] #epoch: loss1 loss2 grad1/grad2 amp_probe #train_datas
20/12/16 20:07:18 742 [INFO,train:472] 0: 0.77 61.84 0.0397 0.0559 22152
20/12/16 20:07:18 776 [INFO,train:488]         epoch 0 age 0: 0.77 61.84
20/12/16 20:07:18 810 [INFO,train:488]         epoch 0 age 1: 0.58 58.65
20/12/16 20:07:18 844 [INFO,train:488]         epoch 0 age 2: 0.50 56.29
20/12/16 20:10:21 140 [INFO,train:472] 1: 0.48 52.15 0.0241 0.0560 22056
20/12/16 20:10:21 175 [INFO,train:488]         epoch 1 age 0: 0.48 52.15
20/12/16 20:10:21 210 [INFO,train:488]         epoch 1 age 1: 0.44 50.43
20/12/16 20:10:21 245 [INFO,train:488]         epoch 1 age 2: 0.40 48.77
20/12/16 20:13:17 892 [INFO,train:472] 2: 0.41 50.96 0.0166 0.0556 22060
20/12/16 20:13:17 927 [INFO,train:488]         epoch 2 age 0: 0.41 50.96
20/12/16 20:13:17 962 [INFO,train:488]         epoch 2 age 1: 0.39 49.39
20/12/16 20:13:17 996 [INFO,train:488]         epoch 2 age 2: 0.36 47.78
20/12/16 20:16:16 854 [INFO,train:472] 3: 0.38 50.42 0.0135 0.0550 22067
20/12/16 20:16:16 889 [INFO,train:488]         epoch 3 age 0: 0.38 50.42
20/12/16 20:16:16 924 [INFO,train:488]         epoch 3 age 1: 0.36 49.07
20/12/16 20:16:16 954 [INFO,train:488]         epoch 3 age 2: 0.34 47.60
20/12/16 20:19:14 365 [INFO,train:472] 4: 0.35 55.48 0.0108 0.0545 22128
20/12/16 20:19:14 400 [INFO,train:488]         epoch 4 age 0: 0.35 55.48
20/12/16 20:19:14 435 [INFO,train:488]         epoch 4 age 1: 0.34 54.03
20/12/16 20:19:14 469 [INFO,train:488]         epoch 4 age 2: 0.33 52.31
20/12/16 20:22:12 806 [INFO,train:472] 5: 0.34 53.46 0.0089 0.0540 22192
20/12/16 20:22:12 842 [INFO,train:488]         epoch 5 age 0: 0.34 53.46
20/12/16 20:22:12 876 [INFO,train:488]         epoch 5 age 1: 0.33 51.70
20/12/16 20:22:12 906 [INFO,train:488]         epoch 5 age 2: 0.33 49.81
20/12/16 20:36:56 447 [INFO,train:472] 10: 0.36 52.93 0.0059 0.0526 22029
20/12/16 20:36:56 482 [INFO,train:488]         epoch 10 age 0: 0.36 52.93
20/12/16 20:36:56 517 [INFO,train:488]         epoch 10 age 1: 0.36 51.69
20/12/16 20:36:56 551 [INFO,train:488]         epoch 10 age 2: 0.35 49.41
20/12/16 20:51:43 192 [INFO,train:472] 15: 0.39 53.16 0.0037 0.0524 22104
20/12/16 20:51:43 227 [INFO,train:488]         epoch 15 age 0: 0.39 53.16
20/12/16 20:51:43 262 [INFO,train:488]         epoch 15 age 1: 0.38 50.82
20/12/16 20:51:43 296 [INFO,train:488]         epoch 15 age 2: 0.36 48.46
20/12/16 21:06:25 575 [INFO,train:472] 20: 0.39 57.70 0.0043 0.0524 22091
20/12/16 21:06:25 610 [INFO,train:488]         epoch 20 age 0: 0.39 57.70
20/12/16 21:06:25 645 [INFO,train:488]         epoch 20 age 1: 0.39 55.61
20/12/16 21:06:25 679 [INFO,train:488]         epoch 20 age 2: 0.38 53.57
20/12/16 21:21:10 728 [INFO,train:472] 25: 0.39 60.19 0.0060 0.0526 21980
20/12/16 21:21:10 763 [INFO,train:488]         epoch 25 age 0: 0.39 60.19
20/12/16 21:21:10 798 [INFO,train:488]         epoch 25 age 1: 0.37 58.12
20/12/16 21:21:10 832 [INFO,train:488]         epoch 25 age 2: 0.36 55.80
20/12/16 21:35:53 776 [INFO,train:472] 30: 0.40 53.03 0.0043 0.0529 22004
20/12/16 21:35:53 811 [INFO,train:488]         epoch 30 age 0: 0.40 53.03
20/12/16 21:35:53 845 [INFO,train:488]         epoch 30 age 1: 0.39 50.73
20/12/16 21:35:53 879 [INFO,train:488]         epoch 30 age 2: 0.38 47.90
20/12/16 21:50:31 980 [INFO,train:472] 35: 0.41 55.53 0.0051 0.0533 22000
20/12/16 21:50:32 015 [INFO,train:488]         epoch 35 age 0: 0.41 55.53
20/12/16 21:50:32 049 [INFO,train:488]         epoch 35 age 1: 0.40 53.11
20/12/16 21:50:32 079 [INFO,train:488]         epoch 35 age 2: 0.39 50.05
20/12/16 22:05:15 840 [INFO,train:472] 40: 0.34 47.81 0.0064 0.0538 22000
20/12/16 22:05:15 875 [INFO,train:488]         epoch 40 age 0: 0.34 47.81
20/12/16 22:05:15 910 [INFO,train:488]         epoch 40 age 1: 0.33 45.83
20/12/16 22:05:15 944 [INFO,train:488]         epoch 40 age 2: 0.33 43.56
20/12/16 23:04:10 023 [INFO,train:472] 60: 0.36 67.37 0.0042 0.0554 22112
20/12/16 23:04:10 057 [INFO,train:488]         epoch 60 age 0: 0.36 67.37
20/12/16 23:04:10 092 [INFO,train:488]         epoch 60 age 1: 0.35 64.20
20/12/16 23:04:10 126 [INFO,train:488]         epoch 60 age 2: 0.34 60.71
20/12/17 00:02:49 901 [INFO,train:472] 80: 0.39 54.88 0.0041 0.0566 22133
20/12/17 00:02:49 935 [INFO,train:488]         epoch 80 age 0: 0.39 54.88
20/12/17 00:02:49 969 [INFO,train:488]         epoch 80 age 1: 0.38 52.66
20/12/17 00:02:50 004 [INFO,train:488]         epoch 80 age 2: 0.37 50.49
20/12/17 00:58:47 785 [INFO,benchmark:274] start benchmark against MrGreed for 512x2
20/12/17 01:01:48 444 [INFO,train:472] 100: 0.38 58.29 0.0040 0.0579 22161
20/12/17 01:01:48 479 [INFO,train:488]         epoch 100 age 0: 0.38 58.29
20/12/17 01:01:48 514 [INFO,train:488]         epoch 100 age 1: 0.37 55.24
20/12/17 01:01:48 545 [INFO,train:488]         epoch 100 age 2: 0.37 51.24
20/12/17 01:06:44 546 [INFO,benchmark:300] benchmark at epoch 100's result: -106.36 8.05
20/12/17 02:00:39 521 [INFO,train:472] 120: 0.39 48.19 0.0044 0.0598 22087
20/12/17 02:00:39 556 [INFO,train:488]         epoch 120 age 0: 0.39 48.19
20/12/17 02:00:39 591 [INFO,train:488]         epoch 120 age 1: 0.38 46.25
20/12/17 02:00:39 625 [INFO,train:488]         epoch 120 age 2: 0.37 43.99
20/12/17 02:59:21 278 [INFO,train:472] 140: 0.36 51.48 0.0072 0.0608 22056
20/12/17 02:59:21 313 [INFO,train:488]         epoch 140 age 0: 0.36 51.48
20/12/17 02:59:21 348 [INFO,train:488]         epoch 140 age 1: 0.35 50.12
20/12/17 02:59:21 382 [INFO,train:488]         epoch 140 age 2: 0.34 48.03
20/12/17 03:59:17 106 [INFO,train:472] 160: 0.39 50.49 0.0043 0.0622 22276
20/12/17 03:59:17 141 [INFO,train:488]         epoch 160 age 0: 0.39 50.49
20/12/17 03:59:17 176 [INFO,train:488]         epoch 160 age 1: 0.38 48.76
20/12/17 03:59:17 211 [INFO,train:488]         epoch 160 age 2: 0.37 46.60
20/12/17 04:11:43 067 [ERR,train:439] get data failed at epoch 161, has got 19847 datas
resting...:
Traceback (most recent call last):
  File "./MrZeroTree.py", line 436, in train
    queue_get=data_queue.get(block=True,timeout=data_timeout*3+30)
  File "/usr/lib/python3.6/multiprocessing/queues.py", line 105, in get
    raise Empty
queue.Empty

20/12/17 04:21:13 169 [INFO,train:441] enough rest
20/12/17 05:18:30 386 [INFO,train:472] 180: 0.37 48.59 0.0045 0.0636 22095
20/12/17 05:18:30 421 [INFO,train:488]         epoch 180 age 0: 0.37 48.59
20/12/17 05:18:30 456 [INFO,train:488]         epoch 180 age 1: 0.36 46.80
20/12/17 05:18:30 490 [INFO,train:488]         epoch 180 age 2: 0.36 44.89
20/12/17 06:15:48 555 [INFO,benchmark:274] start benchmark against MrGreed for 512x2
20/12/17 06:18:52 024 [INFO,train:472] 200: 0.37 56.89 0.0058 0.0644 22031
20/12/17 06:18:52 058 [INFO,train:488]         epoch 200 age 0: 0.37 56.89
20/12/17 06:18:52 093 [INFO,train:488]         epoch 200 age 1: 0.36 54.58
20/12/17 06:18:52 128 [INFO,train:488]         epoch 200 age 2: 0.36 52.17
20/12/17 06:23:45 917 [INFO,benchmark:300] benchmark at epoch 200's result: -128.13 7.81
20/12/17 07:18:59 522 [INFO,train:472] 220: 0.35 45.02 0.0070 0.0657 22026
20/12/17 07:18:59 557 [INFO,train:488]         epoch 220 age 0: 0.35 45.02
20/12/17 07:18:59 592 [INFO,train:488]         epoch 220 age 1: 0.35 43.62
20/12/17 07:18:59 626 [INFO,train:488]         epoch 220 age 2: 0.34 41.96
20/12/17 08:19:02 027 [INFO,train:472] 240: 0.38 53.76 0.0071 0.0666 22147
20/12/17 08:19:02 062 [INFO,train:488]         epoch 240 age 0: 0.38 53.76
20/12/17 08:19:02 098 [INFO,train:488]         epoch 240 age 1: 0.37 52.07
20/12/17 08:19:02 132 [INFO,train:488]         epoch 240 age 2: 0.36 50.09
20/12/17 09:19:00 448 [INFO,train:472] 260: 0.38 57.84 0.0024 0.0678 22127
20/12/17 09:19:00 483 [INFO,train:488]         epoch 260 age 0: 0.38 57.84
20/12/17 09:19:00 518 [INFO,train:488]         epoch 260 age 1: 0.37 54.49
20/12/17 09:19:00 552 [INFO,train:488]         epoch 260 age 2: 0.37 50.53
20/12/17 10:18:48 980 [INFO,train:472] 280: 0.35 48.75 0.0049 0.0700 21911
20/12/17 10:18:49 014 [INFO,train:488]         epoch 280 age 0: 0.35 48.75
20/12/17 10:18:49 049 [INFO,train:488]         epoch 280 age 1: 0.35 47.10
20/12/17 10:18:49 083 [INFO,train:488]         epoch 280 age 2: 0.34 44.85
20/12/17 11:16:04 487 [INFO,benchmark:274] start benchmark against MrGreed for 512x2
20/12/17 11:19:05 870 [INFO,train:472] 300: 0.37 50.10 0.0076 0.0707 22086
20/12/17 11:19:05 905 [INFO,train:488]         epoch 300 age 0: 0.37 50.10
20/12/17 11:19:05 939 [INFO,train:488]         epoch 300 age 1: 0.36 48.32
20/12/17 11:19:05 973 [INFO,train:488]         epoch 300 age 2: 0.35 46.24
20/12/17 11:24:03 827 [INFO,benchmark:300] benchmark at epoch 300's result: -79.27 8.15
20/12/17 12:19:25 919 [INFO,train:472] 320: 0.35 52.36 0.0054 0.0715 22156
20/12/17 12:19:25 954 [INFO,train:488]         epoch 320 age 0: 0.35 52.36
20/12/17 12:19:25 988 [INFO,train:488]         epoch 320 age 1: 0.34 51.01
20/12/17 12:19:26 023 [INFO,train:488]         epoch 320 age 2: 0.34 49.50
20/12/17 12:40:23 945 [ERR,main:501] :
Traceback (most recent call last):
  File "./MrZeroTree.py", line 499, in main
    train(pv_net)
  File "./MrZeroTree.py", line 426, in train
    p.start()
  File "/usr/lib/python3.6/multiprocessing/process.py", line 105, in start
    self._popen = self._Popen(self)
  File "/usr/lib/python3.6/multiprocessing/context.py", line 223, in _Popen
    return _default_context.get_context().Process._Popen(process_obj)
  File "/usr/lib/python3.6/multiprocessing/context.py", line 284, in _Popen
    return Popen(process_obj)
OSError: [Errno 24] Too many open files

