20/12/18 15:37:39 873 [INFO,<module>:539] sharing_strategy: file_system
20/12/18 15:37:41 967 [INFO,main:513] start from: ./ZeroNets/from-one-9a/PV_NET-11-2247733-320.pkl
20/12/18 15:37:41 967 [INFO,train:403] BETA: 0.20, VALUE_RENORMAL: 10, BENCHMARK_METHOD: -1, TRAIN_SAMPLE: -1, PV_DEEP: 2
20/12/18 15:37:41 968 [INFO,train:408] optimizer: {'lr': 0.001, 'betas': (0.9, 0.999), 'eps': 1e-07, 'weight_decay': 0.0001, 'amsgrad': False}
20/12/18 15:37:41 968 [INFO,train:416] loss2_weight: 0.03, review_number: 3, data_rounds: 3x12, age_in_epoch: 3
20/12/18 15:37:42 548 [INFO,benchmark:286] start benchmark against MrGreed for 512x2
20/12/18 15:38:18 409 [INFO,train:471] #epoch: loss1 loss2 grad1/grad2 amp_probe #train_datas
20/12/18 15:38:18 475 [INFO,train:488] 0: 0.29 34.03 0.0078 0.0676 26400
20/12/18 15:38:18 516 [INFO,train:504]         epoch 0 age 0: 0.29 34.03
20/12/18 15:38:18 556 [INFO,train:504]         epoch 0 age 1: 0.24 29.65
20/12/18 15:38:18 591 [INFO,train:504]         epoch 0 age 2: 0.22 28.42
20/12/18 15:38:33 826 [INFO,train:488] 1: 0.24 29.01 0.0080 0.0674 26400
20/12/18 15:38:33 866 [INFO,train:504]         epoch 1 age 0: 0.24 29.01
20/12/18 15:38:33 907 [INFO,train:504]         epoch 1 age 1: 0.23 27.38
20/12/18 15:38:33 947 [INFO,train:504]         epoch 1 age 2: 0.21 24.85
20/12/18 15:38:49 552 [INFO,train:488] 2: 0.23 32.35 0.0030 0.0671 26484
20/12/18 15:38:49 593 [INFO,train:504]         epoch 2 age 0: 0.23 32.35
20/12/18 15:38:49 634 [INFO,train:504]         epoch 2 age 1: 0.22 30.77
20/12/18 15:38:49 671 [INFO,train:504]         epoch 2 age 2: 0.21 29.11
20/12/18 15:39:05 367 [INFO,train:488] 3: 0.23 32.53 0.0039 0.0669 26404
20/12/18 15:39:05 408 [INFO,train:504]         epoch 3 age 0: 0.23 32.53
20/12/18 15:39:05 449 [INFO,train:504]         epoch 3 age 1: 0.22 30.27
20/12/18 15:39:05 489 [INFO,train:504]         epoch 3 age 2: 0.21 28.54
20/12/18 15:39:21 411 [INFO,train:488] 4: 0.22 30.78 0.0033 0.0667 26511
20/12/18 15:39:21 452 [INFO,train:504]         epoch 4 age 0: 0.22 30.78
20/12/18 15:39:21 493 [INFO,train:504]         epoch 4 age 1: 0.22 28.90
20/12/18 15:39:21 533 [INFO,train:504]         epoch 4 age 2: 0.21 27.51
20/12/18 15:39:37 058 [INFO,train:488] 5: 0.23 29.25 0.0026 0.0663 26418
20/12/18 15:39:37 099 [INFO,train:504]         epoch 5 age 0: 0.23 29.25
20/12/18 15:39:37 140 [INFO,train:504]         epoch 5 age 1: 0.22 27.07
20/12/18 15:39:37 180 [INFO,train:504]         epoch 5 age 2: 0.21 25.62
20/12/18 15:40:55 832 [INFO,train:488] 10: 0.25 30.82 0.0040 0.0652 26279
20/12/18 15:40:55 873 [INFO,train:504]         epoch 10 age 0: 0.25 30.82
20/12/18 15:40:55 914 [INFO,train:504]         epoch 10 age 1: 0.24 29.65
20/12/18 15:40:55 954 [INFO,train:504]         epoch 10 age 2: 0.23 27.74
20/12/18 15:42:14 678 [INFO,train:488] 15: 0.25 33.05 0.0041 0.0648 26429
20/12/18 15:42:14 719 [INFO,train:504]         epoch 15 age 0: 0.25 33.05
20/12/18 15:42:14 759 [INFO,train:504]         epoch 15 age 1: 0.24 31.37
20/12/18 15:42:14 800 [INFO,train:504]         epoch 15 age 2: 0.23 28.98
20/12/18 15:43:33 148 [INFO,train:488] 20: 0.26 31.85 0.0044 0.0649 26415
20/12/18 15:43:33 189 [INFO,train:504]         epoch 20 age 0: 0.26 31.85
20/12/18 15:43:33 227 [INFO,train:504]         epoch 20 age 1: 0.25 30.50
20/12/18 15:43:33 261 [INFO,train:504]         epoch 20 age 2: 0.24 28.59
20/12/18 15:44:51 318 [INFO,train:488] 25: 0.28 31.44 0.0050 0.0652 26598
20/12/18 15:44:51 359 [INFO,train:504]         epoch 25 age 0: 0.28 31.44
20/12/18 15:44:51 399 [INFO,train:504]         epoch 25 age 1: 0.27 29.64
20/12/18 15:44:51 439 [INFO,train:504]         epoch 25 age 2: 0.26 27.73
20/12/18 15:45:40 832 [INFO,benchmark:312] benchmark at epoch 0's result: -78.94 8.49
20/12/18 15:46:10 108 [INFO,train:488] 30: 0.25 29.99 0.0085 0.0657 26527
20/12/18 15:46:10 148 [INFO,train:504]         epoch 30 age 0: 0.25 29.99
20/12/18 15:46:10 189 [INFO,train:504]         epoch 30 age 1: 0.24 28.46
20/12/18 15:46:10 229 [INFO,train:504]         epoch 30 age 2: 0.22 27.25
20/12/18 15:47:27 147 [INFO,train:488] 35: 0.26 33.74 0.0065 0.0664 26319
20/12/18 15:47:27 187 [INFO,train:504]         epoch 35 age 0: 0.26 33.74
20/12/18 15:47:27 227 [INFO,train:504]         epoch 35 age 1: 0.24 31.86
20/12/18 15:47:27 266 [INFO,train:504]         epoch 35 age 2: 0.23 30.21
20/12/18 15:48:43 506 [INFO,train:488] 40: 0.26 33.17 0.0067 0.0670 26402
20/12/18 15:48:43 546 [INFO,train:504]         epoch 40 age 0: 0.26 33.17
20/12/18 15:48:43 587 [INFO,train:504]         epoch 40 age 1: 0.25 31.73
20/12/18 15:48:43 627 [INFO,train:504]         epoch 40 age 2: 0.24 30.44
20/12/18 15:53:52 020 [INFO,train:488] 60: 0.26 28.49 0.0092 0.0685 26579
20/12/18 15:53:52 061 [INFO,train:504]         epoch 60 age 0: 0.26 28.49
20/12/18 15:53:52 096 [INFO,train:504]         epoch 60 age 1: 0.25 27.23
20/12/18 15:53:52 130 [INFO,train:504]         epoch 60 age 2: 0.24 25.89
20/12/18 15:58:46 360 [INFO,benchmark:286] start benchmark against MrGreed for 512x2
20/12/18 15:59:01 917 [INFO,train:488] 80: 0.28 31.18 0.0104 0.0700 26562
20/12/18 15:59:01 959 [INFO,train:504]         epoch 80 age 0: 0.28 31.18
20/12/18 15:59:01 999 [INFO,train:504]         epoch 80 age 1: 0.27 29.74
20/12/18 15:59:02 040 [INFO,train:504]         epoch 80 age 2: 0.26 28.21
20/12/18 16:04:13 371 [INFO,train:488] 100: 0.28 32.09 0.0101 0.0721 26425
20/12/18 16:04:13 412 [INFO,train:504]         epoch 100 age 0: 0.28 32.09
20/12/18 16:04:13 453 [INFO,train:504]         epoch 100 age 1: 0.27 30.61
20/12/18 16:04:13 493 [INFO,train:504]         epoch 100 age 2: 0.26 29.43
20/12/18 16:06:48 057 [INFO,benchmark:312] benchmark at epoch 80's result: -52.31 8.39
20/12/18 16:09:23 865 [INFO,train:488] 120: 0.27 29.55 0.0108 0.0736 26577
20/12/18 16:09:23 905 [INFO,train:504]         epoch 120 age 0: 0.27 29.55
20/12/18 16:09:23 946 [INFO,train:504]         epoch 120 age 1: 0.26 28.25
20/12/18 16:09:23 983 [INFO,train:504]         epoch 120 age 2: 0.25 27.33
20/12/18 16:14:30 174 [INFO,train:488] 140: 0.27 30.40 0.0041 0.0744 26398
20/12/18 16:14:30 214 [INFO,train:504]         epoch 140 age 0: 0.27 30.40
20/12/18 16:14:30 254 [INFO,train:504]         epoch 140 age 1: 0.26 29.01
20/12/18 16:14:30 294 [INFO,train:504]         epoch 140 age 2: 0.25 27.35
20/12/18 16:17:41 658 [ERR,train:455] get data failed at epoch 146, has got 23458 datas
resting...:
Traceback (most recent call last):
  File "./MrZeroTree.py", line 452, in train
    queue_get=data_queue.get(block=True,timeout=data_timeout*3+30)
  File "/usr/lib/python3.6/multiprocessing/queues.py", line 105, in get
    raise Empty
queue.Empty

20/12/18 16:19:11 749 [INFO,train:457] enough rest
20/12/18 16:23:25 348 [INFO,benchmark:286] start benchmark against MrGreed for 512x2
20/12/18 16:23:45 541 [INFO,train:488] 160: 0.28 34.80 0.0087 0.0750 26450
20/12/18 16:23:45 581 [INFO,train:504]         epoch 160 age 0: 0.28 34.80
20/12/18 16:23:45 622 [INFO,train:504]         epoch 160 age 1: 0.26 32.55
20/12/18 16:23:45 662 [INFO,train:504]         epoch 160 age 2: 0.25 30.77
20/12/18 16:30:24 936 [INFO,train:488] 180: 0.25 30.28 0.0070 0.0766 26449
20/12/18 16:30:24 977 [INFO,train:504]         epoch 180 age 0: 0.25 30.28
20/12/18 16:30:25 017 [INFO,train:504]         epoch 180 age 1: 0.24 28.67
20/12/18 16:30:25 057 [INFO,train:504]         epoch 180 age 2: 0.23 27.01
20/12/18 16:31:29 430 [INFO,benchmark:312] benchmark at epoch 160's result: -54.69 8.42
20/12/18 16:36:56 329 [INFO,train:488] 200: 0.25 31.88 0.0054 0.0773 26496
20/12/18 16:36:56 370 [INFO,train:504]         epoch 200 age 0: 0.25 31.88
20/12/18 16:36:56 410 [INFO,train:504]         epoch 200 age 1: 0.24 29.98
20/12/18 16:36:56 445 [INFO,train:504]         epoch 200 age 2: 0.23 28.05
20/12/18 16:43:27 103 [INFO,train:488] 220: 0.27 34.27 0.0062 0.0790 26418
20/12/18 16:43:27 141 [INFO,train:504]         epoch 220 age 0: 0.27 34.27
20/12/18 16:43:27 176 [INFO,train:504]         epoch 220 age 1: 0.26 32.62
20/12/18 16:43:27 212 [INFO,train:504]         epoch 220 age 2: 0.25 31.55
20/12/18 16:49:37 746 [INFO,benchmark:286] start benchmark against MrGreed for 512x2
20/12/18 16:49:57 291 [INFO,train:488] 240: 0.25 32.85 0.0039 0.0804 26397
20/12/18 16:49:57 331 [INFO,train:504]         epoch 240 age 0: 0.25 32.85
20/12/18 16:49:57 371 [INFO,train:504]         epoch 240 age 1: 0.25 31.47
20/12/18 16:49:57 411 [INFO,train:504]         epoch 240 age 2: 0.24 29.77
20/12/18 16:56:35 333 [INFO,train:488] 260: 0.25 30.02 0.0051 0.0806 26451
20/12/18 16:56:35 373 [INFO,train:504]         epoch 260 age 0: 0.25 30.02
20/12/18 16:56:35 411 [INFO,train:504]         epoch 260 age 1: 0.24 28.96
20/12/18 16:56:35 445 [INFO,train:504]         epoch 260 age 2: 0.23 26.61
20/12/18 16:57:32 773 [INFO,benchmark:312] benchmark at epoch 240's result: -51.13 8.25
20/12/18 17:03:09 185 [INFO,train:488] 280: 0.28 31.15 0.0036 0.0812 26412
20/12/18 17:03:09 225 [INFO,train:504]         epoch 280 age 0: 0.28 31.15
20/12/18 17:03:09 265 [INFO,train:504]         epoch 280 age 1: 0.27 29.50
20/12/18 17:03:09 305 [INFO,train:504]         epoch 280 age 2: 0.26 27.02
20/12/18 17:09:38 013 [INFO,train:488] 300: 0.27 29.87 0.0094 0.0818 26556
20/12/18 17:09:38 053 [INFO,train:504]         epoch 300 age 0: 0.27 29.87
20/12/18 17:09:38 087 [INFO,train:504]         epoch 300 age 1: 0.26 28.53
20/12/18 17:09:38 121 [INFO,train:504]         epoch 300 age 2: 0.26 27.27
20/12/18 17:11:45 640 [ERR,train:455] get data failed at epoch 302, has got 23556 datas
resting...:
Traceback (most recent call last):
  File "./MrZeroTree.py", line 452, in train
    queue_get=data_queue.get(block=True,timeout=data_timeout*3+30)
  File "/usr/lib/python3.6/multiprocessing/queues.py", line 105, in get
    raise Empty
queue.Empty

20/12/18 17:13:15 642 [INFO,train:457] enough rest
20/12/18 17:18:46 971 [INFO,benchmark:286] start benchmark against MrGreed for 512x2
20/12/18 17:19:06 294 [INFO,train:488] 320: 0.26 31.90 0.0083 0.0829 26435
20/12/18 17:19:06 334 [INFO,train:504]         epoch 320 age 0: 0.26 31.90
20/12/18 17:19:06 374 [INFO,train:504]         epoch 320 age 1: 0.26 30.63
20/12/18 17:19:06 415 [INFO,train:504]         epoch 320 age 2: 0.25 29.27
20/12/18 17:21:27 077 [ERR,main:517] :
Traceback (most recent call last):
  File "./MrZeroTree.py", line 515, in main
    train(pv_net)
  File "./MrZeroTree.py", line 442, in train
    p.start()
  File "/usr/lib/python3.6/multiprocessing/process.py", line 105, in start
    self._popen = self._Popen(self)
  File "/usr/lib/python3.6/multiprocessing/context.py", line 223, in _Popen
    return _default_context.get_context().Process._Popen(process_obj)
  File "/usr/lib/python3.6/multiprocessing/context.py", line 284, in _Popen
    return Popen(process_obj)
OSError: [Errno 24] Too many open files

20/12/18 17:26:14 933 [INFO,benchmark:312] benchmark at epoch 320's result: -36.88 8.36
