21/01/04 00:29:36 936 [INFO,main:99] BETA: 0.20, VALUE_RENORMAL: 10, MCTS_EXPL: 30, BENCH_SMP_B: 5, BENCH_SMP_K: 0.0
21/01/04 00:29:36 993 [INFO,main:102] init pv_net: PV_NET [(434, 2048), (2048, 2048), (2048, 512), (512, 512), (512, 512), (512, 512), (512, 512), (512, 512), (512, 512), (512, 512), (512, 512), (512, 512), (512, 512), (512, 512), (512, 512), (512, 512), (512, 512), (512, 512), (512, 512), (512, 512), (512, 512), (512, 512), (512, 512), (512, 52), (512, 1)] 11416629
21/01/04 00:29:36 993 [INFO,train:26] loss2_weight: 0.03, data_rounds: 128, train_mcts_b: 0, train_mcts_k: 2.0, review_number: 3, age_in_epoch: 3
21/01/04 00:29:38 964 [INFO,train:31] optimizer: {'lr': 0.0001, 'betas': (0.3, 0.999), 'eps': 1e-07, 'weight_decay': 0.0001, 'amsgrad': False}
21/01/04 00:29:39 147 [INFO,train:48] gc len at 0: 50571
21/01/04 00:29:39 550 [INFO,benchmark:264] start benchmark against MrGreed for 512x2
21/01/04 00:30:43 865 [INFO,train:84] 0: 0.477 36.78 6656 104
21/01/04 00:30:43 865 [INFO,train:91]         epoch 0 age 0: 0.477 36.78
21/01/04 00:30:45 683 [INFO,train:91]         epoch 0 age 1: 0.185 35.95
21/01/04 00:30:47 503 [INFO,train:91]         epoch 0 age 2: 0.170 34.68
21/01/04 00:30:47 509 [INFO,train:48] gc len at 1: 94975
21/01/04 00:31:55 689 [INFO,train:84] 1: 0.218 33.48 13312 208
21/01/04 00:31:55 689 [INFO,train:91]         epoch 1 age 0: 0.194 34.08
21/01/04 00:31:59 329 [INFO,train:91]         epoch 1 age 1: 0.172 31.42
21/01/04 00:32:02 953 [INFO,train:91]         epoch 1 age 2: 0.153 27.95
21/01/04 00:32:02 963 [INFO,train:48] gc len at 2: 121511
21/01/04 00:33:13 133 [INFO,train:84] 2: 0.251 30.31 19968 312
21/01/04 00:33:13 134 [INFO,train:91]         epoch 2 age 0: 0.186 28.74
21/01/04 00:33:18 584 [INFO,train:91]         epoch 2 age 1: 0.165 24.07
21/01/04 00:33:23 995 [INFO,train:91]         epoch 2 age 2: 0.151 20.56
21/01/04 00:33:24 008 [INFO,train:48] gc len at 3: 155809
21/01/04 00:34:33 251 [INFO,train:84] 3: 0.366 41.86 19968 312
21/01/04 00:34:33 251 [INFO,train:91]         epoch 3 age 0: 0.223 27.66
21/01/04 00:34:38 704 [INFO,train:91]         epoch 3 age 1: 0.204 23.40
21/01/04 00:34:44 183 [INFO,train:91]         epoch 3 age 2: 0.190 20.07
21/01/04 00:34:44 195 [INFO,train:48] gc len at 4: 151833
21/01/04 00:35:52 882 [INFO,train:84] 4: 0.393 46.26 19968 312
21/01/04 00:35:52 883 [INFO,train:91]         epoch 4 age 0: 0.257 28.80
21/01/04 00:35:58 338 [INFO,train:91]         epoch 4 age 1: 0.235 23.67
21/01/04 00:36:03 829 [INFO,train:91]         epoch 4 age 2: 0.216 20.08
21/01/04 00:36:03 844 [INFO,train:48] gc len at 5: 169115
21/01/04 00:37:14 477 [INFO,train:84] 5: 0.457 41.39 19968 312
21/01/04 00:37:14 477 [INFO,train:91]         epoch 5 age 0: 0.296 27.18
21/01/04 00:37:19 949 [INFO,train:91]         epoch 5 age 1: 0.261 21.44
21/01/04 00:37:25 536 [INFO,train:91]         epoch 5 age 2: 0.239 17.89
21/01/04 00:40:49 173 [INFO,benchmark:289] benchmark at epoch 0's result: -207.58 8.14
21/01/04 00:42:44 963 [INFO,train:48] gc len at 10: 154237
21/01/04 00:43:52 451 [INFO,train:84] 10: 0.568 47.48 19968 312
21/01/04 00:43:52 451 [INFO,train:91]         epoch 10 age 0: 0.348 25.87
21/01/04 00:43:57 567 [INFO,train:91]         epoch 10 age 1: 0.286 18.84
21/01/04 00:44:02 632 [INFO,train:91]         epoch 10 age 2: 0.251 15.50
21/01/04 00:49:26 501 [INFO,train:48] gc len at 15: 173683
21/01/04 00:50:38 726 [INFO,train:84] 15: 0.510 43.14 19968 312
21/01/04 00:50:38 726 [INFO,train:91]         epoch 15 age 0: 0.302 22.49
21/01/04 00:50:43 867 [INFO,train:91]         epoch 15 age 1: 0.220 15.13
21/01/04 00:50:48 996 [INFO,train:91]         epoch 15 age 2: 0.187 12.18
21/01/04 00:56:18 542 [INFO,train:48] gc len at 20: 169055
21/01/04 00:57:31 213 [INFO,train:84] 20: 0.533 45.37 19968 312
21/01/04 00:57:31 213 [INFO,train:91]         epoch 20 age 0: 0.300 22.65
21/01/04 00:57:36 327 [INFO,train:91]         epoch 20 age 1: 0.211 14.76
21/01/04 00:57:41 465 [INFO,train:91]         epoch 20 age 2: 0.175 11.10
21/01/04 01:03:09 206 [INFO,train:48] gc len at 25: 161822
21/01/04 01:04:19 815 [INFO,train:84] 25: 0.597 44.10 19968 312
21/01/04 01:04:19 816 [INFO,train:91]         epoch 25 age 0: 0.315 22.09
21/01/04 01:04:25 334 [INFO,train:91]         epoch 25 age 1: 0.219 14.63
21/01/04 01:04:30 785 [INFO,train:91]         epoch 25 age 2: 0.177 11.27
21/01/04 01:23:27 297 [INFO,train:48] gc len at 40: 178443
21/01/04 01:24:37 938 [INFO,train:84] 40: 0.610 44.75 19968 312
21/01/04 01:24:37 939 [INFO,train:91]         epoch 40 age 0: 0.309 21.49
21/01/04 01:24:43 402 [INFO,train:91]         epoch 40 age 1: 0.196 13.32
21/01/04 01:24:48 847 [INFO,train:91]         epoch 40 age 2: 0.153 10.10
21/01/04 01:50:25 299 [INFO,train:48] gc len at 60: 173432
21/01/04 01:51:36 382 [INFO,train:84] 60: 0.609 45.03 19968 312
21/01/04 01:51:36 383 [INFO,train:91]         epoch 60 age 0: 0.298 21.18
21/01/04 01:51:41 636 [INFO,train:91]         epoch 60 age 1: 0.181 13.14
21/01/04 01:51:46 774 [INFO,train:91]         epoch 60 age 2: 0.141 10.05
21/01/04 02:17:38 570 [INFO,train:48] gc len at 80: 179446
21/01/04 02:17:38 004 [INFO,benchmark:264] start benchmark against MrGreed for 512x2
21/01/04 02:18:52 088 [INFO,train:84] 80: 0.602 39.66 19968 312
21/01/04 02:18:52 088 [INFO,train:91]         epoch 80 age 0: 0.295 19.48
21/01/04 02:18:57 232 [INFO,train:91]         epoch 80 age 1: 0.176 12.05
21/01/04 02:19:02 369 [INFO,train:91]         epoch 80 age 2: 0.134 9.37
21/01/04 02:29:38 018 [INFO,benchmark:289] benchmark at epoch 80's result: -102.39 8.33
21/01/04 02:45:23 313 [INFO,train:48] gc len at 100: 173269
21/01/04 02:46:37 584 [INFO,train:84] 100: 0.585 40.55 19968 312
21/01/04 02:46:37 585 [INFO,train:91]         epoch 100 age 0: 0.282 19.73
21/01/04 02:46:42 713 [INFO,train:91]         epoch 100 age 1: 0.163 12.38
21/01/04 02:46:47 846 [INFO,train:91]         epoch 100 age 2: 0.124 9.49
21/01/04 03:13:03 229 [INFO,train:48] gc len at 120: 155287
21/01/04 03:14:14 981 [INFO,train:84] 120: 0.645 39.47 19968 312
21/01/04 03:14:14 982 [INFO,train:91]         epoch 120 age 0: 0.300 19.10
21/01/04 03:14:20 457 [INFO,train:91]         epoch 120 age 1: 0.174 11.76
21/01/04 03:14:25 950 [INFO,train:91]         epoch 120 age 2: 0.128 8.72
21/01/04 03:40:28 706 [INFO,train:48] gc len at 140: 169823
21/01/04 03:41:39 729 [INFO,train:84] 140: 0.626 42.94 19968 312
21/01/04 03:41:39 729 [INFO,train:91]         epoch 140 age 0: 0.294 20.06
21/01/04 03:41:44 939 [INFO,train:91]         epoch 140 age 1: 0.168 11.87
21/01/04 03:41:50 091 [INFO,train:91]         epoch 140 age 2: 0.127 8.79
21/01/04 04:07:54 510 [INFO,train:48] gc len at 160: 171850
21/01/04 04:07:54 941 [INFO,benchmark:264] start benchmark against MrGreed for 512x2
21/01/04 04:09:09 294 [INFO,train:84] 160: 0.665 40.07 19968 312
21/01/04 04:09:09 294 [INFO,train:91]         epoch 160 age 0: 0.307 19.03
21/01/04 04:09:14 514 [INFO,train:91]         epoch 160 age 1: 0.178 11.72
21/01/04 04:09:19 593 [INFO,train:91]         epoch 160 age 2: 0.132 8.82
21/01/04 04:20:05 754 [INFO,benchmark:289] benchmark at epoch 160's result: -60.76 8.48
21/01/04 04:35:46 222 [INFO,train:48] gc len at 180: 158778
21/01/04 04:37:01 051 [INFO,train:84] 180: 0.633 40.35 19968 312
21/01/04 04:37:01 051 [INFO,train:91]         epoch 180 age 0: 0.294 18.96
21/01/04 04:37:06 516 [INFO,train:91]         epoch 180 age 1: 0.166 11.26
21/01/04 04:37:11 983 [INFO,train:91]         epoch 180 age 2: 0.122 8.59
21/01/04 05:03:25 693 [INFO,train:48] gc len at 200: 170324
21/01/04 05:04:36 761 [INFO,train:84] 200: 0.631 37.41 19968 312
21/01/04 05:04:36 761 [INFO,train:91]         epoch 200 age 0: 0.292 17.94
21/01/04 05:04:41 871 [INFO,train:91]         epoch 200 age 1: 0.164 10.48
21/01/04 05:04:47 326 [INFO,train:91]         epoch 200 age 2: 0.124 7.83
21/01/04 05:30:46 694 [INFO,train:48] gc len at 220: 165660
21/01/04 05:31:58 808 [INFO,train:84] 220: 0.631 40.39 19968 312
21/01/04 05:31:58 808 [INFO,train:91]         epoch 220 age 0: 0.291 19.24
21/01/04 05:32:04 257 [INFO,train:91]         epoch 220 age 1: 0.167 11.57
21/01/04 05:32:09 544 [INFO,train:91]         epoch 220 age 2: 0.123 8.51
21/01/04 05:58:27 234 [INFO,train:48] gc len at 240: 178202
21/01/04 05:58:27 675 [INFO,benchmark:264] start benchmark against MrGreed for 512x2
21/01/04 05:59:41 412 [INFO,train:84] 240: 0.662 43.44 19968 312
21/01/04 05:59:41 413 [INFO,train:91]         epoch 240 age 0: 0.305 20.25
21/01/04 05:59:46 575 [INFO,train:91]         epoch 240 age 1: 0.175 12.19
21/01/04 05:59:51 723 [INFO,train:91]         epoch 240 age 2: 0.128 8.92
21/01/04 06:10:26 991 [INFO,benchmark:289] benchmark at epoch 240's result: -42.25 8.21
21/01/04 06:26:18 779 [INFO,train:48] gc len at 260: 171740
21/01/04 06:27:33 547 [INFO,train:84] 260: 0.610 38.20 19968 312
21/01/04 06:27:33 547 [INFO,train:91]         epoch 260 age 0: 0.282 18.13
21/01/04 06:27:38 681 [INFO,train:91]         epoch 260 age 1: 0.160 10.73
21/01/04 06:27:43 825 [INFO,train:91]         epoch 260 age 2: 0.119 8.11
21/01/04 06:54:03 048 [INFO,train:48] gc len at 280: 153977
21/01/04 06:55:14 266 [INFO,train:84] 280: 0.605 39.88 19968 312
21/01/04 06:55:14 267 [INFO,train:91]         epoch 280 age 0: 0.281 18.82
21/01/04 06:55:19 646 [INFO,train:91]         epoch 280 age 1: 0.159 11.20
21/01/04 06:55:24 734 [INFO,train:91]         epoch 280 age 2: 0.118 8.19
21/01/04 07:21:29 193 [INFO,train:48] gc len at 300: 165304
21/01/04 07:22:40 979 [INFO,train:84] 300: 0.663 36.67 19968 312
21/01/04 07:22:40 979 [INFO,train:91]         epoch 300 age 0: 0.303 17.70
21/01/04 07:22:46 494 [INFO,train:91]         epoch 300 age 1: 0.169 10.58
21/01/04 07:22:51 992 [INFO,train:91]         epoch 300 age 2: 0.124 7.78
21/01/04 07:49:08 819 [INFO,train:48] gc len at 320: 169397
21/01/04 07:49:09 253 [INFO,benchmark:264] start benchmark against MrGreed for 512x2
21/01/04 07:50:23 274 [INFO,train:84] 320: 0.663 40.89 19968 312
21/01/04 07:50:23 274 [INFO,train:91]         epoch 320 age 0: 0.299 18.96
21/01/04 07:50:28 772 [INFO,train:91]         epoch 320 age 1: 0.168 10.99
21/01/04 07:50:33 914 [INFO,train:91]         epoch 320 age 2: 0.122 8.02
21/01/04 08:01:15 284 [INFO,benchmark:289] benchmark at epoch 320's result: -55.44 8.13
21/01/04 08:17:03 040 [INFO,train:48] gc len at 340: 179712
21/01/04 08:18:17 800 [INFO,train:84] 340: 0.648 40.89 19968 312
21/01/04 08:18:17 800 [INFO,train:91]         epoch 340 age 0: 0.296 18.86
21/01/04 08:18:22 937 [INFO,train:91]         epoch 340 age 1: 0.167 11.05
21/01/04 08:18:28 080 [INFO,train:91]         epoch 340 age 2: 0.122 8.37
21/01/04 08:44:46 395 [INFO,train:48] gc len at 360: 178361
21/01/04 08:45:57 741 [INFO,train:84] 360: 0.626 36.66 19968 312
21/01/04 08:45:57 741 [INFO,train:91]         epoch 360 age 0: 0.287 17.72
21/01/04 08:46:02 997 [INFO,train:91]         epoch 360 age 1: 0.162 10.48
21/01/04 08:46:08 162 [INFO,train:91]         epoch 360 age 2: 0.120 7.66
21/01/04 09:12:15 948 [INFO,train:48] gc len at 380: 175620
21/01/04 09:13:27 551 [INFO,train:84] 380: 0.639 40.46 19968 312
21/01/04 09:13:27 552 [INFO,train:91]         epoch 380 age 0: 0.291 18.75
21/01/04 09:13:33 078 [INFO,train:91]         epoch 380 age 1: 0.161 11.08
21/01/04 09:13:38 571 [INFO,train:91]         epoch 380 age 2: 0.118 7.91
