21/01/04 18:01:13 743 [INFO,main:97] BETA: 0.20, VALUE_RENORMAL: 10, MCTS_EXPL: 30, BENCH_SMP_B: 5, BENCH_SMP_K: 0.0
21/01/04 18:01:13 804 [INFO,main:100] init pv_net: PV_NET [(434, 2048), (2048, 2048), (2048, 512), (512, 512), (512, 512), (512, 512), (512, 512), (512, 512), (512, 512), (512, 512), (512, 512), (512, 512), (512, 512), (512, 512), (512, 512), (512, 512), (512, 512), (512, 512), (512, 512), (512, 512), (512, 512), (512, 512), (512, 512), (512, 52), (512, 1)] 11416629
21/01/04 18:25:13 905 [INFO,train:24] loss2_weight: 0.03, data_rounds: 64, train_mcts_b: 0, train_mcts_k: 2.0, review_number: 6, age_in_epoch: 3
21/01/04 18:25:15 971 [INFO,train:29] optimizer: {'lr': 5e-05, 'betas': (0.3, 0.999), 'eps': 1e-07, 'weight_decay': 0.0001, 'amsgrad': False}
21/01/04 18:25:16 098 [INFO,train:46] gc len at 0: 50571
21/01/04 18:25:16 561 [INFO,benchmark:264] start benchmark against MrGreed for 512x2
21/01/04 18:25:50 752 [INFO,train:82] 0: 1.115 36.32 3328 52
21/01/04 18:25:50 752 [INFO,train:89]         epoch 0 age 0: 1.115 36.32
21/01/04 18:25:51 620 [INFO,train:89]         epoch 0 age 1: 0.170 36.29
21/01/04 18:25:52 484 [INFO,train:89]         epoch 0 age 2: 0.160 35.98
21/01/04 18:25:52 488 [INFO,train:46] gc len at 1: 68328
21/01/04 18:26:29 159 [INFO,train:82] 1: 0.177 36.09 6656 104
21/01/04 18:26:29 159 [INFO,train:89]         epoch 1 age 0: 0.168 36.03
21/01/04 18:26:30 907 [INFO,train:89]         epoch 1 age 1: 0.162 34.55
21/01/04 18:26:32 652 [INFO,train:89]         epoch 1 age 2: 0.153 33.28
21/01/04 18:26:32 658 [INFO,train:46] gc len at 2: 89530
21/01/04 18:27:09 503 [INFO,train:82] 2: 0.419 34.41 9984 156
21/01/04 18:27:09 504 [INFO,train:89]         epoch 2 age 0: 0.242 33.66
21/01/04 18:27:12 137 [INFO,train:89]         epoch 2 age 1: 0.229 31.99
21/01/04 18:27:14 762 [INFO,train:89]         epoch 2 age 2: 0.219 29.47
21/01/04 18:27:14 769 [INFO,train:46] gc len at 3: 113121
21/01/04 18:27:52 143 [INFO,train:82] 3: 0.268 29.70 13312 208
21/01/04 18:27:52 143 [INFO,train:89]         epoch 3 age 0: 0.231 29.53
21/01/04 18:27:55 639 [INFO,train:89]         epoch 3 age 1: 0.221 26.12
21/01/04 18:27:59 139 [INFO,train:89]         epoch 3 age 2: 0.213 22.87
21/01/04 18:27:59 147 [INFO,train:46] gc len at 4: 126952
21/01/04 18:28:38 577 [INFO,train:82] 4: 0.249 33.29 16640 260
21/01/04 18:28:38 578 [INFO,train:89]         epoch 4 age 0: 0.220 24.95
21/01/04 18:28:42 945 [INFO,train:89]         epoch 4 age 1: 0.207 21.33
21/01/04 18:28:47 329 [INFO,train:89]         epoch 4 age 2: 0.195 19.08
21/01/04 18:28:47 339 [INFO,train:46] gc len at 5: 140245
21/01/04 18:29:27 229 [INFO,train:82] 5: 0.416 39.53 19968 312
21/01/04 18:29:27 229 [INFO,train:89]         epoch 5 age 0: 0.232 22.49
21/01/04 18:29:32 494 [INFO,train:89]         epoch 5 age 1: 0.217 19.37
21/01/04 18:29:37 756 [INFO,train:89]         epoch 5 age 2: 0.206 17.06
21/01/04 18:33:00 399 [INFO,train:46] gc len at 10: 170149
21/01/04 18:33:40 672 [INFO,train:82] 10: 0.412 28.40 19968 312
21/01/04 18:33:40 672 [INFO,train:89]         epoch 10 age 0: 0.313 19.18
21/01/04 18:33:45 932 [INFO,train:89]         epoch 10 age 1: 0.280 15.28
21/01/04 18:33:51 200 [INFO,train:89]         epoch 10 age 2: 0.263 12.74
21/01/04 18:37:13 039 [INFO,train:46] gc len at 15: 162272
21/01/04 18:37:31 790 [INFO,benchmark:289] benchmark at epoch 0's result: -227.39 7.92
21/01/04 18:37:53 112 [INFO,train:82] 15: 0.383 34.43 19968 312
21/01/04 18:37:53 112 [INFO,train:89]         epoch 15 age 0: 0.269 18.47
21/01/04 18:37:58 360 [INFO,train:89]         epoch 15 age 1: 0.225 13.27
21/01/04 18:38:03 599 [INFO,train:89]         epoch 15 age 2: 0.203 10.89
21/01/04 18:41:23 000 [INFO,train:46] gc len at 20: 166998
21/01/04 18:42:04 128 [INFO,train:82] 20: 0.400 31.31 19968 312
21/01/04 18:42:04 128 [INFO,train:89]         epoch 20 age 0: 0.251 17.07
21/01/04 18:42:09 375 [INFO,train:89]         epoch 20 age 1: 0.193 12.13
21/01/04 18:42:14 624 [INFO,train:89]         epoch 20 age 2: 0.174 9.93
21/01/04 18:45:34 259 [INFO,train:46] gc len at 25: 162186
21/01/04 18:46:14 323 [INFO,train:82] 25: 0.401 30.33 19968 312
21/01/04 18:46:14 324 [INFO,train:89]         epoch 25 age 0: 0.237 16.07
21/01/04 18:46:19 569 [INFO,train:89]         epoch 25 age 1: 0.177 10.74
21/01/04 18:46:24 817 [INFO,train:89]         epoch 25 age 2: 0.154 8.71
21/01/04 18:58:10 440 [INFO,train:46] gc len at 40: 174088
21/01/04 18:58:50 395 [INFO,train:82] 40: 0.387 30.15 19968 312
21/01/04 18:58:50 396 [INFO,train:89]         epoch 40 age 0: 0.217 15.40
21/01/04 18:58:55 639 [INFO,train:89]         epoch 40 age 1: 0.151 9.97
21/01/04 18:59:00 873 [INFO,train:89]         epoch 40 age 2: 0.130 8.20
21/01/04 19:15:00 502 [INFO,train:46] gc len at 60: 153710
21/01/04 19:15:40 750 [INFO,train:82] 60: 0.408 31.80 19968 312
21/01/04 19:15:40 750 [INFO,train:89]         epoch 60 age 0: 0.213 15.56
21/01/04 19:15:45 993 [INFO,train:89]         epoch 60 age 1: 0.145 10.03
21/01/04 19:15:51 254 [INFO,train:89]         epoch 60 age 2: 0.120 7.81
21/01/04 19:31:49 352 [INFO,train:46] gc len at 80: 175494
21/01/04 19:31:49 768 [INFO,benchmark:264] start benchmark against MrGreed for 512x2
21/01/04 19:32:29 828 [INFO,train:82] 80: 0.375 28.26 19968 312
21/01/04 19:32:29 828 [INFO,train:89]         epoch 80 age 0: 0.198 14.18
21/01/04 19:32:35 109 [INFO,train:89]         epoch 80 age 1: 0.135 8.55
21/01/04 19:32:40 342 [INFO,train:89]         epoch 80 age 2: 0.113 6.92
21/01/04 19:43:46 786 [INFO,benchmark:289] benchmark at epoch 80's result: -109.11 8.11
21/01/04 19:48:46 945 [INFO,train:46] gc len at 100: 170064
21/01/04 19:49:26 811 [INFO,train:82] 100: 0.399 30.79 19968 312
21/01/04 19:49:26 812 [INFO,train:89]         epoch 100 age 0: 0.209 15.00
21/01/04 19:49:32 052 [INFO,train:89]         epoch 100 age 1: 0.136 9.17
21/01/04 19:49:37 312 [INFO,train:89]         epoch 100 age 2: 0.111 6.91
21/01/04 20:05:44 105 [INFO,train:46] gc len at 120: 152324
21/01/04 20:06:24 275 [INFO,train:82] 120: 0.387 28.33 19968 312
21/01/04 20:06:24 275 [INFO,train:89]         epoch 120 age 0: 0.204 14.20
21/01/04 20:06:29 562 [INFO,train:89]         epoch 120 age 1: 0.136 8.53
21/01/04 20:06:34 822 [INFO,train:89]         epoch 120 age 2: 0.111 6.64
21/01/04 20:22:48 234 [INFO,train:46] gc len at 140: 176354
21/01/04 20:23:28 544 [INFO,train:82] 140: 0.420 32.03 19968 312
21/01/04 20:23:28 544 [INFO,train:89]         epoch 140 age 0: 0.216 15.37
21/01/04 20:23:33 822 [INFO,train:89]         epoch 140 age 1: 0.143 9.59
21/01/04 20:23:39 125 [INFO,train:89]         epoch 140 age 2: 0.116 7.25
21/01/04 20:39:51 529 [INFO,train:46] gc len at 160: 177235
21/01/04 20:39:51 986 [INFO,benchmark:264] start benchmark against MrGreed for 512x2
21/01/04 20:40:32 415 [INFO,train:82] 160: 0.407 29.03 19968 312
21/01/04 20:40:32 415 [INFO,train:89]         epoch 160 age 0: 0.212 14.02
21/01/04 20:40:37 673 [INFO,train:89]         epoch 160 age 1: 0.138 8.62
21/01/04 20:40:42 934 [INFO,train:89]         epoch 160 age 2: 0.112 6.73
21/01/04 20:52:06 867 [INFO,benchmark:289] benchmark at epoch 160's result: -66.75 8.63
21/01/04 20:56:59 006 [INFO,train:46] gc len at 180: 177050
21/01/04 20:57:39 675 [INFO,train:82] 180: 0.396 24.16 19968 312
21/01/04 20:57:39 675 [INFO,train:89]         epoch 180 age 0: 0.207 12.67
21/01/04 20:57:44 941 [INFO,train:89]         epoch 180 age 1: 0.135 7.83
21/01/04 20:57:50 191 [INFO,train:89]         epoch 180 age 2: 0.109 6.36
21/01/04 21:14:06 011 [INFO,train:46] gc len at 200: 151744
21/01/04 21:14:45 938 [INFO,train:82] 200: 0.421 27.23 19968 312
21/01/04 21:14:45 938 [INFO,train:89]         epoch 200 age 0: 0.214 13.43
21/01/04 21:14:51 196 [INFO,train:89]         epoch 200 age 1: 0.140 8.28
21/01/04 21:14:56 469 [INFO,train:89]         epoch 200 age 2: 0.114 6.12
21/01/04 21:31:13 683 [INFO,train:46] gc len at 220: 154621
21/01/04 21:31:54 719 [INFO,train:82] 220: 0.399 29.73 19968 312
21/01/04 21:31:54 719 [INFO,train:89]         epoch 220 age 0: 0.208 14.04
21/01/04 21:32:00 420 [INFO,train:89]         epoch 220 age 1: 0.137 8.40
21/01/04 21:32:06 210 [INFO,train:89]         epoch 220 age 2: 0.111 6.51
21/01/04 21:48:23 137 [INFO,train:46] gc len at 240: 153387
21/01/04 21:48:23 606 [INFO,benchmark:264] start benchmark against MrGreed for 512x2
21/01/04 21:49:04 480 [INFO,train:82] 240: 0.407 30.46 19968 312
21/01/04 21:49:04 480 [INFO,train:89]         epoch 240 age 0: 0.212 14.73
21/01/04 21:49:09 725 [INFO,train:89]         epoch 240 age 1: 0.138 9.26
21/01/04 21:49:14 989 [INFO,train:89]         epoch 240 age 2: 0.110 7.28
21/01/04 22:01:47 916 [INFO,benchmark:289] benchmark at epoch 240's result: -79.83 8.35
21/01/04 22:05:32 652 [INFO,train:46] gc len at 260: 175335
21/01/04 22:06:13 898 [INFO,train:82] 260: 0.417 28.40 19968 312
21/01/04 22:06:13 898 [INFO,train:89]         epoch 260 age 0: 0.214 13.71
21/01/04 22:06:19 157 [INFO,train:89]         epoch 260 age 1: 0.140 8.29
21/01/04 22:06:24 409 [INFO,train:89]         epoch 260 age 2: 0.115 6.44
21/01/04 22:22:33 663 [INFO,train:46] gc len at 280: 177518
21/01/04 22:23:14 477 [INFO,train:82] 280: 0.423 27.93 19968 312
21/01/04 22:23:14 478 [INFO,train:89]         epoch 280 age 0: 0.219 13.67
21/01/04 22:23:19 685 [INFO,train:89]         epoch 280 age 1: 0.144 8.04
21/01/04 22:23:24 912 [INFO,train:89]         epoch 280 age 2: 0.116 6.18
21/01/04 22:39:40 388 [INFO,train:46] gc len at 300: 157532
21/01/04 22:40:21 323 [INFO,train:82] 300: 0.418 29.89 19968 312
21/01/04 22:40:21 323 [INFO,train:89]         epoch 300 age 0: 0.214 13.99
21/01/04 22:40:26 585 [INFO,train:89]         epoch 300 age 1: 0.140 8.61
21/01/04 22:40:31 832 [INFO,train:89]         epoch 300 age 2: 0.113 6.63
21/01/04 22:56:48 820 [INFO,train:46] gc len at 320: 179711
21/01/04 22:56:49 253 [INFO,benchmark:264] start benchmark against MrGreed for 512x2
21/01/04 22:57:30 077 [INFO,train:82] 320: 0.438 28.05 19968 312
21/01/04 22:57:30 077 [INFO,train:89]         epoch 320 age 0: 0.223 13.53
21/01/04 22:57:35 342 [INFO,train:89]         epoch 320 age 1: 0.144 8.56
21/01/04 22:57:40 604 [INFO,train:89]         epoch 320 age 2: 0.116 6.39
21/01/04 23:09:51 544 [INFO,benchmark:289] benchmark at epoch 320's result: -61.03 8.04
21/01/04 23:14:01 612 [INFO,train:46] gc len at 340: 157528
21/01/04 23:14:41 879 [INFO,train:82] 340: 0.440 26.58 19968 312
21/01/04 23:14:41 879 [INFO,train:89]         epoch 340 age 0: 0.224 12.93
21/01/04 23:14:47 114 [INFO,train:89]         epoch 340 age 1: 0.148 7.76
21/01/04 23:14:52 365 [INFO,train:89]         epoch 340 age 2: 0.118 6.07
21/01/04 23:31:15 508 [INFO,train:46] gc len at 360: 156080
21/01/04 23:31:56 348 [INFO,train:82] 360: 0.437 27.32 19968 312
21/01/04 23:31:56 349 [INFO,train:89]         epoch 360 age 0: 0.224 13.32
21/01/04 23:32:02 145 [INFO,train:89]         epoch 360 age 1: 0.146 8.06
21/01/04 23:32:07 000 [INFO,train:89]         epoch 360 age 2: 0.117 6.37
21/01/04 23:48:28 030 [INFO,train:46] gc len at 380: 179195
21/01/04 23:49:09 227 [INFO,train:82] 380: 0.435 25.83 19968 312
21/01/04 23:49:09 227 [INFO,train:89]         epoch 380 age 0: 0.223 12.93
21/01/04 23:49:14 487 [INFO,train:89]         epoch 380 age 1: 0.149 7.69
21/01/04 23:49:19 740 [INFO,train:89]         epoch 380 age 2: 0.118 6.10
21/01/05 00:05:41 258 [INFO,train:46] gc len at 400: 174313
21/01/05 00:05:41 687 [INFO,benchmark:264] start benchmark against MrGreed for 512x2
21/01/05 00:06:21 987 [INFO,train:82] 400: 0.457 28.29 19968 312
21/01/05 00:06:21 987 [INFO,train:89]         epoch 400 age 0: 0.230 13.53
21/01/05 00:06:27 230 [INFO,train:89]         epoch 400 age 1: 0.146 8.36
21/01/05 00:06:32 487 [INFO,train:89]         epoch 400 age 2: 0.118 6.24
21/01/05 00:17:39 740 [INFO,benchmark:289] benchmark at epoch 400's result: -37.88 8.07
21/01/05 00:22:55 429 [INFO,train:46] gc len at 420: 175325
21/01/05 00:23:35 612 [INFO,train:82] 420: 0.436 26.72 19968 312
21/01/05 00:23:35 612 [INFO,train:89]         epoch 420 age 0: 0.224 12.84
21/01/05 00:23:40 856 [INFO,train:89]         epoch 420 age 1: 0.144 7.94
21/01/05 00:23:46 120 [INFO,train:89]         epoch 420 age 2: 0.115 6.20
21/01/05 00:39:57 648 [INFO,train:46] gc len at 440: 158812
21/01/05 00:40:38 852 [INFO,train:82] 440: 0.428 28.06 19968 312
21/01/05 00:40:38 852 [INFO,train:89]         epoch 440 age 0: 0.222 13.78
21/01/05 00:40:44 104 [INFO,train:89]         epoch 440 age 1: 0.144 8.38
21/01/05 00:40:49 347 [INFO,train:89]         epoch 440 age 2: 0.115 6.38
21/01/05 00:57:03 778 [INFO,train:46] gc len at 460: 153635
21/01/05 00:57:44 430 [INFO,train:82] 460: 0.440 28.76 19968 312
21/01/05 00:57:44 430 [INFO,train:89]         epoch 460 age 0: 0.223 13.70
21/01/05 00:57:49 689 [INFO,train:89]         epoch 460 age 1: 0.144 8.54
21/01/05 00:57:54 944 [INFO,train:89]         epoch 460 age 2: 0.115 6.33
21/01/05 01:14:07 929 [INFO,train:46] gc len at 480: 151526
21/01/05 01:14:08 353 [INFO,benchmark:264] start benchmark against MrGreed for 512x2
21/01/05 01:14:48 268 [INFO,train:82] 480: 0.416 24.54 19968 312
21/01/05 01:14:48 268 [INFO,train:89]         epoch 480 age 0: 0.212 12.20
21/01/05 01:14:53 542 [INFO,train:89]         epoch 480 age 1: 0.139 7.26
21/01/05 01:14:58 822 [INFO,train:89]         epoch 480 age 2: 0.111 5.76
21/01/05 01:26:29 754 [INFO,benchmark:289] benchmark at epoch 480's result: -64.94 8.22
21/01/05 01:31:20 111 [INFO,train:46] gc len at 500: 177037
21/01/05 01:32:00 276 [INFO,train:82] 500: 0.438 26.15 19968 312
21/01/05 01:32:00 276 [INFO,train:89]         epoch 500 age 0: 0.223 12.57
21/01/05 01:32:05 515 [INFO,train:89]         epoch 500 age 1: 0.144 7.61
21/01/05 01:32:10 646 [INFO,train:89]         epoch 500 age 2: 0.116 6.03
21/01/05 01:48:36 293 [INFO,train:46] gc len at 520: 156697
21/01/05 01:49:16 983 [INFO,train:82] 520: 0.407 27.76 19968 312
21/01/05 01:49:16 984 [INFO,train:89]         epoch 520 age 0: 0.211 13.65
21/01/05 01:49:22 247 [INFO,train:89]         epoch 520 age 1: 0.137 8.14
21/01/05 01:49:27 505 [INFO,train:89]         epoch 520 age 2: 0.109 6.22
21/01/05 02:05:50 158 [INFO,train:46] gc len at 540: 152542
21/01/05 02:06:30 871 [INFO,train:82] 540: 0.433 26.31 19968 312
21/01/05 02:06:30 871 [INFO,train:89]         epoch 540 age 0: 0.218 12.58
21/01/05 02:06:36 099 [INFO,train:89]         epoch 540 age 1: 0.139 7.57
21/01/05 02:06:41 334 [INFO,train:89]         epoch 540 age 2: 0.110 5.80
21/01/05 02:23:02 363 [INFO,train:46] gc len at 560: 156225
21/01/05 02:23:02 818 [INFO,benchmark:264] start benchmark against MrGreed for 512x2
21/01/05 02:23:42 941 [INFO,train:82] 560: 0.425 28.76 19968 312
21/01/05 02:23:42 941 [INFO,train:89]         epoch 560 age 0: 0.214 13.47
21/01/05 02:23:48 224 [INFO,train:89]         epoch 560 age 1: 0.135 8.15
21/01/05 02:23:53 582 [INFO,train:89]         epoch 560 age 2: 0.108 6.08
21/01/05 02:35:42 496 [INFO,benchmark:289] benchmark at epoch 560's result: -36.76 8.04
21/01/05 02:40:17 766 [INFO,train:46] gc len at 580: 176418
21/01/05 02:40:58 950 [INFO,train:82] 580: 0.413 25.39 19968 312
21/01/05 02:40:58 951 [INFO,train:89]         epoch 580 age 0: 0.209 12.32
21/01/05 02:41:04 199 [INFO,train:89]         epoch 580 age 1: 0.134 7.34
21/01/05 02:41:09 468 [INFO,train:89]         epoch 580 age 2: 0.106 5.73
21/01/05 02:57:26 208 [INFO,train:46] gc len at 600: 157753
21/01/05 02:58:07 281 [INFO,train:82] 600: 0.414 24.40 19968 312
21/01/05 02:58:07 281 [INFO,train:89]         epoch 600 age 0: 0.210 12.23
21/01/05 02:58:12 508 [INFO,train:89]         epoch 600 age 1: 0.135 7.56
21/01/05 02:58:17 737 [INFO,train:89]         epoch 600 age 2: 0.109 5.96
21/01/05 03:14:35 138 [INFO,train:46] gc len at 620: 154985
21/01/05 03:15:15 422 [INFO,train:82] 620: 0.415 27.16 19968 312
21/01/05 03:15:15 422 [INFO,train:89]         epoch 620 age 0: 0.210 12.94
21/01/05 03:15:20 674 [INFO,train:89]         epoch 620 age 1: 0.136 7.72
21/01/05 03:15:25 912 [INFO,train:89]         epoch 620 age 2: 0.107 6.02
21/01/05 03:31:45 682 [INFO,train:46] gc len at 640: 153346
21/01/05 03:31:46 139 [INFO,benchmark:264] start benchmark against MrGreed for 512x2
21/01/05 03:32:26 482 [INFO,train:82] 640: 0.390 24.92 19968 312
21/01/05 03:32:26 482 [INFO,train:89]         epoch 640 age 0: 0.200 12.76
21/01/05 03:32:31 726 [INFO,train:89]         epoch 640 age 1: 0.131 7.82
21/01/05 03:32:36 972 [INFO,train:89]         epoch 640 age 2: 0.104 6.11
21/01/05 03:45:32 220 [INFO,benchmark:289] benchmark at epoch 640's result: -32.40 8.20
21/01/05 03:48:56 236 [INFO,train:46] gc len at 660: 161750
21/01/05 03:49:37 917 [INFO,train:82] 660: 0.412 25.69 19968 312
21/01/05 03:49:37 917 [INFO,train:89]         epoch 660 age 0: 0.205 12.54
21/01/05 03:49:43 180 [INFO,train:89]         epoch 660 age 1: 0.129 7.41
21/01/05 03:49:48 449 [INFO,train:89]         epoch 660 age 2: 0.102 5.87
21/01/05 04:06:10 624 [INFO,train:46] gc len at 680: 161890
21/01/05 04:06:50 743 [INFO,train:82] 680: 0.417 28.63 19968 312
21/01/05 04:06:50 743 [INFO,train:89]         epoch 680 age 0: 0.207 13.20
21/01/05 04:06:56 009 [INFO,train:89]         epoch 680 age 1: 0.128 8.05
21/01/05 04:07:01 593 [INFO,train:89]         epoch 680 age 2: 0.098 5.74
21/01/05 04:23:27 131 [INFO,train:46] gc len at 700: 155164
21/01/05 04:24:07 722 [INFO,train:82] 700: 0.415 25.80 19968 312
21/01/05 04:24:07 722 [INFO,train:89]         epoch 700 age 0: 0.203 12.29
21/01/05 04:24:12 970 [INFO,train:89]         epoch 700 age 1: 0.126 7.28
21/01/05 04:24:18 223 [INFO,train:89]         epoch 700 age 2: 0.100 5.46
21/01/05 04:40:34 015 [INFO,train:46] gc len at 720: 156356
21/01/05 04:40:34 454 [INFO,benchmark:264] start benchmark against MrGreed for 512x2
21/01/05 04:41:15 525 [INFO,train:82] 720: 0.422 27.74 19968 312
21/01/05 04:41:15 525 [INFO,train:89]         epoch 720 age 0: 0.206 13.02
21/01/05 04:41:20 781 [INFO,train:89]         epoch 720 age 1: 0.130 7.72
21/01/05 04:41:26 037 [INFO,train:89]         epoch 720 age 2: 0.100 5.63
21/01/05 04:53:23 010 [INFO,benchmark:289] benchmark at epoch 720's result: -28.63 8.27
21/01/05 04:57:45 031 [INFO,train:46] gc len at 740: 176634
21/01/05 04:58:25 426 [INFO,train:82] 740: 0.405 24.83 19968 312
21/01/05 04:58:25 426 [INFO,train:89]         epoch 740 age 0: 0.200 11.84
21/01/05 04:58:30 767 [INFO,train:89]         epoch 740 age 1: 0.123 7.02
21/01/05 04:58:36 030 [INFO,train:89]         epoch 740 age 2: 0.097 5.47
21/01/05 05:14:53 538 [INFO,train:46] gc len at 760: 172537
21/01/05 05:15:34 666 [INFO,train:82] 760: 0.403 25.10 19968 312
21/01/05 05:15:34 667 [INFO,train:89]         epoch 760 age 0: 0.194 12.05
21/01/05 05:15:39 930 [INFO,train:89]         epoch 760 age 1: 0.117 7.35
21/01/05 05:15:45 193 [INFO,train:89]         epoch 760 age 2: 0.090 5.50
21/01/05 05:32:02 069 [INFO,train:46] gc len at 780: 155605
21/01/05 05:32:42 949 [INFO,train:82] 780: 0.394 25.54 19968 312
21/01/05 05:32:42 949 [INFO,train:89]         epoch 780 age 0: 0.193 12.47
21/01/05 05:32:48 212 [INFO,train:89]         epoch 780 age 1: 0.116 7.31
21/01/05 05:32:53 473 [INFO,train:89]         epoch 780 age 2: 0.091 5.70
21/01/05 05:49:18 726 [INFO,train:46] gc len at 800: 156514
21/01/05 05:49:19 169 [INFO,benchmark:264] start benchmark against MrGreed for 512x2
21/01/05 05:49:59 457 [INFO,train:82] 800: 0.401 24.08 19968 312
21/01/05 05:49:59 457 [INFO,train:89]         epoch 800 age 0: 0.193 11.99
21/01/05 05:50:04 727 [INFO,train:89]         epoch 800 age 1: 0.117 7.07
21/01/05 05:50:09 982 [INFO,train:89]         epoch 800 age 2: 0.091 5.47
21/01/05 06:01:38 015 [INFO,benchmark:289] benchmark at epoch 800's result: -43.09 7.90
21/01/05 06:06:28 026 [INFO,train:46] gc len at 820: 156806
21/01/05 06:07:08 590 [INFO,train:82] 820: 0.403 27.75 19968 312
21/01/05 06:07:08 590 [INFO,train:89]         epoch 820 age 0: 0.192 13.04
21/01/05 06:07:13 830 [INFO,train:89]         epoch 820 age 1: 0.113 7.80
21/01/05 06:07:19 648 [INFO,train:89]         epoch 820 age 2: 0.087 5.66
21/01/05 06:23:39 883 [INFO,train:46] gc len at 840: 152325
21/01/05 06:24:20 828 [INFO,train:82] 840: 0.399 24.18 19968 312
21/01/05 06:24:20 828 [INFO,train:89]         epoch 840 age 0: 0.191 11.79
21/01/05 06:24:26 091 [INFO,train:89]         epoch 840 age 1: 0.113 6.96
21/01/05 06:24:31 346 [INFO,train:89]         epoch 840 age 2: 0.087 5.35
21/01/05 06:40:54 271 [INFO,train:46] gc len at 860: 179168
21/01/05 06:41:35 089 [INFO,train:82] 860: 0.390 26.65 19968 312
21/01/05 06:41:35 089 [INFO,train:89]         epoch 860 age 0: 0.186 12.62
21/01/05 06:41:40 337 [INFO,train:89]         epoch 860 age 1: 0.110 7.77
21/01/05 06:41:45 581 [INFO,train:89]         epoch 860 age 2: 0.083 5.92
21/01/05 06:58:04 177 [INFO,train:46] gc len at 880: 164842
21/01/05 06:58:04 632 [INFO,benchmark:264] start benchmark against MrGreed for 512x2
21/01/05 06:58:45 343 [INFO,train:82] 880: 0.416 24.60 19968 312
21/01/05 06:58:45 343 [INFO,train:89]         epoch 880 age 0: 0.196 11.96
21/01/05 06:58:50 596 [INFO,train:89]         epoch 880 age 1: 0.116 7.10
21/01/05 06:58:55 841 [INFO,train:89]         epoch 880 age 2: 0.088 5.50
21/01/05 07:10:11 143 [INFO,benchmark:289] benchmark at epoch 880's result: -44.92 7.97
21/01/05 07:15:13 892 [INFO,train:46] gc len at 900: 166939
21/01/05 07:15:55 079 [INFO,train:82] 900: 0.415 28.74 19968 312
21/01/05 07:15:55 079 [INFO,train:89]         epoch 900 age 0: 0.194 13.52
21/01/05 07:16:00 340 [INFO,train:89]         epoch 900 age 1: 0.113 8.10
21/01/05 07:16:05 595 [INFO,train:89]         epoch 900 age 2: 0.085 5.95
21/01/05 07:32:25 225 [INFO,train:46] gc len at 920: 152210
21/01/05 07:33:06 656 [INFO,train:82] 920: 0.411 25.45 19968 312
21/01/05 07:33:06 656 [INFO,train:89]         epoch 920 age 0: 0.194 12.74
21/01/05 07:33:11 918 [INFO,train:89]         epoch 920 age 1: 0.114 7.45
21/01/05 07:33:17 167 [INFO,train:89]         epoch 920 age 2: 0.085 5.71
21/01/05 07:49:36 622 [INFO,train:46] gc len at 940: 153856
21/01/05 07:50:16 595 [INFO,train:82] 940: 0.419 27.13 19968 312
21/01/05 07:50:16 595 [INFO,train:89]         epoch 940 age 0: 0.198 13.08
21/01/05 07:50:21 857 [INFO,train:89]         epoch 940 age 1: 0.116 7.97
21/01/05 07:50:27 115 [INFO,train:89]         epoch 940 age 2: 0.089 6.20
21/01/05 08:06:41 198 [INFO,train:46] gc len at 960: 150506
21/01/05 08:06:41 625 [INFO,benchmark:264] start benchmark against MrGreed for 512x2
21/01/05 08:07:21 731 [INFO,train:82] 960: 0.388 25.90 19968 312
21/01/05 08:07:21 731 [INFO,train:89]         epoch 960 age 0: 0.186 12.47
21/01/05 08:07:26 951 [INFO,train:89]         epoch 960 age 1: 0.110 7.19
21/01/05 08:07:32 161 [INFO,train:89]         epoch 960 age 2: 0.085 5.45
21/01/05 08:19:27 905 [INFO,benchmark:289] benchmark at epoch 960's result: -38.90 8.08
21/01/05 08:23:59 349 [INFO,train:46] gc len at 980: 152690
21/01/05 08:24:40 508 [INFO,train:82] 980: 0.403 27.69 19968 312
21/01/05 08:24:40 508 [INFO,train:89]         epoch 980 age 0: 0.190 13.28
21/01/05 08:24:45 770 [INFO,train:89]         epoch 980 age 1: 0.112 7.90
21/01/05 08:24:51 022 [INFO,train:89]         epoch 980 age 2: 0.085 6.06
21/01/05 08:41:18 055 [INFO,train:46] gc len at 1000: 158872
21/01/05 08:41:59 283 [INFO,train:82] 1000: 0.410 27.12 19968 312
21/01/05 08:41:59 283 [INFO,train:89]         epoch 1000 age 0: 0.194 12.94
21/01/05 08:42:04 535 [INFO,train:89]         epoch 1000 age 1: 0.112 7.76
21/01/05 08:42:09 949 [INFO,train:89]         epoch 1000 age 2: 0.086 5.95
21/01/05 08:58:33 495 [INFO,train:46] gc len at 1020: 153421
21/01/05 08:59:13 634 [INFO,train:82] 1020: 0.375 26.80 19968 312
21/01/05 08:59:13 634 [INFO,train:89]         epoch 1020 age 0: 0.181 12.58
21/01/05 08:59:18 996 [INFO,train:89]         epoch 1020 age 1: 0.107 7.40
21/01/05 08:59:24 786 [INFO,train:89]         epoch 1020 age 2: 0.083 5.52
21/01/05 09:15:48 344 [INFO,train:46] gc len at 1040: 154474
21/01/05 09:15:48 816 [INFO,benchmark:264] start benchmark against MrGreed for 512x2
21/01/05 09:16:29 923 [INFO,train:82] 1040: 0.392 25.96 19968 312
21/01/05 09:16:29 923 [INFO,train:89]         epoch 1040 age 0: 0.187 12.54
21/01/05 09:16:35 171 [INFO,train:89]         epoch 1040 age 1: 0.109 7.53
21/01/05 09:16:40 400 [INFO,train:89]         epoch 1040 age 2: 0.083 5.75
21/01/05 09:29:48 183 [INFO,benchmark:289] benchmark at epoch 1040's result: -12.04 7.95
21/01/05 09:33:05 380 [INFO,train:46] gc len at 1060: 177582
21/01/05 09:33:45 394 [INFO,train:82] 1060: 0.383 24.74 19968 312
21/01/05 09:33:45 394 [INFO,train:89]         epoch 1060 age 0: 0.182 11.95
21/01/05 09:33:50 697 [INFO,train:89]         epoch 1060 age 1: 0.106 7.03
21/01/05 09:33:56 554 [INFO,train:89]         epoch 1060 age 2: 0.081 5.28
21/01/05 09:50:14 195 [INFO,train:46] gc len at 1080: 176786
21/01/05 09:50:54 080 [INFO,train:82] 1080: 0.394 25.03 19968 312
21/01/05 09:50:54 080 [INFO,train:89]         epoch 1080 age 0: 0.189 12.00
21/01/05 09:50:59 924 [INFO,train:89]         epoch 1080 age 1: 0.107 7.15
21/01/05 09:51:05 652 [INFO,train:89]         epoch 1080 age 2: 0.082 5.32
21/01/05 10:07:31 645 [INFO,train:46] gc len at 1100: 178421
21/01/05 10:08:12 244 [INFO,train:82] 1100: 0.369 26.45 19968 312
21/01/05 10:08:12 244 [INFO,train:89]         epoch 1100 age 0: 0.177 12.47
21/01/05 10:08:18 037 [INFO,train:89]         epoch 1100 age 1: 0.104 7.29
21/01/05 10:08:23 804 [INFO,train:89]         epoch 1100 age 2: 0.079 5.37
21/01/05 10:24:48 800 [INFO,train:46] gc len at 1120: 169913
21/01/05 10:24:49 241 [INFO,benchmark:264] start benchmark against MrGreed for 512x2
21/01/05 10:25:30 263 [INFO,train:82] 1120: 0.394 26.47 19968 312
21/01/05 10:25:30 263 [INFO,train:89]         epoch 1120 age 0: 0.184 12.47
21/01/05 10:25:35 550 [INFO,train:89]         epoch 1120 age 1: 0.105 7.44
21/01/05 10:25:40 820 [INFO,train:89]         epoch 1120 age 2: 0.079 5.50
21/01/05 10:37:21 060 [INFO,benchmark:289] benchmark at epoch 1120's result: -10.82 7.93
21/01/05 10:42:01 543 [INFO,train:46] gc len at 1140: 156656
21/01/05 10:42:42 229 [INFO,train:82] 1140: 0.378 24.34 19968 312
21/01/05 10:42:42 229 [INFO,train:89]         epoch 1140 age 0: 0.179 12.07
21/01/05 10:42:47 490 [INFO,train:89]         epoch 1140 age 1: 0.105 7.12
21/01/05 10:42:52 743 [INFO,train:89]         epoch 1140 age 2: 0.081 5.39
21/01/05 10:59:16 739 [INFO,train:46] gc len at 1160: 156289
21/01/05 10:59:58 453 [INFO,train:82] 1160: 0.424 28.26 19968 312
21/01/05 10:59:58 453 [INFO,train:89]         epoch 1160 age 0: 0.196 13.19
21/01/05 11:00:04 271 [INFO,train:89]         epoch 1160 age 1: 0.112 7.69
21/01/05 11:00:10 044 [INFO,train:89]         epoch 1160 age 2: 0.083 5.72
21/01/05 11:16:35 425 [INFO,train:46] gc len at 1180: 175319
21/01/05 11:17:16 369 [INFO,train:82] 1180: 0.395 25.11 19968 312
21/01/05 11:17:16 370 [INFO,train:89]         epoch 1180 age 0: 0.185 12.14
21/01/05 11:17:21 603 [INFO,train:89]         epoch 1180 age 1: 0.107 7.21
21/01/05 11:17:26 845 [INFO,train:89]         epoch 1180 age 2: 0.080 5.40
21/01/05 11:33:56 480 [INFO,train:46] gc len at 1200: 152626
21/01/05 11:33:56 923 [INFO,benchmark:264] start benchmark against MrGreed for 512x2
21/01/05 11:34:37 863 [INFO,train:82] 1200: 0.406 25.45 19968 312
21/01/05 11:34:37 863 [INFO,train:89]         epoch 1200 age 0: 0.190 12.21
21/01/05 11:34:43 129 [INFO,train:89]         epoch 1200 age 1: 0.112 7.33
21/01/05 11:34:48 382 [INFO,train:89]         epoch 1200 age 2: 0.084 5.72
21/01/05 11:46:03 347 [INFO,benchmark:289] benchmark at epoch 1200's result: -7.12 7.89
21/01/05 11:51:14 803 [INFO,train:46] gc len at 1220: 176785
21/01/05 11:51:55 437 [INFO,train:82] 1220: 0.412 26.77 19968 312
21/01/05 11:51:55 437 [INFO,train:89]         epoch 1220 age 0: 0.191 12.56
21/01/05 11:52:00 706 [INFO,train:89]         epoch 1220 age 1: 0.108 7.25
21/01/05 11:52:06 280 [INFO,train:89]         epoch 1220 age 2: 0.081 5.41
21/01/05 12:08:31 495 [INFO,train:46] gc len at 1240: 176203
21/01/05 12:09:12 318 [INFO,train:82] 1240: 0.419 26.96 19968 312
21/01/05 12:09:12 318 [INFO,train:89]         epoch 1240 age 0: 0.193 12.57
21/01/05 12:09:17 567 [INFO,train:89]         epoch 1240 age 1: 0.109 7.37
21/01/05 12:09:22 822 [INFO,train:89]         epoch 1240 age 2: 0.080 5.59
21/01/05 12:25:45 574 [INFO,train:46] gc len at 1260: 179166
21/01/05 12:26:26 880 [INFO,train:82] 1260: 0.404 25.85 19968 312
21/01/05 12:26:26 881 [INFO,train:89]         epoch 1260 age 0: 0.188 12.21
21/01/05 12:26:32 135 [INFO,train:89]         epoch 1260 age 1: 0.108 7.17
21/01/05 12:26:37 387 [INFO,train:89]         epoch 1260 age 2: 0.081 5.43
21/01/05 12:42:54 910 [INFO,train:46] gc len at 1280: 152876
21/01/05 12:42:55 343 [INFO,benchmark:264] start benchmark against MrGreed for 512x2
21/01/05 12:43:35 814 [INFO,train:82] 1280: 0.384 25.40 19968 312
21/01/05 12:43:35 814 [INFO,train:89]         epoch 1280 age 0: 0.180 12.11
21/01/05 12:43:41 077 [INFO,train:89]         epoch 1280 age 1: 0.102 7.19
21/01/05 12:43:46 337 [INFO,train:89]         epoch 1280 age 2: 0.078 5.46
21/01/05 12:55:06 239 [INFO,benchmark:289] benchmark at epoch 1280's result: -9.52 8.02
21/01/05 13:00:03 908 [INFO,train:46] gc len at 1300: 155197
21/01/05 13:00:44 489 [INFO,train:82] 1300: 0.371 25.63 19968 312
21/01/05 13:00:44 489 [INFO,train:89]         epoch 1300 age 0: 0.178 12.27
21/01/05 13:00:49 759 [INFO,train:89]         epoch 1300 age 1: 0.105 7.36
21/01/05 13:00:55 015 [INFO,train:89]         epoch 1300 age 2: 0.080 5.51
21/01/05 13:17:15 091 [INFO,train:46] gc len at 1320: 156432
21/01/05 13:17:56 032 [INFO,train:82] 1320: 0.407 25.75 19968 312
21/01/05 13:17:56 032 [INFO,train:89]         epoch 1320 age 0: 0.189 12.21
21/01/05 13:18:01 283 [INFO,train:89]         epoch 1320 age 1: 0.107 7.43
21/01/05 13:18:06 521 [INFO,train:89]         epoch 1320 age 2: 0.081 5.32
21/01/05 13:34:25 116 [INFO,train:46] gc len at 1340: 155056
21/01/05 13:35:05 490 [INFO,train:82] 1340: 0.397 23.84 19968 312
21/01/05 13:35:05 490 [INFO,train:89]         epoch 1340 age 0: 0.186 11.50
21/01/05 13:35:10 763 [INFO,train:89]         epoch 1340 age 1: 0.107 6.81
21/01/05 13:35:15 995 [INFO,train:89]         epoch 1340 age 2: 0.080 5.26
21/01/05 13:51:35 497 [INFO,train:46] gc len at 1360: 174189
21/01/05 13:51:35 937 [INFO,benchmark:264] start benchmark against MrGreed for 512x2
21/01/05 13:52:16 181 [INFO,train:82] 1360: 0.390 24.08 19968 312
21/01/05 13:52:16 181 [INFO,train:89]         epoch 1360 age 0: 0.183 11.77
21/01/05 13:52:21 463 [INFO,train:89]         epoch 1360 age 1: 0.104 7.07
21/01/05 13:52:26 728 [INFO,train:89]         epoch 1360 age 2: 0.080 5.55
21/01/05 14:04:26 999 [INFO,benchmark:289] benchmark at epoch 1360's result: -21.90 8.31
21/01/05 14:08:51 582 [INFO,train:46] gc len at 1380: 177336
21/01/05 14:09:33 060 [INFO,train:82] 1380: 0.391 25.02 19968 312
21/01/05 14:09:33 060 [INFO,train:89]         epoch 1380 age 0: 0.182 11.91
21/01/05 14:09:38 323 [INFO,train:89]         epoch 1380 age 1: 0.108 7.28
21/01/05 14:09:43 563 [INFO,train:89]         epoch 1380 age 2: 0.081 5.24
21/01/05 14:26:05 229 [INFO,train:46] gc len at 1400: 172415
21/01/05 14:26:46 073 [INFO,train:82] 1400: 0.368 24.35 19968 312
21/01/05 14:26:46 073 [INFO,train:89]         epoch 1400 age 0: 0.176 11.89
21/01/05 14:26:51 206 [INFO,train:89]         epoch 1400 age 1: 0.103 6.79
21/01/05 14:26:56 449 [INFO,train:89]         epoch 1400 age 2: 0.078 5.16
21/01/05 14:43:12 008 [INFO,train:46] gc len at 1420: 173169
21/01/05 14:43:52 846 [INFO,train:82] 1420: 0.399 26.47 19968 312
21/01/05 14:43:52 847 [INFO,train:89]         epoch 1420 age 0: 0.186 12.37
21/01/05 14:43:58 098 [INFO,train:89]         epoch 1420 age 1: 0.108 7.34
21/01/05 14:44:03 348 [INFO,train:89]         epoch 1420 age 2: 0.082 5.50
21/01/05 15:00:24 948 [INFO,train:46] gc len at 1440: 154799
21/01/05 15:00:25 387 [INFO,benchmark:264] start benchmark against MrGreed for 512x2
21/01/05 15:01:06 212 [INFO,train:82] 1440: 0.386 27.37 19968 312
21/01/05 15:01:06 212 [INFO,train:89]         epoch 1440 age 0: 0.182 13.14
21/01/05 15:01:11 479 [INFO,train:89]         epoch 1440 age 1: 0.108 7.77
21/01/05 15:01:16 720 [INFO,train:89]         epoch 1440 age 2: 0.080 5.64
21/01/05 15:13:35 660 [INFO,benchmark:289] benchmark at epoch 1440's result: -6.21 7.91
21/01/05 15:17:39 909 [INFO,train:46] gc len at 1460: 152877
21/01/05 15:18:21 402 [INFO,train:82] 1460: 0.394 23.19 19968 312
21/01/05 15:18:21 402 [INFO,train:89]         epoch 1460 age 0: 0.184 11.25
21/01/05 15:18:26 652 [INFO,train:89]         epoch 1460 age 1: 0.106 6.71
21/01/05 15:18:31 900 [INFO,train:89]         epoch 1460 age 2: 0.081 5.18
21/01/05 15:34:45 815 [INFO,train:46] gc len at 1480: 172701
21/01/05 15:35:26 939 [INFO,train:82] 1480: 0.398 25.39 19968 312
21/01/05 15:35:26 939 [INFO,train:89]         epoch 1480 age 0: 0.185 12.01
21/01/05 15:35:32 232 [INFO,train:89]         epoch 1480 age 1: 0.109 7.04
21/01/05 15:35:37 002 [INFO,train:89]         epoch 1480 age 2: 0.081 5.41
21/01/05 15:52:00 426 [INFO,train:46] gc len at 1500: 162312
21/01/05 15:52:41 070 [INFO,train:82] 1500: 0.393 28.22 19968 312
21/01/05 15:52:41 070 [INFO,train:89]         epoch 1500 age 0: 0.185 13.02
21/01/05 15:52:46 329 [INFO,train:89]         epoch 1500 age 1: 0.105 7.45
21/01/05 15:52:51 581 [INFO,train:89]         epoch 1500 age 2: 0.079 5.43
21/01/05 16:09:11 571 [INFO,train:46] gc len at 1520: 154371
21/01/05 16:09:12 003 [INFO,benchmark:264] start benchmark against MrGreed for 512x2
21/01/05 16:09:52 707 [INFO,train:82] 1520: 0.415 26.91 19968 312
21/01/05 16:09:52 707 [INFO,train:89]         epoch 1520 age 0: 0.192 12.52
21/01/05 16:09:57 956 [INFO,train:89]         epoch 1520 age 1: 0.107 7.43
21/01/05 16:10:03 249 [INFO,train:89]         epoch 1520 age 2: 0.079 5.70
21/01/05 16:22:49 510 [INFO,benchmark:289] benchmark at epoch 1520's result: 2.18 7.91
21/01/05 16:26:32 871 [INFO,train:46] gc len at 1540: 175689
21/01/05 16:27:13 147 [INFO,train:82] 1540: 0.388 23.77 19968 312
21/01/05 16:27:13 147 [INFO,train:89]         epoch 1540 age 0: 0.183 11.68
21/01/05 16:27:18 984 [INFO,train:89]         epoch 1540 age 1: 0.105 6.84
21/01/05 16:27:24 785 [INFO,train:89]         epoch 1540 age 2: 0.079 5.19
21/01/05 16:43:52 321 [INFO,train:46] gc len at 1560: 153598
21/01/05 16:44:32 739 [INFO,train:82] 1560: 0.410 25.86 19968 312
21/01/05 16:44:32 739 [INFO,train:89]         epoch 1560 age 0: 0.191 12.18
21/01/05 16:44:37 960 [INFO,train:89]         epoch 1560 age 1: 0.109 7.10
21/01/05 16:44:43 747 [INFO,train:89]         epoch 1560 age 2: 0.082 5.23
21/01/05 17:01:16 386 [INFO,train:46] gc len at 1580: 154632
21/01/05 17:01:56 839 [INFO,train:82] 1580: 0.407 27.40 19968 312
21/01/05 17:01:56 839 [INFO,train:89]         epoch 1580 age 0: 0.189 12.83
21/01/05 17:02:02 689 [INFO,train:89]         epoch 1580 age 1: 0.108 7.35
21/01/05 17:02:08 532 [INFO,train:89]         epoch 1580 age 2: 0.081 5.51
21/01/05 17:18:33 119 [INFO,train:46] gc len at 1600: 153020
21/01/05 17:18:33 506 [INFO,benchmark:264] start benchmark against MrGreed for 512x2
21/01/05 17:19:14 285 [INFO,train:82] 1600: 0.406 26.20 19968 312
21/01/05 17:19:14 285 [INFO,train:89]         epoch 1600 age 0: 0.187 12.14
21/01/05 17:19:19 530 [INFO,train:89]         epoch 1600 age 1: 0.108 7.13
21/01/05 17:19:24 785 [INFO,train:89]         epoch 1600 age 2: 0.080 5.44
21/01/05 17:30:52 110 [INFO,benchmark:289] benchmark at epoch 1600's result: -6.96 8.15
21/01/05 17:35:48 508 [INFO,train:46] gc len at 1620: 157383
21/01/05 17:36:28 951 [INFO,train:82] 1620: 0.416 24.36 19968 312
21/01/05 17:36:28 952 [INFO,train:89]         epoch 1620 age 0: 0.192 11.78
21/01/05 17:36:34 425 [INFO,train:89]         epoch 1620 age 1: 0.109 7.18
21/01/05 17:36:40 182 [INFO,train:89]         epoch 1620 age 2: 0.082 5.42
21/01/05 17:53:00 631 [INFO,train:46] gc len at 1640: 174940
21/01/05 17:53:42 156 [INFO,train:82] 1640: 0.392 25.26 19968 312
21/01/05 17:53:42 156 [INFO,train:89]         epoch 1640 age 0: 0.184 12.02
21/01/05 17:53:47 422 [INFO,train:89]         epoch 1640 age 1: 0.106 6.84
21/01/05 17:53:52 701 [INFO,train:89]         epoch 1640 age 2: 0.080 5.22
21/01/05 18:10:15 186 [INFO,train:46] gc len at 1660: 156301
21/01/05 18:10:56 702 [INFO,train:82] 1660: 0.388 25.35 19968 312
21/01/05 18:10:56 702 [INFO,train:89]         epoch 1660 age 0: 0.181 12.00
21/01/05 18:11:01 956 [INFO,train:89]         epoch 1660 age 1: 0.103 7.21
21/01/05 18:11:07 225 [INFO,train:89]         epoch 1660 age 2: 0.079 5.36
21/01/05 18:27:37 384 [INFO,train:46] gc len at 1680: 165431
21/01/05 18:27:37 856 [INFO,benchmark:264] start benchmark against MrGreed for 512x2
21/01/05 18:28:19 015 [INFO,train:82] 1680: 0.381 24.33 19968 312
21/01/05 18:28:19 015 [INFO,train:89]         epoch 1680 age 0: 0.182 11.78
21/01/05 18:28:24 270 [INFO,train:89]         epoch 1680 age 1: 0.109 7.10
21/01/05 18:28:29 532 [INFO,train:89]         epoch 1680 age 2: 0.083 5.35
21/01/05 18:39:49 495 [INFO,benchmark:289] benchmark at epoch 1680's result: 6.05 8.14
21/01/05 18:44:49 605 [INFO,train:46] gc len at 1700: 156290
21/01/05 18:45:31 318 [INFO,train:82] 1700: 0.401 25.00 19968 312
21/01/05 18:45:31 318 [INFO,train:89]         epoch 1700 age 0: 0.189 12.29
21/01/05 18:45:36 576 [INFO,train:89]         epoch 1700 age 1: 0.109 7.19
21/01/05 18:45:41 861 [INFO,train:89]         epoch 1700 age 2: 0.081 5.59
21/01/05 19:02:02 403 [INFO,train:46] gc len at 1720: 154101
21/01/05 19:02:44 263 [INFO,train:82] 1720: 0.381 22.58 19968 312
21/01/05 19:02:44 263 [INFO,train:89]         epoch 1720 age 0: 0.180 11.00
21/01/05 19:02:49 536 [INFO,train:89]         epoch 1720 age 1: 0.105 6.61
21/01/05 19:02:54 790 [INFO,train:89]         epoch 1720 age 2: 0.079 5.08
21/01/05 19:19:10 373 [INFO,train:46] gc len at 1740: 156767
21/01/05 19:19:50 833 [INFO,train:82] 1740: 0.371 22.48 19968 312
21/01/05 19:19:50 833 [INFO,train:89]         epoch 1740 age 0: 0.177 10.89
21/01/05 19:19:56 082 [INFO,train:89]         epoch 1740 age 1: 0.101 6.59
21/01/05 19:20:01 342 [INFO,train:89]         epoch 1740 age 2: 0.078 5.01
21/01/05 19:36:20 622 [INFO,train:46] gc len at 1760: 155509
21/01/05 19:36:21 069 [INFO,benchmark:264] start benchmark against MrGreed for 512x2
21/01/05 19:37:01 319 [INFO,train:82] 1760: 0.398 26.78 19968 312
21/01/05 19:37:01 320 [INFO,train:89]         epoch 1760 age 0: 0.185 12.66
21/01/05 19:37:06 573 [INFO,train:89]         epoch 1760 age 1: 0.103 7.44
21/01/05 19:37:11 829 [INFO,train:89]         epoch 1760 age 2: 0.077 5.56
21/01/05 19:49:28 951 [INFO,benchmark:289] benchmark at epoch 1760's result: -6.36 8.11
21/01/05 19:53:33 816 [INFO,train:46] gc len at 1780: 172087
21/01/05 19:54:15 310 [INFO,train:82] 1780: 0.403 26.77 19968 312
21/01/05 19:54:15 310 [INFO,train:89]         epoch 1780 age 0: 0.188 12.25
21/01/05 19:54:20 562 [INFO,train:89]         epoch 1780 age 1: 0.109 7.28
21/01/05 19:54:25 813 [INFO,train:89]         epoch 1780 age 2: 0.082 5.45
21/01/05 20:10:56 235 [INFO,train:46] gc len at 1800: 155451
21/01/05 20:11:36 512 [INFO,train:82] 1800: 0.374 22.82 19968 312
21/01/05 20:11:36 512 [INFO,train:89]         epoch 1800 age 0: 0.178 11.20
21/01/05 20:11:41 756 [INFO,train:89]         epoch 1800 age 1: 0.101 6.56
21/01/05 20:11:46 004 [INFO,train:89]         epoch 1800 age 2: 0.077 5.16
21/01/05 20:28:18 399 [INFO,train:46] gc len at 1820: 155445
21/01/05 20:28:59 634 [INFO,train:82] 1820: 0.413 23.34 19968 312
21/01/05 20:28:59 634 [INFO,train:89]         epoch 1820 age 0: 0.190 11.32
21/01/05 20:29:05 440 [INFO,train:89]         epoch 1820 age 1: 0.106 6.71
21/01/05 20:29:11 021 [INFO,train:89]         epoch 1820 age 2: 0.079 5.09
21/01/05 20:45:30 882 [INFO,train:46] gc len at 1840: 172503
21/01/05 20:45:31 279 [INFO,benchmark:264] start benchmark against MrGreed for 512x2
21/01/05 20:46:12 807 [INFO,train:82] 1840: 0.379 23.64 19968 312
21/01/05 20:46:12 807 [INFO,train:89]         epoch 1840 age 0: 0.178 11.47
21/01/05 20:46:18 041 [INFO,train:89]         epoch 1840 age 1: 0.104 6.80
21/01/05 20:46:23 256 [INFO,train:89]         epoch 1840 age 2: 0.079 5.21
21/01/05 20:59:10 944 [INFO,benchmark:289] benchmark at epoch 1840's result: 0.93 8.08
21/01/05 21:02:51 081 [INFO,train:46] gc len at 1860: 154470
21/01/05 21:03:33 172 [INFO,train:82] 1860: 0.400 23.93 19968 312
21/01/05 21:03:33 173 [INFO,train:89]         epoch 1860 age 0: 0.186 11.57
21/01/05 21:03:39 046 [INFO,train:89]         epoch 1860 age 1: 0.107 6.91
21/01/05 21:03:44 426 [INFO,train:89]         epoch 1860 age 2: 0.081 5.33
21/01/05 21:20:14 120 [INFO,train:46] gc len at 1880: 153958
21/01/05 21:20:54 897 [INFO,train:82] 1880: 0.385 25.84 19968 312
21/01/05 21:20:54 898 [INFO,train:89]         epoch 1880 age 0: 0.184 12.11
21/01/05 21:21:00 012 [INFO,train:89]         epoch 1880 age 1: 0.106 7.40
21/01/05 21:21:05 800 [INFO,train:89]         epoch 1880 age 2: 0.082 5.81
21/01/05 21:37:24 787 [INFO,train:46] gc len at 1900: 153417
21/01/05 21:38:05 684 [INFO,train:82] 1900: 0.415 24.28 19968 312
21/01/05 21:38:05 684 [INFO,train:89]         epoch 1900 age 0: 0.192 11.52
21/01/05 21:38:10 928 [INFO,train:89]         epoch 1900 age 1: 0.108 6.94
21/01/05 21:38:16 191 [INFO,train:89]         epoch 1900 age 2: 0.080 5.19
21/01/05 21:54:40 408 [INFO,train:46] gc len at 1920: 175876
21/01/05 21:54:40 837 [INFO,benchmark:264] start benchmark against MrGreed for 512x2
21/01/05 21:55:22 260 [INFO,train:82] 1920: 0.401 27.57 19968 312
21/01/05 21:55:22 260 [INFO,train:89]         epoch 1920 age 0: 0.186 12.59
21/01/05 21:55:27 512 [INFO,train:89]         epoch 1920 age 1: 0.108 7.50
21/01/05 21:55:32 754 [INFO,train:89]         epoch 1920 age 2: 0.079 5.29
21/01/05 22:07:41 991 [INFO,benchmark:289] benchmark at epoch 1920's result: -4.95 7.97
21/01/05 22:12:05 175 [INFO,train:46] gc len at 1940: 153929
21/01/05 22:12:45 593 [INFO,train:82] 1940: 0.392 25.93 19968 312
21/01/05 22:12:45 593 [INFO,train:89]         epoch 1940 age 0: 0.183 12.01
21/01/05 22:12:51 045 [INFO,train:89]         epoch 1940 age 1: 0.104 7.02
21/01/05 22:12:56 904 [INFO,train:89]         epoch 1940 age 2: 0.079 5.27
21/01/05 22:29:25 545 [INFO,train:46] gc len at 1960: 179046
21/01/05 22:30:06 667 [INFO,train:82] 1960: 0.411 25.63 19968 312
21/01/05 22:30:06 667 [INFO,train:89]         epoch 1960 age 0: 0.191 12.15
21/01/05 22:30:12 407 [INFO,train:89]         epoch 1960 age 1: 0.109 7.13
21/01/05 22:30:18 242 [INFO,train:89]         epoch 1960 age 2: 0.081 5.25
21/01/05 22:46:44 311 [INFO,train:46] gc len at 1980: 154842
21/01/05 22:47:25 357 [INFO,train:82] 1980: 0.396 28.21 19968 312
21/01/05 22:47:25 357 [INFO,train:89]         epoch 1980 age 0: 0.187 12.91
21/01/05 22:47:30 622 [INFO,train:89]         epoch 1980 age 1: 0.110 7.74
21/01/05 22:47:35 883 [INFO,train:89]         epoch 1980 age 2: 0.082 5.45
21/01/05 23:03:55 041 [INFO,train:46] gc len at 2000: 155715
21/01/05 23:03:55 498 [INFO,benchmark:264] start benchmark against MrGreed for 512x2
21/01/05 23:04:36 333 [INFO,train:82] 2000: 0.395 22.24 19968 312
21/01/05 23:04:36 333 [INFO,train:89]         epoch 2000 age 0: 0.183 11.03
21/01/05 23:04:42 128 [INFO,train:89]         epoch 2000 age 1: 0.104 6.57
21/01/05 23:04:47 946 [INFO,train:89]         epoch 2000 age 2: 0.078 5.33
21/01/05 23:16:04 517 [INFO,benchmark:289] benchmark at epoch 2000's result: -2.20 8.02
21/01/05 23:21:12 194 [INFO,train:46] gc len at 2020: 153561
21/01/05 23:21:53 840 [INFO,train:82] 2020: 0.399 26.82 19968 312
21/01/05 23:21:53 840 [INFO,train:89]         epoch 2020 age 0: 0.187 12.32
21/01/05 23:21:59 613 [INFO,train:89]         epoch 2020 age 1: 0.108 7.06
21/01/05 23:22:05 495 [INFO,train:89]         epoch 2020 age 2: 0.083 5.29
21/01/05 23:38:34 066 [INFO,train:46] gc len at 2040: 159498
21/01/05 23:39:15 485 [INFO,train:82] 2040: 0.388 25.36 19968 312
21/01/05 23:39:15 485 [INFO,train:89]         epoch 2040 age 0: 0.181 11.85
21/01/05 23:39:20 735 [INFO,train:89]         epoch 2040 age 1: 0.103 6.91
21/01/05 23:39:25 998 [INFO,train:89]         epoch 2040 age 2: 0.079 5.20
21/01/05 23:55:55 097 [INFO,train:46] gc len at 2060: 160372
21/01/05 23:56:35 657 [INFO,train:82] 2060: 0.399 24.88 19968 312
21/01/05 23:56:35 657 [INFO,train:89]         epoch 2060 age 0: 0.186 11.91
21/01/05 23:56:40 914 [INFO,train:89]         epoch 2060 age 1: 0.106 7.15
21/01/05 23:56:46 183 [INFO,train:89]         epoch 2060 age 2: 0.078 5.40
21/01/06 00:13:01 828 [INFO,train:46] gc len at 2080: 154296
21/01/06 00:13:02 254 [INFO,benchmark:264] start benchmark against MrGreed for 512x2
21/01/06 00:13:43 594 [INFO,train:82] 2080: 0.401 23.69 19968 312
21/01/06 00:13:43 595 [INFO,train:89]         epoch 2080 age 0: 0.187 11.40
21/01/06 00:13:48 853 [INFO,train:89]         epoch 2080 age 1: 0.109 6.87
21/01/06 00:13:54 128 [INFO,train:89]         epoch 2080 age 2: 0.082 5.22
21/01/06 00:25:16 416 [INFO,benchmark:289] benchmark at epoch 2080's result: 2.00 8.06
21/01/06 00:30:16 293 [INFO,train:46] gc len at 2100: 156906
21/01/06 00:30:57 393 [INFO,train:82] 2100: 0.406 25.86 19968 312
21/01/06 00:30:57 393 [INFO,train:89]         epoch 2100 age 0: 0.188 11.92
21/01/06 00:31:02 678 [INFO,train:89]         epoch 2100 age 1: 0.108 6.99
21/01/06 00:31:07 944 [INFO,train:89]         epoch 2100 age 2: 0.081 5.11
21/01/06 00:47:35 542 [INFO,train:46] gc len at 2120: 156461
21/01/06 00:48:16 298 [INFO,train:82] 2120: 0.395 25.57 19968 312
21/01/06 00:48:16 298 [INFO,train:89]         epoch 2120 age 0: 0.183 11.89
21/01/06 00:48:21 540 [INFO,train:89]         epoch 2120 age 1: 0.106 6.79
21/01/06 00:48:26 799 [INFO,train:89]         epoch 2120 age 2: 0.079 5.17
21/01/06 01:04:40 359 [INFO,train:46] gc len at 2140: 169481
21/01/06 01:05:21 228 [INFO,train:82] 2140: 0.408 26.10 19968 312
21/01/06 01:05:21 228 [INFO,train:89]         epoch 2140 age 0: 0.191 12.32
21/01/06 01:05:26 487 [INFO,train:89]         epoch 2140 age 1: 0.110 7.42
21/01/06 01:05:31 738 [INFO,train:89]         epoch 2140 age 2: 0.085 5.65
