20/12/30 17:37:22 020 [INFO,main:542] start from: ./ZeroNets/from-zero-9a/PV_NET-17-9479221-560.pkl
20/12/30 17:37:22 020 [INFO,train:463] BETA: 0.20, VALUE_RENORMAL: 10, BENCH_SMP_B: 5, BENCH_SMP_K: 0
20/12/30 17:37:22 035 [INFO,train:465] loss2_weight: 0.03, data_rounds: 3x64, train_mcts_b: 30, train_mcts_k: None, review_number: 3, age_in_epoch: 3
20/12/30 17:37:22 036 [INFO,train:470] optimizer: {'lr': 0.0001, 'betas': (0.9, 0.999), 'eps': 1e-07, 'weight_decay': 0.0001, 'amsgrad': False}
20/12/30 17:37:22 704 [INFO,benchmark:381] start benchmark against MrGreed for 512x2
20/12/30 17:38:59 287 [INFO,train:531] 0: 0.27 38.75 9984 78
20/12/30 17:38:59 287 [INFO,train:532]         epoch 0 age 0: 0.27 38.75
20/12/30 17:39:00 374 [INFO,train:532]         epoch 0 age 1: 0.08 17.77
20/12/30 17:39:01 438 [INFO,train:532]         epoch 0 age 2: 0.05 10.18
20/12/30 17:40:40 401 [INFO,train:531] 1: 0.16 22.75 19968 156
20/12/30 17:40:40 401 [INFO,train:532]         epoch 1 age 0: 0.16 22.75
20/12/30 17:40:42 594 [INFO,train:532]         epoch 1 age 1: 0.06 8.79
20/12/30 17:40:44 796 [INFO,train:532]         epoch 1 age 2: 0.04 6.17
20/12/30 17:42:24 223 [INFO,train:531] 2: 0.11 15.56 29952 234
20/12/30 17:42:24 223 [INFO,train:532]         epoch 2 age 0: 0.11 15.56
20/12/30 17:42:27 489 [INFO,train:532]         epoch 2 age 1: 0.05 6.97
20/12/30 17:42:30 795 [INFO,train:532]         epoch 2 age 2: 0.03 5.63
20/12/30 17:44:10 685 [INFO,train:531] 3: 0.11 17.13 29952 234
20/12/30 17:44:10 685 [INFO,train:532]         epoch 3 age 0: 0.11 17.13
20/12/30 17:44:13 948 [INFO,train:532]         epoch 3 age 1: 0.05 7.43
20/12/30 17:44:17 236 [INFO,train:532]         epoch 3 age 2: 0.03 5.88
20/12/30 17:45:57 281 [INFO,train:531] 4: 0.11 17.80 29952 234
20/12/30 17:45:57 281 [INFO,train:532]         epoch 4 age 0: 0.11 17.80
20/12/30 17:46:00 552 [INFO,train:532]         epoch 4 age 1: 0.04 7.10
20/12/30 17:46:03 828 [INFO,train:532]         epoch 4 age 2: 0.03 5.74
20/12/30 17:47:12 651 [INFO,benchmark:406] benchmark at epoch 0's result: -40.10 8.33
20/12/30 17:47:42 216 [INFO,train:531] 5: 0.11 14.71 29952 234
20/12/30 17:47:42 216 [INFO,train:532]         epoch 5 age 0: 0.11 14.71
20/12/30 17:47:44 974 [INFO,train:532]         epoch 5 age 1: 0.04 6.30
20/12/30 17:47:47 741 [INFO,train:532]         epoch 5 age 2: 0.03 5.21
20/12/30 17:56:19 493 [INFO,train:531] 10: 0.10 15.63 29952 234
20/12/30 17:56:19 493 [INFO,train:532]         epoch 10 age 0: 0.10 15.63
20/12/30 17:56:22 298 [INFO,train:532]         epoch 10 age 1: 0.04 6.35
20/12/30 17:56:25 053 [INFO,train:532]         epoch 10 age 2: 0.03 5.41
20/12/30 18:05:00 459 [INFO,train:531] 15: 0.10 13.86 29952 234
20/12/30 18:05:00 459 [INFO,train:532]         epoch 15 age 0: 0.10 13.86
20/12/30 18:05:03 289 [INFO,train:532]         epoch 15 age 1: 0.04 5.84
20/12/30 18:05:06 077 [INFO,train:532]         epoch 15 age 2: 0.03 4.73
20/12/30 18:13:38 475 [INFO,train:531] 20: 0.10 12.98 29952 234
20/12/30 18:13:38 475 [INFO,train:532]         epoch 20 age 0: 0.10 12.98
20/12/30 18:13:41 269 [INFO,train:532]         epoch 20 age 1: 0.04 5.40
20/12/30 18:13:44 074 [INFO,train:532]         epoch 20 age 2: 0.03 4.48
20/12/30 18:22:15 681 [INFO,train:531] 25: 0.09 15.68 29952 234
20/12/30 18:22:15 682 [INFO,train:532]         epoch 25 age 0: 0.09 15.68
20/12/30 18:22:18 442 [INFO,train:532]         epoch 25 age 1: 0.04 6.21
20/12/30 18:22:21 167 [INFO,train:532]         epoch 25 age 2: 0.03 4.86
20/12/30 18:30:53 585 [INFO,train:531] 30: 0.10 13.88 29952 234
20/12/30 18:30:53 585 [INFO,train:532]         epoch 30 age 0: 0.10 13.88
20/12/30 18:30:56 364 [INFO,train:532]         epoch 30 age 1: 0.04 5.65
20/12/30 18:30:59 171 [INFO,train:532]         epoch 30 age 2: 0.03 4.79
20/12/30 18:39:32 040 [INFO,train:531] 35: 0.09 13.98 29952 234
20/12/30 18:39:32 040 [INFO,train:532]         epoch 35 age 0: 0.09 13.98
20/12/30 18:39:34 791 [INFO,train:532]         epoch 35 age 1: 0.04 5.36
20/12/30 18:39:37 597 [INFO,train:532]         epoch 35 age 2: 0.03 4.53
20/12/30 18:46:34 124 [INFO,benchmark:381] start benchmark against MrGreed for 512x2
20/12/30 18:48:13 795 [INFO,train:531] 40: 0.09 14.86 29952 234
20/12/30 18:48:13 796 [INFO,train:532]         epoch 40 age 0: 0.09 14.86
20/12/30 18:48:17 081 [INFO,train:532]         epoch 40 age 1: 0.04 5.68
20/12/30 18:48:20 356 [INFO,train:532]         epoch 40 age 2: 0.03 4.68
20/12/30 18:56:30 751 [INFO,benchmark:406] benchmark at epoch 40's result: -75.10 8.26
20/12/30 19:22:57 500 [INFO,train:531] 60: 0.09 13.55 29952 234
20/12/30 19:22:57 500 [INFO,train:532]         epoch 60 age 0: 0.09 13.55
20/12/30 19:23:00 310 [INFO,train:532]         epoch 60 age 1: 0.03 5.61
20/12/30 19:23:03 084 [INFO,train:532]         epoch 60 age 2: 0.03 4.70
20/12/30 19:55:59 423 [INFO,benchmark:381] start benchmark against MrGreed for 512x2
20/12/30 19:57:39 561 [INFO,train:531] 80: 0.09 13.69 29952 234
20/12/30 19:57:39 561 [INFO,train:532]         epoch 80 age 0: 0.09 13.69
20/12/30 19:57:42 879 [INFO,train:532]         epoch 80 age 1: 0.04 5.27
20/12/30 19:57:46 147 [INFO,train:532]         epoch 80 age 2: 0.03 4.37
20/12/30 20:05:41 160 [INFO,benchmark:406] benchmark at epoch 80's result: -105.26 8.05
20/12/30 20:06:45 406 [WARN,train:504] get data failed AGAIN at epoch 83! Has got 26624 datas.
20/12/30 20:06:53 985 [INFO,train:488] resting...
20/12/30 20:09:02 359 [ERR,main:546] :
Traceback (most recent call last):
  File "./MrZeroTree.py", line 544, in main
    train(pv_net)
  File "./MrZeroTree.py", line 495, in train
    time.sleep(data_timeout//2)
KeyboardInterrupt

