21/01/02 00:32:33 058 [INFO,main:103] BETA: 0.20, VALUE_RENORMAL: 10, MCTS_EXPL: 30, BENCH_SMP_B: 5, BENCH_SMP_K: 0.0
21/01/02 00:32:33 105 [INFO,main:104] init pv_net: PV_NET_B [(428, 2048), (2048, 2048), (2048, 512), (512, 512), (512, 512), (512, 512), (512, 512), (512, 512), (512, 512), (512, 512), (512, 512), (512, 512), (512, 512), (512, 512), (512, 512), (512, 52), (512, 1)] 9303093
21/01/02 00:32:33 105 [INFO,train:31] loss2_weight: 0.03, data_rounds: 64, train_mcts_b: 0, train_mcts_k: 2.0, review_number: 3, age_in_epoch: 3
21/01/02 00:32:35 099 [INFO,train:36] optimizer: {'lr': 0.0001, 'betas': (0.9, 0.999), 'eps': 1e-07, 'weight_decay': 0.0001, 'amsgrad': False}
21/01/02 00:32:35 273 [INFO,train:53] gc len at 0: 50473
21/01/02 00:32:35 698 [INFO,benchmark:260] start benchmark against MrGreed for 512x2
21/01/02 00:33:00 149 [INFO,train:89] 0: 1.179 36.25 3328 52
21/01/02 00:33:00 149 [INFO,train:96]         epoch 0 age 0: 1.179 36.25
21/01/02 00:33:00 855 [INFO,train:96]         epoch 0 age 1: 0.163 36.37
21/01/02 00:33:01 558 [INFO,train:96]         epoch 0 age 2: 0.157 36.44
21/01/02 00:33:01 563 [INFO,train:53] gc len at 1: 75087
21/01/02 00:33:27 243 [INFO,train:89] 1: 0.178 37.07 6656 104
21/01/02 00:33:27 243 [INFO,train:96]         epoch 1 age 0: 0.167 36.76
21/01/02 00:33:28 681 [INFO,train:96]         epoch 1 age 1: 0.162 35.43
21/01/02 00:33:30 067 [INFO,train:96]         epoch 1 age 2: 0.151 33.48
21/01/02 00:33:30 074 [INFO,train:53] gc len at 2: 98264
21/01/02 00:33:56 359 [INFO,train:89] 2: 0.252 31.24 9984 156
21/01/02 00:33:56 359 [INFO,train:96]         epoch 2 age 0: 0.184 32.73
21/01/02 00:33:58 492 [INFO,train:96]         epoch 2 age 1: 0.170 29.85
21/01/02 00:34:00 601 [INFO,train:96]         epoch 2 age 2: 0.158 26.41
21/01/02 00:34:00 610 [INFO,train:53] gc len at 3: 109781
21/01/02 00:34:27 358 [INFO,train:89] 3: 0.415 36.42 9984 156
21/01/02 00:34:27 359 [INFO,train:96]         epoch 3 age 0: 0.243 29.75
21/01/02 00:34:29 529 [INFO,train:96]         epoch 3 age 1: 0.230 26.50
21/01/02 00:34:31 717 [INFO,train:96]         epoch 3 age 2: 0.218 23.00
21/01/02 00:34:31 726 [INFO,train:53] gc len at 4: 105072
21/01/02 00:34:58 624 [INFO,train:89] 4: 0.401 40.18 9984 156
21/01/02 00:34:58 624 [INFO,train:96]         epoch 4 age 0: 0.279 28.72
21/01/02 00:35:00 788 [INFO,train:96]         epoch 4 age 1: 0.264 25.03
21/01/02 00:35:02 956 [INFO,train:96]         epoch 4 age 2: 0.247 21.20
21/01/02 00:35:02 964 [INFO,train:53] gc len at 5: 104126
21/01/02 00:35:30 010 [INFO,train:89] 5: 0.506 42.14 9984 156
21/01/02 00:35:30 010 [INFO,train:96]         epoch 5 age 0: 0.333 28.18
21/01/02 00:35:32 018 [INFO,train:96]         epoch 5 age 1: 0.310 23.01
21/01/02 00:35:33 968 [INFO,train:96]         epoch 5 age 2: 0.289 19.21
21/01/02 00:37:38 480 [INFO,train:53] gc len at 10: 104524
21/01/02 00:38:06 539 [INFO,train:89] 10: 0.447 43.00 9984 156
21/01/02 00:38:06 539 [INFO,train:96]         epoch 10 age 0: 0.340 26.08
21/01/02 00:38:08 276 [INFO,train:96]         epoch 10 age 1: 0.307 20.47
21/01/02 00:38:10 020 [INFO,train:96]         epoch 10 age 2: 0.286 17.03
21/01/02 00:40:14 750 [INFO,train:53] gc len at 15: 112194
21/01/02 00:40:42 593 [INFO,train:89] 15: 0.513 42.57 9984 156
21/01/02 00:40:42 593 [INFO,train:96]         epoch 15 age 0: 0.375 25.40
21/01/02 00:40:44 337 [INFO,train:96]         epoch 15 age 1: 0.326 18.62
21/01/02 00:40:46 076 [INFO,train:96]         epoch 15 age 2: 0.298 15.38
21/01/02 00:41:58 115 [INFO,benchmark:285] benchmark at epoch 0's result: -197.00 8.12
21/01/02 00:42:52 020 [INFO,train:53] gc len at 20: 116065
21/01/02 00:43:19 868 [INFO,train:89] 20: 0.535 48.14 9984 156
21/01/02 00:43:19 868 [INFO,train:96]         epoch 20 age 0: 0.342 26.94
21/01/02 00:43:21 647 [INFO,train:96]         epoch 20 age 1: 0.283 19.27
21/01/02 00:43:23 401 [INFO,train:96]         epoch 20 age 2: 0.257 15.90
21/01/02 00:45:28 110 [INFO,train:53] gc len at 25: 105713
21/01/02 00:45:55 361 [INFO,train:89] 25: 0.541 43.09 9984 156
21/01/02 00:45:55 361 [INFO,train:96]         epoch 25 age 0: 0.345 22.22
21/01/02 00:45:57 521 [INFO,train:96]         epoch 25 age 1: 0.271 15.00
21/01/02 00:45:59 544 [INFO,train:96]         epoch 25 age 2: 0.240 11.66
21/01/02 00:53:17 316 [INFO,train:53] gc len at 40: 119836
21/01/02 00:53:43 957 [INFO,train:89] 40: 0.503 41.88 9984 156
21/01/02 00:53:43 957 [INFO,train:96]         epoch 40 age 0: 0.274 21.81
21/01/02 00:53:46 122 [INFO,train:96]         epoch 40 age 1: 0.195 14.34
21/01/02 00:53:48 228 [INFO,train:96]         epoch 40 age 2: 0.159 11.21
21/01/02 01:03:44 529 [INFO,train:53] gc len at 60: 112593
21/01/02 01:04:11 530 [INFO,train:89] 60: 0.527 45.11 9984 156
21/01/02 01:04:11 530 [INFO,train:96]         epoch 60 age 0: 0.272 21.15
21/01/02 01:04:13 629 [INFO,train:96]         epoch 60 age 1: 0.188 13.02
21/01/02 01:04:15 756 [INFO,train:96]         epoch 60 age 2: 0.155 10.64
21/01/02 01:14:07 952 [INFO,train:53] gc len at 80: 101718
21/01/02 01:14:08 415 [INFO,benchmark:260] start benchmark against MrGreed for 512x2
21/01/02 01:14:36 532 [INFO,train:89] 80: 0.513 38.43 9984 156
21/01/02 01:14:36 532 [INFO,train:96]         epoch 80 age 0: 0.273 19.21
21/01/02 01:14:38 669 [INFO,train:96]         epoch 80 age 1: 0.188 11.62
21/01/02 01:14:40 835 [INFO,train:96]         epoch 80 age 2: 0.153 9.13
21/01/02 01:23:40 930 [INFO,benchmark:285] benchmark at epoch 80's result: -144.80 8.22
21/01/02 01:24:49 307 [INFO,train:53] gc len at 100: 118238
21/01/02 01:25:17 546 [INFO,train:89] 100: 0.510 36.79 9984 156
21/01/02 01:25:17 546 [INFO,train:96]         epoch 100 age 0: 0.274 18.09
21/01/02 01:25:19 676 [INFO,train:96]         epoch 100 age 1: 0.184 11.31
21/01/02 01:25:21 789 [INFO,train:96]         epoch 100 age 2: 0.150 8.34
21/01/02 01:35:22 154 [INFO,train:53] gc len at 120: 115539
21/01/02 01:35:49 841 [INFO,train:89] 120: 0.559 42.03 9984 156
21/01/02 01:35:49 842 [INFO,train:96]         epoch 120 age 0: 0.288 19.74
21/01/02 01:35:51 915 [INFO,train:96]         epoch 120 age 1: 0.186 11.59
21/01/02 01:35:53 900 [INFO,train:96]         epoch 120 age 2: 0.150 9.20
21/01/02 01:46:01 956 [INFO,train:53] gc len at 140: 118788
21/01/02 01:46:30 371 [INFO,train:89] 140: 0.541 46.04 9984 156
21/01/02 01:46:30 371 [INFO,train:96]         epoch 140 age 0: 0.286 21.00
21/01/02 01:46:32 553 [INFO,train:96]         epoch 140 age 1: 0.190 12.90
21/01/02 01:46:34 715 [INFO,train:96]         epoch 140 age 2: 0.151 9.78
21/01/02 01:56:56 719 [INFO,train:53] gc len at 160: 104344
21/01/02 01:56:57 154 [INFO,benchmark:260] start benchmark against MrGreed for 512x2
21/01/02 01:57:25 451 [INFO,train:89] 160: 0.565 40.89 9984 156
21/01/02 01:57:25 452 [INFO,train:96]         epoch 160 age 0: 0.288 19.98
21/01/02 01:57:27 194 [INFO,train:96]         epoch 160 age 1: 0.190 12.21
21/01/02 01:57:28 934 [INFO,train:96]         epoch 160 age 2: 0.152 9.49
21/01/02 02:06:23 996 [INFO,benchmark:285] benchmark at epoch 160's result: -110.78 8.38
21/01/02 02:07:34 109 [INFO,train:53] gc len at 180: 119214
21/01/02 02:08:01 908 [INFO,train:89] 180: 0.559 39.47 9984 156
21/01/02 02:08:01 908 [INFO,train:96]         epoch 180 age 0: 0.285 18.64
21/01/02 02:08:03 653 [INFO,train:96]         epoch 180 age 1: 0.187 11.27
21/01/02 02:08:05 396 [INFO,train:96]         epoch 180 age 2: 0.149 8.62
21/01/02 02:18:11 572 [INFO,train:53] gc len at 200: 108019
21/01/02 02:18:39 430 [INFO,train:89] 200: 0.553 39.41 9984 156
21/01/02 02:18:39 430 [INFO,train:96]         epoch 200 age 0: 0.284 18.82
21/01/02 02:18:41 589 [INFO,train:96]         epoch 200 age 1: 0.186 11.00
21/01/02 02:18:43 739 [INFO,train:96]         epoch 200 age 2: 0.150 8.11
21/01/02 02:28:42 736 [INFO,train:53] gc len at 220: 118647
21/01/02 02:29:10 032 [INFO,train:89] 220: 0.556 38.18 9984 156
21/01/02 02:29:10 032 [INFO,train:96]         epoch 220 age 0: 0.278 18.08
21/01/02 02:29:12 021 [INFO,train:96]         epoch 220 age 1: 0.169 10.90
21/01/02 02:29:13 970 [INFO,train:96]         epoch 220 age 2: 0.134 7.98
21/01/02 02:39:18 017 [INFO,train:53] gc len at 240: 113410
21/01/02 02:39:18 490 [INFO,benchmark:260] start benchmark against MrGreed for 512x2
21/01/02 02:39:46 691 [INFO,train:89] 240: 0.577 40.68 9984 156
21/01/02 02:39:46 691 [INFO,train:96]         epoch 240 age 0: 0.294 19.16
21/01/02 02:39:48 850 [INFO,train:96]         epoch 240 age 1: 0.186 11.43
21/01/02 02:39:50 977 [INFO,train:96]         epoch 240 age 2: 0.144 8.40
21/01/02 02:48:43 341 [INFO,benchmark:285] benchmark at epoch 240's result: -91.11 8.14
21/01/02 02:49:58 782 [INFO,train:53] gc len at 260: 104815
21/01/02 02:50:27 130 [INFO,train:89] 260: 0.619 48.77 9984 156
21/01/02 02:50:27 130 [INFO,train:96]         epoch 260 age 0: 0.297 22.39
21/01/02 02:50:28 874 [INFO,train:96]         epoch 260 age 1: 0.187 14.17
21/01/02 02:50:30 617 [INFO,train:96]         epoch 260 age 2: 0.145 10.37
21/01/02 03:00:35 048 [INFO,train:53] gc len at 280: 115052
21/01/02 03:01:02 422 [INFO,train:89] 280: 0.597 42.09 9984 156
21/01/02 03:01:02 422 [INFO,train:96]         epoch 280 age 0: 0.291 19.27
21/01/02 03:01:04 514 [INFO,train:96]         epoch 280 age 1: 0.179 11.54
21/01/02 03:01:06 630 [INFO,train:96]         epoch 280 age 2: 0.138 8.03
21/01/02 03:11:04 249 [INFO,train:53] gc len at 300: 117572
21/01/02 03:11:31 750 [INFO,train:89] 300: 0.610 39.38 9984 156
21/01/02 03:11:31 751 [INFO,train:96]         epoch 300 age 0: 0.292 18.84
21/01/02 03:11:33 844 [INFO,train:96]         epoch 300 age 1: 0.183 10.96
21/01/02 03:11:35 950 [INFO,train:96]         epoch 300 age 2: 0.138 8.00
21/01/02 03:21:37 803 [INFO,train:53] gc len at 320: 116645
21/01/02 03:21:38 243 [INFO,benchmark:260] start benchmark against MrGreed for 512x2
21/01/02 03:22:05 860 [INFO,train:89] 320: 0.596 38.82 9984 156
21/01/02 03:22:05 861 [INFO,train:96]         epoch 320 age 0: 0.288 18.43
21/01/02 03:22:07 995 [INFO,train:96]         epoch 320 age 1: 0.173 10.67
21/01/02 03:22:10 133 [INFO,train:96]         epoch 320 age 2: 0.133 7.91
21/01/02 03:31:12 125 [INFO,benchmark:285] benchmark at epoch 320's result: -92.99 8.36
21/01/02 03:32:20 384 [INFO,train:53] gc len at 340: 103745
21/01/02 03:32:48 699 [INFO,train:89] 340: 0.551 40.82 9984 156
21/01/02 03:32:48 699 [INFO,train:96]         epoch 340 age 0: 0.272 18.70
21/01/02 03:32:50 824 [INFO,train:96]         epoch 340 age 1: 0.161 10.85
21/01/02 03:32:52 962 [INFO,train:96]         epoch 340 age 2: 0.123 8.00
21/01/02 03:43:00 626 [INFO,train:53] gc len at 360: 110020
21/01/02 03:43:28 110 [INFO,train:89] 360: 0.588 41.89 9984 156
21/01/02 03:43:28 111 [INFO,train:96]         epoch 360 age 0: 0.284 19.34
21/01/02 03:43:29 999 [INFO,train:96]         epoch 360 age 1: 0.176 11.60
21/01/02 03:43:32 079 [INFO,train:96]         epoch 360 age 2: 0.133 8.88
21/01/02 03:53:30 142 [INFO,train:53] gc len at 380: 113567
21/01/02 03:53:57 746 [INFO,train:89] 380: 0.607 38.24 9984 156
21/01/02 03:53:57 747 [INFO,train:96]         epoch 380 age 0: 0.295 18.41
21/01/02 03:53:59 874 [INFO,train:96]         epoch 380 age 1: 0.176 10.57
21/01/02 03:54:02 011 [INFO,train:96]         epoch 380 age 2: 0.132 8.02
21/01/02 04:04:10 623 [INFO,train:53] gc len at 400: 111799
21/01/02 04:04:11 020 [INFO,benchmark:260] start benchmark against MrGreed for 512x2
21/01/02 04:04:39 010 [INFO,train:89] 400: 0.597 38.68 9984 156
21/01/02 04:04:39 011 [INFO,train:96]         epoch 400 age 0: 0.282 18.40
21/01/02 04:04:41 118 [INFO,train:96]         epoch 400 age 1: 0.168 10.78
21/01/02 04:04:43 319 [INFO,train:96]         epoch 400 age 2: 0.129 8.04
21/01/02 04:13:48 875 [INFO,benchmark:285] benchmark at epoch 400's result: -71.53 7.99
21/01/02 04:14:49 812 [INFO,train:53] gc len at 420: 116613
21/01/02 04:15:17 984 [INFO,train:89] 420: 0.575 40.25 9984 156
21/01/02 04:15:17 984 [INFO,train:96]         epoch 420 age 0: 0.274 18.26
21/01/02 04:15:19 724 [INFO,train:96]         epoch 420 age 1: 0.163 10.55
21/01/02 04:15:21 464 [INFO,train:96]         epoch 420 age 2: 0.123 7.38
21/01/02 04:25:26 932 [INFO,train:53] gc len at 440: 107687
21/01/02 04:25:54 211 [INFO,train:89] 440: 0.564 38.00 9984 156
21/01/02 04:25:54 211 [INFO,train:96]         epoch 440 age 0: 0.268 18.01
21/01/02 04:25:56 301 [INFO,train:96]         epoch 440 age 1: 0.157 10.80
21/01/02 04:25:58 422 [INFO,train:96]         epoch 440 age 2: 0.118 7.84
21/01/02 04:35:58 190 [INFO,train:53] gc len at 460: 118608
21/01/02 04:36:25 633 [INFO,train:89] 460: 0.641 40.25 9984 156
21/01/02 04:36:25 633 [INFO,train:96]         epoch 460 age 0: 0.295 18.97
21/01/02 04:36:27 771 [INFO,train:96]         epoch 460 age 1: 0.168 11.48
21/01/02 04:36:29 761 [INFO,train:96]         epoch 460 age 2: 0.126 8.36
21/01/02 04:46:35 542 [INFO,train:53] gc len at 480: 110129
21/01/02 04:46:35 993 [INFO,benchmark:260] start benchmark against MrGreed for 512x2
21/01/02 04:47:04 331 [INFO,train:89] 480: 0.587 38.38 9984 156
21/01/02 04:47:04 331 [INFO,train:96]         epoch 480 age 0: 0.278 17.84
21/01/02 04:47:06 492 [INFO,train:96]         epoch 480 age 1: 0.158 10.32
21/01/02 04:47:08 646 [INFO,train:96]         epoch 480 age 2: 0.117 7.76
21/01/02 04:56:14 483 [INFO,benchmark:285] benchmark at epoch 480's result: -82.08 8.24
21/01/02 04:57:22 965 [INFO,train:53] gc len at 500: 118962
21/01/02 04:57:50 940 [INFO,train:89] 500: 0.598 40.85 9984 156
21/01/02 04:57:50 940 [INFO,train:96]         epoch 500 age 0: 0.282 18.76
21/01/02 04:57:52 683 [INFO,train:96]         epoch 500 age 1: 0.159 11.18
21/01/02 04:57:54 426 [INFO,train:96]         epoch 500 age 2: 0.118 8.58
21/01/02 05:07:56 648 [INFO,train:53] gc len at 520: 117691
21/01/02 05:08:23 925 [INFO,train:89] 520: 0.550 37.97 9984 156
21/01/02 05:08:23 925 [INFO,train:96]         epoch 520 age 0: 0.263 17.98
21/01/02 05:08:26 060 [INFO,train:96]         epoch 520 age 1: 0.154 10.86
21/01/02 05:08:28 185 [INFO,train:96]         epoch 520 age 2: 0.117 8.18
21/01/02 05:18:24 797 [INFO,train:53] gc len at 540: 114458
21/01/02 05:18:52 480 [INFO,train:89] 540: 0.615 41.19 9984 156
21/01/02 05:18:52 481 [INFO,train:96]         epoch 540 age 0: 0.282 19.00
21/01/02 05:18:54 667 [INFO,train:96]         epoch 540 age 1: 0.160 11.10
21/01/02 05:18:56 749 [INFO,train:96]         epoch 540 age 2: 0.118 8.29
21/01/02 05:29:01 484 [INFO,train:53] gc len at 560: 115750
21/01/02 05:29:01 937 [INFO,benchmark:260] start benchmark against MrGreed for 512x2
21/01/02 05:29:30 217 [INFO,train:89] 560: 0.554 35.65 9984 156
21/01/02 05:29:30 217 [INFO,train:96]         epoch 560 age 0: 0.261 17.35
21/01/02 05:29:32 298 [INFO,train:96]         epoch 560 age 1: 0.153 10.28
21/01/02 05:29:34 438 [INFO,train:96]         epoch 560 age 2: 0.115 7.76
21/01/02 05:38:49 737 [INFO,benchmark:285] benchmark at epoch 560's result: -61.52 8.22
21/01/02 05:39:43 615 [INFO,train:53] gc len at 580: 120818
21/01/02 05:40:11 729 [INFO,train:89] 580: 0.572 38.90 9984 156
21/01/02 05:40:11 729 [INFO,train:96]         epoch 580 age 0: 0.274 17.87
21/01/02 05:40:13 465 [INFO,train:96]         epoch 580 age 1: 0.158 10.48
21/01/02 05:40:15 203 [INFO,train:96]         epoch 580 age 2: 0.118 7.30
21/01/02 05:50:17 533 [INFO,train:53] gc len at 600: 102585
21/01/02 05:50:44 955 [INFO,train:89] 600: 0.592 39.00 9984 156
21/01/02 05:50:44 955 [INFO,train:96]         epoch 600 age 0: 0.271 18.07
21/01/02 05:50:46 988 [INFO,train:96]         epoch 600 age 1: 0.158 10.83
21/01/02 05:50:49 068 [INFO,train:96]         epoch 600 age 2: 0.115 7.94
21/01/02 06:00:50 558 [INFO,train:53] gc len at 620: 117363
21/01/02 06:01:18 133 [INFO,train:89] 620: 0.581 35.88 9984 156
21/01/02 06:01:18 133 [INFO,train:96]         epoch 620 age 0: 0.271 17.23
21/01/02 06:01:20 286 [INFO,train:96]         epoch 620 age 1: 0.155 10.15
21/01/02 06:01:22 390 [INFO,train:96]         epoch 620 age 2: 0.114 7.16
21/01/02 06:11:26 812 [INFO,train:53] gc len at 640: 109871
21/01/02 06:11:27 270 [INFO,benchmark:260] start benchmark against MrGreed for 512x2
21/01/02 06:11:55 111 [INFO,train:89] 640: 0.591 45.14 9984 156
21/01/02 06:11:55 111 [INFO,train:96]         epoch 640 age 0: 0.272 20.34
21/01/02 06:11:57 242 [INFO,train:96]         epoch 640 age 1: 0.156 12.17
21/01/02 06:11:59 406 [INFO,train:96]         epoch 640 age 2: 0.113 8.78
21/01/02 06:21:06 192 [INFO,benchmark:285] benchmark at epoch 640's result: -41.99 8.23
21/01/02 06:22:03 416 [INFO,train:53] gc len at 660: 100909
21/01/02 06:22:32 112 [INFO,train:89] 660: 0.593 44.34 9984 156
21/01/02 06:22:32 112 [INFO,train:96]         epoch 660 age 0: 0.271 20.00
21/01/02 06:22:33 851 [INFO,train:96]         epoch 660 age 1: 0.156 11.54
21/01/02 06:22:35 595 [INFO,train:96]         epoch 660 age 2: 0.114 8.58
21/01/02 06:32:42 484 [INFO,train:53] gc len at 680: 112105
21/01/02 06:33:10 153 [INFO,train:89] 680: 0.598 39.63 9984 156
21/01/02 06:33:10 153 [INFO,train:96]         epoch 680 age 0: 0.276 18.10
21/01/02 06:33:12 319 [INFO,train:96]         epoch 680 age 1: 0.159 10.17
21/01/02 06:33:14 520 [INFO,train:96]         epoch 680 age 2: 0.116 7.23
21/01/02 06:43:21 376 [INFO,train:53] gc len at 700: 118507
21/01/02 06:43:49 203 [INFO,train:89] 700: 0.556 39.09 9984 156
21/01/02 06:43:49 203 [INFO,train:96]         epoch 700 age 0: 0.257 17.63
21/01/02 06:43:51 331 [INFO,train:96]         epoch 700 age 1: 0.145 9.97
21/01/02 06:43:53 478 [INFO,train:96]         epoch 700 age 2: 0.108 7.31
21/01/02 06:53:58 863 [INFO,train:53] gc len at 720: 110221
21/01/02 06:53:59 265 [INFO,benchmark:260] start benchmark against MrGreed for 512x2
21/01/02 06:54:27 154 [INFO,train:89] 720: 0.544 36.56 9984 156
21/01/02 06:54:27 154 [INFO,train:96]         epoch 720 age 0: 0.254 17.09
21/01/02 06:54:29 320 [INFO,train:96]         epoch 720 age 1: 0.144 9.72
21/01/02 06:54:31 451 [INFO,train:96]         epoch 720 age 2: 0.107 7.14
21/01/02 07:03:29 933 [INFO,benchmark:285] benchmark at epoch 720's result: -49.14 8.29
21/01/02 07:04:36 687 [INFO,train:53] gc len at 740: 116056
21/01/02 07:05:05 156 [INFO,train:89] 740: 0.552 35.46 9984 156
21/01/02 07:05:05 156 [INFO,train:96]         epoch 740 age 0: 0.254 17.75
21/01/02 07:05:06 900 [INFO,train:96]         epoch 740 age 1: 0.142 10.26
21/01/02 07:05:08 636 [INFO,train:96]         epoch 740 age 2: 0.105 7.94
21/01/02 07:15:11 453 [INFO,train:53] gc len at 760: 116347
21/01/02 07:15:38 890 [INFO,train:89] 760: 0.583 41.82 9984 156
21/01/02 07:15:38 891 [INFO,train:96]         epoch 760 age 0: 0.266 19.52
21/01/02 07:15:41 017 [INFO,train:96]         epoch 760 age 1: 0.149 11.45
21/01/02 07:15:43 178 [INFO,train:96]         epoch 760 age 2: 0.110 8.54
21/01/02 07:25:46 983 [INFO,train:53] gc len at 780: 117341
21/01/02 07:26:14 276 [INFO,train:89] 780: 0.562 38.08 9984 156
21/01/02 07:26:14 277 [INFO,train:96]         epoch 780 age 0: 0.260 17.74
21/01/02 07:26:16 354 [INFO,train:96]         epoch 780 age 1: 0.149 10.21
21/01/02 07:26:18 542 [INFO,train:96]         epoch 780 age 2: 0.111 7.20
21/01/02 07:36:17 595 [INFO,train:53] gc len at 800: 112236
21/01/02 07:36:18 042 [INFO,benchmark:260] start benchmark against MrGreed for 512x2
21/01/02 07:36:46 232 [INFO,train:89] 800: 0.580 39.00 9984 156
21/01/02 07:36:46 233 [INFO,train:96]         epoch 800 age 0: 0.266 17.93
21/01/02 07:36:48 392 [INFO,train:96]         epoch 800 age 1: 0.144 10.03
21/01/02 07:36:50 234 [INFO,train:96]         epoch 800 age 2: 0.105 7.34
21/01/02 07:45:52 163 [INFO,benchmark:285] benchmark at epoch 800's result: -55.25 7.94
21/01/02 07:46:53 421 [INFO,train:53] gc len at 820: 116922
21/01/02 07:47:21 407 [INFO,train:89] 820: 0.581 37.91 9984 156
21/01/02 07:47:21 407 [INFO,train:96]         epoch 820 age 0: 0.267 17.89
21/01/02 07:47:23 153 [INFO,train:96]         epoch 820 age 1: 0.150 10.37
21/01/02 07:47:24 900 [INFO,train:96]         epoch 820 age 2: 0.109 7.56
21/01/02 07:57:28 444 [INFO,train:53] gc len at 840: 109110
21/01/02 07:57:55 936 [INFO,train:89] 840: 0.624 36.28 9984 156
21/01/02 07:57:55 936 [INFO,train:96]         epoch 840 age 0: 0.283 16.80
21/01/02 07:57:58 074 [INFO,train:96]         epoch 840 age 1: 0.154 9.51
21/01/02 07:58:00 200 [INFO,train:96]         epoch 840 age 2: 0.111 7.01
21/01/02 08:08:02 349 [INFO,train:53] gc len at 860: 105614
21/01/02 08:08:29 867 [INFO,train:89] 860: 0.602 38.68 9984 156
21/01/02 08:08:29 867 [INFO,train:96]         epoch 860 age 0: 0.277 17.57
21/01/02 08:08:31 931 [INFO,train:96]         epoch 860 age 1: 0.156 9.86
21/01/02 08:08:33 942 [INFO,train:96]         epoch 860 age 2: 0.114 7.03
21/01/02 08:18:36 882 [INFO,train:53] gc len at 880: 121990
21/01/02 08:18:37 332 [INFO,benchmark:260] start benchmark against MrGreed for 512x2
21/01/02 08:19:05 503 [INFO,train:89] 880: 0.601 36.70 9984 156
21/01/02 08:19:05 503 [INFO,train:96]         epoch 880 age 0: 0.272 17.03
21/01/02 08:19:07 677 [INFO,train:96]         epoch 880 age 1: 0.152 9.85
21/01/02 08:19:09 820 [INFO,train:96]         epoch 880 age 2: 0.111 7.13
21/01/02 08:28:17 164 [INFO,benchmark:285] benchmark at epoch 880's result: -41.86 7.92
21/01/02 08:29:14 648 [INFO,train:53] gc len at 900: 118307
21/01/02 08:29:43 010 [INFO,train:89] 900: 0.614 39.10 9984 156
21/01/02 08:29:43 011 [INFO,train:96]         epoch 900 age 0: 0.281 17.93
21/01/02 08:29:44 751 [INFO,train:96]         epoch 900 age 1: 0.154 10.35
21/01/02 08:29:46 488 [INFO,train:96]         epoch 900 age 2: 0.111 7.64
21/01/02 08:39:53 740 [INFO,train:53] gc len at 920: 108306
21/01/02 08:40:21 157 [INFO,train:89] 920: 0.581 39.19 9984 156
21/01/02 08:40:21 157 [INFO,train:96]         epoch 920 age 0: 0.261 17.64
21/01/02 08:40:23 336 [INFO,train:96]         epoch 920 age 1: 0.141 10.34
21/01/02 08:40:25 430 [INFO,train:96]         epoch 920 age 2: 0.102 7.67
21/01/02 08:50:26 867 [INFO,train:53] gc len at 940: 109110
21/01/02 08:50:54 073 [INFO,train:89] 940: 0.587 36.17 9984 156
21/01/02 08:50:54 073 [INFO,train:96]         epoch 940 age 0: 0.266 16.94
21/01/02 08:50:55 989 [INFO,train:96]         epoch 940 age 1: 0.145 10.25
21/01/02 08:50:57 958 [INFO,train:96]         epoch 940 age 2: 0.105 7.33
21/01/02 09:00:56 012 [INFO,train:53] gc len at 960: 115137
21/01/02 09:00:56 409 [INFO,benchmark:260] start benchmark against MrGreed for 512x2
21/01/02 09:01:24 447 [INFO,train:89] 960: 0.596 41.67 9984 156
21/01/02 09:01:24 447 [INFO,train:96]         epoch 960 age 0: 0.268 18.37
21/01/02 09:01:26 184 [INFO,train:96]         epoch 960 age 1: 0.144 10.25
21/01/02 09:01:27 925 [INFO,train:96]         epoch 960 age 2: 0.104 7.24
21/01/02 09:10:25 559 [INFO,benchmark:285] benchmark at epoch 960's result: -27.30 7.75
21/01/02 09:11:43 761 [INFO,train:53] gc len at 980: 115587
21/01/02 09:12:12 532 [INFO,train:89] 980: 0.596 39.14 9984 156
21/01/02 09:12:12 532 [INFO,train:96]         epoch 980 age 0: 0.269 17.69
21/01/02 09:12:14 646 [INFO,train:96]         epoch 980 age 1: 0.145 10.38
21/01/02 09:12:16 825 [INFO,train:96]         epoch 980 age 2: 0.100 7.60
21/01/02 09:22:26 694 [INFO,train:53] gc len at 1000: 119263
21/01/02 09:22:54 455 [INFO,train:89] 1000: 0.541 36.83 9984 156
21/01/02 09:22:54 456 [INFO,train:96]         epoch 1000 age 0: 0.247 16.63
21/01/02 09:22:56 616 [INFO,train:96]         epoch 1000 age 1: 0.136 9.47
21/01/02 09:22:58 772 [INFO,train:96]         epoch 1000 age 2: 0.100 6.96
21/01/02 09:33:08 327 [INFO,train:53] gc len at 1020: 113215
21/01/02 09:33:36 085 [INFO,train:89] 1020: 0.601 36.77 9984 156
21/01/02 09:33:36 086 [INFO,train:96]         epoch 1020 age 0: 0.272 16.88
21/01/02 09:33:38 235 [INFO,train:96]         epoch 1020 age 1: 0.147 9.42
21/01/02 09:33:40 371 [INFO,train:96]         epoch 1020 age 2: 0.107 6.51
21/01/02 09:43:49 104 [INFO,train:53] gc len at 1040: 115079
21/01/02 09:43:49 557 [INFO,benchmark:260] start benchmark against MrGreed for 512x2
21/01/02 09:44:17 713 [INFO,train:89] 1040: 0.574 33.52 9984 156
21/01/02 09:44:17 714 [INFO,train:96]         epoch 1040 age 0: 0.261 16.38
21/01/02 09:44:19 865 [INFO,train:96]         epoch 1040 age 1: 0.137 9.15
21/01/02 09:44:21 979 [INFO,train:96]         epoch 1040 age 2: 0.098 7.22
21/01/02 09:53:30 263 [INFO,benchmark:285] benchmark at epoch 1040's result: -31.63 8.00
21/01/02 09:54:36 580 [INFO,train:53] gc len at 1060: 113792
21/01/02 09:55:05 266 [INFO,train:89] 1060: 0.563 39.06 9984 156
21/01/02 09:55:05 267 [INFO,train:96]         epoch 1060 age 0: 0.252 17.55
21/01/02 09:55:06 995 [INFO,train:96]         epoch 1060 age 1: 0.137 10.61
21/01/02 09:55:08 726 [INFO,train:96]         epoch 1060 age 2: 0.101 7.97
21/01/02 10:05:13 415 [INFO,train:53] gc len at 1080: 116821
21/01/02 10:05:41 145 [INFO,train:89] 1080: 0.584 35.62 9984 156
21/01/02 10:05:41 145 [INFO,train:96]         epoch 1080 age 0: 0.258 16.54
21/01/02 10:05:43 269 [INFO,train:96]         epoch 1080 age 1: 0.137 9.41
21/01/02 10:05:45 412 [INFO,train:96]         epoch 1080 age 2: 0.099 6.52
21/01/02 10:15:51 289 [INFO,train:53] gc len at 1100: 116520
21/01/02 10:16:18 928 [INFO,train:89] 1100: 0.528 38.33 9984 156
21/01/02 10:16:18 929 [INFO,train:96]         epoch 1100 age 0: 0.245 17.17
21/01/02 10:16:21 073 [INFO,train:96]         epoch 1100 age 1: 0.134 9.28
21/01/02 10:16:23 211 [INFO,train:96]         epoch 1100 age 2: 0.099 6.83
21/01/02 10:26:27 837 [INFO,train:53] gc len at 1120: 105318
21/01/02 10:26:28 279 [INFO,benchmark:260] start benchmark against MrGreed for 512x2
21/01/02 10:26:56 640 [INFO,train:89] 1120: 0.545 36.73 9984 156
21/01/02 10:26:56 641 [INFO,train:96]         epoch 1120 age 0: 0.246 16.82
21/01/02 10:26:58 816 [INFO,train:96]         epoch 1120 age 1: 0.135 9.80
21/01/02 10:27:00 978 [INFO,train:96]         epoch 1120 age 2: 0.098 7.01
21/01/02 10:36:07 199 [INFO,benchmark:285] benchmark at epoch 1120's result: -26.29 7.80
21/01/02 10:37:09 274 [INFO,train:53] gc len at 1140: 110014
21/01/02 10:37:37 745 [INFO,train:89] 1140: 0.570 43.12 9984 156
21/01/02 10:37:37 745 [INFO,train:96]         epoch 1140 age 0: 0.258 18.84
21/01/02 10:37:39 695 [INFO,train:96]         epoch 1140 age 1: 0.140 10.20
21/01/02 10:37:41 672 [INFO,train:96]         epoch 1140 age 2: 0.102 7.11
21/01/02 10:47:47 314 [INFO,train:53] gc len at 1160: 119858
21/01/02 10:48:15 468 [INFO,train:89] 1160: 0.563 41.91 9984 156
21/01/02 10:48:15 468 [INFO,train:96]         epoch 1160 age 0: 0.254 18.85
21/01/02 10:48:17 606 [INFO,train:96]         epoch 1160 age 1: 0.139 11.38
21/01/02 10:48:19 727 [INFO,train:96]         epoch 1160 age 2: 0.101 8.06
21/01/02 10:58:24 227 [INFO,train:53] gc len at 1180: 113286
21/01/02 10:58:51 937 [INFO,train:89] 1180: 0.569 32.98 9984 156
21/01/02 10:58:51 937 [INFO,train:96]         epoch 1180 age 0: 0.257 15.58
21/01/02 10:58:53 799 [INFO,train:96]         epoch 1180 age 1: 0.142 8.75
21/01/02 10:58:55 863 [INFO,train:96]         epoch 1180 age 2: 0.104 6.71
21/01/02 11:08:57 630 [INFO,train:53] gc len at 1200: 109182
21/01/02 11:08:58 064 [INFO,benchmark:260] start benchmark against MrGreed for 512x2
21/01/02 11:09:26 387 [INFO,train:89] 1200: 0.592 38.38 9984 156
21/01/02 11:09:26 388 [INFO,train:96]         epoch 1200 age 0: 0.266 17.16
21/01/02 11:09:28 369 [INFO,train:96]         epoch 1200 age 1: 0.145 10.49
21/01/02 11:09:30 106 [INFO,train:96]         epoch 1200 age 2: 0.105 7.69
21/01/02 11:18:39 465 [INFO,benchmark:285] benchmark at epoch 1200's result: -14.47 7.90
21/01/02 11:19:33 245 [INFO,train:53] gc len at 1220: 113214
21/01/02 11:20:00 409 [INFO,train:89] 1220: 0.591 36.93 9984 156
21/01/02 11:20:00 409 [INFO,train:96]         epoch 1220 age 0: 0.265 16.89
21/01/02 11:20:02 558 [INFO,train:96]         epoch 1220 age 1: 0.139 9.51
21/01/02 11:20:04 671 [INFO,train:96]         epoch 1220 age 2: 0.102 7.07
21/01/02 11:30:18 527 [INFO,train:53] gc len at 1240: 113545
21/01/02 11:30:46 134 [INFO,train:89] 1240: 0.621 44.09 9984 156
21/01/02 11:30:46 134 [INFO,train:96]         epoch 1240 age 0: 0.275 19.73
21/01/02 11:30:48 186 [INFO,train:96]         epoch 1240 age 1: 0.145 11.04
21/01/02 11:30:50 255 [INFO,train:96]         epoch 1240 age 2: 0.103 8.51
21/01/02 11:40:56 219 [INFO,train:53] gc len at 1260: 119699
21/01/02 11:41:23 908 [INFO,train:89] 1260: 0.555 35.05 9984 156
21/01/02 11:41:23 908 [INFO,train:96]         epoch 1260 age 0: 0.253 16.16
21/01/02 11:41:25 941 [INFO,train:96]         epoch 1260 age 1: 0.137 9.24
21/01/02 11:41:27 989 [INFO,train:96]         epoch 1260 age 2: 0.100 6.45
21/01/02 11:51:34 577 [INFO,train:53] gc len at 1280: 112522
21/01/02 11:51:35 038 [INFO,benchmark:260] start benchmark against MrGreed for 512x2
21/01/02 11:52:03 728 [INFO,train:89] 1280: 0.565 36.35 9984 156
21/01/02 11:52:03 728 [INFO,train:96]         epoch 1280 age 0: 0.255 16.97
21/01/02 11:52:05 865 [INFO,train:96]         epoch 1280 age 1: 0.134 9.35
21/01/02 11:52:07 996 [INFO,train:96]         epoch 1280 age 2: 0.098 6.76
21/01/02 12:01:15 098 [INFO,benchmark:285] benchmark at epoch 1280's result: -19.48 8.24
21/01/02 12:02:13 313 [INFO,train:53] gc len at 1300: 118305
21/01/02 12:02:41 092 [INFO,train:89] 1300: 0.574 34.22 9984 156
21/01/02 12:02:41 092 [INFO,train:96]         epoch 1300 age 0: 0.258 16.33
21/01/02 12:02:43 089 [INFO,train:96]         epoch 1300 age 1: 0.139 9.37
21/01/02 12:02:45 215 [INFO,train:96]         epoch 1300 age 2: 0.101 6.87
21/01/02 12:12:47 704 [INFO,train:53] gc len at 1320: 118115
21/01/02 12:13:15 531 [INFO,train:89] 1320: 0.585 36.09 9984 156
21/01/02 12:13:15 532 [INFO,train:96]         epoch 1320 age 0: 0.267 16.98
21/01/02 12:13:17 270 [INFO,train:96]         epoch 1320 age 1: 0.144 9.62
21/01/02 12:13:19 013 [INFO,train:96]         epoch 1320 age 2: 0.102 6.85
21/01/02 12:23:27 327 [INFO,train:53] gc len at 1340: 118499
21/01/02 12:23:54 969 [INFO,train:89] 1340: 0.562 32.10 9984 156
21/01/02 12:23:54 969 [INFO,train:96]         epoch 1340 age 0: 0.255 15.70
21/01/02 12:23:57 108 [INFO,train:96]         epoch 1340 age 1: 0.135 8.55
21/01/02 12:23:59 240 [INFO,train:96]         epoch 1340 age 2: 0.098 6.53
21/01/02 12:34:02 022 [INFO,train:53] gc len at 1360: 119956
21/01/02 12:34:02 460 [INFO,benchmark:260] start benchmark against MrGreed for 512x2
21/01/02 12:34:30 601 [INFO,train:89] 1360: 0.589 38.97 9984 156
21/01/02 12:34:30 601 [INFO,train:96]         epoch 1360 age 0: 0.266 17.56
21/01/02 12:34:32 750 [INFO,train:96]         epoch 1360 age 1: 0.146 9.93
21/01/02 12:34:34 889 [INFO,train:96]         epoch 1360 age 2: 0.108 7.32
21/01/02 12:43:45 157 [INFO,benchmark:285] benchmark at epoch 1360's result: -14.27 8.37
21/01/02 12:44:51 848 [INFO,train:53] gc len at 1380: 116849
21/01/02 12:45:19 015 [INFO,train:89] 1380: 0.563 33.84 9984 156
21/01/02 12:45:19 015 [INFO,train:96]         epoch 1380 age 0: 0.256 15.54
21/01/02 12:45:21 033 [INFO,train:96]         epoch 1380 age 1: 0.139 8.69
21/01/02 12:45:23 127 [INFO,train:96]         epoch 1380 age 2: 0.099 6.33
21/01/02 12:55:44 996 [INFO,train:53] gc len at 1400: 117503
21/01/02 12:56:13 086 [INFO,train:89] 1400: 0.550 36.36 9984 156
21/01/02 12:56:13 086 [INFO,train:96]         epoch 1400 age 0: 0.250 16.78
21/01/02 12:56:14 827 [INFO,train:96]         epoch 1400 age 1: 0.136 9.46
21/01/02 12:56:16 576 [INFO,train:96]         epoch 1400 age 2: 0.101 6.78
21/01/02 13:06:19 695 [INFO,train:53] gc len at 1420: 118380
21/01/02 13:06:46 797 [INFO,train:89] 1420: 0.550 41.83 9984 156
21/01/02 13:06:46 797 [INFO,train:96]         epoch 1420 age 0: 0.250 18.60
21/01/02 13:06:48 787 [INFO,train:96]         epoch 1420 age 1: 0.138 10.60
21/01/02 13:06:50 842 [INFO,train:96]         epoch 1420 age 2: 0.101 7.54
21/01/02 13:16:53 803 [INFO,train:53] gc len at 1440: 105965
21/01/02 13:16:54 243 [INFO,benchmark:260] start benchmark against MrGreed for 512x2
21/01/02 13:17:22 467 [INFO,train:89] 1440: 0.588 35.48 9984 156
21/01/02 13:17:22 467 [INFO,train:96]         epoch 1440 age 0: 0.264 16.79
21/01/02 13:17:24 206 [INFO,train:96]         epoch 1440 age 1: 0.143 9.44
21/01/02 13:17:25 947 [INFO,train:96]         epoch 1440 age 2: 0.104 6.89
21/01/02 13:26:33 536 [INFO,benchmark:285] benchmark at epoch 1440's result: -16.10 8.19
21/01/02 13:27:35 350 [INFO,train:53] gc len at 1460: 117310
21/01/02 13:28:03 084 [INFO,train:89] 1460: 0.595 32.75 9984 156
21/01/02 13:28:03 084 [INFO,train:96]         epoch 1460 age 0: 0.267 15.80
21/01/02 13:28:05 236 [INFO,train:96]         epoch 1460 age 1: 0.141 9.17
21/01/02 13:28:07 414 [INFO,train:96]         epoch 1460 age 2: 0.101 7.01
21/01/02 13:38:20 383 [INFO,train:53] gc len at 1480: 111981
21/01/02 13:38:49 522 [INFO,train:89] 1480: 0.614 34.26 9984 156
21/01/02 13:38:49 523 [INFO,train:96]         epoch 1480 age 0: 0.274 16.29
21/01/02 13:38:51 261 [INFO,train:96]         epoch 1480 age 1: 0.147 9.52
21/01/02 13:38:52 003 [INFO,train:96]         epoch 1480 age 2: 0.108 6.77
21/01/02 13:48:54 559 [INFO,train:53] gc len at 1500: 116932
21/01/02 13:49:22 206 [INFO,train:89] 1500: 0.574 35.40 9984 156
21/01/02 13:49:22 206 [INFO,train:96]         epoch 1500 age 0: 0.258 15.97
21/01/02 13:49:24 347 [INFO,train:96]         epoch 1500 age 1: 0.140 8.90
21/01/02 13:49:26 321 [INFO,train:96]         epoch 1500 age 2: 0.102 6.15
21/01/02 13:59:32 574 [INFO,train:53] gc len at 1520: 118014
21/01/02 13:59:33 012 [INFO,benchmark:260] start benchmark against MrGreed for 512x2
21/01/02 14:00:00 612 [INFO,train:89] 1520: 0.551 37.75 9984 156
21/01/02 14:00:00 612 [INFO,train:96]         epoch 1520 age 0: 0.248 17.68
21/01/02 14:00:02 354 [INFO,train:96]         epoch 1520 age 1: 0.132 10.14
21/01/02 14:00:04 094 [INFO,train:96]         epoch 1520 age 2: 0.096 7.32
21/01/02 14:09:11 738 [INFO,benchmark:285] benchmark at epoch 1520's result: -4.16 8.07
21/01/02 14:10:14 507 [INFO,train:53] gc len at 1540: 116511
21/01/02 14:10:42 622 [INFO,train:89] 1540: 0.574 37.10 9984 156
21/01/02 14:10:42 622 [INFO,train:96]         epoch 1540 age 0: 0.261 16.82
21/01/02 14:10:44 777 [INFO,train:96]         epoch 1540 age 1: 0.140 9.61
21/01/02 14:10:46 925 [INFO,train:96]         epoch 1540 age 2: 0.102 7.05
21/01/02 14:21:02 811 [INFO,train:53] gc len at 1560: 115976
21/01/02 14:21:31 556 [INFO,train:89] 1560: 0.582 34.23 9984 156
21/01/02 14:21:31 556 [INFO,train:96]         epoch 1560 age 0: 0.264 16.45
21/01/02 14:21:33 710 [INFO,train:96]         epoch 1560 age 1: 0.142 9.66
21/01/02 14:21:35 886 [INFO,train:96]         epoch 1560 age 2: 0.100 6.76
21/01/02 14:31:39 324 [INFO,train:53] gc len at 1580: 103059
21/01/02 14:32:06 683 [INFO,train:89] 1580: 0.573 37.41 9984 156
21/01/02 14:32:06 683 [INFO,train:96]         epoch 1580 age 0: 0.258 16.92
21/01/02 14:32:08 707 [INFO,train:96]         epoch 1580 age 1: 0.136 10.23
21/01/02 14:32:10 627 [INFO,train:96]         epoch 1580 age 2: 0.099 7.13
21/01/02 14:42:17 359 [INFO,train:53] gc len at 1600: 115738
21/01/02 14:42:17 800 [INFO,benchmark:260] start benchmark against MrGreed for 512x2
21/01/02 14:42:45 654 [INFO,train:89] 1600: 0.617 34.53 9984 156
21/01/02 14:42:45 654 [INFO,train:96]         epoch 1600 age 0: 0.275 16.11
21/01/02 14:42:47 801 [INFO,train:96]         epoch 1600 age 1: 0.143 9.15
21/01/02 14:42:49 941 [INFO,train:96]         epoch 1600 age 2: 0.105 6.75
21/01/02 14:52:00 842 [INFO,benchmark:285] benchmark at epoch 1600's result: 2.33 8.10
21/01/02 14:52:56 449 [INFO,train:53] gc len at 1620: 115537
21/01/02 14:53:23 984 [INFO,train:89] 1620: 0.578 31.18 9984 156
21/01/02 14:53:23 984 [INFO,train:96]         epoch 1620 age 0: 0.260 14.74
21/01/02 14:53:26 101 [INFO,train:96]         epoch 1620 age 1: 0.136 8.50
21/01/02 14:53:28 274 [INFO,train:96]         epoch 1620 age 2: 0.100 6.28
21/01/02 15:03:33 347 [INFO,train:53] gc len at 1640: 118602
21/01/02 15:04:01 430 [INFO,train:89] 1640: 0.570 38.99 9984 156
21/01/02 15:04:01 431 [INFO,train:96]         epoch 1640 age 0: 0.259 17.72
21/01/02 15:04:03 176 [INFO,train:96]         epoch 1640 age 1: 0.137 10.07
21/01/02 15:04:04 921 [INFO,train:96]         epoch 1640 age 2: 0.098 6.98
21/01/02 15:14:09 532 [INFO,train:53] gc len at 1660: 112162
21/01/02 15:14:37 323 [INFO,train:89] 1660: 0.598 34.25 9984 156
21/01/02 15:14:37 323 [INFO,train:96]         epoch 1660 age 0: 0.269 15.90
21/01/02 15:14:39 486 [INFO,train:96]         epoch 1660 age 1: 0.144 9.06
21/01/02 15:14:41 650 [INFO,train:96]         epoch 1660 age 2: 0.106 6.63
21/01/02 15:24:48 055 [INFO,train:53] gc len at 1680: 116171
21/01/02 15:24:48 454 [INFO,benchmark:260] start benchmark against MrGreed for 512x2
21/01/02 15:25:17 042 [INFO,train:89] 1680: 0.602 40.63 9984 156
21/01/02 15:25:17 042 [INFO,train:96]         epoch 1680 age 0: 0.264 18.23
21/01/02 15:25:19 021 [INFO,train:96]         epoch 1680 age 1: 0.142 10.38
21/01/02 15:25:20 774 [INFO,train:96]         epoch 1680 age 2: 0.102 7.12
21/01/02 15:34:22 607 [INFO,benchmark:285] benchmark at epoch 1680's result: -7.97 8.33
21/01/02 15:35:24 826 [INFO,train:53] gc len at 1700: 108152
21/01/02 15:35:52 514 [INFO,train:89] 1700: 0.604 35.76 9984 156
21/01/02 15:35:52 515 [INFO,train:96]         epoch 1700 age 0: 0.268 16.06
21/01/02 15:35:54 692 [INFO,train:96]         epoch 1700 age 1: 0.139 9.59
21/01/02 15:35:56 855 [INFO,train:96]         epoch 1700 age 2: 0.102 6.80
21/01/02 15:46:00 485 [INFO,train:53] gc len at 1720: 110890
21/01/02 15:46:28 983 [INFO,train:89] 1720: 0.600 36.92 9984 156
21/01/02 15:46:28 984 [INFO,train:96]         epoch 1720 age 0: 0.266 16.60
21/01/02 15:46:30 725 [INFO,train:96]         epoch 1720 age 1: 0.141 9.46
21/01/02 15:46:32 470 [INFO,train:96]         epoch 1720 age 2: 0.102 6.54
21/01/02 15:56:40 170 [INFO,train:53] gc len at 1740: 110302
21/01/02 15:57:07 507 [INFO,train:89] 1740: 0.564 34.41 9984 156
21/01/02 15:57:07 507 [INFO,train:96]         epoch 1740 age 0: 0.252 15.78
21/01/02 15:57:09 631 [INFO,train:96]         epoch 1740 age 1: 0.134 8.83
21/01/02 15:57:11 814 [INFO,train:96]         epoch 1740 age 2: 0.094 6.36
21/01/02 16:07:18 947 [INFO,train:53] gc len at 1760: 108388
21/01/02 16:07:19 376 [INFO,benchmark:260] start benchmark against MrGreed for 512x2
21/01/02 16:07:47 861 [INFO,train:89] 1760: 0.575 35.55 9984 156
21/01/02 16:07:47 862 [INFO,train:96]         epoch 1760 age 0: 0.260 16.85
21/01/02 16:07:50 012 [INFO,train:96]         epoch 1760 age 1: 0.137 9.45
21/01/02 16:07:52 138 [INFO,train:96]         epoch 1760 age 2: 0.103 6.62
21/01/02 16:17:00 705 [INFO,benchmark:285] benchmark at epoch 1760's result: -10.36 8.07
21/01/02 16:18:09 994 [INFO,train:53] gc len at 1780: 115501
