20/12/22 14:25:11 885 [INFO,<module>:537] sharing_strategy: file_system
20/12/22 14:25:13 804 [INFO,main:511] start from: ./ZeroNets/mimic-greed-514-shi/PV_NET-11-2247733-300.pkl
20/12/22 14:25:13 805 [INFO,train:408] BETA: 0.20, VALUE_RENORMAL: 10, BENCHMARK_SAMPLE: -2
20/12/22 14:25:13 805 [INFO,train:410] loss2_weight: 0.03, data_rounds: 3x12, train_sample: -2, pv_deep: 0, review_number: 3, age_in_epoch: 3
20/12/22 14:25:13 805 [INFO,train:415] optimizer: {'lr': 0.0004, 'betas': (0.9, 0.999), 'eps': 1e-07, 'weight_decay': 0.0001, 'amsgrad': False}
20/12/22 14:25:13 805 [INFO,train:421] #epoch: loss1 loss2 grad1/grad2 amp_probe #train_datas
20/12/22 14:25:14 393 [INFO,benchmark:291] start benchmark against MrGreed for 512x2
20/12/22 14:26:24 749 [INFO,train:483] 0: 0.91 47.24 0.0370 0.0559 30796
20/12/22 14:26:24 796 [INFO,train:498]         epoch 0 age 0: 0.91 47.24
20/12/22 14:26:24 842 [INFO,train:498]         epoch 0 age 1: 0.79 45.23
20/12/22 14:26:24 886 [INFO,train:498]         epoch 0 age 2: 0.71 43.61
20/12/22 14:26:52 961 [INFO,train:483] 1: 0.68 40.88 0.0291 0.0560 30827
20/12/22 14:26:53 008 [INFO,train:498]         epoch 1 age 0: 0.68 40.88
20/12/22 14:26:53 054 [INFO,train:498]         epoch 1 age 1: 0.63 39.76
20/12/22 14:26:53 098 [INFO,train:498]         epoch 1 age 2: 0.59 38.77
20/12/22 14:27:20 126 [INFO,train:483] 2: 0.57 39.00 0.0262 0.0560 30928
20/12/22 14:27:20 171 [INFO,train:498]         epoch 2 age 0: 0.57 39.00
20/12/22 14:27:20 211 [INFO,train:498]         epoch 2 age 1: 0.54 38.15
20/12/22 14:27:20 251 [INFO,train:498]         epoch 2 age 2: 0.51 37.32
20/12/22 14:27:47 841 [INFO,train:483] 3: 0.48 37.56 0.0230 0.0559 30731
20/12/22 14:27:47 889 [INFO,train:498]         epoch 3 age 0: 0.48 37.56
20/12/22 14:27:47 935 [INFO,train:498]         epoch 3 age 1: 0.46 36.98
20/12/22 14:27:47 981 [INFO,train:498]         epoch 3 age 2: 0.44 36.44
20/12/22 14:28:15 810 [INFO,train:483] 4: 0.45 36.66 0.0293 0.0558 30632
20/12/22 14:28:15 856 [INFO,train:498]         epoch 4 age 0: 0.45 36.66
20/12/22 14:28:15 903 [INFO,train:498]         epoch 4 age 1: 0.43 36.31
20/12/22 14:28:15 945 [INFO,train:498]         epoch 4 age 2: 0.42 35.90
20/12/22 14:28:43 269 [INFO,train:483] 5: 0.41 37.93 0.0288 0.0557 30594
20/12/22 14:28:43 316 [INFO,train:498]         epoch 5 age 0: 0.41 37.93
20/12/22 14:28:43 363 [INFO,train:498]         epoch 5 age 1: 0.39 37.54
20/12/22 14:28:43 409 [INFO,train:498]         epoch 5 age 2: 0.38 37.08
20/12/22 14:30:58 995 [INFO,train:483] 10: 0.34 34.63 0.0136 0.0551 30574
20/12/22 14:30:59 042 [INFO,train:498]         epoch 10 age 0: 0.34 34.63
20/12/22 14:30:59 088 [INFO,train:498]         epoch 10 age 1: 0.34 34.11
20/12/22 14:30:59 135 [INFO,train:498]         epoch 10 age 2: 0.33 33.52
20/12/22 14:33:15 750 [INFO,train:483] 15: 0.36 39.41 0.0094 0.0545 30812
20/12/22 14:33:15 797 [INFO,train:498]         epoch 15 age 0: 0.36 39.41
20/12/22 14:33:15 844 [INFO,train:498]         epoch 15 age 1: 0.35 38.73
20/12/22 14:33:15 890 [INFO,train:498]         epoch 15 age 2: 0.34 37.98
20/12/22 14:35:34 199 [INFO,train:483] 20: 0.36 34.65 0.0086 0.0540 30886
20/12/22 14:35:34 245 [INFO,train:498]         epoch 20 age 0: 0.36 34.65
20/12/22 14:35:34 292 [INFO,train:498]         epoch 20 age 1: 0.35 34.03
20/12/22 14:35:34 337 [INFO,train:498]         epoch 20 age 2: 0.34 33.33
20/12/22 14:37:50 827 [INFO,train:483] 25: 0.30 35.99 0.0069 0.0534 30966
20/12/22 14:37:50 875 [INFO,train:498]         epoch 25 age 0: 0.30 35.99
20/12/22 14:37:50 922 [INFO,train:498]         epoch 25 age 1: 0.29 35.15
20/12/22 14:37:50 968 [INFO,train:498]         epoch 25 age 2: 0.29 34.31
20/12/22 14:40:04 768 [INFO,train:483] 30: 0.35 42.80 0.0061 0.0528 30483
20/12/22 14:40:04 815 [INFO,train:498]         epoch 30 age 0: 0.35 42.80
20/12/22 14:40:04 861 [INFO,train:498]         epoch 30 age 1: 0.34 41.69
20/12/22 14:40:04 908 [INFO,train:498]         epoch 30 age 2: 0.34 40.48
20/12/22 14:40:37 438 [INFO,benchmark:315] benchmark at epoch 0's result: -83.43 8.32
20/12/22 14:42:19 820 [INFO,train:483] 35: 0.35 37.34 0.0075 0.0521 30177
20/12/22 14:42:19 866 [INFO,train:498]         epoch 35 age 0: 0.35 37.34
20/12/22 14:42:19 911 [INFO,train:498]         epoch 35 age 1: 0.35 36.29
20/12/22 14:42:19 953 [INFO,train:498]         epoch 35 age 2: 0.34 35.14
20/12/22 14:44:34 608 [INFO,train:483] 40: 0.35 38.92 0.0083 0.0517 30836
20/12/22 14:44:34 654 [INFO,train:498]         epoch 40 age 0: 0.35 38.92
20/12/22 14:44:34 701 [INFO,train:498]         epoch 40 age 1: 0.34 37.32
20/12/22 14:44:34 743 [INFO,train:498]         epoch 40 age 2: 0.33 36.15
20/12/22 14:53:26 248 [INFO,train:483] 60: 0.34 37.54 0.0081 0.0514 30673
20/12/22 14:53:26 296 [INFO,train:498]         epoch 60 age 0: 0.34 37.54
20/12/22 14:53:26 342 [INFO,train:498]         epoch 60 age 1: 0.34 36.53
20/12/22 14:53:26 388 [INFO,train:498]         epoch 60 age 2: 0.33 35.65
20/12/22 15:01:56 844 [INFO,benchmark:291] start benchmark against MrGreed for 512x2
20/12/22 15:02:23 410 [INFO,train:483] 80: 0.33 36.84 0.0057 0.0512 30694
20/12/22 15:02:23 457 [INFO,train:498]         epoch 80 age 0: 0.33 36.84
20/12/22 15:02:23 500 [INFO,train:498]         epoch 80 age 1: 0.32 35.71
20/12/22 15:02:23 540 [INFO,train:498]         epoch 80 age 2: 0.32 34.31
20/12/22 15:11:30 696 [INFO,train:483] 100: 0.35 35.96 0.0042 0.0508 30496
20/12/22 15:11:30 743 [INFO,train:498]         epoch 100 age 0: 0.35 35.96
20/12/22 15:11:30 789 [INFO,train:498]         epoch 100 age 1: 0.34 34.69
20/12/22 15:11:30 829 [INFO,train:498]         epoch 100 age 2: 0.33 33.57
20/12/22 15:17:34 571 [INFO,benchmark:315] benchmark at epoch 80's result: -84.04 8.07
20/12/22 15:20:35 121 [INFO,train:483] 120: 0.32 37.57 0.0057 0.0509 30496
20/12/22 15:20:35 168 [INFO,train:498]         epoch 120 age 0: 0.32 37.57
20/12/22 15:20:35 214 [INFO,train:498]         epoch 120 age 1: 0.31 36.61
20/12/22 15:20:35 260 [INFO,train:498]         epoch 120 age 2: 0.30 35.58
20/12/22 15:29:31 088 [INFO,train:483] 140: 0.36 39.60 0.0040 0.0512 31015
20/12/22 15:29:31 135 [INFO,train:498]         epoch 140 age 0: 0.36 39.60
20/12/22 15:29:31 182 [INFO,train:498]         epoch 140 age 1: 0.36 37.82
20/12/22 15:29:31 224 [INFO,train:498]         epoch 140 age 2: 0.35 36.01
20/12/22 15:39:13 005 [INFO,benchmark:291] start benchmark against MrGreed for 512x2
20/12/22 15:39:44 018 [INFO,train:483] 160: 0.37 35.04 0.0078 0.0514 30464
20/12/22 15:39:44 064 [INFO,train:498]         epoch 160 age 0: 0.37 35.04
20/12/22 15:39:44 109 [INFO,train:498]         epoch 160 age 1: 0.36 33.82
20/12/22 15:39:44 147 [INFO,train:498]         epoch 160 age 2: 0.35 32.61
20/12/22 15:50:14 089 [INFO,train:483] 180: 0.39 36.50 0.0069 0.0516 31088
20/12/22 15:50:14 132 [INFO,train:498]         epoch 180 age 0: 0.39 36.50
20/12/22 15:50:14 172 [INFO,train:498]         epoch 180 age 1: 0.38 35.34
20/12/22 15:50:14 212 [INFO,train:498]         epoch 180 age 2: 0.37 34.35
20/12/22 15:54:26 049 [INFO,benchmark:315] benchmark at epoch 160's result: -36.83 8.58
20/12/22 16:00:38 056 [INFO,train:483] 200: 0.34 34.20 0.0069 0.0519 31230
20/12/22 16:00:38 104 [INFO,train:498]         epoch 200 age 0: 0.34 34.20
20/12/22 16:00:38 150 [INFO,train:498]         epoch 200 age 1: 0.34 33.07
20/12/22 16:00:38 197 [INFO,train:498]         epoch 200 age 2: 0.33 31.69
20/12/22 16:10:51 738 [INFO,train:483] 220: 0.34 38.69 0.0042 0.0523 30653
20/12/22 16:10:51 781 [INFO,train:498]         epoch 220 age 0: 0.34 38.69
20/12/22 16:10:51 821 [INFO,train:498]         epoch 220 age 1: 0.33 36.75
20/12/22 16:10:51 860 [INFO,train:498]         epoch 220 age 2: 0.32 34.73
20/12/22 16:20:34 359 [INFO,benchmark:291] start benchmark against MrGreed for 512x2
20/12/22 16:21:05 156 [INFO,train:483] 240: 0.34 35.71 0.0107 0.0525 30615
20/12/22 16:21:05 202 [INFO,train:498]         epoch 240 age 0: 0.34 35.71
20/12/22 16:21:05 248 [INFO,train:498]         epoch 240 age 1: 0.33 34.78
20/12/22 16:21:05 287 [INFO,train:498]         epoch 240 age 2: 0.33 33.65
20/12/22 16:31:31 825 [INFO,train:483] 260: 0.35 36.34 0.0082 0.0527 30812
20/12/22 16:31:31 873 [INFO,train:498]         epoch 260 age 0: 0.35 36.34
20/12/22 16:31:31 919 [INFO,train:498]         epoch 260 age 1: 0.34 35.28
20/12/22 16:31:31 965 [INFO,train:498]         epoch 260 age 2: 0.33 34.12
20/12/22 16:35:58 555 [INFO,benchmark:315] benchmark at epoch 240's result: -44.13 7.92
20/12/22 16:41:50 907 [INFO,train:483] 280: 0.36 40.45 0.0065 0.0530 31241
20/12/22 16:41:50 952 [INFO,train:498]         epoch 280 age 0: 0.36 40.45
20/12/22 16:41:50 991 [INFO,train:498]         epoch 280 age 1: 0.35 38.92
20/12/22 16:41:51 031 [INFO,train:498]         epoch 280 age 2: 0.34 37.16
20/12/22 16:52:05 153 [INFO,train:483] 300: 0.38 36.65 0.0080 0.0535 30827
20/12/22 16:52:05 201 [INFO,train:498]         epoch 300 age 0: 0.38 36.65
20/12/22 16:52:05 244 [INFO,train:498]         epoch 300 age 1: 0.37 35.50
20/12/22 16:52:05 283 [INFO,train:498]         epoch 300 age 2: 0.37 34.14
20/12/22 17:01:46 152 [INFO,benchmark:291] start benchmark against MrGreed for 512x2
20/12/22 17:02:17 177 [INFO,train:483] 320: 0.36 35.35 0.0052 0.0538 30604
20/12/22 17:02:17 224 [INFO,train:498]         epoch 320 age 0: 0.36 35.35
20/12/22 17:02:17 270 [INFO,train:498]         epoch 320 age 1: 0.36 34.09
20/12/22 17:02:17 317 [INFO,train:498]         epoch 320 age 2: 0.35 32.92
20/12/22 17:12:46 258 [INFO,train:483] 340: 0.42 42.12 0.0041 0.0541 29669
20/12/22 17:12:46 301 [INFO,train:498]         epoch 340 age 0: 0.42 42.12
20/12/22 17:12:46 342 [INFO,train:498]         epoch 340 age 1: 0.41 40.68
20/12/22 17:12:46 383 [INFO,train:498]         epoch 340 age 2: 0.40 38.81
20/12/22 17:17:09 539 [INFO,benchmark:315] benchmark at epoch 320's result: -55.24 8.24
20/12/22 17:23:10 902 [INFO,train:483] 360: 0.37 33.94 0.0064 0.0545 29624
20/12/22 17:23:10 948 [INFO,train:498]         epoch 360 age 0: 0.37 33.94
20/12/22 17:23:10 992 [INFO,train:498]         epoch 360 age 1: 0.37 33.14
20/12/22 17:23:11 036 [INFO,train:498]         epoch 360 age 2: 0.36 32.36
20/12/22 17:33:27 961 [INFO,train:483] 380: 0.37 38.76 0.0054 0.0548 30648
20/12/22 17:33:28 008 [INFO,train:498]         epoch 380 age 0: 0.37 38.76
20/12/22 17:33:28 054 [INFO,train:498]         epoch 380 age 1: 0.36 37.57
20/12/22 17:33:28 100 [INFO,train:498]         epoch 380 age 2: 0.36 36.23
20/12/22 17:43:14 716 [INFO,benchmark:291] start benchmark against MrGreed for 512x2
20/12/22 17:43:46 262 [INFO,train:483] 400: 0.35 38.30 0.0108 0.0553 31310
20/12/22 17:43:46 310 [INFO,train:498]         epoch 400 age 0: 0.35 38.30
20/12/22 17:43:46 357 [INFO,train:498]         epoch 400 age 1: 0.34 37.37
20/12/22 17:43:46 404 [INFO,train:498]         epoch 400 age 2: 0.33 36.37
20/12/22 17:54:11 804 [INFO,train:483] 420: 0.37 36.73 0.0058 0.0555 30714
20/12/22 17:54:11 851 [INFO,train:498]         epoch 420 age 0: 0.37 36.73
20/12/22 17:54:11 898 [INFO,train:498]         epoch 420 age 1: 0.37 35.61
20/12/22 17:54:11 944 [INFO,train:498]         epoch 420 age 2: 0.36 34.53
20/12/22 17:58:30 235 [INFO,benchmark:315] benchmark at epoch 400's result: -30.03 8.12
20/12/22 18:04:33 184 [INFO,train:483] 440: 0.33 35.10 0.0065 0.0555 30415
20/12/22 18:04:33 230 [INFO,train:498]         epoch 440 age 0: 0.33 35.10
20/12/22 18:04:33 275 [INFO,train:498]         epoch 440 age 1: 0.33 34.14
20/12/22 18:04:33 314 [INFO,train:498]         epoch 440 age 2: 0.32 32.96
20/12/22 18:14:47 788 [INFO,train:483] 460: 0.37 35.62 0.0050 0.0556 30759
20/12/22 18:14:47 835 [INFO,train:498]         epoch 460 age 0: 0.37 35.62
20/12/22 18:14:47 882 [INFO,train:498]         epoch 460 age 1: 0.36 34.59
20/12/22 18:14:47 928 [INFO,train:498]         epoch 460 age 2: 0.36 33.29
20/12/22 18:24:32 173 [INFO,benchmark:291] start benchmark against MrGreed for 512x2
20/12/22 18:25:03 494 [INFO,train:483] 480: 0.39 42.38 0.0046 0.0556 31560
20/12/22 18:25:03 540 [INFO,train:498]         epoch 480 age 0: 0.39 42.38
20/12/22 18:25:03 585 [INFO,train:498]         epoch 480 age 1: 0.38 39.80
20/12/22 18:25:03 629 [INFO,train:498]         epoch 480 age 2: 0.37 37.25
20/12/22 18:35:33 971 [INFO,train:483] 500: 0.43 34.87 0.0070 0.0561 30618
20/12/22 18:35:34 018 [INFO,train:498]         epoch 500 age 0: 0.43 34.87
20/12/22 18:35:34 064 [INFO,train:498]         epoch 500 age 1: 0.42 33.85
20/12/22 18:35:34 108 [INFO,train:498]         epoch 500 age 2: 0.41 32.58
20/12/22 18:39:43 961 [INFO,benchmark:315] benchmark at epoch 480's result: -29.76 8.22
20/12/22 18:45:54 032 [INFO,train:483] 520: 0.36 32.22 0.0086 0.0566 30721
20/12/22 18:45:54 072 [INFO,train:498]         epoch 520 age 0: 0.36 32.22
20/12/22 18:45:54 112 [INFO,train:498]         epoch 520 age 1: 0.35 31.03
20/12/22 18:45:54 151 [INFO,train:498]         epoch 520 age 2: 0.34 29.88
20/12/22 18:56:10 839 [INFO,train:483] 540: 0.40 33.43 0.0090 0.0568 30933
20/12/22 18:56:10 886 [INFO,train:498]         epoch 540 age 0: 0.40 33.43
20/12/22 18:56:10 933 [INFO,train:498]         epoch 540 age 1: 0.39 32.23
20/12/22 18:56:10 976 [INFO,train:498]         epoch 540 age 2: 0.38 30.99
20/12/22 19:05:54 903 [INFO,benchmark:291] start benchmark against MrGreed for 512x2
20/12/22 19:06:26 099 [INFO,train:483] 560: 0.37 34.57 0.0062 0.0575 30955
20/12/22 19:06:26 147 [INFO,train:498]         epoch 560 age 0: 0.37 34.57
20/12/22 19:06:26 194 [INFO,train:498]         epoch 560 age 1: 0.36 33.07
20/12/22 19:06:26 240 [INFO,train:498]         epoch 560 age 2: 0.35 31.46
20/12/22 19:16:55 312 [INFO,train:483] 580: 0.36 35.12 0.0078 0.0576 30648
20/12/22 19:16:55 359 [INFO,train:498]         epoch 580 age 0: 0.36 35.12
20/12/22 19:16:55 405 [INFO,train:498]         epoch 580 age 1: 0.36 33.88
20/12/22 19:16:55 448 [INFO,train:498]         epoch 580 age 2: 0.35 32.62
20/12/22 19:21:07 336 [INFO,benchmark:315] benchmark at epoch 560's result: -46.61 8.57
20/12/22 19:27:18 635 [INFO,train:483] 600: 0.37 37.16 0.0040 0.0580 30734
20/12/22 19:27:18 682 [INFO,train:498]         epoch 600 age 0: 0.37 37.16
20/12/22 19:27:18 728 [INFO,train:498]         epoch 600 age 1: 0.36 35.37
20/12/22 19:27:18 773 [INFO,train:498]         epoch 600 age 2: 0.35 33.71
20/12/22 19:38:13 601 [ERR,train:455] get data failed at epoch 618, has got 27457 datas.:
Traceback (most recent call last):
  File "./MrZeroTree.py", line 452, in train
    queue_get=data_queue.get(block=True,timeout=data_timeout*3+30)
  File "/usr/lib/python3.6/multiprocessing/queues.py", line 105, in get
    raise Empty
queue.Empty

20/12/22 19:38:13 616 [INFO,train:456] resting...
20/12/22 19:41:14 882 [INFO,train:483] 620: 0.35 37.43 0.0058 0.0583 29121
20/12/22 19:41:14 926 [INFO,train:498]         epoch 620 age 0: 0.35 37.43
20/12/22 19:41:14 969 [INFO,train:498]         epoch 620 age 1: 0.34 36.10
20/12/22 19:41:15 013 [INFO,train:498]         epoch 620 age 2: 0.34 34.70
20/12/22 19:50:59 233 [INFO,benchmark:291] start benchmark against MrGreed for 512x2
20/12/22 19:54:05 883 [ERR,train:455] get data failed at epoch 640, has got 26545 datas.:
Traceback (most recent call last):
  File "./MrZeroTree.py", line 452, in train
    queue_get=data_queue.get(block=True,timeout=data_timeout*3+30)
  File "/usr/lib/python3.6/multiprocessing/queues.py", line 105, in get
    raise Empty
queue.Empty

20/12/22 19:54:05 884 [INFO,train:456] resting...
20/12/22 19:56:06 237 [INFO,train:483] 640: 0.38 34.92 0.0060 0.0587 26545
20/12/22 19:56:06 277 [INFO,train:498]         epoch 640 age 0: 0.38 34.92
20/12/22 19:56:06 314 [INFO,train:498]         epoch 640 age 1: 0.38 33.75
20/12/22 19:56:06 348 [INFO,train:498]         epoch 640 age 2: 0.37 32.54
20/12/22 19:56:06 348 [INFO,train:502] waiting benchmark threading to join
20/12/22 20:05:20 658 [INFO,benchmark:315] benchmark at epoch 640's result: -23.06 8.27
