20/12/14 15:45:22 655 [INFO,<module>:565] sharing_strategy: file_system
20/12/14 15:45:24 584 [INFO,main:532] start from: ./ZeroNets/from-one-6c/PV_NET-11-2247733-300.pkl
20/12/14 15:45:24 585 [INFO,train:440] optimizer: {'lr': 0.0002, 'betas': (0.9, 0.999), 'eps': 1e-07, 'weight_decay': 0.0001, 'amsgrad': False}
20/12/14 15:45:24 585 [INFO,train:444] LOSS2_WEIGHT: 0.0300, BETA: 0.20, VALUE_RENORMAL: 10, BENCHMARK_METHOD: -1, TRAIN_SAMPLE: -1, REVIEW_NUMBER: 3, DATA_ROUNDS: 3x6
20/12/14 15:45:25 171 [INFO,benchmark:311] start benchmark against MrGreed for 512x2
20/12/14 15:45:46 185 [INFO,train:490] #epoch: loss1 loss2 grad1/grad2 amp_probe #train_datas
20/12/14 15:45:46 222 [INFO,train:507] 0: 0.27 34.70 0.0073 0.0518 13436
20/12/14 15:45:46 244 [INFO,train:523]         epoch 0 age 0: 0.27 34.70
20/12/14 15:45:46 266 [INFO,train:523]         epoch 0 age 1: 0.26 32.47
20/12/14 15:45:46 287 [INFO,train:523]         epoch 0 age 2: 0.24 30.58
20/12/14 15:45:56 811 [INFO,train:507] 1: 0.24 31.44 0.0059 0.0518 13438
20/12/14 15:45:56 833 [INFO,train:523]         epoch 1 age 0: 0.24 31.44
20/12/14 15:45:56 855 [INFO,train:523]         epoch 1 age 1: 0.23 30.20
20/12/14 15:45:56 875 [INFO,train:523]         epoch 1 age 2: 0.22 28.95
20/12/14 15:46:07 231 [INFO,train:507] 2: 0.22 30.90 0.0051 0.0517 13383
20/12/14 15:46:07 253 [INFO,train:523]         epoch 2 age 0: 0.22 30.90
20/12/14 15:46:07 274 [INFO,train:523]         epoch 2 age 1: 0.22 29.73
20/12/14 15:46:07 296 [INFO,train:523]         epoch 2 age 2: 0.21 28.39
20/12/14 15:46:17 552 [INFO,train:507] 3: 0.23 29.99 0.0099 0.0517 13386
20/12/14 15:46:17 573 [INFO,train:523]         epoch 3 age 0: 0.23 29.99
20/12/14 15:46:17 595 [INFO,train:523]         epoch 3 age 1: 0.23 28.90
20/12/14 15:46:17 617 [INFO,train:523]         epoch 3 age 2: 0.22 27.83
20/12/14 15:46:27 786 [INFO,train:507] 4: 0.23 30.48 0.0090 0.0517 13328
20/12/14 15:46:27 808 [INFO,train:523]         epoch 4 age 0: 0.23 30.48
20/12/14 15:46:27 830 [INFO,train:523]         epoch 4 age 1: 0.23 29.61
20/12/14 15:46:27 851 [INFO,train:523]         epoch 4 age 2: 0.22 28.68
20/12/14 15:46:38 247 [INFO,train:507] 5: 0.23 30.43 0.0067 0.0516 13314
20/12/14 15:46:38 269 [INFO,train:523]         epoch 5 age 0: 0.23 30.43
20/12/14 15:46:38 291 [INFO,train:523]         epoch 5 age 1: 0.22 29.73
20/12/14 15:46:38 312 [INFO,train:523]         epoch 5 age 2: 0.22 28.92
20/12/14 15:47:32 043 [INFO,train:507] 10: 0.26 30.43 0.0105 0.0515 13179
20/12/14 15:47:32 065 [INFO,train:523]         epoch 10 age 0: 0.26 30.43
20/12/14 15:47:32 086 [INFO,train:523]         epoch 10 age 1: 0.25 29.71
20/12/14 15:47:32 108 [INFO,train:523]         epoch 10 age 2: 0.24 28.89
20/12/14 15:48:24 279 [INFO,train:507] 15: 0.22 33.81 0.0090 0.0514 13204
20/12/14 15:48:24 299 [INFO,train:523]         epoch 15 age 0: 0.22 33.81
20/12/14 15:48:24 318 [INFO,train:523]         epoch 15 age 1: 0.21 33.11
20/12/14 15:48:24 337 [INFO,train:523]         epoch 15 age 2: 0.20 32.33
20/12/14 15:49:16 900 [INFO,train:507] 20: 0.28 38.66 0.0057 0.0512 13228
20/12/14 15:49:16 921 [INFO,train:523]         epoch 20 age 0: 0.28 38.66
20/12/14 15:49:16 943 [INFO,train:523]         epoch 20 age 1: 0.28 37.31
20/12/14 15:49:16 965 [INFO,train:523]         epoch 20 age 2: 0.27 35.75
20/12/14 15:50:09 047 [INFO,train:507] 25: 0.25 31.35 0.0086 0.0513 13225
20/12/14 15:50:09 069 [INFO,train:523]         epoch 25 age 0: 0.25 31.35
20/12/14 15:50:09 090 [INFO,train:523]         epoch 25 age 1: 0.25 30.55
20/12/14 15:50:09 112 [INFO,train:523]         epoch 25 age 2: 0.24 29.64
20/12/14 15:50:59 852 [INFO,train:507] 30: 0.26 31.87 0.0096 0.0513 13386
20/12/14 15:50:59 874 [INFO,train:523]         epoch 30 age 0: 0.26 31.87
20/12/14 15:50:59 895 [INFO,train:523]         epoch 30 age 1: 0.26 30.71
20/12/14 15:50:59 917 [INFO,train:523]         epoch 30 age 2: 0.25 29.54
20/12/14 15:51:52 527 [INFO,train:507] 35: 0.27 39.44 0.0117 0.0513 13236
20/12/14 15:51:52 548 [INFO,train:523]         epoch 35 age 0: 0.27 39.44
20/12/14 15:51:52 570 [INFO,train:523]         epoch 35 age 1: 0.27 38.54
20/12/14 15:51:52 591 [INFO,train:523]         epoch 35 age 2: 0.26 37.51
20/12/14 15:53:18 933 [INFO,benchmark:337] benchmark at epoch 0's result: -53.12 8.19
20/12/14 15:54:28 514 [INFO,train:507] 50: 0.26 35.25 0.0066 0.0514 13370
20/12/14 15:54:28 536 [INFO,train:523]         epoch 50 age 0: 0.26 35.25
20/12/14 15:54:28 557 [INFO,train:523]         epoch 50 age 1: 0.25 33.93
20/12/14 15:54:28 579 [INFO,train:523]         epoch 50 age 2: 0.24 32.66
20/12/14 16:02:53 007 [INFO,benchmark:311] start benchmark against MrGreed for 512x2
20/12/14 16:03:03 342 [INFO,train:507] 100: 0.23 28.82 0.0060 0.0523 13186
20/12/14 16:03:03 363 [INFO,train:523]         epoch 100 age 0: 0.23 28.82
20/12/14 16:03:03 385 [INFO,train:523]         epoch 100 age 1: 0.23 28.01
20/12/14 16:03:03 407 [INFO,train:523]         epoch 100 age 2: 0.22 27.25
20/12/14 16:10:54 834 [INFO,benchmark:337] benchmark at epoch 100's result: -52.29 8.41
20/12/14 16:12:11 753 [INFO,train:507] 150: 0.24 36.29 0.0081 0.0523 13178
20/12/14 16:12:11 774 [INFO,train:523]         epoch 150 age 0: 0.24 36.29
20/12/14 16:12:11 796 [INFO,train:523]         epoch 150 age 1: 0.23 35.49
20/12/14 16:12:11 818 [INFO,train:523]         epoch 150 age 2: 0.23 34.58
20/12/14 16:23:57 045 [INFO,benchmark:311] start benchmark against MrGreed for 512x2
20/12/14 16:24:11 715 [INFO,train:507] 200: 0.22 33.07 0.0067 0.0524 13278
20/12/14 16:24:11 737 [INFO,train:523]         epoch 200 age 0: 0.22 33.07
20/12/14 16:24:11 758 [INFO,train:523]         epoch 200 age 1: 0.22 32.27
20/12/14 16:24:11 778 [INFO,train:523]         epoch 200 age 2: 0.21 31.47
20/12/14 16:31:37 645 [INFO,benchmark:337] benchmark at epoch 200's result: -51.33 8.32
20/12/14 16:36:25 162 [INFO,train:507] 250: 0.21 40.98 0.0022 0.0534 13197
20/12/14 16:36:25 183 [INFO,train:523]         epoch 250 age 0: 0.21 40.98
20/12/14 16:36:25 205 [INFO,train:523]         epoch 250 age 1: 0.20 39.30
20/12/14 16:36:25 227 [INFO,train:523]         epoch 250 age 2: 0.19 36.71
20/12/14 16:48:14 677 [INFO,benchmark:311] start benchmark against MrGreed for 512x2
20/12/14 16:48:29 200 [INFO,train:507] 300: 0.21 32.21 0.0054 0.0536 13139
20/12/14 16:48:29 222 [INFO,train:523]         epoch 300 age 0: 0.21 32.21
20/12/14 16:48:29 243 [INFO,train:523]         epoch 300 age 1: 0.20 31.34
20/12/14 16:48:29 265 [INFO,train:523]         epoch 300 age 2: 0.20 30.57
20/12/14 16:49:43 426 [INFO,train:507] 305: 0.22 33.43 0.0023 0.0535 13180
20/12/14 16:49:43 448 [INFO,train:523]         epoch 305 age 0: 0.22 33.43
20/12/14 16:49:43 469 [INFO,train:523]         epoch 305 age 1: 0.22 32.27
20/12/14 16:49:43 491 [INFO,train:523]         epoch 305 age 2: 0.21 31.04
20/12/14 16:50:57 220 [INFO,train:507] 310: 0.22 32.03 0.0047 0.0535 13210
20/12/14 16:50:57 242 [INFO,train:523]         epoch 310 age 0: 0.22 32.03
20/12/14 16:50:57 263 [INFO,train:523]         epoch 310 age 1: 0.21 31.11
20/12/14 16:50:57 284 [INFO,train:523]         epoch 310 age 2: 0.21 29.97
20/12/14 16:52:11 162 [INFO,train:507] 315: 0.23 28.38 0.0088 0.0535 13243
20/12/14 16:52:11 184 [INFO,train:523]         epoch 315 age 0: 0.23 28.38
20/12/14 16:52:11 205 [INFO,train:523]         epoch 315 age 1: 0.22 27.85
20/12/14 16:52:11 227 [INFO,train:523]         epoch 315 age 2: 0.22 27.43
20/12/14 16:54:57 194 [ERR,main:536] :
Traceback (most recent call last):
  File "./MrZeroTree.py", line 534, in main
    train(pv_net)
  File "./MrZeroTree.py", line 468, in train
    p.start()
  File "/usr/lib/python3.6/multiprocessing/process.py", line 105, in start
    self._popen = self._Popen(self)
  File "/usr/lib/python3.6/multiprocessing/context.py", line 223, in _Popen
    return _default_context.get_context().Process._Popen(process_obj)
  File "/usr/lib/python3.6/multiprocessing/context.py", line 284, in _Popen
    return Popen(process_obj)
OSError: [Errno 24] Too many open files

20/12/14 16:55:56 709 [INFO,benchmark:337] benchmark at epoch 300's result: -53.90 8.24
