21/01/06 11:44:08 570 [INFO,main:97] BETA: 0.20, VALUE_RENORMAL: 10, MCTS_EXPL: 30, BENCH_SMP_B: 5, BENCH_SMP_K: 0.0
21/01/06 11:44:10 644 [INFO,main:102] start from: ./ZeroNets/from-zero-29/PV_NET-B-25-11416629-480.pkl
21/01/06 11:44:10 644 [INFO,train:24] loss2_weight: 0.03, data_rounds: 128, train_mcts_b: 0, train_mcts_k: 2.0, review_number: 1, age_in_epoch: 3
21/01/06 11:44:10 645 [INFO,train:29] optimizer: {'lr': 5e-05, 'betas': (0.3, 0.999), 'eps': 1e-07, 'weight_decay': 0.0001, 'amsgrad': False}
21/01/06 11:44:10 788 [INFO,train:46] gc len at 0: 50344
21/01/06 11:44:11 243 [INFO,benchmark:264] start benchmark against MrGreed for 512x2
21/01/06 11:45:27 820 [INFO,train:82] 0: 0.494 28.76 6656 104
21/01/06 11:45:27 821 [INFO,train:89]         epoch 0 age 0: 0.494 28.76
21/01/06 11:45:29 626 [INFO,train:89]         epoch 0 age 1: 0.391 18.86
21/01/06 11:45:31 437 [INFO,train:89]         epoch 0 age 2: 0.329 12.36
21/01/06 11:45:31 444 [INFO,train:46] gc len at 1: 97820
21/01/06 11:46:48 790 [INFO,train:82] 1: 0.492 30.53 6656 104
21/01/06 11:46:48 790 [INFO,train:89]         epoch 1 age 0: 0.492 30.53
21/01/06 11:46:50 597 [INFO,train:89]         epoch 1 age 1: 0.380 19.13
21/01/06 11:46:52 411 [INFO,train:89]         epoch 1 age 2: 0.320 12.90
21/01/06 11:46:52 418 [INFO,train:46] gc len at 2: 98363
21/01/06 11:48:10 238 [INFO,train:82] 2: 0.521 28.48 6656 104
21/01/06 11:48:10 238 [INFO,train:89]         epoch 2 age 0: 0.521 28.48
21/01/06 11:48:12 049 [INFO,train:89]         epoch 2 age 1: 0.404 17.22
21/01/06 11:48:13 868 [INFO,train:89]         epoch 2 age 2: 0.340 11.89
21/01/06 11:48:13 875 [INFO,train:46] gc len at 3: 88660
21/01/06 11:49:32 253 [INFO,train:82] 3: 0.500 26.84 6656 104
21/01/06 11:49:32 254 [INFO,train:89]         epoch 3 age 0: 0.500 26.84
21/01/06 11:49:34 069 [INFO,train:89]         epoch 3 age 1: 0.394 16.60
21/01/06 11:49:35 876 [INFO,train:89]         epoch 3 age 2: 0.332 11.27
21/01/06 11:49:35 882 [INFO,train:46] gc len at 4: 92937
21/01/06 11:50:53 038 [INFO,train:82] 4: 0.511 27.98 6656 104
21/01/06 11:50:53 038 [INFO,train:89]         epoch 4 age 0: 0.511 27.98
21/01/06 11:50:54 851 [INFO,train:89]         epoch 4 age 1: 0.396 17.07
21/01/06 11:50:56 664 [INFO,train:89]         epoch 4 age 2: 0.332 11.55
21/01/06 11:50:56 670 [INFO,train:46] gc len at 5: 93926
21/01/06 11:52:13 611 [INFO,train:82] 5: 0.487 28.77 6656 104
21/01/06 11:52:13 612 [INFO,train:89]         epoch 5 age 0: 0.487 28.77
21/01/06 11:52:15 415 [INFO,train:89]         epoch 5 age 1: 0.377 18.31
21/01/06 11:52:17 232 [INFO,train:89]         epoch 5 age 2: 0.315 12.30
21/01/06 11:57:41 246 [INFO,train:46] gc len at 10: 95702
21/01/06 11:58:18 569 [INFO,benchmark:289] benchmark at epoch 0's result: 27.83 8.11
21/01/06 11:58:53 980 [INFO,train:82] 10: 0.519 28.93 6656 104
21/01/06 11:58:53 980 [INFO,train:89]         epoch 10 age 0: 0.519 28.93
21/01/06 11:58:55 775 [INFO,train:89]         epoch 10 age 1: 0.400 17.80
21/01/06 11:58:57 582 [INFO,train:89]         epoch 10 age 2: 0.336 12.32
21/01/06 12:03:50 955 [INFO,train:46] gc len at 15: 86867
21/01/06 12:05:01 183 [INFO,train:82] 15: 0.495 28.18 6656 104
21/01/06 12:05:01 183 [INFO,train:89]         epoch 15 age 0: 0.495 28.18
21/01/06 12:05:02 974 [INFO,train:89]         epoch 15 age 1: 0.379 17.27
21/01/06 12:05:04 620 [INFO,train:89]         epoch 15 age 2: 0.316 11.89
21/01/06 12:09:59 045 [INFO,train:46] gc len at 20: 99912
21/01/06 12:11:09 655 [INFO,train:82] 20: 0.519 29.32 6656 104
21/01/06 12:11:09 655 [INFO,train:89]         epoch 20 age 0: 0.519 29.32
21/01/06 12:11:11 441 [INFO,train:89]         epoch 20 age 1: 0.404 18.11
21/01/06 12:11:13 248 [INFO,train:89]         epoch 20 age 2: 0.339 12.48
21/01/06 12:16:12 498 [INFO,train:46] gc len at 25: 96725
21/01/06 12:17:24 519 [INFO,train:82] 25: 0.505 30.24 6656 104
21/01/06 12:17:24 519 [INFO,train:89]         epoch 25 age 0: 0.505 30.24
21/01/06 12:17:26 308 [INFO,train:89]         epoch 25 age 1: 0.397 18.91
21/01/06 12:17:28 096 [INFO,train:89]         epoch 25 age 2: 0.335 12.63
21/01/06 12:34:50 588 [INFO,train:46] gc len at 40: 93008
21/01/06 12:36:01 454 [INFO,train:82] 40: 0.514 31.11 6656 104
21/01/06 12:36:01 454 [INFO,train:89]         epoch 40 age 0: 0.514 31.11
21/01/06 12:36:03 404 [INFO,train:89]         epoch 40 age 1: 0.406 19.29
21/01/06 12:36:05 316 [INFO,train:89]         epoch 40 age 2: 0.340 12.64
21/01/06 12:59:39 629 [INFO,train:46] gc len at 60: 95626
21/01/06 13:00:50 084 [INFO,train:82] 60: 0.474 28.88 6656 104
21/01/06 13:00:50 085 [INFO,train:89]         epoch 60 age 0: 0.474 28.88
21/01/06 13:00:51 877 [INFO,train:89]         epoch 60 age 1: 0.374 17.56
21/01/06 13:00:53 687 [INFO,train:89]         epoch 60 age 2: 0.317 12.03
21/01/06 13:24:47 087 [INFO,train:46] gc len at 80: 96539
21/01/06 13:24:47 543 [INFO,benchmark:264] start benchmark against MrGreed for 512x2
21/01/06 13:26:05 590 [INFO,train:82] 80: 0.497 29.88 6656 104
21/01/06 13:26:05 590 [INFO,train:89]         epoch 80 age 0: 0.497 29.88
21/01/06 13:26:07 399 [INFO,train:89]         epoch 80 age 1: 0.384 17.99
21/01/06 13:26:09 217 [INFO,train:89]         epoch 80 age 2: 0.321 12.14
21/01/06 13:38:43 409 [INFO,benchmark:289] benchmark at epoch 80's result: 25.84 8.13
21/01/06 13:50:49 799 [INFO,train:46] gc len at 100: 91414
21/01/06 13:51:59 991 [INFO,train:82] 100: 0.496 27.97 6656 104
21/01/06 13:51:59 991 [INFO,train:89]         epoch 100 age 0: 0.496 27.97
21/01/06 13:52:01 785 [INFO,train:89]         epoch 100 age 1: 0.387 17.22
21/01/06 13:52:03 592 [INFO,train:89]         epoch 100 age 2: 0.327 11.90
21/01/06 14:15:50 496 [INFO,train:46] gc len at 120: 97994
21/01/06 14:17:01 360 [INFO,train:82] 120: 0.478 28.57 6656 104
21/01/06 14:17:01 360 [INFO,train:89]         epoch 120 age 0: 0.478 28.57
21/01/06 14:17:03 163 [INFO,train:89]         epoch 120 age 1: 0.374 18.20
21/01/06 14:17:04 969 [INFO,train:89]         epoch 120 age 2: 0.315 12.68
21/01/06 14:40:52 829 [INFO,train:46] gc len at 140: 97695
21/01/06 14:42:04 796 [INFO,train:82] 140: 0.509 27.97 6656 104
21/01/06 14:42:04 796 [INFO,train:89]         epoch 140 age 0: 0.509 27.97
21/01/06 14:42:06 606 [INFO,train:89]         epoch 140 age 1: 0.401 17.77
21/01/06 14:42:08 410 [INFO,train:89]         epoch 140 age 2: 0.339 12.33
21/01/06 15:06:05 452 [INFO,train:46] gc len at 160: 102708
21/01/06 15:06:05 904 [INFO,benchmark:264] start benchmark against MrGreed for 512x2
21/01/06 15:07:24 228 [INFO,train:82] 160: 0.503 29.59 6656 104
21/01/06 15:07:24 228 [INFO,train:89]         epoch 160 age 0: 0.503 29.59
21/01/06 15:07:26 031 [INFO,train:89]         epoch 160 age 1: 0.391 18.15
21/01/06 15:07:27 832 [INFO,train:89]         epoch 160 age 2: 0.330 12.72
21/01/06 15:20:08 065 [INFO,benchmark:289] benchmark at epoch 160's result: 24.29 7.96
21/01/06 15:32:17 176 [INFO,train:46] gc len at 180: 86731
21/01/06 15:33:29 108 [INFO,train:82] 180: 0.491 26.67 6656 104
21/01/06 15:33:29 109 [INFO,train:89]         epoch 180 age 0: 0.491 26.67
21/01/06 15:33:31 029 [INFO,train:89]         epoch 180 age 1: 0.384 16.61
21/01/06 15:33:32 953 [INFO,train:89]         epoch 180 age 2: 0.322 11.35
21/01/06 15:57:27 425 [INFO,train:46] gc len at 200: 90370
21/01/06 15:58:38 527 [INFO,train:82] 200: 0.480 27.14 6656 104
21/01/06 15:58:38 527 [INFO,train:89]         epoch 200 age 0: 0.480 27.14
21/01/06 15:58:40 319 [INFO,train:89]         epoch 200 age 1: 0.364 16.78
21/01/06 15:58:41 998 [INFO,train:89]         epoch 200 age 2: 0.304 11.44
21/01/06 16:22:25 333 [INFO,train:46] gc len at 220: 88033
21/01/06 16:23:36 519 [INFO,train:82] 220: 0.491 27.27 6656 104
21/01/06 16:23:36 519 [INFO,train:89]         epoch 220 age 0: 0.491 27.27
21/01/06 16:23:38 315 [INFO,train:89]         epoch 220 age 1: 0.382 17.11
21/01/06 16:23:40 111 [INFO,train:89]         epoch 220 age 2: 0.321 11.70
21/01/06 16:47:37 765 [INFO,train:46] gc len at 240: 95863
21/01/06 16:47:38 203 [INFO,benchmark:264] start benchmark against MrGreed for 512x2
21/01/06 16:48:56 752 [INFO,train:82] 240: 0.476 28.43 6656 104
21/01/06 16:48:56 753 [INFO,train:89]         epoch 240 age 0: 0.476 28.43
21/01/06 16:48:58 555 [INFO,train:89]         epoch 240 age 1: 0.364 18.01
21/01/06 16:49:00 380 [INFO,train:89]         epoch 240 age 2: 0.306 12.60
21/01/06 17:01:39 575 [INFO,benchmark:289] benchmark at epoch 240's result: 37.32 8.10
21/01/06 17:13:59 099 [INFO,train:46] gc len at 260: 99279
21/01/06 17:15:11 664 [INFO,train:82] 260: 0.486 30.52 6656 104
21/01/06 17:15:11 664 [INFO,train:89]         epoch 260 age 0: 0.486 30.52
21/01/06 17:15:13 462 [INFO,train:89]         epoch 260 age 1: 0.377 18.59
21/01/06 17:15:15 250 [INFO,train:89]         epoch 260 age 2: 0.315 12.44
21/01/06 17:39:24 119 [INFO,train:46] gc len at 280: 93998
21/01/06 17:40:36 912 [INFO,train:82] 280: 0.513 27.74 6656 104
21/01/06 17:40:36 912 [INFO,train:89]         epoch 280 age 0: 0.513 27.74
21/01/06 17:40:38 712 [INFO,train:89]         epoch 280 age 1: 0.402 17.49
21/01/06 17:40:40 507 [INFO,train:89]         epoch 280 age 2: 0.339 12.04
21/01/06 18:04:44 158 [INFO,train:46] gc len at 300: 92800
21/01/06 18:05:57 112 [INFO,train:82] 300: 0.490 27.10 6656 104
21/01/06 18:05:57 112 [INFO,train:89]         epoch 300 age 0: 0.490 27.10
21/01/06 18:05:58 919 [INFO,train:89]         epoch 300 age 1: 0.377 16.69
21/01/06 18:06:00 718 [INFO,train:89]         epoch 300 age 2: 0.317 11.54
21/01/06 18:30:04 097 [INFO,train:46] gc len at 320: 103299
21/01/06 18:30:04 551 [INFO,benchmark:264] start benchmark against MrGreed for 512x2
21/01/06 18:31:22 886 [INFO,train:82] 320: 0.482 26.06 6656 104
21/01/06 18:31:22 886 [INFO,train:89]         epoch 320 age 0: 0.482 26.06
21/01/06 18:31:24 696 [INFO,train:89]         epoch 320 age 1: 0.376 16.50
21/01/06 18:31:26 503 [INFO,train:89]         epoch 320 age 2: 0.317 11.11
21/01/06 18:44:04 345 [INFO,benchmark:289] benchmark at epoch 320's result: 18.73 7.98
21/01/06 18:56:29 488 [INFO,train:46] gc len at 340: 93994
21/01/06 18:57:42 145 [INFO,train:82] 340: 0.477 28.59 6656 104
21/01/06 18:57:42 145 [INFO,train:89]         epoch 340 age 0: 0.477 28.59
21/01/06 18:57:43 959 [INFO,train:89]         epoch 340 age 1: 0.373 16.92
21/01/06 18:57:45 774 [INFO,train:89]         epoch 340 age 2: 0.315 11.89
21/01/06 19:21:48 638 [INFO,train:46] gc len at 360: 91311
21/01/06 19:23:01 084 [INFO,train:82] 360: 0.467 27.30 6656 104
21/01/06 19:23:01 085 [INFO,train:89]         epoch 360 age 0: 0.467 27.30
21/01/06 19:23:02 882 [INFO,train:89]         epoch 360 age 1: 0.362 17.40
21/01/06 19:23:04 682 [INFO,train:89]         epoch 360 age 2: 0.305 12.19
21/01/06 19:47:10 456 [INFO,train:46] gc len at 380: 86726
21/01/06 19:48:22 404 [INFO,train:82] 380: 0.480 28.68 6656 104
21/01/06 19:48:22 404 [INFO,train:89]         epoch 380 age 0: 0.480 28.68
21/01/06 19:48:24 343 [INFO,train:89]         epoch 380 age 1: 0.375 17.64
21/01/06 19:48:26 295 [INFO,train:89]         epoch 380 age 2: 0.319 12.26
