20/12/26 02:23:13 374 [INFO,main:512] start from: ./ZeroNets/from-zero-4b/PV_NET-11-2247733-560.pkl
20/12/26 02:23:13 375 [INFO,train:408] BETA: 0.20, VALUE_RENORMAL: 10, BENCHMARK_SAMPLE: -1
20/12/26 02:23:13 375 [INFO,train:410] loss2_weight: 0.03, data_rounds: 3x12, train_sample: -2, pv_deep: 0, review_number: 3, age_in_epoch: 3
20/12/26 02:23:13 376 [INFO,train:415] optimizer: {'lr': 2e-05, 'betas': (0.9, 0.999), 'eps': 1e-07, 'weight_decay': 0.0001, 'amsgrad': False}
20/12/26 02:23:13 376 [INFO,train:422] #epoch: loss1 loss2 grad1/grad2 amp_probe #train_datas
20/12/26 02:23:13 970 [INFO,benchmark:291] start benchmark against MrGreed for 512x2
20/12/26 02:24:25 768 [INFO,train:484] 0: 0.40 42.04 0.0046 0.0555 31916
20/12/26 02:24:25 817 [INFO,train:499]         epoch 0 age 0: 0.40 42.04
20/12/26 02:24:25 865 [INFO,train:499]         epoch 0 age 1: 0.40 41.82
20/12/26 02:24:25 913 [INFO,train:499]         epoch 0 age 2: 0.40 41.60
20/12/26 02:24:53 579 [INFO,train:484] 1: 0.40 41.07 0.0059 0.0555 31658
20/12/26 02:24:53 626 [INFO,train:499]         epoch 1 age 0: 0.40 41.07
20/12/26 02:24:53 674 [INFO,train:499]         epoch 1 age 1: 0.40 40.93
20/12/26 02:24:53 714 [INFO,train:499]         epoch 1 age 2: 0.40 40.78
20/12/26 02:25:20 461 [INFO,train:484] 2: 0.39 40.95 0.0060 0.0555 31230
20/12/26 02:25:20 509 [INFO,train:499]         epoch 2 age 0: 0.39 40.95
20/12/26 02:25:20 557 [INFO,train:499]         epoch 2 age 1: 0.39 40.85
20/12/26 02:25:20 600 [INFO,train:499]         epoch 2 age 2: 0.39 40.75
20/12/26 02:25:47 741 [INFO,train:484] 3: 0.38 39.82 0.0065 0.0555 30968
20/12/26 02:25:47 785 [INFO,train:499]         epoch 3 age 0: 0.38 39.82
20/12/26 02:25:47 824 [INFO,train:499]         epoch 3 age 1: 0.38 39.72
20/12/26 02:25:47 863 [INFO,train:499]         epoch 3 age 2: 0.37 39.61
20/12/26 02:26:15 270 [INFO,train:484] 4: 0.37 39.96 0.0049 0.0555 31242
20/12/26 02:26:15 318 [INFO,train:499]         epoch 4 age 0: 0.37 39.96
20/12/26 02:26:15 365 [INFO,train:499]         epoch 4 age 1: 0.37 39.85
20/12/26 02:26:15 412 [INFO,train:499]         epoch 4 age 2: 0.36 39.73
20/12/26 02:26:42 224 [INFO,train:484] 5: 0.37 40.45 0.0050 0.0555 31380
20/12/26 02:26:42 272 [INFO,train:499]         epoch 5 age 0: 0.37 40.45
20/12/26 02:26:42 319 [INFO,train:499]         epoch 5 age 1: 0.37 40.34
20/12/26 02:26:42 361 [INFO,train:499]         epoch 5 age 2: 0.37 40.22
20/12/26 02:28:57 805 [INFO,train:484] 10: 0.37 38.29 0.0055 0.0555 31499
20/12/26 02:28:57 853 [INFO,train:499]         epoch 10 age 0: 0.37 38.29
20/12/26 02:28:57 901 [INFO,train:499]         epoch 10 age 1: 0.37 38.23
20/12/26 02:28:57 946 [INFO,train:499]         epoch 10 age 2: 0.37 38.15
20/12/26 02:31:14 292 [INFO,train:484] 15: 0.36 37.53 0.0071 0.0555 30743
20/12/26 02:31:14 336 [INFO,train:499]         epoch 15 age 0: 0.36 37.53
20/12/26 02:31:14 378 [INFO,train:499]         epoch 15 age 1: 0.36 37.47
20/12/26 02:31:14 420 [INFO,train:499]         epoch 15 age 2: 0.36 37.39
20/12/26 02:32:17 117 [INFO,benchmark:315] benchmark at epoch 0's result: -49.18 8.09
20/12/26 02:33:30 230 [INFO,train:484] 20: 0.34 34.10 0.0063 0.0555 30347
20/12/26 02:33:30 276 [INFO,train:499]         epoch 20 age 0: 0.34 34.10
20/12/26 02:33:30 319 [INFO,train:499]         epoch 20 age 1: 0.33 34.05
20/12/26 02:33:30 357 [INFO,train:499]         epoch 20 age 2: 0.33 33.99
20/12/26 02:35:44 115 [INFO,train:484] 25: 0.38 34.90 0.0068 0.0555 29901
20/12/26 02:35:44 161 [INFO,train:499]         epoch 25 age 0: 0.38 34.90
20/12/26 02:35:44 206 [INFO,train:499]         epoch 25 age 1: 0.38 34.85
20/12/26 02:35:44 251 [INFO,train:499]         epoch 25 age 2: 0.37 34.78
20/12/26 02:37:59 199 [INFO,train:484] 30: 0.37 39.77 0.0058 0.0555 31219
20/12/26 02:37:59 246 [INFO,train:499]         epoch 30 age 0: 0.37 39.77
20/12/26 02:37:59 289 [INFO,train:499]         epoch 30 age 1: 0.36 39.68
20/12/26 02:37:59 329 [INFO,train:499]         epoch 30 age 2: 0.36 39.58
20/12/26 02:40:14 308 [INFO,train:484] 35: 0.36 34.49 0.0046 0.0554 30825
20/12/26 02:40:14 355 [INFO,train:499]         epoch 35 age 0: 0.36 34.49
20/12/26 02:40:14 402 [INFO,train:499]         epoch 35 age 1: 0.36 34.43
20/12/26 02:40:14 448 [INFO,train:499]         epoch 35 age 2: 0.36 34.35
20/12/26 02:42:28 030 [INFO,train:484] 40: 0.33 34.13 0.0051 0.0554 31763
20/12/26 02:42:28 070 [INFO,train:499]         epoch 40 age 0: 0.33 34.13
20/12/26 02:42:28 111 [INFO,train:499]         epoch 40 age 1: 0.33 34.05
20/12/26 02:42:28 151 [INFO,train:499]         epoch 40 age 2: 0.33 33.95
20/12/26 02:51:24 297 [INFO,train:484] 60: 0.36 36.04 0.0075 0.0553 30859
20/12/26 02:51:24 345 [INFO,train:499]         epoch 60 age 0: 0.36 36.04
20/12/26 02:51:24 391 [INFO,train:499]         epoch 60 age 1: 0.36 35.98
20/12/26 02:51:24 438 [INFO,train:499]         epoch 60 age 2: 0.35 35.90
20/12/26 02:59:56 837 [INFO,benchmark:291] start benchmark against MrGreed for 512x2
20/12/26 03:00:23 451 [INFO,train:484] 80: 0.33 35.08 0.0054 0.0552 30641
20/12/26 03:00:23 499 [INFO,train:499]         epoch 80 age 0: 0.33 35.08
20/12/26 03:00:23 545 [INFO,train:499]         epoch 80 age 1: 0.33 35.01
20/12/26 03:00:23 591 [INFO,train:499]         epoch 80 age 2: 0.33 34.94
20/12/26 03:08:53 056 [INFO,benchmark:315] benchmark at epoch 80's result: -37.64 8.42
20/12/26 03:09:31 433 [INFO,train:484] 100: 0.37 36.17 0.0048 0.0552 30986
20/12/26 03:09:31 481 [INFO,train:499]         epoch 100 age 0: 0.37 36.17
20/12/26 03:09:31 528 [INFO,train:499]         epoch 100 age 1: 0.37 36.07
20/12/26 03:09:31 574 [INFO,train:499]         epoch 100 age 2: 0.37 35.95
20/12/26 03:18:27 626 [INFO,train:484] 120: 0.37 35.10 0.0033 0.0551 30912
20/12/26 03:18:27 673 [INFO,train:499]         epoch 120 age 0: 0.37 35.10
20/12/26 03:18:27 713 [INFO,train:499]         epoch 120 age 1: 0.36 35.09
20/12/26 03:18:27 752 [INFO,train:499]         epoch 120 age 2: 0.36 35.04
20/12/26 03:27:25 992 [INFO,train:484] 140: 0.36 44.08 0.0045 0.0551 30710
20/12/26 03:27:26 031 [INFO,train:499]         epoch 140 age 0: 0.36 44.08
20/12/26 03:27:26 070 [INFO,train:499]         epoch 140 age 1: 0.36 43.94
20/12/26 03:27:26 110 [INFO,train:499]         epoch 140 age 2: 0.36 43.79
20/12/26 03:36:59 043 [INFO,benchmark:291] start benchmark against MrGreed for 512x2
20/12/26 03:37:29 229 [INFO,train:484] 160: 0.36 43.07 0.0044 0.0550 30931
20/12/26 03:37:29 272 [INFO,train:499]         epoch 160 age 0: 0.36 43.07
20/12/26 03:37:29 311 [INFO,train:499]         epoch 160 age 1: 0.36 42.96
20/12/26 03:37:29 351 [INFO,train:499]         epoch 160 age 2: 0.36 42.85
20/12/26 03:41:20 144 [WARN,train:457] get data failed AGAIN at epoch 164! Has got 27870 datas.
20/12/26 03:41:20 333 [INFO,train:441] resting...
20/12/26 03:45:31 911 [INFO,benchmark:315] benchmark at epoch 160's result: -49.95 8.33
20/12/26 03:51:35 637 [INFO,train:484] 180: 0.36 30.54 0.0066 0.0550 30713
20/12/26 03:51:35 679 [INFO,train:499]         epoch 180 age 0: 0.36 30.54
20/12/26 03:51:35 718 [INFO,train:499]         epoch 180 age 1: 0.36 30.49
20/12/26 03:51:35 757 [INFO,train:499]         epoch 180 age 2: 0.36 30.43
20/12/26 04:01:53 536 [INFO,train:484] 200: 0.35 35.76 0.0068 0.0549 30687
20/12/26 04:01:53 583 [INFO,train:499]         epoch 200 age 0: 0.35 35.76
20/12/26 04:01:53 623 [INFO,train:499]         epoch 200 age 1: 0.35 35.69
20/12/26 04:01:53 662 [INFO,train:499]         epoch 200 age 2: 0.35 35.62
20/12/26 04:12:06 506 [INFO,train:484] 220: 0.35 37.83 0.0036 0.0549 30968
20/12/26 04:12:06 554 [INFO,train:499]         epoch 220 age 0: 0.35 37.83
20/12/26 04:12:06 601 [INFO,train:499]         epoch 220 age 1: 0.35 37.71
20/12/26 04:12:06 647 [INFO,train:499]         epoch 220 age 2: 0.35 37.56
20/12/26 04:21:48 936 [INFO,benchmark:291] start benchmark against MrGreed for 512x2
20/12/26 04:22:20 301 [INFO,train:484] 240: 0.34 35.68 0.0079 0.0548 30352
20/12/26 04:22:20 346 [INFO,train:499]         epoch 240 age 0: 0.34 35.68
20/12/26 04:22:20 391 [INFO,train:499]         epoch 240 age 1: 0.34 35.62
20/12/26 04:22:20 429 [INFO,train:499]         epoch 240 age 2: 0.34 35.56
20/12/26 04:30:41 120 [INFO,benchmark:315] benchmark at epoch 240's result: -42.06 8.08
20/12/26 04:32:41 072 [INFO,train:484] 260: 0.35 34.07 0.0046 0.0548 30507
20/12/26 04:32:41 118 [INFO,train:499]         epoch 260 age 0: 0.35 34.07
20/12/26 04:32:41 159 [INFO,train:499]         epoch 260 age 1: 0.35 34.01
20/12/26 04:32:41 198 [INFO,train:499]         epoch 260 age 2: 0.34 33.94
20/12/26 04:42:53 006 [INFO,train:484] 280: 0.33 37.74 0.0040 0.0547 30379
20/12/26 04:42:54 052 [INFO,train:499]         epoch 280 age 0: 0.33 37.74
20/12/26 04:42:54 098 [INFO,train:499]         epoch 280 age 1: 0.33 37.60
20/12/26 04:42:54 143 [INFO,train:499]         epoch 280 age 2: 0.33 37.45
20/12/26 04:53:04 819 [INFO,train:484] 300: 0.34 33.90 0.0028 0.0547 30634
20/12/26 04:53:04 865 [INFO,train:499]         epoch 300 age 0: 0.34 33.90
20/12/26 04:53:04 903 [INFO,train:499]         epoch 300 age 1: 0.34 33.78
20/12/26 04:53:04 942 [INFO,train:499]         epoch 300 age 2: 0.34 33.63
20/12/26 05:02:46 899 [INFO,benchmark:291] start benchmark against MrGreed for 512x2
20/12/26 05:03:17 281 [INFO,train:484] 320: 0.33 34.76 0.0046 0.0546 30732
20/12/26 05:03:17 328 [INFO,train:499]         epoch 320 age 0: 0.33 34.76
20/12/26 05:03:17 372 [INFO,train:499]         epoch 320 age 1: 0.33 34.67
20/12/26 05:03:17 411 [INFO,train:499]         epoch 320 age 2: 0.33 34.58
20/12/26 05:11:40 590 [INFO,benchmark:315] benchmark at epoch 320's result: -49.54 8.38
20/12/26 05:13:41 734 [INFO,train:484] 340: 0.33 31.14 0.0043 0.0546 31039
20/12/26 05:13:41 782 [INFO,train:499]         epoch 340 age 0: 0.33 31.14
20/12/26 05:13:41 829 [INFO,train:499]         epoch 340 age 1: 0.33 31.10
20/12/26 05:13:41 875 [INFO,train:499]         epoch 340 age 2: 0.33 31.04
20/12/26 05:23:53 652 [INFO,train:484] 360: 0.34 36.16 0.0053 0.0546 30452
20/12/26 05:23:53 699 [INFO,train:499]         epoch 360 age 0: 0.34 36.16
20/12/26 05:23:53 745 [INFO,train:499]         epoch 360 age 1: 0.34 36.09
20/12/26 05:23:53 790 [INFO,train:499]         epoch 360 age 2: 0.34 36.00
20/12/26 05:34:10 916 [INFO,train:484] 380: 0.32 34.30 0.0048 0.0545 30518
20/12/26 05:34:10 963 [INFO,train:499]         epoch 380 age 0: 0.32 34.30
20/12/26 05:34:11 010 [INFO,train:499]         epoch 380 age 1: 0.32 34.26
20/12/26 05:34:11 056 [INFO,train:499]         epoch 380 age 2: 0.32 34.21
20/12/26 05:43:54 559 [INFO,benchmark:291] start benchmark against MrGreed for 512x2
20/12/26 05:44:25 646 [INFO,train:484] 400: 0.36 32.88 0.0052 0.0545 30300
20/12/26 05:44:25 692 [INFO,train:499]         epoch 400 age 0: 0.36 32.88
20/12/26 05:44:25 738 [INFO,train:499]         epoch 400 age 1: 0.36 32.80
20/12/26 05:44:25 783 [INFO,train:499]         epoch 400 age 2: 0.36 32.69
20/12/26 05:52:44 830 [INFO,benchmark:315] benchmark at epoch 400's result: -55.13 8.02
20/12/26 05:54:52 585 [INFO,train:484] 420: 0.34 33.87 0.0051 0.0544 30814
20/12/26 05:54:52 633 [INFO,train:499]         epoch 420 age 0: 0.34 33.87
20/12/26 05:54:52 679 [INFO,train:499]         epoch 420 age 1: 0.34 33.75
20/12/26 05:54:52 725 [INFO,train:499]         epoch 420 age 2: 0.34 33.62
20/12/26 06:05:09 585 [INFO,train:484] 440: 0.35 34.14 0.0046 0.0544 31220
20/12/26 06:05:09 633 [INFO,train:499]         epoch 440 age 0: 0.35 34.14
20/12/26 06:05:09 676 [INFO,train:499]         epoch 440 age 1: 0.35 34.06
20/12/26 06:05:09 715 [INFO,train:499]         epoch 440 age 2: 0.35 33.98
20/12/26 06:15:22 584 [INFO,train:484] 460: 0.33 32.95 0.0054 0.0544 31414
20/12/26 06:15:22 627 [INFO,train:499]         epoch 460 age 0: 0.33 32.95
20/12/26 06:15:22 671 [INFO,train:499]         epoch 460 age 1: 0.33 32.89
20/12/26 06:15:22 714 [INFO,train:499]         epoch 460 age 2: 0.32 32.83
20/12/26 06:25:04 532 [INFO,benchmark:291] start benchmark against MrGreed for 512x2
20/12/26 06:25:36 189 [INFO,train:484] 480: 0.34 32.72 0.0054 0.0543 31238
20/12/26 06:25:36 236 [INFO,train:499]         epoch 480 age 0: 0.34 32.72
20/12/26 06:25:36 280 [INFO,train:499]         epoch 480 age 1: 0.34 32.66
20/12/26 06:25:36 320 [INFO,train:499]         epoch 480 age 2: 0.34 32.59
20/12/26 06:33:49 468 [INFO,benchmark:315] benchmark at epoch 480's result: -41.15 8.40
20/12/26 06:35:59 918 [INFO,train:484] 500: 0.34 42.16 0.0040 0.0543 30162
20/12/26 06:35:59 963 [INFO,train:499]         epoch 500 age 0: 0.34 42.16
20/12/26 06:36:00 008 [INFO,train:499]         epoch 500 age 1: 0.34 42.07
20/12/26 06:36:00 046 [INFO,train:499]         epoch 500 age 2: 0.34 41.97
20/12/26 06:46:08 063 [INFO,train:484] 520: 0.33 36.16 0.0048 0.0542 30318
20/12/26 06:46:08 107 [INFO,train:499]         epoch 520 age 0: 0.33 36.16
20/12/26 06:46:08 151 [INFO,train:499]         epoch 520 age 1: 0.33 36.09
20/12/26 06:46:08 194 [INFO,train:499]         epoch 520 age 2: 0.33 36.00
20/12/26 06:56:25 708 [INFO,train:484] 540: 0.35 32.92 0.0056 0.0542 30784
20/12/26 06:56:25 755 [INFO,train:499]         epoch 540 age 0: 0.35 32.92
20/12/26 06:56:25 801 [INFO,train:499]         epoch 540 age 1: 0.35 32.85
20/12/26 06:56:25 844 [INFO,train:499]         epoch 540 age 2: 0.35 32.78
20/12/26 07:06:10 357 [INFO,benchmark:291] start benchmark against MrGreed for 512x2
20/12/26 07:06:40 590 [INFO,train:484] 560: 0.35 33.27 0.0042 0.0541 30801
20/12/26 07:06:40 637 [INFO,train:499]         epoch 560 age 0: 0.35 33.27
20/12/26 07:06:40 683 [INFO,train:499]         epoch 560 age 1: 0.35 33.16
20/12/26 07:06:40 729 [INFO,train:499]         epoch 560 age 2: 0.35 33.05
20/12/26 07:15:01 152 [INFO,benchmark:315] benchmark at epoch 560's result: -37.37 8.11
20/12/26 07:17:11 618 [INFO,train:484] 580: 0.36 38.46 0.0034 0.0541 30604
20/12/26 07:17:11 664 [INFO,train:499]         epoch 580 age 0: 0.36 38.46
20/12/26 07:17:11 710 [INFO,train:499]         epoch 580 age 1: 0.36 38.37
20/12/26 07:17:11 751 [INFO,train:499]         epoch 580 age 2: 0.36 38.26
20/12/26 07:27:27 687 [INFO,train:484] 600: 0.35 32.82 0.0042 0.0541 31483
20/12/26 07:27:27 735 [INFO,train:499]         epoch 600 age 0: 0.35 32.82
20/12/26 07:27:27 782 [INFO,train:499]         epoch 600 age 1: 0.35 32.76
20/12/26 07:27:27 829 [INFO,train:499]         epoch 600 age 2: 0.35 32.68
20/12/26 07:37:43 276 [INFO,train:484] 620: 0.34 34.51 0.0058 0.0540 29756
20/12/26 07:37:43 322 [INFO,train:499]         epoch 620 age 0: 0.34 34.51
20/12/26 07:37:43 361 [INFO,train:499]         epoch 620 age 1: 0.34 34.44
20/12/26 07:37:43 399 [INFO,train:499]         epoch 620 age 2: 0.34 34.36
20/12/26 07:47:31 284 [INFO,benchmark:291] start benchmark against MrGreed for 512x2
20/12/26 07:50:24 778 [WARN,train:457] get data failed AGAIN at epoch 640! Has got 28002 datas.
20/12/26 07:50:25 008 [INFO,train:484] 640: 0.34 37.58 0.0046 0.0540 28002
20/12/26 07:50:25 051 [INFO,train:499]         epoch 640 age 0: 0.34 37.58
20/12/26 07:50:25 093 [INFO,train:499]         epoch 640 age 1: 0.34 37.47
20/12/26 07:50:25 135 [INFO,train:499]         epoch 640 age 2: 0.34 37.35
20/12/26 07:50:25 135 [INFO,train:501] <Process(Process-1929, started)>
20/12/26 07:50:25 135 [INFO,train:502] waiting benchmark threading to join: True
20/12/26 07:56:02 092 [INFO,benchmark:315] benchmark at epoch 640's result: -45.05 8.19
20/12/26 07:56:02 393 [INFO,train:504] benchmark threading should have joined: False
20/12/26 08:06:42 490 [INFO,train:506] quit
