21/01/02 16:27:16 668 [INFO,main:103] BETA: 0.20, VALUE_RENORMAL: 10, MCTS_EXPL: 30, BENCH_SMP_B: 5, BENCH_SMP_K: 0.0
21/01/02 16:27:16 718 [INFO,main:104] init pv_net: PV_NET_C [(434, 2048), (2048, 2048), (2048, 512), (512, 512), (512, 512), (512, 512), (512, 512), (512, 512), (512, 512), (512, 512), (512, 512), (512, 512), (512, 512), (512, 512), (512, 512), (512, 52), (512, 1)] 9315381
21/01/02 16:31:16 818 [INFO,train:31] loss2_weight: 0.03, data_rounds: 64, train_mcts_b: 0, train_mcts_k: 2.0, review_number: 3, age_in_epoch: 3
21/01/02 16:31:18 809 [INFO,train:36] optimizer: {'lr': 0.0002, 'betas': (0.9, 0.999), 'eps': 1e-07, 'weight_decay': 0.0001, 'amsgrad': False}
21/01/02 16:31:18 931 [INFO,train:53] gc len at 0: 50473
21/01/02 16:31:19 295 [INFO,benchmark:264] start benchmark against MrGreed for 512x2
21/01/02 16:31:45 385 [INFO,train:89] 0: 0.837 38.21 3328 52
21/01/02 16:31:45 385 [INFO,train:96]         epoch 0 age 0: 0.837 38.21
21/01/02 16:31:45 964 [INFO,train:96]         epoch 0 age 1: 0.170 38.41
21/01/02 16:31:46 548 [INFO,train:96]         epoch 0 age 2: 0.161 36.82
21/01/02 16:31:46 552 [INFO,train:53] gc len at 1: 75959
21/01/02 16:32:14 532 [INFO,train:89] 1: 0.673 37.09 6656 104
21/01/02 16:32:14 532 [INFO,train:96]         epoch 1 age 0: 0.417 36.95
21/01/02 16:32:15 985 [INFO,train:96]         epoch 1 age 1: 0.393 33.77
21/01/02 16:32:17 424 [INFO,train:96]         epoch 1 age 2: 0.359 29.70
21/01/02 16:32:17 430 [INFO,train:53] gc len at 2: 85479
21/01/02 16:32:45 817 [INFO,train:89] 2: 0.267 28.04 9984 156
21/01/02 16:32:45 817 [INFO,train:96]         epoch 2 age 0: 0.328 29.15
21/01/02 16:32:47 986 [INFO,train:96]         epoch 2 age 1: 0.294 23.89
21/01/02 16:32:50 128 [INFO,train:96]         epoch 2 age 2: 0.260 19.80
21/01/02 16:32:50 136 [INFO,train:53] gc len at 3: 112049
21/01/02 16:33:18 584 [INFO,train:89] 3: 0.610 43.09 9984 156
21/01/02 16:33:18 584 [INFO,train:96]         epoch 3 age 0: 0.377 27.56
21/01/02 16:33:20 722 [INFO,train:96]         epoch 3 age 1: 0.330 21.87
21/01/02 16:33:22 856 [INFO,train:96]         epoch 3 age 2: 0.294 17.85
21/01/02 16:33:22 864 [INFO,train:53] gc len at 4: 110722
21/01/02 16:33:51 089 [INFO,train:89] 4: 0.285 43.84 9984 156
21/01/02 16:33:51 089 [INFO,train:96]         epoch 4 age 0: 0.291 26.52
21/01/02 16:33:53 255 [INFO,train:96]         epoch 4 age 1: 0.249 20.83
21/01/02 16:33:55 424 [INFO,train:96]         epoch 4 age 2: 0.224 16.87
21/01/02 16:33:55 432 [INFO,train:53] gc len at 5: 102627
21/01/02 16:34:23 987 [INFO,train:89] 5: 0.521 44.61 9984 156
21/01/02 16:34:23 987 [INFO,train:96]         epoch 5 age 0: 0.323 26.12
21/01/02 16:34:26 103 [INFO,train:96]         epoch 5 age 1: 0.268 19.89
21/01/02 16:34:28 291 [INFO,train:96]         epoch 5 age 2: 0.234 16.00
21/01/02 16:36:38 578 [INFO,train:53] gc len at 10: 117823
21/01/02 16:37:06 943 [INFO,train:89] 10: 0.514 47.32 9984 156
21/01/02 16:37:06 943 [INFO,train:96]         epoch 10 age 0: 0.294 24.60
21/01/02 16:37:08 691 [INFO,train:96]         epoch 10 age 1: 0.204 16.78
21/01/02 16:37:10 432 [INFO,train:96]         epoch 10 age 2: 0.164 13.08
21/01/02 16:39:17 104 [INFO,train:53] gc len at 15: 120338
21/01/02 16:39:45 369 [INFO,train:89] 15: 0.551 49.94 9984 156
21/01/02 16:39:45 369 [INFO,train:96]         epoch 15 age 0: 0.291 24.67
21/01/02 16:39:47 122 [INFO,train:96]         epoch 15 age 1: 0.197 16.38
21/01/02 16:39:48 870 [INFO,train:96]         epoch 15 age 2: 0.158 11.92
21/01/02 16:40:47 174 [INFO,benchmark:289] benchmark at epoch 0's result: -251.01 7.91
21/01/02 16:41:56 662 [INFO,train:53] gc len at 20: 110534
21/01/02 16:42:25 223 [INFO,train:89] 20: 0.566 43.73 9984 156
21/01/02 16:42:25 224 [INFO,train:96]         epoch 20 age 0: 0.284 22.08
21/01/02 16:42:26 983 [INFO,train:96]         epoch 20 age 1: 0.180 14.35
21/01/02 16:42:28 731 [INFO,train:96]         epoch 20 age 2: 0.137 10.91
21/01/02 16:44:36 751 [INFO,train:53] gc len at 25: 113436
21/01/02 16:45:05 625 [INFO,train:89] 25: 0.581 49.28 9984 156
21/01/02 16:45:05 625 [INFO,train:96]         epoch 25 age 0: 0.282 23.86
21/01/02 16:45:07 376 [INFO,train:96]         epoch 25 age 1: 0.176 14.78
21/01/02 16:45:09 135 [INFO,train:96]         epoch 25 age 2: 0.130 11.11
21/01/02 16:52:38 936 [INFO,train:53] gc len at 40: 118475
21/01/02 16:53:07 759 [INFO,train:89] 40: 0.565 44.89 9984 156
21/01/02 16:53:07 759 [INFO,train:96]         epoch 40 age 0: 0.257 21.45
21/01/02 16:53:09 502 [INFO,train:96]         epoch 40 age 1: 0.139 13.13
21/01/02 16:53:11 256 [INFO,train:96]         epoch 40 age 2: 0.103 10.70
21/01/02 17:03:22 414 [INFO,train:53] gc len at 60: 110249
21/01/02 17:03:51 982 [INFO,train:89] 60: 0.548 43.33 9984 156
21/01/02 17:03:51 982 [INFO,train:96]         epoch 60 age 0: 0.251 20.09
21/01/02 17:03:53 741 [INFO,train:96]         epoch 60 age 1: 0.135 11.16
21/01/02 17:03:55 490 [INFO,train:96]         epoch 60 age 2: 0.101 8.73
21/01/02 17:14:08 067 [INFO,train:53] gc len at 80: 115582
21/01/02 17:14:08 462 [INFO,benchmark:264] start benchmark against MrGreed for 512x2
21/01/02 17:14:37 244 [INFO,train:89] 80: 0.562 42.78 9984 156
21/01/02 17:14:37 244 [INFO,train:96]         epoch 80 age 0: 0.254 19.92
21/01/02 17:14:38 993 [INFO,train:96]         epoch 80 age 1: 0.138 11.37
21/01/02 17:14:40 742 [INFO,train:96]         epoch 80 age 2: 0.099 8.08
21/01/02 17:23:41 868 [INFO,benchmark:289] benchmark at epoch 80's result: -81.65 8.50
21/01/02 17:24:58 969 [INFO,train:53] gc len at 100: 118765
21/01/02 17:25:28 546 [INFO,train:89] 100: 0.545 38.69 9984 156
21/01/02 17:25:28 547 [INFO,train:96]         epoch 100 age 0: 0.243 18.67
21/01/02 17:25:30 296 [INFO,train:96]         epoch 100 age 1: 0.133 11.00
21/01/02 17:25:32 042 [INFO,train:96]         epoch 100 age 2: 0.094 8.11
21/01/02 17:35:51 361 [INFO,train:53] gc len at 120: 107032
21/01/02 17:36:20 334 [INFO,train:89] 120: 0.524 42.71 9984 156
21/01/02 17:36:20 334 [INFO,train:96]         epoch 120 age 0: 0.239 19.98
21/01/02 17:36:22 094 [INFO,train:96]         epoch 120 age 1: 0.133 11.92
21/01/02 17:36:23 978 [INFO,train:96]         epoch 120 age 2: 0.101 9.12
21/01/02 17:46:46 186 [INFO,train:53] gc len at 140: 111391
21/01/02 17:47:15 548 [INFO,train:89] 140: 0.520 41.84 9984 156
21/01/02 17:47:15 548 [INFO,train:96]         epoch 140 age 0: 0.238 19.93
21/01/02 17:47:17 295 [INFO,train:96]         epoch 140 age 1: 0.133 11.69
21/01/02 17:47:19 046 [INFO,train:96]         epoch 140 age 2: 0.099 9.17
21/01/02 17:57:42 721 [INFO,train:53] gc len at 160: 109944
21/01/02 17:57:43 185 [INFO,benchmark:264] start benchmark against MrGreed for 512x2
21/01/02 17:58:11 995 [INFO,train:89] 160: 0.537 39.97 9984 156
21/01/02 17:58:11 996 [INFO,train:96]         epoch 160 age 0: 0.242 18.67
21/01/02 17:58:14 157 [INFO,train:96]         epoch 160 age 1: 0.129 10.78
21/01/02 17:58:16 314 [INFO,train:96]         epoch 160 age 2: 0.094 8.27
21/01/02 18:07:10 934 [INFO,benchmark:289] benchmark at epoch 160's result: -90.26 8.00
21/01/02 18:08:38 342 [INFO,train:53] gc len at 180: 120512
21/01/02 18:09:07 689 [INFO,train:89] 180: 0.569 39.43 9984 156
21/01/02 18:09:07 689 [INFO,train:96]         epoch 180 age 0: 0.254 18.87
21/01/02 18:09:09 453 [INFO,train:96]         epoch 180 age 1: 0.132 11.08
21/01/02 18:09:11 214 [INFO,train:96]         epoch 180 age 2: 0.094 8.09
21/01/02 18:19:34 307 [INFO,train:53] gc len at 200: 106198
21/01/02 18:20:02 913 [INFO,train:89] 200: 0.553 38.22 9984 156
21/01/02 18:20:02 913 [INFO,train:96]         epoch 200 age 0: 0.248 18.26
21/01/02 18:20:04 667 [INFO,train:96]         epoch 200 age 1: 0.127 10.58
21/01/02 18:20:06 429 [INFO,train:96]         epoch 200 age 2: 0.093 7.69
21/01/02 18:30:26 663 [INFO,train:53] gc len at 220: 116793
21/01/02 18:30:56 065 [INFO,train:89] 220: 0.532 40.13 9984 156
21/01/02 18:30:56 066 [INFO,train:96]         epoch 220 age 0: 0.238 18.61
21/01/02 18:30:57 822 [INFO,train:96]         epoch 220 age 1: 0.120 10.32
21/01/02 18:30:59 580 [INFO,train:96]         epoch 220 age 2: 0.087 7.45
21/01/02 18:41:23 743 [INFO,train:53] gc len at 240: 109974
21/01/02 18:41:24 191 [INFO,benchmark:264] start benchmark against MrGreed for 512x2
21/01/02 18:41:53 019 [INFO,train:89] 240: 0.541 37.61 9984 156
21/01/02 18:41:53 019 [INFO,train:96]         epoch 240 age 0: 0.240 18.00
21/01/02 18:41:55 056 [INFO,train:96]         epoch 240 age 1: 0.123 10.13
21/01/02 18:41:57 233 [INFO,train:96]         epoch 240 age 2: 0.089 7.68
21/01/02 18:51:09 654 [INFO,benchmark:289] benchmark at epoch 240's result: -77.82 8.14
21/01/02 18:52:27 401 [INFO,train:53] gc len at 260: 105426
21/01/02 18:52:56 794 [INFO,train:89] 260: 0.546 42.37 9984 156
21/01/02 18:52:56 794 [INFO,train:96]         epoch 260 age 0: 0.242 19.15
21/01/02 18:52:58 555 [INFO,train:96]         epoch 260 age 1: 0.126 11.77
21/01/02 18:53:00 315 [INFO,train:96]         epoch 260 age 2: 0.091 8.96
21/01/02 19:03:19 868 [INFO,train:53] gc len at 280: 111410
21/01/02 19:03:48 919 [INFO,train:89] 280: 0.524 37.88 9984 156
21/01/02 19:03:48 920 [INFO,train:96]         epoch 280 age 0: 0.235 17.78
21/01/02 19:03:50 675 [INFO,train:96]         epoch 280 age 1: 0.116 10.30
21/01/02 19:03:52 424 [INFO,train:96]         epoch 280 age 2: 0.084 8.04
21/01/02 19:14:18 735 [INFO,train:53] gc len at 300: 110739
21/01/02 19:14:48 381 [INFO,train:89] 300: 0.510 36.91 9984 156
21/01/02 19:14:48 381 [INFO,train:96]         epoch 300 age 0: 0.227 17.42
21/01/02 19:14:50 139 [INFO,train:96]         epoch 300 age 1: 0.116 10.04
21/01/02 19:14:51 903 [INFO,train:96]         epoch 300 age 2: 0.084 7.60
21/01/02 19:25:13 171 [INFO,train:53] gc len at 320: 113687
21/01/02 19:25:13 619 [INFO,benchmark:264] start benchmark against MrGreed for 512x2
21/01/02 19:25:42 778 [INFO,train:89] 320: 0.531 36.61 9984 156
21/01/02 19:25:42 778 [INFO,train:96]         epoch 320 age 0: 0.234 17.65
21/01/02 19:25:44 535 [INFO,train:96]         epoch 320 age 1: 0.116 9.80
21/01/02 19:25:46 292 [INFO,train:96]         epoch 320 age 2: 0.082 7.81
21/01/02 19:35:07 248 [INFO,benchmark:289] benchmark at epoch 320's result: -60.97 8.32
21/01/02 19:36:09 924 [INFO,train:53] gc len at 340: 111158
21/01/02 19:36:39 450 [INFO,train:89] 340: 0.551 40.09 9984 156
21/01/02 19:36:39 450 [INFO,train:96]         epoch 340 age 0: 0.241 18.48
21/01/02 19:36:41 210 [INFO,train:96]         epoch 340 age 1: 0.117 10.80
21/01/02 19:36:42 961 [INFO,train:96]         epoch 340 age 2: 0.087 8.68
21/01/02 19:47:03 717 [INFO,train:53] gc len at 360: 105176
21/01/02 19:47:32 810 [INFO,train:89] 360: 0.590 40.40 9984 156
21/01/02 19:47:32 810 [INFO,train:96]         epoch 360 age 0: 0.251 18.55
21/01/02 19:47:34 560 [INFO,train:96]         epoch 360 age 1: 0.121 10.64
21/01/02 19:47:36 325 [INFO,train:96]         epoch 360 age 2: 0.086 7.73
21/01/02 19:57:52 332 [INFO,train:53] gc len at 380: 120083
21/01/02 19:58:21 477 [INFO,train:89] 380: 0.524 39.04 9984 156
21/01/02 19:58:21 477 [INFO,train:96]         epoch 380 age 0: 0.228 18.03
21/01/02 19:58:23 238 [INFO,train:96]         epoch 380 age 1: 0.110 10.60
21/01/02 19:58:24 991 [INFO,train:96]         epoch 380 age 2: 0.078 7.91
21/01/02 20:08:46 576 [INFO,train:53] gc len at 400: 113870
21/01/02 20:08:47 014 [INFO,benchmark:264] start benchmark against MrGreed for 512x2
21/01/02 20:09:16 394 [INFO,train:89] 400: 0.537 36.48 9984 156
21/01/02 20:09:16 394 [INFO,train:96]         epoch 400 age 0: 0.235 17.05
21/01/02 20:09:18 146 [INFO,train:96]         epoch 400 age 1: 0.118 9.70
21/01/02 20:09:19 898 [INFO,train:96]         epoch 400 age 2: 0.085 7.27
21/01/02 20:18:45 213 [INFO,benchmark:289] benchmark at epoch 400's result: -52.02 7.95
21/01/02 20:19:44 830 [INFO,train:53] gc len at 420: 109584
21/01/02 20:20:14 154 [INFO,train:89] 420: 0.527 35.39 9984 156
21/01/02 20:20:14 154 [INFO,train:96]         epoch 420 age 0: 0.230 16.82
21/01/02 20:20:15 914 [INFO,train:96]         epoch 420 age 1: 0.115 9.73
21/01/02 20:20:17 667 [INFO,train:96]         epoch 420 age 2: 0.081 7.26
21/01/02 20:30:37 382 [INFO,train:53] gc len at 440: 119041
21/01/02 20:31:06 470 [INFO,train:89] 440: 0.558 35.72 9984 156
21/01/02 20:31:06 470 [INFO,train:96]         epoch 440 age 0: 0.240 16.97
21/01/02 20:31:08 231 [INFO,train:96]         epoch 440 age 1: 0.119 9.73
21/01/02 20:31:09 988 [INFO,train:96]         epoch 440 age 2: 0.081 7.48
21/01/02 20:41:37 599 [INFO,train:53] gc len at 460: 118469
21/01/02 20:42:06 876 [INFO,train:89] 460: 0.506 35.44 9984 156
21/01/02 20:42:06 876 [INFO,train:96]         epoch 460 age 0: 0.223 16.72
21/01/02 20:42:08 635 [INFO,train:96]         epoch 460 age 1: 0.111 10.00
21/01/02 20:42:10 388 [INFO,train:96]         epoch 460 age 2: 0.078 7.34
21/01/02 20:52:34 173 [INFO,train:53] gc len at 480: 113984
21/01/02 20:52:34 622 [INFO,benchmark:264] start benchmark against MrGreed for 512x2
21/01/02 20:53:04 100 [INFO,train:89] 480: 0.558 36.28 9984 156
21/01/02 20:53:04 100 [INFO,train:96]         epoch 480 age 0: 0.239 16.81
21/01/02 20:53:05 853 [INFO,train:96]         epoch 480 age 1: 0.119 10.23
21/01/02 20:53:07 600 [INFO,train:96]         epoch 480 age 2: 0.084 7.77
21/01/02 21:02:35 496 [INFO,benchmark:289] benchmark at epoch 480's result: -53.53 8.15
21/01/02 21:03:32 482 [INFO,train:53] gc len at 500: 121232
21/01/02 21:04:01 650 [INFO,train:89] 500: 0.544 38.19 9984 156
21/01/02 21:04:01 650 [INFO,train:96]         epoch 500 age 0: 0.236 17.76
21/01/02 21:04:03 409 [INFO,train:96]         epoch 500 age 1: 0.113 10.10
21/01/02 21:04:05 165 [INFO,train:96]         epoch 500 age 2: 0.082 7.54
21/01/02 21:14:24 624 [INFO,train:53] gc len at 520: 106441
21/01/02 21:14:53 681 [INFO,train:89] 520: 0.553 36.82 9984 156
21/01/02 21:14:53 681 [INFO,train:96]         epoch 520 age 0: 0.239 17.34
21/01/02 21:14:55 432 [INFO,train:96]         epoch 520 age 1: 0.115 9.85
21/01/02 21:14:57 185 [INFO,train:96]         epoch 520 age 2: 0.081 7.56
21/01/02 21:25:10 899 [INFO,train:53] gc len at 540: 114431
21/01/02 21:25:40 089 [INFO,train:89] 540: 0.518 36.50 9984 156
21/01/02 21:25:40 089 [INFO,train:96]         epoch 540 age 0: 0.225 17.14
21/01/02 21:25:41 873 [INFO,train:96]         epoch 540 age 1: 0.110 9.65
21/01/02 21:25:43 625 [INFO,train:96]         epoch 540 age 2: 0.075 7.43
21/01/02 21:36:06 079 [INFO,train:53] gc len at 560: 111723
21/01/02 21:36:06 535 [INFO,benchmark:264] start benchmark against MrGreed for 512x2
21/01/02 21:36:35 917 [INFO,train:89] 560: 0.567 39.05 9984 156
21/01/02 21:36:35 918 [INFO,train:96]         epoch 560 age 0: 0.243 18.10
21/01/02 21:36:37 955 [INFO,train:96]         epoch 560 age 1: 0.115 10.29
21/01/02 21:36:40 068 [INFO,train:96]         epoch 560 age 2: 0.078 7.50
21/01/02 21:46:04 283 [INFO,benchmark:289] benchmark at epoch 560's result: -43.68 8.00
21/01/02 21:47:12 019 [INFO,train:53] gc len at 580: 115594
21/01/02 21:47:41 031 [INFO,train:89] 580: 0.547 37.58 9984 156
21/01/02 21:47:41 031 [INFO,train:96]         epoch 580 age 0: 0.232 17.69
21/01/02 21:47:42 786 [INFO,train:96]         epoch 580 age 1: 0.112 10.17
21/01/02 21:47:44 542 [INFO,train:96]         epoch 580 age 2: 0.077 7.50
21/01/02 21:58:05 428 [INFO,train:53] gc len at 600: 112364
21/01/02 21:58:33 990 [INFO,train:89] 600: 0.515 34.53 9984 156
21/01/02 21:58:33 990 [INFO,train:96]         epoch 600 age 0: 0.225 16.66
21/01/02 21:58:35 745 [INFO,train:96]         epoch 600 age 1: 0.109 9.61
21/01/02 21:58:37 498 [INFO,train:96]         epoch 600 age 2: 0.077 7.41
21/01/02 22:08:55 689 [INFO,train:53] gc len at 620: 117809
21/01/02 22:09:24 913 [INFO,train:89] 620: 0.522 36.16 9984 156
21/01/02 22:09:24 913 [INFO,train:96]         epoch 620 age 0: 0.226 16.76
21/01/02 22:09:26 673 [INFO,train:96]         epoch 620 age 1: 0.109 9.78
21/01/02 22:09:28 431 [INFO,train:96]         epoch 620 age 2: 0.076 7.01
21/01/02 22:19:49 942 [INFO,train:53] gc len at 640: 101534
21/01/02 22:19:50 375 [INFO,benchmark:264] start benchmark against MrGreed for 512x2
21/01/02 22:20:18 813 [INFO,train:89] 640: 0.548 40.28 9984 156
21/01/02 22:20:18 813 [INFO,train:96]         epoch 640 age 0: 0.236 18.36
21/01/02 22:20:20 574 [INFO,train:96]         epoch 640 age 1: 0.112 9.83
21/01/02 22:20:22 333 [INFO,train:96]         epoch 640 age 2: 0.078 7.56
21/01/02 22:29:58 607 [INFO,benchmark:289] benchmark at epoch 640's result: -47.01 8.06
21/01/02 22:30:48 102 [INFO,train:53] gc len at 660: 114092
21/01/02 22:31:17 733 [INFO,train:89] 660: 0.517 33.72 9984 156
21/01/02 22:31:17 733 [INFO,train:96]         epoch 660 age 0: 0.225 16.23
21/01/02 22:31:19 487 [INFO,train:96]         epoch 660 age 1: 0.111 9.24
21/01/02 22:31:21 242 [INFO,train:96]         epoch 660 age 2: 0.079 7.10
21/01/02 22:41:43 956 [INFO,train:53] gc len at 680: 101096
21/01/02 22:42:13 080 [INFO,train:89] 680: 0.527 44.39 9984 156
21/01/02 22:42:13 080 [INFO,train:96]         epoch 680 age 0: 0.228 19.52
21/01/02 22:42:14 834 [INFO,train:96]         epoch 680 age 1: 0.110 11.73
21/01/02 22:42:16 587 [INFO,train:96]         epoch 680 age 2: 0.078 8.12
21/01/02 22:52:35 632 [INFO,train:53] gc len at 700: 103713
21/01/02 22:53:05 647 [INFO,train:89] 700: 0.537 35.74 9984 156
21/01/02 22:53:05 647 [INFO,train:96]         epoch 700 age 0: 0.228 16.78
21/01/02 22:53:07 389 [INFO,train:96]         epoch 700 age 1: 0.108 9.55
21/01/02 22:53:09 137 [INFO,train:96]         epoch 700 age 2: 0.076 6.91
21/01/02 23:03:33 442 [INFO,train:53] gc len at 720: 113904
21/01/02 23:03:33 906 [INFO,benchmark:264] start benchmark against MrGreed for 512x2
21/01/02 23:04:02 733 [INFO,train:89] 720: 0.518 34.62 9984 156
21/01/02 23:04:02 733 [INFO,train:96]         epoch 720 age 0: 0.225 16.37
21/01/02 23:04:04 487 [INFO,train:96]         epoch 720 age 1: 0.109 9.12
21/01/02 23:04:06 250 [INFO,train:96]         epoch 720 age 2: 0.076 7.12
21/01/02 23:13:35 905 [INFO,benchmark:289] benchmark at epoch 720's result: -45.17 8.30
21/01/02 23:14:32 813 [INFO,train:53] gc len at 740: 101314
21/01/02 23:15:02 864 [INFO,train:89] 740: 0.525 38.29 9984 156
21/01/02 23:15:02 865 [INFO,train:96]         epoch 740 age 0: 0.226 17.49
21/01/02 23:15:04 621 [INFO,train:96]         epoch 740 age 1: 0.110 9.63
21/01/02 23:15:06 377 [INFO,train:96]         epoch 740 age 2: 0.077 7.15
21/01/02 23:25:28 065 [INFO,train:53] gc len at 760: 114750
21/01/02 23:25:56 589 [INFO,train:89] 760: 0.566 35.27 9984 156
21/01/02 23:25:56 589 [INFO,train:96]         epoch 760 age 0: 0.241 16.71
21/01/02 23:25:58 338 [INFO,train:96]         epoch 760 age 1: 0.112 9.47
21/01/02 23:26:00 089 [INFO,train:96]         epoch 760 age 2: 0.076 7.03
21/01/02 23:36:17 453 [INFO,train:53] gc len at 780: 116200
21/01/02 23:36:47 085 [INFO,train:89] 780: 0.541 36.37 9984 156
21/01/02 23:36:47 085 [INFO,train:96]         epoch 780 age 0: 0.233 16.73
21/01/02 23:36:48 852 [INFO,train:96]         epoch 780 age 1: 0.112 9.69
21/01/02 23:36:50 614 [INFO,train:96]         epoch 780 age 2: 0.078 7.07
21/01/02 23:47:15 233 [INFO,train:53] gc len at 800: 111173
21/01/02 23:47:15 681 [INFO,benchmark:264] start benchmark against MrGreed for 512x2
21/01/02 23:47:44 538 [INFO,train:89] 800: 0.546 37.90 9984 156
21/01/02 23:47:44 538 [INFO,train:96]         epoch 800 age 0: 0.235 17.46
21/01/02 23:47:46 300 [INFO,train:96]         epoch 800 age 1: 0.110 10.02
21/01/02 23:47:48 054 [INFO,train:96]         epoch 800 age 2: 0.076 7.42
21/01/02 23:57:21 923 [INFO,benchmark:289] benchmark at epoch 800's result: -37.40 8.27
21/01/02 23:58:12 318 [INFO,train:53] gc len at 820: 116873
21/01/02 23:58:41 592 [INFO,train:89] 820: 0.551 37.14 9984 156
21/01/02 23:58:41 592 [INFO,train:96]         epoch 820 age 0: 0.231 16.92
21/01/02 23:58:43 351 [INFO,train:96]         epoch 820 age 1: 0.106 9.68
21/01/02 23:58:45 110 [INFO,train:96]         epoch 820 age 2: 0.073 7.30
21/01/03 00:09:11 762 [INFO,train:53] gc len at 840: 113935
21/01/03 00:09:40 306 [INFO,train:89] 840: 0.539 33.40 9984 156
21/01/03 00:09:40 307 [INFO,train:96]         epoch 840 age 0: 0.231 15.97
21/01/03 00:09:42 062 [INFO,train:96]         epoch 840 age 1: 0.110 8.81
21/01/03 00:09:43 944 [INFO,train:96]         epoch 840 age 2: 0.079 6.88
21/01/03 00:20:01 750 [INFO,train:53] gc len at 860: 123819
21/01/03 00:20:31 337 [INFO,train:89] 860: 0.548 38.44 9984 156
21/01/03 00:20:31 337 [INFO,train:96]         epoch 860 age 0: 0.235 17.37
21/01/03 00:20:33 092 [INFO,train:96]         epoch 860 age 1: 0.112 10.15
21/01/03 00:20:34 856 [INFO,train:96]         epoch 860 age 2: 0.078 7.06
21/01/03 00:30:56 477 [INFO,train:53] gc len at 880: 119150
21/01/03 00:30:56 905 [INFO,benchmark:264] start benchmark against MrGreed for 512x2
21/01/03 00:31:25 623 [INFO,train:89] 880: 0.536 38.41 9984 156
21/01/03 00:31:25 623 [INFO,train:96]         epoch 880 age 0: 0.230 17.87
21/01/03 00:31:27 384 [INFO,train:96]         epoch 880 age 1: 0.112 10.24
21/01/03 00:31:29 140 [INFO,train:96]         epoch 880 age 2: 0.077 7.42
21/01/03 00:41:03 034 [INFO,benchmark:289] benchmark at epoch 880's result: -21.45 8.12
21/01/03 00:41:52 720 [INFO,train:53] gc len at 900: 104549
21/01/03 00:42:21 836 [INFO,train:89] 900: 0.541 34.35 9984 156
21/01/03 00:42:21 836 [INFO,train:96]         epoch 900 age 0: 0.232 16.21
21/01/03 00:42:23 600 [INFO,train:96]         epoch 900 age 1: 0.106 8.88
21/01/03 00:42:25 359 [INFO,train:96]         epoch 900 age 2: 0.074 6.66
21/01/03 00:52:43 630 [INFO,train:53] gc len at 920: 119078
21/01/03 00:53:12 356 [INFO,train:89] 920: 0.517 40.08 9984 156
21/01/03 00:53:12 356 [INFO,train:96]         epoch 920 age 0: 0.223 17.98
21/01/03 00:53:14 107 [INFO,train:96]         epoch 920 age 1: 0.109 11.16
21/01/03 00:53:15 858 [INFO,train:96]         epoch 920 age 2: 0.077 7.88
21/01/03 01:03:32 963 [INFO,train:53] gc len at 940: 119182
21/01/03 01:04:01 661 [INFO,train:89] 940: 0.531 36.04 9984 156
21/01/03 01:04:01 661 [INFO,train:96]         epoch 940 age 0: 0.229 17.11
21/01/03 01:04:03 416 [INFO,train:96]         epoch 940 age 1: 0.111 9.81
21/01/03 01:04:05 180 [INFO,train:96]         epoch 940 age 2: 0.078 7.32
21/01/03 01:14:24 752 [INFO,train:53] gc len at 960: 115600
21/01/03 01:14:25 199 [INFO,benchmark:264] start benchmark against MrGreed for 512x2
21/01/03 01:14:53 916 [INFO,train:89] 960: 0.502 35.92 9984 156
21/01/03 01:14:53 916 [INFO,train:96]         epoch 960 age 0: 0.219 16.63
21/01/03 01:14:55 672 [INFO,train:96]         epoch 960 age 1: 0.105 9.00
21/01/03 01:14:57 431 [INFO,train:96]         epoch 960 age 2: 0.075 6.66
21/01/03 01:24:47 595 [INFO,benchmark:289] benchmark at epoch 960's result: -42.71 7.96
21/01/03 01:25:24 754 [INFO,train:53] gc len at 980: 104257
21/01/03 01:25:54 654 [INFO,train:89] 980: 0.539 35.40 9984 156
21/01/03 01:25:54 655 [INFO,train:96]         epoch 980 age 0: 0.233 16.65
21/01/03 01:25:56 402 [INFO,train:96]         epoch 980 age 1: 0.109 9.28
21/01/03 01:25:58 149 [INFO,train:96]         epoch 980 age 2: 0.075 7.01
21/01/03 01:36:21 110 [INFO,train:53] gc len at 1000: 110861
21/01/03 01:36:51 080 [INFO,train:89] 1000: 0.532 39.09 9984 156
21/01/03 01:36:51 080 [INFO,train:96]         epoch 1000 age 0: 0.226 17.75
21/01/03 01:36:52 834 [INFO,train:96]         epoch 1000 age 1: 0.106 10.08
21/01/03 01:36:54 628 [INFO,train:96]         epoch 1000 age 2: 0.074 7.39
21/01/03 01:47:17 482 [INFO,train:53] gc len at 1020: 117770
21/01/03 01:47:46 712 [INFO,train:89] 1020: 0.504 37.33 9984 156
21/01/03 01:47:46 712 [INFO,train:96]         epoch 1020 age 0: 0.220 17.16
21/01/03 01:47:48 462 [INFO,train:96]         epoch 1020 age 1: 0.105 9.94
21/01/03 01:47:50 230 [INFO,train:96]         epoch 1020 age 2: 0.075 7.64
21/01/03 01:58:16 020 [INFO,train:53] gc len at 1040: 109720
21/01/03 01:58:16 455 [INFO,benchmark:264] start benchmark against MrGreed for 512x2
21/01/03 01:58:45 825 [INFO,train:89] 1040: 0.525 34.24 9984 156
21/01/03 01:58:45 826 [INFO,train:96]         epoch 1040 age 0: 0.227 16.43
21/01/03 01:58:47 901 [INFO,train:96]         epoch 1040 age 1: 0.107 9.53
21/01/03 01:58:49 660 [INFO,train:96]         epoch 1040 age 2: 0.075 7.16
21/01/03 02:08:23 927 [INFO,benchmark:289] benchmark at epoch 1040's result: -16.46 8.12
21/01/03 02:09:17 846 [INFO,train:53] gc len at 1060: 118132
21/01/03 02:09:46 941 [INFO,train:89] 1060: 0.541 35.38 9984 156
21/01/03 02:09:46 942 [INFO,train:96]         epoch 1060 age 0: 0.233 17.11
21/01/03 02:09:48 694 [INFO,train:96]         epoch 1060 age 1: 0.110 10.04
21/01/03 02:09:50 448 [INFO,train:96]         epoch 1060 age 2: 0.076 7.46
21/01/03 02:20:11 732 [INFO,train:53] gc len at 1080: 114589
21/01/03 02:20:40 753 [INFO,train:89] 1080: 0.554 34.83 9984 156
21/01/03 02:20:40 753 [INFO,train:96]         epoch 1080 age 0: 0.238 16.90
21/01/03 02:20:42 505 [INFO,train:96]         epoch 1080 age 1: 0.111 10.00
21/01/03 02:20:44 257 [INFO,train:96]         epoch 1080 age 2: 0.076 7.64
21/01/03 02:31:02 144 [INFO,train:53] gc len at 1100: 115084
21/01/03 02:31:31 759 [INFO,train:89] 1100: 0.531 36.22 9984 156
21/01/03 02:31:31 759 [INFO,train:96]         epoch 1100 age 0: 0.227 16.73
21/01/03 02:31:33 517 [INFO,train:96]         epoch 1100 age 1: 0.107 9.77
21/01/03 02:31:35 274 [INFO,train:96]         epoch 1100 age 2: 0.075 7.52
21/01/03 02:42:00 079 [INFO,train:53] gc len at 1120: 113906
21/01/03 02:42:00 511 [INFO,benchmark:264] start benchmark against MrGreed for 512x2
21/01/03 02:42:29 838 [INFO,train:89] 1120: 0.511 36.03 9984 156
21/01/03 02:42:29 839 [INFO,train:96]         epoch 1120 age 0: 0.222 16.94
21/01/03 02:42:31 601 [INFO,train:96]         epoch 1120 age 1: 0.108 9.31
21/01/03 02:42:33 360 [INFO,train:96]         epoch 1120 age 2: 0.076 7.08
21/01/03 02:52:16 991 [INFO,benchmark:289] benchmark at epoch 1120's result: -15.56 8.25
21/01/03 02:52:59 584 [INFO,train:53] gc len at 1140: 117406
21/01/03 02:53:28 861 [INFO,train:89] 1140: 0.523 35.44 9984 156
21/01/03 02:53:28 862 [INFO,train:96]         epoch 1140 age 0: 0.224 17.21
21/01/03 02:53:30 616 [INFO,train:96]         epoch 1140 age 1: 0.109 10.38
21/01/03 02:53:32 378 [INFO,train:96]         epoch 1140 age 2: 0.074 8.15
21/01/03 03:03:53 277 [INFO,train:53] gc len at 1160: 114506
21/01/03 03:04:22 332 [INFO,train:89] 1160: 0.535 37.73 9984 156
21/01/03 03:04:22 333 [INFO,train:96]         epoch 1160 age 0: 0.229 17.53
21/01/03 03:04:24 083 [INFO,train:96]         epoch 1160 age 1: 0.111 9.85
21/01/03 03:04:25 831 [INFO,train:96]         epoch 1160 age 2: 0.077 7.39
21/01/03 03:14:44 119 [INFO,train:53] gc len at 1180: 105165
21/01/03 03:15:13 377 [INFO,train:89] 1180: 0.540 34.69 9984 156
21/01/03 03:15:13 378 [INFO,train:96]         epoch 1180 age 0: 0.233 16.62
21/01/03 03:15:15 132 [INFO,train:96]         epoch 1180 age 1: 0.112 9.38
21/01/03 03:15:16 896 [INFO,train:96]         epoch 1180 age 2: 0.078 7.12
21/01/03 03:25:39 024 [INFO,train:53] gc len at 1200: 120955
21/01/03 03:25:39 470 [INFO,benchmark:264] start benchmark against MrGreed for 512x2
21/01/03 03:26:08 359 [INFO,train:89] 1200: 0.533 37.25 9984 156
21/01/03 03:26:08 359 [INFO,train:96]         epoch 1200 age 0: 0.230 16.93
21/01/03 03:26:10 119 [INFO,train:96]         epoch 1200 age 1: 0.108 9.62
21/01/03 03:26:11 885 [INFO,train:96]         epoch 1200 age 2: 0.076 7.32
21/01/03 03:35:53 677 [INFO,benchmark:289] benchmark at epoch 1200's result: -1.37 8.00
21/01/03 03:36:38 775 [INFO,train:53] gc len at 1220: 101455
21/01/03 03:37:08 131 [INFO,train:89] 1220: 0.527 32.78 9984 156
21/01/03 03:37:08 131 [INFO,train:96]         epoch 1220 age 0: 0.227 15.88
21/01/03 03:37:09 896 [INFO,train:96]         epoch 1220 age 1: 0.108 9.22
21/01/03 03:37:11 654 [INFO,train:96]         epoch 1220 age 2: 0.076 7.40
21/01/03 03:47:33 379 [INFO,train:53] gc len at 1240: 117037
21/01/03 03:48:02 094 [INFO,train:89] 1240: 0.537 37.67 9984 156
21/01/03 03:48:02 094 [INFO,train:96]         epoch 1240 age 0: 0.230 17.40
21/01/03 03:48:03 846 [INFO,train:96]         epoch 1240 age 1: 0.109 10.23
21/01/03 03:48:05 603 [INFO,train:96]         epoch 1240 age 2: 0.077 7.92
21/01/03 03:58:23 749 [INFO,train:53] gc len at 1260: 117212
21/01/03 03:58:53 613 [INFO,train:89] 1260: 0.560 37.29 9984 156
21/01/03 03:58:53 614 [INFO,train:96]         epoch 1260 age 0: 0.236 16.94
21/01/03 03:58:55 372 [INFO,train:96]         epoch 1260 age 1: 0.116 9.86
21/01/03 03:58:57 128 [INFO,train:96]         epoch 1260 age 2: 0.078 7.12
21/01/03 04:09:19 812 [INFO,train:53] gc len at 1280: 114093
21/01/03 04:09:20 265 [INFO,benchmark:264] start benchmark against MrGreed for 512x2
21/01/03 04:09:48 964 [INFO,train:89] 1280: 0.536 37.31 9984 156
21/01/03 04:09:48 964 [INFO,train:96]         epoch 1280 age 0: 0.229 17.39
21/01/03 04:09:50 726 [INFO,train:96]         epoch 1280 age 1: 0.109 10.01
21/01/03 04:09:52 485 [INFO,train:96]         epoch 1280 age 2: 0.077 7.60
21/01/03 04:19:47 359 [INFO,benchmark:289] benchmark at epoch 1280's result: -22.26 8.05
21/01/03 04:20:16 437 [INFO,train:53] gc len at 1300: 112896
21/01/03 04:20:45 575 [INFO,train:89] 1300: 0.532 37.27 9984 156
21/01/03 04:20:45 575 [INFO,train:96]         epoch 1300 age 0: 0.229 17.42
21/01/03 04:20:47 332 [INFO,train:96]         epoch 1300 age 1: 0.107 9.68
21/01/03 04:20:49 089 [INFO,train:96]         epoch 1300 age 2: 0.074 7.27
21/01/03 04:31:09 265 [INFO,train:53] gc len at 1320: 110594
21/01/03 04:31:38 334 [INFO,train:89] 1320: 0.563 35.05 9984 156
21/01/03 04:31:38 334 [INFO,train:96]         epoch 1320 age 0: 0.237 16.82
21/01/03 04:31:40 088 [INFO,train:96]         epoch 1320 age 1: 0.111 9.31
21/01/03 04:31:41 842 [INFO,train:96]         epoch 1320 age 2: 0.077 7.46
21/01/03 04:42:00 770 [INFO,train:53] gc len at 1340: 116238
21/01/03 04:42:30 158 [INFO,train:89] 1340: 0.552 35.40 9984 156
21/01/03 04:42:30 158 [INFO,train:96]         epoch 1340 age 0: 0.238 17.51
21/01/03 04:42:31 918 [INFO,train:96]         epoch 1340 age 1: 0.115 10.47
21/01/03 04:42:33 678 [INFO,train:96]         epoch 1340 age 2: 0.080 7.90
21/01/03 04:52:56 920 [INFO,train:53] gc len at 1360: 118661
21/01/03 04:52:57 345 [INFO,benchmark:264] start benchmark against MrGreed for 512x2
21/01/03 04:53:26 337 [INFO,train:89] 1360: 0.556 34.36 9984 156
21/01/03 04:53:26 337 [INFO,train:96]         epoch 1360 age 0: 0.233 16.42
21/01/03 04:53:28 097 [INFO,train:96]         epoch 1360 age 1: 0.110 9.44
21/01/03 04:53:29 855 [INFO,train:96]         epoch 1360 age 2: 0.075 7.27
21/01/03 05:03:31 367 [INFO,benchmark:289] benchmark at epoch 1360's result: -20.52 7.84
21/01/03 05:03:55 862 [INFO,train:53] gc len at 1380: 117274
21/01/03 05:04:25 229 [INFO,train:89] 1380: 0.534 38.14 9984 156
21/01/03 05:04:25 230 [INFO,train:96]         epoch 1380 age 0: 0.229 17.43
21/01/03 05:04:26 990 [INFO,train:96]         epoch 1380 age 1: 0.113 10.09
21/01/03 05:04:28 741 [INFO,train:96]         epoch 1380 age 2: 0.078 7.31
21/01/03 05:14:48 757 [INFO,train:53] gc len at 1400: 109987
21/01/03 05:15:17 956 [INFO,train:89] 1400: 0.555 39.55 9984 156
21/01/03 05:15:17 956 [INFO,train:96]         epoch 1400 age 0: 0.234 18.07
21/01/03 05:15:19 714 [INFO,train:96]         epoch 1400 age 1: 0.110 9.82
21/01/03 05:15:21 472 [INFO,train:96]         epoch 1400 age 2: 0.077 7.42
21/01/03 05:25:41 304 [INFO,train:53] gc len at 1420: 114608
21/01/03 05:26:10 788 [INFO,train:89] 1420: 0.518 38.81 9984 156
21/01/03 05:26:10 788 [INFO,train:96]         epoch 1420 age 0: 0.222 18.43
21/01/03 05:26:12 552 [INFO,train:96]         epoch 1420 age 1: 0.106 10.85
21/01/03 05:26:14 308 [INFO,train:96]         epoch 1420 age 2: 0.074 8.36
21/01/03 05:36:37 546 [INFO,train:53] gc len at 1440: 109650
21/01/03 05:36:37 982 [INFO,benchmark:264] start benchmark against MrGreed for 512x2
21/01/03 05:37:06 601 [INFO,train:89] 1440: 0.517 33.78 9984 156
21/01/03 05:37:06 601 [INFO,train:96]         epoch 1440 age 0: 0.224 16.03
21/01/03 05:37:08 365 [INFO,train:96]         epoch 1440 age 1: 0.105 9.71
21/01/03 05:37:10 126 [INFO,train:96]         epoch 1440 age 2: 0.074 7.46
21/01/03 05:47:09 908 [INFO,benchmark:289] benchmark at epoch 1440's result: -28.14 8.26
21/01/03 05:47:36 440 [INFO,train:53] gc len at 1460: 107356
21/01/03 05:48:06 126 [INFO,train:89] 1460: 0.589 40.78 9984 156
21/01/03 05:48:06 126 [INFO,train:96]         epoch 1460 age 0: 0.245 18.36
21/01/03 05:48:07 888 [INFO,train:96]         epoch 1460 age 1: 0.112 10.93
21/01/03 05:48:09 639 [INFO,train:96]         epoch 1460 age 2: 0.077 8.31
21/01/03 05:58:34 539 [INFO,train:53] gc len at 1480: 109539
21/01/03 05:59:03 658 [INFO,train:89] 1480: 0.523 33.75 9984 156
21/01/03 05:59:03 658 [INFO,train:96]         epoch 1480 age 0: 0.223 15.64
21/01/03 05:59:05 405 [INFO,train:96]         epoch 1480 age 1: 0.105 9.11
21/01/03 05:59:07 158 [INFO,train:96]         epoch 1480 age 2: 0.072 6.87
21/01/03 06:09:28 809 [INFO,train:53] gc len at 1500: 122169
21/01/03 06:09:57 954 [INFO,train:89] 1500: 0.532 42.39 9984 156
21/01/03 06:09:57 954 [INFO,train:96]         epoch 1500 age 0: 0.228 18.78
21/01/03 06:09:59 710 [INFO,train:96]         epoch 1500 age 1: 0.109 11.81
21/01/03 06:10:01 471 [INFO,train:96]         epoch 1500 age 2: 0.076 8.50
21/01/03 06:20:26 888 [INFO,train:53] gc len at 1520: 117750
21/01/03 06:20:27 351 [INFO,benchmark:264] start benchmark against MrGreed for 512x2
21/01/03 06:20:56 430 [INFO,train:89] 1520: 0.558 33.29 9984 156
21/01/03 06:20:56 430 [INFO,train:96]         epoch 1520 age 0: 0.236 15.79
21/01/03 06:20:58 211 [INFO,train:96]         epoch 1520 age 1: 0.114 9.16
21/01/03 06:20:59 968 [INFO,train:96]         epoch 1520 age 2: 0.077 6.79
21/01/03 06:30:57 471 [INFO,benchmark:289] benchmark at epoch 1520's result: -29.86 8.23
21/01/03 06:31:27 132 [INFO,train:53] gc len at 1540: 118746
21/01/03 06:31:55 899 [INFO,train:89] 1540: 0.522 36.79 9984 156
21/01/03 06:31:55 899 [INFO,train:96]         epoch 1540 age 0: 0.224 16.96
21/01/03 06:31:57 655 [INFO,train:96]         epoch 1540 age 1: 0.107 9.87
21/01/03 06:31:59 409 [INFO,train:96]         epoch 1540 age 2: 0.073 6.95
21/01/03 06:42:25 817 [INFO,train:53] gc len at 1560: 119500
21/01/03 06:42:54 824 [INFO,train:89] 1560: 0.505 36.71 9984 156
21/01/03 06:42:54 824 [INFO,train:96]         epoch 1560 age 0: 0.218 16.77
21/01/03 06:42:56 564 [INFO,train:96]         epoch 1560 age 1: 0.103 9.84
21/01/03 06:42:58 308 [INFO,train:96]         epoch 1560 age 2: 0.071 7.01
21/01/03 06:53:25 356 [INFO,train:53] gc len at 1580: 116417
21/01/03 06:53:54 837 [INFO,train:89] 1580: 0.573 34.02 9984 156
21/01/03 06:53:54 837 [INFO,train:96]         epoch 1580 age 0: 0.243 16.17
21/01/03 06:53:56 595 [INFO,train:96]         epoch 1580 age 1: 0.111 9.16
21/01/03 06:53:58 347 [INFO,train:96]         epoch 1580 age 2: 0.077 7.21
21/01/03 07:04:26 658 [INFO,train:53] gc len at 1600: 120586
21/01/03 07:04:27 121 [INFO,benchmark:264] start benchmark against MrGreed for 512x2
21/01/03 07:04:56 383 [INFO,train:89] 1600: 0.549 31.36 9984 156
21/01/03 07:04:56 383 [INFO,train:96]         epoch 1600 age 0: 0.232 15.50
21/01/03 07:04:58 136 [INFO,train:96]         epoch 1600 age 1: 0.109 8.61
21/01/03 07:04:59 892 [INFO,train:96]         epoch 1600 age 2: 0.076 6.64
21/01/03 07:15:08 155 [INFO,benchmark:289] benchmark at epoch 1600's result: -31.46 8.18
21/01/03 07:15:28 338 [INFO,train:53] gc len at 1620: 110733
21/01/03 07:15:58 026 [INFO,train:89] 1620: 0.557 35.55 9984 156
21/01/03 07:15:58 026 [INFO,train:96]         epoch 1620 age 0: 0.236 16.65
21/01/03 07:15:59 784 [INFO,train:96]         epoch 1620 age 1: 0.112 9.62
21/01/03 07:16:01 547 [INFO,train:96]         epoch 1620 age 2: 0.076 7.45
21/01/03 07:26:22 271 [INFO,train:53] gc len at 1640: 111526
21/01/03 07:26:51 480 [INFO,train:89] 1640: 0.568 37.75 9984 156
21/01/03 07:26:51 480 [INFO,train:96]         epoch 1640 age 0: 0.241 17.66
21/01/03 07:26:53 233 [INFO,train:96]         epoch 1640 age 1: 0.114 9.93
21/01/03 07:26:54 991 [INFO,train:96]         epoch 1640 age 2: 0.079 7.64
21/01/03 07:37:12 539 [INFO,train:53] gc len at 1660: 112732
21/01/03 07:37:41 627 [INFO,train:89] 1660: 0.523 33.90 9984 156
21/01/03 07:37:41 627 [INFO,train:96]         epoch 1660 age 0: 0.224 16.22
21/01/03 07:37:43 387 [INFO,train:96]         epoch 1660 age 1: 0.111 9.27
21/01/03 07:37:45 141 [INFO,train:96]         epoch 1660 age 2: 0.078 7.05
21/01/03 07:48:12 086 [INFO,train:53] gc len at 1680: 120643
21/01/03 07:48:12 511 [INFO,benchmark:264] start benchmark against MrGreed for 512x2
21/01/03 07:48:41 648 [INFO,train:89] 1680: 0.527 34.98 9984 156
21/01/03 07:48:41 649 [INFO,train:96]         epoch 1680 age 0: 0.225 16.21
21/01/03 07:48:43 849 [INFO,train:96]         epoch 1680 age 1: 0.108 9.59
21/01/03 07:48:45 648 [INFO,train:96]         epoch 1680 age 2: 0.076 7.11
21/01/03 07:58:47 245 [INFO,benchmark:289] benchmark at epoch 1680's result: -9.63 8.04
21/01/03 07:59:12 617 [INFO,train:53] gc len at 1700: 115367
21/01/03 07:59:42 258 [INFO,train:89] 1700: 0.566 35.48 9984 156
21/01/03 07:59:42 258 [INFO,train:96]         epoch 1700 age 0: 0.237 16.76
21/01/03 07:59:44 020 [INFO,train:96]         epoch 1700 age 1: 0.112 9.24
21/01/03 07:59:45 783 [INFO,train:96]         epoch 1700 age 2: 0.078 6.92
21/01/03 08:10:03 003 [INFO,train:53] gc len at 1720: 104589
21/01/03 08:10:32 857 [INFO,train:89] 1720: 0.557 34.15 9984 156
21/01/03 08:10:32 857 [INFO,train:96]         epoch 1720 age 0: 0.237 16.20
21/01/03 08:10:34 612 [INFO,train:96]         epoch 1720 age 1: 0.113 9.51
21/01/03 08:10:36 372 [INFO,train:96]         epoch 1720 age 2: 0.078 7.16
21/01/03 08:20:51 854 [INFO,train:53] gc len at 1740: 115281
21/01/03 08:21:20 812 [INFO,train:89] 1740: 0.570 34.49 9984 156
21/01/03 08:21:20 812 [INFO,train:96]         epoch 1740 age 0: 0.240 16.44
21/01/03 08:21:22 566 [INFO,train:96]         epoch 1740 age 1: 0.116 9.05
21/01/03 08:21:24 337 [INFO,train:96]         epoch 1740 age 2: 0.080 6.96
21/01/03 08:31:45 644 [INFO,train:53] gc len at 1760: 121219
21/01/03 08:31:46 104 [INFO,benchmark:264] start benchmark against MrGreed for 512x2
21/01/03 08:32:15 201 [INFO,train:89] 1760: 0.550 36.43 9984 156
21/01/03 08:32:15 201 [INFO,train:96]         epoch 1760 age 0: 0.236 16.97
21/01/03 08:32:16 963 [INFO,train:96]         epoch 1760 age 1: 0.109 9.47
21/01/03 08:32:18 724 [INFO,train:96]         epoch 1760 age 2: 0.075 7.44
21/01/03 08:42:20 271 [INFO,benchmark:289] benchmark at epoch 1760's result: -10.72 7.89
21/01/03 08:42:45 179 [INFO,train:53] gc len at 1780: 115181
21/01/03 08:43:14 484 [INFO,train:89] 1780: 0.558 35.80 9984 156
21/01/03 08:43:14 484 [INFO,train:96]         epoch 1780 age 0: 0.238 16.66
21/01/03 08:43:16 245 [INFO,train:96]         epoch 1780 age 1: 0.110 9.33
21/01/03 08:43:17 001 [INFO,train:96]         epoch 1780 age 2: 0.078 6.88
21/01/03 08:53:45 354 [INFO,train:53] gc len at 1800: 107129
21/01/03 08:54:14 533 [INFO,train:89] 1800: 0.560 39.89 9984 156
21/01/03 08:54:14 533 [INFO,train:96]         epoch 1800 age 0: 0.238 18.46
21/01/03 08:54:16 293 [INFO,train:96]         epoch 1800 age 1: 0.116 10.65
21/01/03 08:54:18 051 [INFO,train:96]         epoch 1800 age 2: 0.081 7.72
21/01/03 09:04:37 225 [INFO,train:53] gc len at 1820: 110863
21/01/03 09:05:06 654 [INFO,train:89] 1820: 0.579 37.50 9984 156
21/01/03 09:05:06 654 [INFO,train:96]         epoch 1820 age 0: 0.245 17.24
21/01/03 09:05:08 403 [INFO,train:96]         epoch 1820 age 1: 0.115 10.25
21/01/03 09:05:10 154 [INFO,train:96]         epoch 1820 age 2: 0.078 7.47
21/01/03 09:15:34 187 [INFO,train:53] gc len at 1840: 108669
21/01/03 09:15:34 612 [INFO,benchmark:264] start benchmark against MrGreed for 512x2
21/01/03 09:16:03 871 [INFO,train:89] 1840: 0.596 34.51 9984 156
21/01/03 09:16:03 871 [INFO,train:96]         epoch 1840 age 0: 0.250 16.34
21/01/03 09:16:05 627 [INFO,train:96]         epoch 1840 age 1: 0.115 9.29
21/01/03 09:16:07 381 [INFO,train:96]         epoch 1840 age 2: 0.080 6.89
21/01/03 09:26:18 552 [INFO,benchmark:289] benchmark at epoch 1840's result: -16.32 8.13
21/01/03 09:26:33 773 [INFO,train:53] gc len at 1860: 115917
21/01/03 09:27:03 194 [INFO,train:89] 1860: 0.553 36.56 9984 156
21/01/03 09:27:03 195 [INFO,train:96]         epoch 1860 age 0: 0.235 16.77
21/01/03 09:27:05 324 [INFO,train:96]         epoch 1860 age 1: 0.111 9.49
21/01/03 09:27:07 459 [INFO,train:96]         epoch 1860 age 2: 0.077 6.84
21/01/03 09:37:33 960 [INFO,train:53] gc len at 1880: 106109
21/01/03 09:38:02 919 [INFO,train:89] 1880: 0.579 41.59 9984 156
21/01/03 09:38:02 919 [INFO,train:96]         epoch 1880 age 0: 0.244 18.74
21/01/03 09:38:04 671 [INFO,train:96]         epoch 1880 age 1: 0.116 10.85
21/01/03 09:38:06 422 [INFO,train:96]         epoch 1880 age 2: 0.078 7.81
21/01/03 09:48:23 755 [INFO,train:53] gc len at 1900: 113252
21/01/03 09:48:52 865 [INFO,train:89] 1900: 0.528 35.59 9984 156
21/01/03 09:48:52 865 [INFO,train:96]         epoch 1900 age 0: 0.227 16.89
21/01/03 09:48:54 620 [INFO,train:96]         epoch 1900 age 1: 0.106 9.44
21/01/03 09:48:56 370 [INFO,train:96]         epoch 1900 age 2: 0.072 7.21
21/01/03 09:59:20 260 [INFO,train:53] gc len at 1920: 116934
21/01/03 09:59:20 702 [INFO,benchmark:264] start benchmark against MrGreed for 512x2
21/01/03 09:59:50 145 [INFO,train:89] 1920: 0.553 33.30 9984 156
21/01/03 09:59:50 146 [INFO,train:96]         epoch 1920 age 0: 0.235 16.07
21/01/03 09:59:51 907 [INFO,train:96]         epoch 1920 age 1: 0.108 9.21
21/01/03 09:59:53 665 [INFO,train:96]         epoch 1920 age 2: 0.077 6.86
21/01/03 10:10:05 699 [INFO,benchmark:289] benchmark at epoch 1920's result: -14.47 8.01
21/01/03 10:10:20 826 [INFO,train:53] gc len at 1940: 106295
21/01/03 10:10:50 661 [INFO,train:89] 1940: 0.538 36.72 9984 156
21/01/03 10:10:50 661 [INFO,train:96]         epoch 1940 age 0: 0.228 16.60
21/01/03 10:10:52 430 [INFO,train:96]         epoch 1940 age 1: 0.108 9.10
21/01/03 10:10:54 191 [INFO,train:96]         epoch 1940 age 2: 0.076 6.87
21/01/03 10:21:13 768 [INFO,train:53] gc len at 1960: 118850
21/01/03 10:21:42 860 [INFO,train:89] 1960: 0.564 40.10 9984 156
21/01/03 10:21:42 860 [INFO,train:96]         epoch 1960 age 0: 0.238 18.00
21/01/03 10:21:44 618 [INFO,train:96]         epoch 1960 age 1: 0.112 10.52
21/01/03 10:21:46 374 [INFO,train:96]         epoch 1960 age 2: 0.079 7.52
21/01/03 10:32:05 160 [INFO,train:53] gc len at 1980: 115940
21/01/03 10:32:34 451 [INFO,train:89] 1980: 0.540 39.58 9984 156
21/01/03 10:32:34 452 [INFO,train:96]         epoch 1980 age 0: 0.228 17.62
21/01/03 10:32:36 609 [INFO,train:96]         epoch 1980 age 1: 0.106 10.49
21/01/03 10:32:38 728 [INFO,train:96]         epoch 1980 age 2: 0.076 7.32
21/01/03 10:43:05 089 [INFO,train:53] gc len at 2000: 118384
21/01/03 10:43:05 552 [INFO,benchmark:264] start benchmark against MrGreed for 512x2
21/01/03 10:43:34 596 [INFO,train:89] 2000: 0.534 35.54 9984 156
21/01/03 10:43:34 596 [INFO,train:96]         epoch 2000 age 0: 0.231 16.75
21/01/03 10:43:36 359 [INFO,train:96]         epoch 2000 age 1: 0.111 9.57
21/01/03 10:43:38 117 [INFO,train:96]         epoch 2000 age 2: 0.078 7.18
21/01/03 10:53:46 237 [INFO,benchmark:289] benchmark at epoch 2000's result: -20.75 8.08
21/01/03 10:54:03 520 [INFO,train:53] gc len at 2020: 113861
21/01/03 10:54:32 774 [INFO,train:89] 2020: 0.538 31.12 9984 156
21/01/03 10:54:32 774 [INFO,train:96]         epoch 2020 age 0: 0.230 15.48
21/01/03 10:54:34 535 [INFO,train:96]         epoch 2020 age 1: 0.108 8.83
21/01/03 10:54:36 295 [INFO,train:96]         epoch 2020 age 2: 0.077 6.87
21/01/03 11:04:55 991 [INFO,train:53] gc len at 2040: 116783
21/01/03 11:05:25 002 [INFO,train:89] 2040: 0.562 40.44 9984 156
21/01/03 11:05:25 003 [INFO,train:96]         epoch 2040 age 0: 0.237 18.26
21/01/03 11:05:26 765 [INFO,train:96]         epoch 2040 age 1: 0.110 10.11
21/01/03 11:05:28 518 [INFO,train:96]         epoch 2040 age 2: 0.077 7.69
21/01/03 11:15:52 917 [INFO,train:53] gc len at 2060: 108729
21/01/03 11:16:22 419 [INFO,train:89] 2060: 0.603 36.74 9984 156
21/01/03 11:16:22 419 [INFO,train:96]         epoch 2060 age 0: 0.253 17.23
21/01/03 11:16:24 173 [INFO,train:96]         epoch 2060 age 1: 0.117 9.86
21/01/03 11:16:25 943 [INFO,train:96]         epoch 2060 age 2: 0.080 7.09
21/01/03 11:26:51 166 [INFO,train:53] gc len at 2080: 118497
21/01/03 11:26:51 635 [INFO,benchmark:264] start benchmark against MrGreed for 512x2
21/01/03 11:27:20 759 [INFO,train:89] 2080: 0.520 39.81 9984 156
21/01/03 11:27:20 759 [INFO,train:96]         epoch 2080 age 0: 0.224 18.22
21/01/03 11:27:22 513 [INFO,train:96]         epoch 2080 age 1: 0.105 10.24
21/01/03 11:27:24 269 [INFO,train:96]         epoch 2080 age 2: 0.073 7.22
21/01/03 11:37:36 748 [INFO,benchmark:289] benchmark at epoch 2080's result: -7.52 8.17
21/01/03 11:37:54 136 [INFO,train:53] gc len at 2100: 115339
21/01/03 11:38:23 725 [INFO,train:89] 2100: 0.541 34.99 9984 156
21/01/03 11:38:23 725 [INFO,train:96]         epoch 2100 age 0: 0.229 16.18
21/01/03 11:38:25 488 [INFO,train:96]         epoch 2100 age 1: 0.106 9.42
21/01/03 11:38:27 255 [INFO,train:96]         epoch 2100 age 2: 0.073 7.08
21/01/03 11:48:52 065 [INFO,train:53] gc len at 2120: 106451
21/01/03 11:49:20 998 [INFO,train:89] 2120: 0.545 36.30 9984 156
21/01/03 11:49:20 998 [INFO,train:96]         epoch 2120 age 0: 0.233 16.94
21/01/03 11:49:22 748 [INFO,train:96]         epoch 2120 age 1: 0.110 9.50
21/01/03 11:49:24 499 [INFO,train:96]         epoch 2120 age 2: 0.074 7.16
21/01/03 11:59:43 368 [INFO,train:53] gc len at 2140: 113205
21/01/03 12:00:12 609 [INFO,train:89] 2140: 0.558 37.59 9984 156
21/01/03 12:00:12 609 [INFO,train:96]         epoch 2140 age 0: 0.237 17.59
21/01/03 12:00:14 366 [INFO,train:96]         epoch 2140 age 1: 0.111 10.13
21/01/03 12:00:16 121 [INFO,train:96]         epoch 2140 age 2: 0.078 7.39
21/01/03 12:10:38 203 [INFO,train:53] gc len at 2160: 115290
21/01/03 12:10:38 625 [INFO,benchmark:264] start benchmark against MrGreed for 512x2
21/01/03 12:11:08 171 [INFO,train:89] 2160: 0.531 35.25 9984 156
21/01/03 12:11:08 171 [INFO,train:96]         epoch 2160 age 0: 0.227 16.69
21/01/03 12:11:09 927 [INFO,train:96]         epoch 2160 age 1: 0.108 9.43
21/01/03 12:11:11 688 [INFO,train:96]         epoch 2160 age 2: 0.074 7.24
21/01/03 12:21:35 421 [INFO,benchmark:289] benchmark at epoch 2160's result: -13.77 8.02
21/01/03 12:21:37 621 [INFO,train:53] gc len at 2180: 121329
21/01/03 12:22:07 261 [INFO,train:89] 2180: 0.541 32.58 9984 156
21/01/03 12:22:07 261 [INFO,train:96]         epoch 2180 age 0: 0.229 16.07
21/01/03 12:22:09 022 [INFO,train:96]         epoch 2180 age 1: 0.105 8.93
21/01/03 12:22:10 773 [INFO,train:96]         epoch 2180 age 2: 0.073 6.86
21/01/03 12:32:28 592 [INFO,train:53] gc len at 2200: 109499
21/01/03 12:32:57 206 [INFO,train:89] 2200: 0.576 37.28 9984 156
21/01/03 12:32:57 206 [INFO,train:96]         epoch 2200 age 0: 0.244 17.22
21/01/03 12:32:58 958 [INFO,train:96]         epoch 2200 age 1: 0.115 10.06
21/01/03 12:33:00 713 [INFO,train:96]         epoch 2200 age 2: 0.079 7.15
21/01/03 12:43:19 674 [INFO,train:53] gc len at 2220: 118739
21/01/03 12:43:48 762 [INFO,train:89] 2220: 0.539 37.66 9984 156
21/01/03 12:43:48 763 [INFO,train:96]         epoch 2220 age 0: 0.229 17.43
21/01/03 12:43:50 879 [INFO,train:96]         epoch 2220 age 1: 0.108 10.34
21/01/03 12:43:52 899 [INFO,train:96]         epoch 2220 age 2: 0.076 7.46
