20/12/14 00:17:52 097 [INFO,<module>:564] sharing_strategy: file_system
20/12/14 00:17:54 016 [INFO,main:531] start from: ./ZeroNets/mimic-greed-514-shi/PV_NET-11-2247733-300.pkl
20/12/14 00:17:54 016 [INFO,train:453] optimizer: {'lr': 0.001, 'betas': (0.9, 0.999), 'eps': 1e-07, 'weight_decay': 0.0001, 'amsgrad': False}
20/12/14 00:17:54 017 [INFO,train:455] LOSS2_WEIGHT: 0.0300, BETA: 0.20, VALUE_RENORMAL: 10, BENCHMARK_METHOD: -1, TRAIN_SAMPLE: 200, REVIEW_NUMBER: 3
20/12/14 00:17:54 620 [INFO,benchmark:325] start benchmark against MrGreed for 2048x2
20/12/14 00:19:06 721 [INFO,train:490] #epoch: loss1 loss2 grad1/grad2 amp_probe #train_datas
20/12/14 00:19:06 731 [INFO,train:507] 0: 0.90 67.07 0.0376 0.0559 1444
20/12/14 00:19:06 744 [INFO,train:523]         epoch 0 age 0: 0.90 67.07
20/12/14 00:19:06 753 [INFO,train:523]         epoch 0 age 1: 0.62 61.80
20/12/14 00:19:06 760 [INFO,train:523]         epoch 0 age 2: 0.49 56.21
20/12/14 00:20:20 851 [INFO,train:507] 1: 0.71 52.22 0.0227 0.0554 2419
20/12/14 00:20:20 862 [INFO,train:523]         epoch 1 age 0: 0.71 52.22
20/12/14 00:20:20 873 [INFO,train:523]         epoch 1 age 1: 0.58 47.47
20/12/14 00:20:20 883 [INFO,train:523]         epoch 1 age 2: 0.47 44.34
20/12/14 00:21:34 973 [INFO,train:507] 2: 0.57 56.71 0.0138 0.0551 3081
20/12/14 00:21:34 980 [INFO,train:523]         epoch 2 age 0: 0.57 56.71
20/12/14 00:21:34 988 [INFO,train:523]         epoch 2 age 1: 0.51 53.78
20/12/14 00:21:34 995 [INFO,train:523]         epoch 2 age 2: 0.46 50.92
20/12/14 00:22:48 563 [INFO,train:507] 3: 0.54 55.51 0.0142 0.0549 3518
20/12/14 00:22:48 573 [INFO,train:523]         epoch 3 age 0: 0.54 55.51
20/12/14 00:22:48 581 [INFO,train:523]         epoch 3 age 1: 0.50 53.41
20/12/14 00:22:48 588 [INFO,train:523]         epoch 3 age 2: 0.47 51.00
20/12/14 00:25:14 718 [INFO,train:507] 5: 0.61 54.52 0.0178 0.0545 3984
20/12/14 00:25:14 725 [INFO,train:523]         epoch 5 age 0: 0.61 54.52
20/12/14 00:25:14 733 [INFO,train:523]         epoch 5 age 1: 0.56 52.12
20/12/14 00:25:14 741 [INFO,train:523]         epoch 5 age 2: 0.52 49.42
20/12/14 00:31:16 017 [INFO,train:507] 10: 0.49 49.62 0.0075 0.0532 4350
20/12/14 00:31:16 025 [INFO,train:523]         epoch 10 age 0: 0.49 49.62
20/12/14 00:31:16 033 [INFO,train:523]         epoch 10 age 1: 0.46 46.25
20/12/14 00:31:16 042 [INFO,train:523]         epoch 10 age 2: 0.43 43.08
20/12/14 00:37:18 797 [INFO,train:507] 15: 0.56 58.78 0.0080 0.0527 4375
20/12/14 00:37:18 806 [INFO,train:523]         epoch 15 age 0: 0.56 58.78
20/12/14 00:37:18 815 [INFO,train:523]         epoch 15 age 1: 0.53 54.63
20/12/14 00:37:18 824 [INFO,train:523]         epoch 15 age 2: 0.50 51.59
20/12/14 00:43:19 001 [INFO,train:507] 20: 0.48 55.59 0.0058 0.0530 4349
20/12/14 00:43:20 010 [INFO,train:523]         epoch 20 age 0: 0.48 55.59
20/12/14 00:43:20 018 [INFO,train:523]         epoch 20 age 1: 0.46 52.32
20/12/14 00:43:20 027 [INFO,train:523]         epoch 20 age 2: 0.44 48.25
20/12/14 00:48:59 381 [INFO,benchmark:351] benchmark at epoch 0's result: -127.74 4.07
20/12/14 00:49:26 945 [INFO,train:507] 25: 0.48 71.82 0.0080 0.0531 4430
20/12/14 00:49:26 955 [INFO,train:523]         epoch 25 age 0: 0.48 71.82
20/12/14 00:49:26 964 [INFO,train:523]         epoch 25 age 1: 0.45 66.74
20/12/14 00:49:26 973 [INFO,train:523]         epoch 25 age 2: 0.42 63.13
20/12/14 00:55:25 525 [INFO,train:507] 30: 0.42 59.73 0.0061 0.0534 4468
20/12/14 00:55:25 534 [INFO,train:523]         epoch 30 age 0: 0.42 59.73
20/12/14 00:55:25 543 [INFO,train:523]         epoch 30 age 1: 0.40 55.57
20/12/14 00:55:25 552 [INFO,train:523]         epoch 30 age 2: 0.39 51.06
20/12/14 01:01:25 249 [INFO,train:507] 35: 0.47 56.36 0.0059 0.0537 4347
20/12/14 01:01:25 258 [INFO,train:523]         epoch 35 age 0: 0.47 56.36
20/12/14 01:01:25 266 [INFO,train:523]         epoch 35 age 1: 0.45 51.31
20/12/14 01:01:25 274 [INFO,train:523]         epoch 35 age 2: 0.44 46.57
20/12/14 01:07:22 281 [INFO,train:507] 40: 0.56 48.11 0.0108 0.0541 4442
20/12/14 01:07:22 290 [INFO,train:523]         epoch 40 age 0: 0.56 48.11
20/12/14 01:07:22 304 [INFO,train:523]         epoch 40 age 1: 0.53 44.72
20/12/14 01:07:22 313 [INFO,train:523]         epoch 40 age 2: 0.50 41.50
20/12/14 01:31:10 073 [INFO,train:507] 60: 0.41 59.27 0.0092 0.0551 4414
20/12/14 01:31:10 082 [INFO,train:523]         epoch 60 age 0: 0.41 59.27
20/12/14 01:31:10 091 [INFO,train:523]         epoch 60 age 1: 0.39 56.62
20/12/14 01:31:10 100 [INFO,train:523]         epoch 60 age 2: 0.37 53.94
20/12/14 01:55:00 942 [INFO,train:507] 80: 0.53 44.03 0.0104 0.0571 4344
20/12/14 01:55:00 950 [INFO,train:523]         epoch 80 age 0: 0.53 44.03
20/12/14 01:55:00 958 [INFO,train:523]         epoch 80 age 1: 0.50 42.06
20/12/14 01:55:00 966 [INFO,train:523]         epoch 80 age 2: 0.48 40.04
20/12/14 02:17:47 332 [INFO,benchmark:325] start benchmark against MrGreed for 2048x2
20/12/14 02:18:59 054 [INFO,train:507] 100: 0.44 64.69 0.0066 0.0584 4368
20/12/14 02:18:59 063 [INFO,train:523]         epoch 100 age 0: 0.44 64.69
20/12/14 02:18:59 072 [INFO,train:523]         epoch 100 age 1: 0.42 62.73
20/12/14 02:18:59 081 [INFO,train:523]         epoch 100 age 2: 0.40 60.72
20/12/14 02:43:08 079 [INFO,train:507] 120: 0.54 55.51 0.0081 0.0594 4391
20/12/14 02:43:08 088 [INFO,train:523]         epoch 120 age 0: 0.54 55.51
20/12/14 02:43:08 097 [INFO,train:523]         epoch 120 age 1: 0.51 53.05
20/12/14 02:43:08 106 [INFO,train:523]         epoch 120 age 2: 0.49 50.55
20/12/14 02:49:26 143 [INFO,benchmark:351] benchmark at epoch 100's result: -178.01 3.99
