21/04/19 00:58:06 400 [INFO,main:114] BETA: 0.20, VALUE_RENORMAL: 10, MCTS_EXPL: 30, BENCH_SMP_B: 5, BENCH_SMP_K: 0.0
21/04/19 00:58:08 498 [INFO,train:21] start_from: PV_NET_6-17-9315381-m65.pkl
21/04/19 00:58:08 498 [INFO,train:29] loss2_weight: 0.03, data_rounds: 128, review_number: 2, age_in_epoch: 3
21/04/19 00:58:08 498 [INFO,train:30] optimizer: {'lr': 0.0001, 'betas': (0.3, 0.999), 'eps': 1e-07, 'weight_decay': 0.0001, 'amsgrad': False}
21/04/19 00:58:08 498 [INFO,train:31] {'searcher': 'ab-tree', 'tree_deep': 1, 'calc_score_mode': 1}
21/04/19 00:58:11 666 [INFO,read_std_hands:168] parsed 1024 hands from StdHands/random_0_1024.hands, start with: ['H4', 'DJ', 'C3', 'C6']
21/04/19 00:58:11 666 [INFO,benchmark:380] bench args: {'searcher': 'mcts', 'mcts_b': 0, 'mcts_k': 1, 'calc_score_mode': 1}
21/04/19 00:58:11 666 [INFO,benchmark:382] start benchmark against MrGreed for 512x2
21/04/19 00:58:42 882 [INFO,train:70] dloss at 0: 0.0010 0.0974 0.0100
21/04/19 00:58:43 595 [INFO,train:99] 0: 0.315 37.09 6656 104
21/04/19 00:58:43 596 [INFO,train:106]         epoch 0 age 0: 0.315 37.09
21/04/19 00:58:44 288 [INFO,train:106]         epoch 0 age 1: 0.190 29.78
21/04/19 00:58:44 994 [INFO,train:106]         epoch 0 age 2: 0.147 27.46
21/04/19 00:59:19 258 [INFO,train:70] dloss at 1: 0.0003 0.0174 0.0188
21/04/19 00:59:20 665 [INFO,train:99] 1: 0.225 34.49 13312 208
21/04/19 00:59:20 665 [INFO,train:106]         epoch 1 age 0: 0.186 30.98
21/04/19 00:59:22 076 [INFO,train:106]         epoch 1 age 1: 0.131 25.70
21/04/19 00:59:23 488 [INFO,train:106]         epoch 1 age 2: 0.108 22.52
21/04/19 00:59:56 316 [INFO,train:70] dloss at 2: 0.0003 0.0198 0.0171
21/04/19 00:59:57 717 [INFO,train:99] 2: 0.276 36.07 13312 208
21/04/19 00:59:57 717 [INFO,train:106]         epoch 2 age 0: 0.192 29.30
21/04/19 00:59:59 114 [INFO,train:106]         epoch 2 age 1: 0.133 22.87
21/04/19 01:00:00 503 [INFO,train:106]         epoch 2 age 2: 0.111 18.24
21/04/19 01:00:33 948 [INFO,train:70] dloss at 3: 0.0004 0.0270 0.0158
21/04/19 01:00:35 390 [INFO,train:99] 3: 0.336 38.69 13312 208
21/04/19 01:00:35 390 [INFO,train:106]         epoch 3 age 0: 0.223 28.47
21/04/19 01:00:36 781 [INFO,train:106]         epoch 3 age 1: 0.162 21.30
21/04/19 01:00:38 196 [INFO,train:106]         epoch 3 age 2: 0.135 16.40
21/04/19 01:01:12 567 [INFO,train:70] dloss at 4: 0.0006 0.0554 0.0115
21/04/19 01:01:13 970 [INFO,train:99] 4: 0.368 38.72 13312 208
21/04/19 01:01:13 970 [INFO,train:106]         epoch 4 age 0: 0.251 27.56
21/04/19 01:01:15 382 [INFO,train:106]         epoch 4 age 1: 0.184 20.80
21/04/19 01:01:16 792 [INFO,train:106]         epoch 4 age 2: 0.157 15.69
21/04/19 01:01:51 223 [INFO,train:70] dloss at 5: 0.0007 0.0438 0.0164
21/04/19 01:01:52 628 [INFO,train:99] 5: 0.372 39.27 13312 208
21/04/19 01:01:52 628 [INFO,train:106]         epoch 5 age 0: 0.265 27.48
21/04/19 01:01:54 021 [INFO,train:106]         epoch 5 age 1: 0.194 19.57
21/04/19 01:01:55 409 [INFO,train:106]         epoch 5 age 2: 0.166 14.64
21/04/19 01:05:01 596 [INFO,train:70] dloss at 10: 0.0005 0.0459 0.0102
21/04/19 01:05:03 005 [INFO,train:99] 10: 0.365 38.30 13312 208
21/04/19 01:05:03 005 [INFO,train:106]         epoch 10 age 0: 0.272 25.67
21/04/19 01:05:04 411 [INFO,train:106]         epoch 10 age 1: 0.200 17.37
21/04/19 01:05:05 793 [INFO,train:106]         epoch 10 age 2: 0.174 12.74
21/04/19 01:08:14 198 [INFO,train:70] dloss at 15: 0.0008 0.0485 0.0158
21/04/19 01:08:15 602 [INFO,train:99] 15: 0.386 41.46 13312 208
21/04/19 01:08:15 602 [INFO,train:106]         epoch 15 age 0: 0.278 26.88
21/04/19 01:08:17 014 [INFO,train:106]         epoch 15 age 1: 0.202 17.59
21/04/19 01:08:18 418 [INFO,train:106]         epoch 15 age 2: 0.173 12.49
21/04/19 01:10:52 652 [INFO,train:42] waiting benchmark threading to join
21/04/19 01:10:58 272 [INFO,bench_stat:198] epoch: 0
21/04/19 01:10:58 272 [INFO,bench_stat:199] benchmark result: -65.96 6.65
21/04/19 01:11:01 463 [INFO,read_std_hands:168] parsed 1024 hands from StdHands/random_0_1024.hands, start with: ['H4', 'DJ', 'C3', 'C6']
21/04/19 01:11:01 463 [INFO,benchmark:380] bench args: {'searcher': 'mcts', 'mcts_b': 0, 'mcts_k': 1, 'calc_score_mode': 1}
21/04/19 01:11:01 463 [INFO,benchmark:382] start benchmark against MrGreed for 512x2
21/04/19 01:11:32 383 [INFO,train:70] dloss at 20: 0.0007 0.0407 0.0170
21/04/19 01:11:33 791 [INFO,train:99] 20: 0.376 39.23 13312 208
21/04/19 01:11:33 791 [INFO,train:106]         epoch 20 age 0: 0.275 25.18
21/04/19 01:11:35 190 [INFO,train:106]         epoch 20 age 1: 0.199 15.99
21/04/19 01:11:36 596 [INFO,train:106]         epoch 20 age 2: 0.172 11.73
21/04/19 01:23:45 987 [INFO,train:42] waiting benchmark threading to join
21/04/19 01:23:58 427 [INFO,bench_stat:198] epoch: 20
21/04/19 01:23:58 427 [INFO,bench_stat:199] benchmark result: -65.30 6.62
21/04/19 01:24:01 614 [INFO,read_std_hands:168] parsed 1024 hands from StdHands/random_0_1024.hands, start with: ['H4', 'DJ', 'C3', 'C6']
21/04/19 01:24:01 614 [INFO,benchmark:380] bench args: {'searcher': 'mcts', 'mcts_b': 0, 'mcts_k': 1, 'calc_score_mode': 1}
21/04/19 01:24:01 614 [INFO,benchmark:382] start benchmark against MrGreed for 512x2
21/04/19 01:24:32 425 [INFO,train:70] dloss at 40: 0.0005 0.0527 0.0102
21/04/19 01:24:33 812 [INFO,train:99] 40: 0.388 35.33 13312 208
21/04/19 01:24:33 812 [INFO,train:106]         epoch 40 age 0: 0.281 22.71
21/04/19 01:24:35 194 [INFO,train:106]         epoch 40 age 1: 0.198 13.80
21/04/19 01:24:36 576 [INFO,train:106]         epoch 40 age 2: 0.169 9.52
21/04/19 01:36:37 753 [INFO,train:42] waiting benchmark threading to join
21/04/19 01:36:54 102 [INFO,bench_stat:198] epoch: 40
21/04/19 01:36:54 103 [INFO,bench_stat:199] benchmark result: -36.10 6.85
21/04/19 01:36:57 250 [INFO,read_std_hands:168] parsed 1024 hands from StdHands/random_0_1024.hands, start with: ['H4', 'DJ', 'C3', 'C6']
21/04/19 01:36:57 250 [INFO,benchmark:380] bench args: {'searcher': 'mcts', 'mcts_b': 0, 'mcts_k': 1, 'calc_score_mode': 1}
21/04/19 01:36:57 251 [INFO,benchmark:382] start benchmark against MrGreed for 512x2
21/04/19 01:37:28 163 [INFO,train:70] dloss at 60: 0.0006 0.0334 0.0171
21/04/19 01:37:29 560 [INFO,train:99] 60: 0.412 36.63 13312 208
21/04/19 01:37:29 560 [INFO,train:106]         epoch 60 age 0: 0.289 23.18
21/04/19 01:37:30 937 [INFO,train:106]         epoch 60 age 1: 0.203 13.95
21/04/19 01:37:32 330 [INFO,train:106]         epoch 60 age 2: 0.168 9.70
21/04/19 01:49:41 241 [INFO,train:42] waiting benchmark threading to join
21/04/19 01:49:46 167 [INFO,bench_stat:198] epoch: 60
21/04/19 01:49:46 167 [INFO,bench_stat:199] benchmark result: -19.95 6.39
21/04/19 01:49:49 357 [INFO,read_std_hands:168] parsed 1024 hands from StdHands/random_0_1024.hands, start with: ['H4', 'DJ', 'C3', 'C6']
21/04/19 01:49:49 357 [INFO,benchmark:380] bench args: {'searcher': 'mcts', 'mcts_b': 0, 'mcts_k': 1, 'calc_score_mode': 1}
21/04/19 01:49:49 357 [INFO,benchmark:382] start benchmark against MrGreed for 512x2
21/04/19 01:50:20 245 [INFO,train:70] dloss at 80: 0.0005 0.0469 0.0115
21/04/19 01:50:21 620 [INFO,train:99] 80: 0.380 36.08 13312 208
21/04/19 01:50:21 620 [INFO,train:106]         epoch 80 age 0: 0.271 22.55
21/04/19 01:50:22 999 [INFO,train:106]         epoch 80 age 1: 0.187 13.50
21/04/19 01:50:24 390 [INFO,train:106]         epoch 80 age 2: 0.156 9.17
21/04/19 02:02:51 048 [INFO,bench_stat:198] epoch: 80
21/04/19 02:02:51 048 [INFO,bench_stat:199] benchmark result: -18.78 6.43
21/04/19 02:03:06 492 [INFO,train:70] dloss at 100: 0.0010 0.0427 0.0231
21/04/19 02:03:07 671 [INFO,train:99] 100: 0.408 36.91 13312 208
21/04/19 02:03:07 671 [INFO,train:106]         epoch 100 age 0: 0.287 22.68
21/04/19 02:03:08 850 [INFO,train:106]         epoch 100 age 1: 0.198 13.35
21/04/19 02:03:10 026 [INFO,train:106]         epoch 100 age 2: 0.164 9.32
21/04/19 02:13:13 327 [INFO,train:70] dloss at 120: 0.0005 0.0403 0.0134
21/04/19 02:13:14 526 [INFO,train:99] 120: 0.419 35.09 13312 208
21/04/19 02:13:14 527 [INFO,train:106]         epoch 120 age 0: 0.290 21.96
21/04/19 02:13:15 706 [INFO,train:106]         epoch 120 age 1: 0.198 12.83
21/04/19 02:13:16 887 [INFO,train:106]         epoch 120 age 2: 0.163 8.62
21/04/19 02:23:30 929 [INFO,train:70] dloss at 140: 0.0005 0.0405 0.0128
21/04/19 02:23:32 141 [INFO,train:99] 140: 0.411 34.36 13312 208
21/04/19 02:23:32 141 [INFO,train:106]         epoch 140 age 0: 0.284 21.50
21/04/19 02:23:33 325 [INFO,train:106]         epoch 140 age 1: 0.191 12.86
21/04/19 02:23:34 502 [INFO,train:106]         epoch 140 age 2: 0.157 8.83
21/04/19 02:33:26 130 [INFO,read_std_hands:168] parsed 1024 hands from StdHands/random_0_1024.hands, start with: ['H4', 'DJ', 'C3', 'C6']
21/04/19 02:33:26 130 [INFO,benchmark:380] bench args: {'searcher': 'mcts', 'mcts_b': 0, 'mcts_k': 1, 'calc_score_mode': 1}
21/04/19 02:33:26 130 [INFO,benchmark:382] start benchmark against MrGreed for 512x2
21/04/19 02:33:57 305 [INFO,train:70] dloss at 160: 0.0007 0.0448 0.0146
21/04/19 02:33:58 723 [INFO,train:99] 160: 0.438 34.87 13312 208
21/04/19 02:33:58 723 [INFO,train:106]         epoch 160 age 0: 0.298 22.12
21/04/19 02:34:00 130 [INFO,train:106]         epoch 160 age 1: 0.194 12.73
21/04/19 02:34:01 555 [INFO,train:106]         epoch 160 age 2: 0.158 8.75
21/04/19 02:46:26 887 [INFO,bench_stat:198] epoch: 160
21/04/19 02:46:26 887 [INFO,bench_stat:199] benchmark result: -23.94 6.74
21/04/19 02:46:46 718 [INFO,train:70] dloss at 180: 0.0006 0.0417 0.0136
21/04/19 02:46:47 903 [INFO,train:99] 180: 0.423 35.35 13312 208
21/04/19 02:46:47 903 [INFO,train:106]         epoch 180 age 0: 0.293 22.32
21/04/19 02:46:49 083 [INFO,train:106]         epoch 180 age 1: 0.197 12.79
21/04/19 02:46:50 263 [INFO,train:106]         epoch 180 age 2: 0.160 8.84
21/04/19 02:57:02 773 [INFO,train:70] dloss at 200: 0.0006 0.0321 0.0196
21/04/19 02:57:03 939 [INFO,train:99] 200: 0.414 34.13 13312 208
21/04/19 02:57:03 939 [INFO,train:106]         epoch 200 age 0: 0.287 21.64
21/04/19 02:57:05 100 [INFO,train:106]         epoch 200 age 1: 0.199 12.70
21/04/19 02:57:06 262 [INFO,train:106]         epoch 200 age 2: 0.163 8.42
21/04/19 03:07:17 163 [INFO,train:70] dloss at 220: 0.0005 0.0406 0.0128
21/04/19 03:07:18 368 [INFO,train:99] 220: 0.427 36.59 13312 208
21/04/19 03:07:18 368 [INFO,train:106]         epoch 220 age 0: 0.291 22.49
21/04/19 03:07:19 551 [INFO,train:106]         epoch 220 age 1: 0.192 13.59
21/04/19 03:07:20 735 [INFO,train:106]         epoch 220 age 2: 0.157 8.98
21/04/19 03:17:12 504 [INFO,read_std_hands:168] parsed 1024 hands from StdHands/random_0_1024.hands, start with: ['H4', 'DJ', 'C3', 'C6']
21/04/19 03:17:12 504 [INFO,benchmark:380] bench args: {'searcher': 'mcts', 'mcts_b': 0, 'mcts_k': 1, 'calc_score_mode': 1}
21/04/19 03:17:12 504 [INFO,benchmark:382] start benchmark against MrGreed for 512x2
21/04/19 03:17:43 218 [INFO,train:70] dloss at 240: 0.0007 0.0367 0.0189
21/04/19 03:17:44 609 [INFO,train:99] 240: 0.414 33.69 13312 208
21/04/19 03:17:44 609 [INFO,train:106]         epoch 240 age 0: 0.285 20.96
21/04/19 03:17:45 997 [INFO,train:106]         epoch 240 age 1: 0.194 12.10
21/04/19 03:17:47 393 [INFO,train:106]         epoch 240 age 2: 0.158 8.27
21/04/19 03:30:13 976 [INFO,bench_stat:198] epoch: 240
21/04/19 03:30:13 977 [INFO,bench_stat:199] benchmark result: -8.85 6.64
21/04/19 03:30:30 695 [INFO,train:70] dloss at 260: 0.0007 0.0385 0.0181
21/04/19 03:30:31 870 [INFO,train:99] 260: 0.419 34.91 13312 208
21/04/19 03:30:31 870 [INFO,train:106]         epoch 260 age 0: 0.284 21.39
21/04/19 03:30:33 039 [INFO,train:106]         epoch 260 age 1: 0.192 12.49
21/04/19 03:30:34 209 [INFO,train:106]         epoch 260 age 2: 0.155 8.37
21/04/19 03:40:41 967 [INFO,train:70] dloss at 280: 0.0003 0.0424 0.0080
21/04/19 03:40:43 146 [INFO,train:99] 280: 0.396 33.96 13312 208
21/04/19 03:40:43 146 [INFO,train:106]         epoch 280 age 0: 0.278 21.38
21/04/19 03:40:44 321 [INFO,train:106]         epoch 280 age 1: 0.190 12.64
21/04/19 03:40:45 515 [INFO,train:106]         epoch 280 age 2: 0.154 8.65
21/04/19 03:50:55 068 [INFO,train:70] dloss at 300: 0.0009 0.0360 0.0239
21/04/19 03:50:56 230 [INFO,train:99] 300: 0.403 34.23 13312 208
21/04/19 03:50:56 230 [INFO,train:106]         epoch 300 age 0: 0.275 21.27
21/04/19 03:50:57 389 [INFO,train:106]         epoch 300 age 1: 0.181 12.56
21/04/19 03:50:58 545 [INFO,train:106]         epoch 300 age 2: 0.146 8.61
21/04/19 04:00:43 712 [INFO,read_std_hands:168] parsed 1024 hands from StdHands/random_0_1024.hands, start with: ['H4', 'DJ', 'C3', 'C6']
21/04/19 04:00:43 712 [INFO,benchmark:380] bench args: {'searcher': 'mcts', 'mcts_b': 0, 'mcts_k': 1, 'calc_score_mode': 1}
21/04/19 04:00:43 712 [INFO,benchmark:382] start benchmark against MrGreed for 512x2
21/04/19 04:01:14 647 [INFO,train:70] dloss at 320: 0.0007 0.0400 0.0166
21/04/19 04:01:16 044 [INFO,train:99] 320: 0.434 34.07 13312 208
21/04/19 04:01:16 045 [INFO,train:106]         epoch 320 age 0: 0.293 21.02
21/04/19 04:01:17 448 [INFO,train:106]         epoch 320 age 1: 0.194 11.99
21/04/19 04:01:18 855 [INFO,train:106]         epoch 320 age 2: 0.156 8.17
21/04/19 04:13:49 191 [INFO,bench_stat:198] epoch: 320
21/04/19 04:13:49 191 [INFO,bench_stat:199] benchmark result: -6.54 6.69
21/04/19 04:14:02 558 [INFO,train:70] dloss at 340: 0.0008 0.0431 0.0184
21/04/19 04:14:03 735 [INFO,train:99] 340: 0.423 35.82 13312 208
21/04/19 04:14:03 735 [INFO,train:106]         epoch 340 age 0: 0.286 22.32
21/04/19 04:14:04 908 [INFO,train:106]         epoch 340 age 1: 0.189 13.32
21/04/19 04:14:06 082 [INFO,train:106]         epoch 340 age 2: 0.154 9.37
21/04/19 04:24:13 355 [INFO,train:70] dloss at 360: 0.0007 0.0375 0.0193
21/04/19 04:24:14 527 [INFO,train:99] 360: 0.421 34.05 13312 208
21/04/19 04:24:14 527 [INFO,train:106]         epoch 360 age 0: 0.285 21.21
21/04/19 04:24:15 696 [INFO,train:106]         epoch 360 age 1: 0.190 12.25
21/04/19 04:24:16 864 [INFO,train:106]         epoch 360 age 2: 0.153 8.33
21/04/19 04:34:35 913 [INFO,train:70] dloss at 380: 0.0007 0.0685 0.0099
21/04/19 04:34:37 103 [INFO,train:99] 380: 0.417 33.46 13312 208
21/04/19 04:34:37 103 [INFO,train:106]         epoch 380 age 0: 0.281 20.66
21/04/19 04:34:38 292 [INFO,train:106]         epoch 380 age 1: 0.184 11.91
21/04/19 04:34:39 502 [INFO,train:106]         epoch 380 age 2: 0.148 8.13
21/04/19 04:44:31 623 [INFO,read_std_hands:168] parsed 1024 hands from StdHands/random_0_1024.hands, start with: ['H4', 'DJ', 'C3', 'C6']
21/04/19 04:44:31 623 [INFO,benchmark:380] bench args: {'searcher': 'mcts', 'mcts_b': 0, 'mcts_k': 1, 'calc_score_mode': 1}
21/04/19 04:44:31 624 [INFO,benchmark:382] start benchmark against MrGreed for 512x2
21/04/19 04:45:02 324 [INFO,train:70] dloss at 400: 0.0005 0.0342 0.0139
21/04/19 04:45:03 717 [INFO,train:99] 400: 0.425 32.65 13312 208
21/04/19 04:45:03 717 [INFO,train:106]         epoch 400 age 0: 0.287 20.36
21/04/19 04:45:05 121 [INFO,train:106]         epoch 400 age 1: 0.186 11.59
21/04/19 04:45:06 507 [INFO,train:106]         epoch 400 age 2: 0.151 7.77
21/04/19 04:57:47 920 [INFO,bench_stat:198] epoch: 400
21/04/19 04:57:47 920 [INFO,bench_stat:199] benchmark result: 2.66 6.25
21/04/19 04:57:57 444 [INFO,train:70] dloss at 420: 0.0007 0.0387 0.0177
21/04/19 04:57:58 639 [INFO,train:99] 420: 0.417 32.64 13312 208
21/04/19 04:57:58 639 [INFO,train:106]         epoch 420 age 0: 0.286 20.45
21/04/19 04:57:59 807 [INFO,train:106]         epoch 420 age 1: 0.188 12.00
21/04/19 04:58:00 978 [INFO,train:106]         epoch 420 age 2: 0.151 8.07
21/04/19 05:08:06 527 [INFO,train:70] dloss at 440: 0.0006 0.0418 0.0148
21/04/19 05:08:07 692 [INFO,train:99] 440: 0.408 33.64 13312 208
21/04/19 05:08:07 692 [INFO,train:106]         epoch 440 age 0: 0.276 20.72
21/04/19 05:08:08 859 [INFO,train:106]         epoch 440 age 1: 0.181 12.06
21/04/19 05:08:10 019 [INFO,train:106]         epoch 440 age 2: 0.145 7.97
21/04/19 05:18:33 255 [INFO,train:70] dloss at 460: 0.0009 0.0412 0.0222
21/04/19 05:18:34 462 [INFO,train:99] 460: 0.414 34.22 13312 208
21/04/19 05:18:34 462 [INFO,train:106]         epoch 460 age 0: 0.279 21.09
21/04/19 05:18:35 645 [INFO,train:106]         epoch 460 age 1: 0.182 12.10
21/04/19 05:18:36 833 [INFO,train:106]         epoch 460 age 2: 0.147 8.05
21/04/19 05:28:45 223 [INFO,read_std_hands:168] parsed 1024 hands from StdHands/random_0_1024.hands, start with: ['H4', 'DJ', 'C3', 'C6']
21/04/19 05:28:45 224 [INFO,benchmark:380] bench args: {'searcher': 'mcts', 'mcts_b': 0, 'mcts_k': 1, 'calc_score_mode': 1}
21/04/19 05:28:45 224 [INFO,benchmark:382] start benchmark against MrGreed for 512x2
21/04/19 05:29:16 440 [INFO,train:70] dloss at 480: 0.0006 0.0382 0.0163
21/04/19 05:29:17 823 [INFO,train:99] 480: 0.407 33.24 13312 208
21/04/19 05:29:17 823 [INFO,train:106]         epoch 480 age 0: 0.278 20.58
21/04/19 05:29:19 215 [INFO,train:106]         epoch 480 age 1: 0.186 11.71
21/04/19 05:29:20 587 [INFO,train:106]         epoch 480 age 2: 0.148 7.85
21/04/19 05:42:05 986 [INFO,bench_stat:198] epoch: 480
21/04/19 05:42:05 986 [INFO,bench_stat:199] benchmark result: 22.74 6.70
21/04/19 05:42:09 881 [INFO,train:70] dloss at 500: 0.0003 0.0396 0.0068
21/04/19 05:42:11 055 [INFO,train:99] 500: 0.409 32.98 13312 208
21/04/19 05:42:11 055 [INFO,train:106]         epoch 500 age 0: 0.279 20.31
21/04/19 05:42:12 227 [INFO,train:106]         epoch 500 age 1: 0.186 12.04
21/04/19 05:42:13 402 [INFO,train:106]         epoch 500 age 2: 0.149 8.03
21/04/19 05:52:35 675 [INFO,train:70] dloss at 520: 0.0003 0.0391 0.0086
21/04/19 05:52:36 845 [INFO,train:99] 520: 0.413 31.06 13312 208
21/04/19 05:52:36 845 [INFO,train:106]         epoch 520 age 0: 0.281 19.67
21/04/19 05:52:38 015 [INFO,train:106]         epoch 520 age 1: 0.184 11.49
21/04/19 05:52:39 183 [INFO,train:106]         epoch 520 age 2: 0.148 7.67
21/04/19 06:02:43 738 [INFO,train:70] dloss at 540: 0.0009 0.0463 0.0205
21/04/19 06:02:44 913 [INFO,train:99] 540: 0.406 31.55 13312 208
21/04/19 06:02:44 913 [INFO,train:106]         epoch 540 age 0: 0.275 19.83
21/04/19 06:02:46 086 [INFO,train:106]         epoch 540 age 1: 0.183 11.35
21/04/19 06:02:47 258 [INFO,train:106]         epoch 540 age 2: 0.145 7.69
21/04/19 06:12:28 523 [INFO,read_std_hands:168] parsed 1024 hands from StdHands/random_0_1024.hands, start with: ['H4', 'DJ', 'C3', 'C6']
21/04/19 06:12:28 523 [INFO,benchmark:380] bench args: {'searcher': 'mcts', 'mcts_b': 0, 'mcts_k': 1, 'calc_score_mode': 1}
21/04/19 06:12:28 523 [INFO,benchmark:382] start benchmark against MrGreed for 512x2
21/04/19 06:12:59 159 [INFO,train:70] dloss at 560: 0.0008 0.0367 0.0223
21/04/19 06:13:00 511 [INFO,train:99] 560: 0.419 34.40 13312 208
21/04/19 06:13:00 511 [INFO,train:106]         epoch 560 age 0: 0.283 21.46
21/04/19 06:13:01 864 [INFO,train:106]         epoch 560 age 1: 0.184 12.95
21/04/19 06:13:03 216 [INFO,train:106]         epoch 560 age 2: 0.148 8.88
21/04/19 06:25:47 589 [INFO,bench_stat:198] epoch: 560
21/04/19 06:25:47 590 [INFO,bench_stat:199] benchmark result: 7.71 6.54
21/04/19 06:25:57 192 [INFO,train:70] dloss at 580: 0.0007 0.0371 0.0199
21/04/19 06:25:58 364 [INFO,train:99] 580: 0.409 32.94 13312 208
21/04/19 06:25:58 364 [INFO,train:106]         epoch 580 age 0: 0.276 20.10
21/04/19 06:25:59 540 [INFO,train:106]         epoch 580 age 1: 0.180 11.70
21/04/19 06:26:00 714 [INFO,train:106]         epoch 580 age 2: 0.145 8.02
21/04/19 06:36:15 039 [INFO,train:70] dloss at 600: 0.0006 0.0439 0.0135
21/04/19 06:36:16 232 [INFO,train:99] 600: 0.424 33.07 13312 208
21/04/19 06:36:16 232 [INFO,train:106]         epoch 600 age 0: 0.285 20.48
21/04/19 06:36:17 420 [INFO,train:106]         epoch 600 age 1: 0.186 12.04
21/04/19 06:36:18 621 [INFO,train:106]         epoch 600 age 2: 0.147 8.07
21/04/19 06:46:29 479 [INFO,train:70] dloss at 620: 0.0005 0.0306 0.0165
21/04/19 06:46:30 649 [INFO,train:99] 620: 0.397 30.55 13312 208
21/04/19 06:46:30 650 [INFO,train:106]         epoch 620 age 0: 0.269 19.32
21/04/19 06:46:31 816 [INFO,train:106]         epoch 620 age 1: 0.173 11.13
21/04/19 06:46:32 983 [INFO,train:106]         epoch 620 age 2: 0.138 7.55
21/04/19 06:56:38 005 [INFO,read_std_hands:168] parsed 1024 hands from StdHands/random_0_1024.hands, start with: ['H4', 'DJ', 'C3', 'C6']
21/04/19 06:56:38 005 [INFO,benchmark:380] bench args: {'searcher': 'mcts', 'mcts_b': 0, 'mcts_k': 1, 'calc_score_mode': 1}
21/04/19 06:56:38 006 [INFO,benchmark:382] start benchmark against MrGreed for 512x2
21/04/19 06:57:08 887 [INFO,train:70] dloss at 640: 0.0005 0.0455 0.0102
21/04/19 06:57:10 271 [INFO,train:99] 640: 0.401 31.39 13312 208
21/04/19 06:57:10 271 [INFO,train:106]         epoch 640 age 0: 0.269 19.49
21/04/19 06:57:11 665 [INFO,train:106]         epoch 640 age 1: 0.176 11.28
21/04/19 06:57:13 057 [INFO,train:106]         epoch 640 age 2: 0.142 7.57
21/04/19 07:09:52 970 [INFO,bench_stat:198] epoch: 640
21/04/19 07:09:52 970 [INFO,bench_stat:199] benchmark result: 6.53 6.86
21/04/19 07:10:03 174 [INFO,train:70] dloss at 660: 0.0007 0.0257 0.0284
21/04/19 07:10:04 371 [INFO,train:99] 660: 0.386 30.12 13312 208
21/04/19 07:10:04 371 [INFO,train:106]         epoch 660 age 0: 0.264 19.03
21/04/19 07:10:05 588 [INFO,train:106]         epoch 660 age 1: 0.174 11.27
21/04/19 07:10:06 770 [INFO,train:106]         epoch 660 age 2: 0.140 7.60
21/04/19 07:20:39 430 [INFO,train:70] dloss at 680: 0.0006 0.0323 0.0193
21/04/19 07:20:40 627 [INFO,train:99] 680: 0.408 31.22 13312 208
21/04/19 07:20:40 627 [INFO,train:106]         epoch 680 age 0: 0.274 19.69
21/04/19 07:20:41 816 [INFO,train:106]         epoch 680 age 1: 0.180 11.42
21/04/19 07:20:42 000 [INFO,train:106]         epoch 680 age 2: 0.145 7.79
21/04/19 07:31:03 273 [INFO,train:70] dloss at 700: 0.0007 0.0357 0.0193
21/04/19 07:31:04 451 [INFO,train:99] 700: 0.398 31.14 13312 208
21/04/19 07:31:04 451 [INFO,train:106]         epoch 700 age 0: 0.268 19.66
21/04/19 07:31:05 625 [INFO,train:106]         epoch 700 age 1: 0.174 11.74
21/04/19 07:31:06 795 [INFO,train:106]         epoch 700 age 2: 0.139 8.00
21/04/19 07:40:59 344 [INFO,read_std_hands:168] parsed 1024 hands from StdHands/random_0_1024.hands, start with: ['H4', 'DJ', 'C3', 'C6']
21/04/19 07:40:59 345 [INFO,benchmark:380] bench args: {'searcher': 'mcts', 'mcts_b': 0, 'mcts_k': 1, 'calc_score_mode': 1}
21/04/19 07:40:59 345 [INFO,benchmark:382] start benchmark against MrGreed for 512x2
21/04/19 07:41:30 937 [INFO,train:70] dloss at 720: 0.0007 0.0305 0.0234
21/04/19 07:41:32 360 [INFO,train:99] 720: 0.400 32.76 13312 208
21/04/19 07:41:32 360 [INFO,train:106]         epoch 720 age 0: 0.270 20.40
21/04/19 07:41:33 786 [INFO,train:106]         epoch 720 age 1: 0.173 11.80
21/04/19 07:41:35 198 [INFO,train:106]         epoch 720 age 2: 0.138 8.11
21/04/19 07:54:04 614 [INFO,bench_stat:198] epoch: 720
21/04/19 07:54:04 615 [INFO,bench_stat:199] benchmark result: 10.72 6.30
21/04/19 07:54:19 247 [INFO,train:70] dloss at 740: 0.0007 0.0357 0.0205
21/04/19 07:54:20 423 [INFO,train:99] 740: 0.395 28.34 13312 208
21/04/19 07:54:20 423 [INFO,train:106]         epoch 740 age 0: 0.269 17.95
21/04/19 07:54:21 607 [INFO,train:106]         epoch 740 age 1: 0.175 10.54
21/04/19 07:54:22 782 [INFO,train:106]         epoch 740 age 2: 0.139 7.27
21/04/19 08:04:34 012 [INFO,train:70] dloss at 760: 0.0007 0.0334 0.0219
21/04/19 08:04:35 182 [INFO,train:99] 760: 0.392 33.95 13312 208
21/04/19 08:04:35 182 [INFO,train:106]         epoch 760 age 0: 0.265 20.72
21/04/19 08:04:36 348 [INFO,train:106]         epoch 760 age 1: 0.168 12.06
21/04/19 08:04:37 514 [INFO,train:106]         epoch 760 age 2: 0.134 8.37
21/04/19 08:14:57 259 [INFO,train:70] dloss at 780: 0.0005 0.0340 0.0156
21/04/19 08:14:58 455 [INFO,train:99] 780: 0.414 32.19 13312 208
21/04/19 08:14:58 455 [INFO,train:106]         epoch 780 age 0: 0.277 20.01
21/04/19 08:14:59 621 [INFO,train:106]         epoch 780 age 1: 0.181 11.77
21/04/19 08:15:00 784 [INFO,train:106]         epoch 780 age 2: 0.144 7.87
21/04/19 08:24:45 405 [INFO,read_std_hands:168] parsed 1024 hands from StdHands/random_0_1024.hands, start with: ['H4', 'DJ', 'C3', 'C6']
21/04/19 08:24:45 405 [INFO,benchmark:380] bench args: {'searcher': 'mcts', 'mcts_b': 0, 'mcts_k': 1, 'calc_score_mode': 1}
21/04/19 08:24:45 405 [INFO,benchmark:382] start benchmark against MrGreed for 512x2
21/04/19 08:25:16 964 [INFO,train:70] dloss at 800: 0.0007 0.0390 0.0189
21/04/19 08:25:18 357 [INFO,train:99] 800: 0.393 33.30 13312 208
21/04/19 08:25:18 357 [INFO,train:106]         epoch 800 age 0: 0.269 20.56
21/04/19 08:25:19 759 [INFO,train:106]         epoch 800 age 1: 0.174 11.75
21/04/19 08:25:21 134 [INFO,train:106]         epoch 800 age 2: 0.139 7.72
21/04/19 08:38:07 945 [INFO,bench_stat:198] epoch: 800
21/04/19 08:38:07 945 [INFO,bench_stat:199] benchmark result: 8.10 7.02
21/04/19 08:38:16 637 [INFO,train:70] dloss at 820: 0.0004 0.0395 0.0107
21/04/19 08:38:17 834 [INFO,train:99] 820: 0.378 29.63 13312 208
21/04/19 08:38:17 834 [INFO,train:106]         epoch 820 age 0: 0.257 18.74
21/04/19 08:38:19 014 [INFO,train:106]         epoch 820 age 1: 0.170 10.80
21/04/19 08:38:20 193 [INFO,train:106]         epoch 820 age 2: 0.136 7.59
21/04/19 08:48:34 245 [INFO,train:70] dloss at 840: 0.0005 0.0303 0.0160
21/04/19 08:48:35 444 [INFO,train:99] 840: 0.392 31.06 13312 208
21/04/19 08:48:35 444 [INFO,train:106]         epoch 840 age 0: 0.268 19.42
21/04/19 08:48:36 627 [INFO,train:106]         epoch 840 age 1: 0.174 11.32
21/04/19 08:48:37 809 [INFO,train:106]         epoch 840 age 2: 0.139 7.64
21/04/19 08:58:59 481 [INFO,train:70] dloss at 860: 0.0005 0.0395 0.0118
21/04/19 08:59:00 655 [INFO,train:99] 860: 0.402 30.27 13312 208
21/04/19 08:59:00 655 [INFO,train:106]         epoch 860 age 0: 0.274 19.08
21/04/19 08:59:01 833 [INFO,train:106]         epoch 860 age 1: 0.180 11.24
21/04/19 08:59:03 007 [INFO,train:106]         epoch 860 age 2: 0.144 7.75
21/04/19 09:08:51 802 [INFO,read_std_hands:168] parsed 1024 hands from StdHands/random_0_1024.hands, start with: ['H4', 'DJ', 'C3', 'C6']
21/04/19 09:08:51 802 [INFO,benchmark:380] bench args: {'searcher': 'mcts', 'mcts_b': 0, 'mcts_k': 1, 'calc_score_mode': 1}
21/04/19 09:08:51 802 [INFO,benchmark:382] start benchmark against MrGreed for 512x2
21/04/19 09:09:23 619 [INFO,train:70] dloss at 880: 0.0003 0.0372 0.0094
21/04/19 09:09:24 994 [INFO,train:99] 880: 0.398 30.27 13312 208
21/04/19 09:09:24 994 [INFO,train:106]         epoch 880 age 0: 0.272 19.03
21/04/19 09:09:26 377 [INFO,train:106]         epoch 880 age 1: 0.180 11.12
21/04/19 09:09:27 762 [INFO,train:106]         epoch 880 age 2: 0.145 7.71
21/04/19 09:22:10 665 [INFO,bench_stat:198] epoch: 880
21/04/19 09:22:10 665 [INFO,bench_stat:199] benchmark result: 23.19 6.48
21/04/19 09:22:18 349 [INFO,train:70] dloss at 900: 0.0004 0.0347 0.0101
21/04/19 09:22:19 522 [INFO,train:99] 900: 0.393 29.76 13312 208
21/04/19 09:22:19 522 [INFO,train:106]         epoch 900 age 0: 0.264 19.01
21/04/19 09:22:20 693 [INFO,train:106]         epoch 900 age 1: 0.168 11.14
21/04/19 09:22:21 873 [INFO,train:106]         epoch 900 age 2: 0.132 7.73
21/04/19 09:32:49 020 [INFO,train:70] dloss at 920: 0.0006 0.0492 0.0122
21/04/19 09:32:50 188 [INFO,train:99] 920: 0.401 32.50 13312 208
21/04/19 09:32:50 188 [INFO,train:106]         epoch 920 age 0: 0.271 20.14
21/04/19 09:32:51 350 [INFO,train:106]         epoch 920 age 1: 0.177 11.77
21/04/19 09:32:52 529 [INFO,train:106]         epoch 920 age 2: 0.141 7.76
21/04/19 09:43:19 458 [INFO,train:70] dloss at 940: 0.0007 0.0340 0.0199
21/04/19 09:43:20 641 [INFO,train:99] 940: 0.396 30.06 13312 208
21/04/19 09:43:20 641 [INFO,train:106]         epoch 940 age 0: 0.268 19.01
21/04/19 09:43:21 806 [INFO,train:106]         epoch 940 age 1: 0.173 11.16
21/04/19 09:43:22 971 [INFO,train:106]         epoch 940 age 2: 0.140 7.72
21/04/19 09:53:17 132 [INFO,read_std_hands:168] parsed 1024 hands from StdHands/random_0_1024.hands, start with: ['H4', 'DJ', 'C3', 'C6']
21/04/19 09:53:17 133 [INFO,benchmark:380] bench args: {'searcher': 'mcts', 'mcts_b': 0, 'mcts_k': 1, 'calc_score_mode': 1}
21/04/19 09:53:17 133 [INFO,benchmark:382] start benchmark against MrGreed for 512x2
21/04/19 09:53:48 412 [INFO,train:70] dloss at 960: 0.0003 0.0340 0.0087
21/04/19 09:53:49 816 [INFO,train:99] 960: 0.400 33.10 13312 208
21/04/19 09:53:49 816 [INFO,train:106]         epoch 960 age 0: 0.272 20.38
21/04/19 09:53:51 210 [INFO,train:106]         epoch 960 age 1: 0.178 11.73
21/04/19 09:53:52 599 [INFO,train:106]         epoch 960 age 2: 0.141 7.79
21/04/19 10:06:17 957 [INFO,bench_stat:198] epoch: 960
21/04/19 10:06:17 957 [INFO,bench_stat:199] benchmark result: 11.66 6.50
21/04/19 10:06:33 803 [INFO,train:70] dloss at 980: 0.0005 0.0380 0.0129
21/04/19 10:06:34 980 [INFO,train:99] 980: 0.401 31.84 13312 208
21/04/19 10:06:34 981 [INFO,train:106]         epoch 980 age 0: 0.273 19.90
21/04/19 10:06:36 155 [INFO,train:106]         epoch 980 age 1: 0.181 11.72
21/04/19 10:06:37 331 [INFO,train:106]         epoch 980 age 2: 0.146 7.80
21/04/19 10:16:49 459 [INFO,train:70] dloss at 1000: 0.0006 0.0349 0.0161
21/04/19 10:16:50 642 [INFO,train:99] 1000: 0.394 29.86 13312 208
21/04/19 10:16:50 642 [INFO,train:106]         epoch 1000 age 0: 0.267 18.69
21/04/19 10:16:51 818 [INFO,train:106]         epoch 1000 age 1: 0.171 11.11
21/04/19 10:16:52 996 [INFO,train:106]         epoch 1000 age 2: 0.136 7.61
21/04/19 10:26:56 959 [INFO,train:70] dloss at 1020: 0.0007 0.0361 0.0190
21/04/19 10:26:58 141 [INFO,train:99] 1020: 0.398 32.50 13312 208
21/04/19 10:26:58 141 [INFO,train:106]         epoch 1020 age 0: 0.269 20.04
21/04/19 10:26:59 329 [INFO,train:106]         epoch 1020 age 1: 0.177 11.70
21/04/19 10:27:00 516 [INFO,train:106]         epoch 1020 age 2: 0.143 8.06
21/04/19 10:36:48 820 [INFO,read_std_hands:168] parsed 1024 hands from StdHands/random_0_1024.hands, start with: ['H4', 'DJ', 'C3', 'C6']
21/04/19 10:36:48 820 [INFO,benchmark:380] bench args: {'searcher': 'mcts', 'mcts_b': 0, 'mcts_k': 1, 'calc_score_mode': 1}
21/04/19 10:36:48 821 [INFO,benchmark:382] start benchmark against MrGreed for 512x2
21/04/19 10:37:20 508 [INFO,train:70] dloss at 1040: 0.0004 0.0430 0.0093
21/04/19 10:37:21 905 [INFO,train:99] 1040: 0.395 31.65 13312 208
21/04/19 10:37:21 905 [INFO,train:106]         epoch 1040 age 0: 0.268 19.52
21/04/19 10:37:23 311 [INFO,train:106]         epoch 1040 age 1: 0.175 11.51
21/04/19 10:37:24 737 [INFO,train:106]         epoch 1040 age 2: 0.138 7.91
21/04/19 10:51:02 428 [INFO,bench_stat:198] epoch: 1040
21/04/19 10:51:02 429 [INFO,bench_stat:199] benchmark result: 10.32 6.39
21/04/19 10:51:26 821 [INFO,train:70] dloss at 1060: 0.0006 0.0358 0.0163
21/04/19 10:51:28 031 [INFO,train:99] 1060: 0.407 30.84 13312 208
21/04/19 10:51:28 031 [INFO,train:106]         epoch 1060 age 0: 0.272 19.26
21/04/19 10:51:29 218 [INFO,train:106]         epoch 1060 age 1: 0.174 11.40
21/04/19 10:51:30 403 [INFO,train:106]         epoch 1060 age 2: 0.138 7.58
21/04/19 11:02:11 141 [INFO,train:70] dloss at 1080: 0.0005 0.0407 0.0128
21/04/19 11:02:12 591 [INFO,train:99] 1080: 0.399 32.19 13312 208
21/04/19 11:02:12 591 [INFO,train:106]         epoch 1080 age 0: 0.269 20.15
21/04/19 11:02:14 040 [INFO,train:106]         epoch 1080 age 1: 0.177 11.66
21/04/19 11:02:15 489 [INFO,train:106]         epoch 1080 age 2: 0.141 8.36
21/04/19 11:17:02 527 [INFO,train:70] dloss at 1100: 0.0004 0.0305 0.0144
21/04/19 11:17:05 486 [INFO,train:99] 1100: 0.399 31.59 13312 208
21/04/19 11:17:05 486 [INFO,train:106]         epoch 1100 age 0: 0.268 19.51
21/04/19 11:17:08 465 [INFO,train:106]         epoch 1100 age 1: 0.173 11.90
21/04/19 11:17:11 444 [INFO,train:106]         epoch 1100 age 2: 0.139 8.22
21/04/19 11:29:41 421 [INFO,read_std_hands:168] parsed 1024 hands from StdHands/random_0_1024.hands, start with: ['H4', 'DJ', 'C3', 'C6']
21/04/19 11:29:41 422 [INFO,benchmark:380] bench args: {'searcher': 'mcts', 'mcts_b': 0, 'mcts_k': 1, 'calc_score_mode': 1}
21/04/19 11:29:41 423 [INFO,benchmark:382] start benchmark against MrGreed for 512x2
21/04/19 11:30:06 459 [INFO,train:70] dloss at 1120: 0.0004 0.0340 0.0130
21/04/19 11:30:08 096 [INFO,train:99] 1120: 0.370 30.42 13312 208
21/04/19 11:30:08 096 [INFO,train:106]         epoch 1120 age 0: 0.255 19.03
21/04/19 11:30:09 728 [INFO,train:106]         epoch 1120 age 1: 0.167 11.38
21/04/19 11:30:11 362 [INFO,train:106]         epoch 1120 age 2: 0.134 7.91
21/04/19 11:46:07 147 [INFO,bench_stat:198] epoch: 1120
21/04/19 11:46:07 149 [INFO,bench_stat:199] benchmark result: 8.89 6.41
21/04/19 11:46:07 633 [INFO,train:70] dloss at 1140: 0.0006 0.0398 0.0154
21/04/19 11:46:09 110 [INFO,train:99] 1140: 0.385 31.61 13312 208
21/04/19 11:46:09 110 [INFO,train:106]         epoch 1140 age 0: 0.263 19.99
21/04/19 11:46:10 577 [INFO,train:106]         epoch 1140 age 1: 0.172 12.43
21/04/19 11:46:12 041 [INFO,train:106]         epoch 1140 age 2: 0.138 8.81
21/04/19 11:57:41 785 [INFO,train:70] dloss at 1160: 0.0006 0.0306 0.0184
21/04/19 11:57:42 961 [INFO,train:99] 1160: 0.386 29.77 13312 208
21/04/19 11:57:42 962 [INFO,train:106]         epoch 1160 age 0: 0.263 18.69
21/04/19 11:57:44 125 [INFO,train:106]         epoch 1160 age 1: 0.172 10.77
21/04/19 11:57:45 290 [INFO,train:106]         epoch 1160 age 2: 0.136 7.51
21/04/19 12:08:11 562 [INFO,train:70] dloss at 1180: 0.0006 0.0350 0.0165
21/04/19 12:08:12 750 [INFO,train:99] 1180: 0.387 31.06 13312 208
21/04/19 12:08:12 750 [INFO,train:106]         epoch 1180 age 0: 0.266 19.42
21/04/19 12:08:13 937 [INFO,train:106]         epoch 1180 age 1: 0.175 11.24
21/04/19 12:08:15 121 [INFO,train:106]         epoch 1180 age 2: 0.140 7.66
21/04/19 12:18:52 331 [INFO,read_std_hands:168] parsed 1024 hands from StdHands/random_0_1024.hands, start with: ['H4', 'DJ', 'C3', 'C6']
21/04/19 12:18:52 331 [INFO,benchmark:380] bench args: {'searcher': 'mcts', 'mcts_b': 0, 'mcts_k': 1, 'calc_score_mode': 1}
21/04/19 12:18:52 331 [INFO,benchmark:382] start benchmark against MrGreed for 512x2
21/04/19 12:19:21 535 [INFO,train:70] dloss at 1200: 0.0009 0.0376 0.0228
21/04/19 12:19:23 181 [INFO,train:99] 1200: 0.379 32.04 13312 208
21/04/19 12:19:23 181 [INFO,train:106]         epoch 1200 age 0: 0.260 20.03
21/04/19 12:19:24 835 [INFO,train:106]         epoch 1200 age 1: 0.172 11.78
21/04/19 12:19:26 471 [INFO,train:106]         epoch 1200 age 2: 0.138 7.96
21/04/19 12:29:46 504 [INFO,bench_stat:198] epoch: 1200
21/04/19 12:29:46 505 [INFO,bench_stat:199] benchmark result: 5.78 6.49
