21/04/20 21:57:50 496 [INFO,main:122] BETA: 0.20, VALUE_RENORMAL: 10, MCTS_EXPL: 30, BENCH_SMP_B: 5, BENCH_SMP_K: 0.0
21/04/20 21:57:52 987 [INFO,train:18] start from: zero
21/04/20 21:57:52 987 [INFO,train:29] loss2_weight: 0.03, data_rounds: 64, review_number: 3, age_in_epoch: 3
21/04/20 21:57:52 987 [INFO,train:30] optimizer: {'lr': 0.0001, 'betas': (0.3, 0.999), 'eps': 1e-07, 'weight_decay': 0.0001, 'amsgrad': False}
21/04/20 21:57:52 987 [INFO,train:31] {'searcher': 'ab-tree', 'tree_deep': 1, 'calc_score_mode': 1}
21/04/20 21:57:56 660 [INFO,read_std_hands:168] parsed 1024 hands from StdHands/random_0_1024.hands, start with: ['H4', 'DJ', 'C3', 'C6']
21/04/20 21:57:56 660 [INFO,benchmark:383] bench args: {'searcher': 'mcts', 'mcts_b': 0, 'mcts_k': 1, 'calc_score_mode': 1}
21/04/20 21:57:56 660 [INFO,benchmark:385] start benchmark against MrGreed for 512x2
21/04/20 21:58:12 046 [INFO,train:73] dloss at 0: 0.0000 0.0003 0.0900
21/04/20 21:58:12 578 [INFO,train:102] 0: 0.679 33.42 3328 52
21/04/20 21:58:12 579 [INFO,train:109]         epoch 0 age 0: 0.679 33.42
21/04/20 21:58:13 105 [INFO,train:109]         epoch 0 age 1: 0.087 32.20
21/04/20 21:58:13 632 [INFO,train:109]         epoch 0 age 2: 0.081 31.99
21/04/20 21:58:32 724 [INFO,train:73] dloss at 1: 0.0000 0.0020 0.0107
21/04/20 21:58:33 785 [INFO,train:102] 1: 0.107 30.58 6656 104
21/04/20 21:58:33 785 [INFO,train:109]         epoch 1 age 0: 0.094 31.29
21/04/20 21:58:34 840 [INFO,train:109]         epoch 1 age 1: 0.084 30.02
21/04/20 21:58:35 892 [INFO,train:109]         epoch 1 age 2: 0.074 26.77
21/04/20 21:58:54 838 [INFO,train:73] dloss at 2: 0.0000 0.0120 0.0019
21/04/20 21:58:56 435 [INFO,train:102] 2: 0.120 30.38 9984 156
21/04/20 21:58:56 435 [INFO,train:109]         epoch 2 age 0: 0.089 27.97
21/04/20 21:58:58 018 [INFO,train:109]         epoch 2 age 1: 0.081 24.71
21/04/20 21:58:59 595 [INFO,train:109]         epoch 2 age 2: 0.075 20.41
21/04/20 21:59:18 531 [INFO,train:73] dloss at 3: 0.0001 0.0185 0.0037
21/04/20 21:59:20 109 [INFO,train:102] 3: 0.127 30.55 9984 156
21/04/20 21:59:20 109 [INFO,train:109]         epoch 3 age 0: 0.092 23.79
21/04/20 21:59:21 689 [INFO,train:109]         epoch 3 age 1: 0.086 19.72
21/04/20 21:59:23 268 [INFO,train:109]         epoch 3 age 2: 0.077 16.75
21/04/20 21:59:42 535 [INFO,train:73] dloss at 4: 0.0001 0.0181 0.0034
21/04/20 21:59:44 116 [INFO,train:102] 4: 0.153 34.90 9984 156
21/04/20 21:59:44 116 [INFO,train:109]         epoch 4 age 0: 0.102 22.80
21/04/20 21:59:45 692 [INFO,train:109]         epoch 4 age 1: 0.091 19.18
21/04/20 21:59:47 281 [INFO,train:109]         epoch 4 age 2: 0.085 16.78
21/04/20 22:00:06 685 [INFO,train:73] dloss at 5: 0.0001 0.0296 0.0029
21/04/20 22:00:08 282 [INFO,train:102] 5: 0.158 39.57 9984 156
21/04/20 22:00:08 282 [INFO,train:109]         epoch 5 age 0: 0.109 24.38
21/04/20 22:00:09 863 [INFO,train:109]         epoch 5 age 1: 0.094 19.69
21/04/20 22:00:11 452 [INFO,train:109]         epoch 5 age 2: 0.085 16.83
21/04/20 22:06:00 007 [INFO,train:73] dloss at 20: 0.0006 0.0413 0.0157
21/04/20 22:06:01 595 [INFO,train:102] 20: 0.350 42.06 9984 156
21/04/20 22:06:01 595 [INFO,train:109]         epoch 20 age 0: 0.225 22.40
21/04/20 22:06:03 181 [INFO,train:109]         epoch 20 age 1: 0.186 15.45
21/04/20 22:06:04 759 [INFO,train:109]         epoch 20 age 2: 0.170 12.32
21/04/20 22:12:36 355 [INFO,bench_stat:198] epoch: 0
21/04/20 22:12:36 356 [INFO,bench_stat:199] benchmark result: -240.45 6.73
21/04/20 22:13:38 272 [INFO,train:73] dloss at 40: 0.0007 0.0263 0.0262
21/04/20 22:13:39 683 [INFO,train:102] 40: 0.394 42.66 9984 156
21/04/20 22:13:39 684 [INFO,train:109]         epoch 40 age 0: 0.228 20.88
21/04/20 22:13:41 091 [INFO,train:109]         epoch 40 age 1: 0.171 13.33
21/04/20 22:13:42 501 [INFO,train:109]         epoch 40 age 2: 0.147 10.69
21/04/20 22:20:36 505 [INFO,train:73] dloss at 60: 0.0011 0.0458 0.0235
21/04/20 22:20:37 914 [INFO,train:102] 60: 0.410 38.26 9984 156
21/04/20 22:20:37 915 [INFO,train:109]         epoch 60 age 0: 0.221 19.14
21/04/20 22:20:39 326 [INFO,train:109]         epoch 60 age 1: 0.158 11.58
21/04/20 22:20:40 733 [INFO,train:109]         epoch 60 age 2: 0.131 8.75
21/04/20 22:27:48 378 [INFO,train:73] dloss at 80: 0.0010 0.0483 0.0202
21/04/20 22:27:49 783 [INFO,train:102] 80: 0.423 41.26 9984 156
21/04/20 22:27:49 783 [INFO,train:109]         epoch 80 age 0: 0.230 19.67
21/04/20 22:27:51 178 [INFO,train:109]         epoch 80 age 1: 0.157 11.90
21/04/20 22:27:52 573 [INFO,train:109]         epoch 80 age 2: 0.131 8.80
21/04/20 22:34:36 922 [INFO,read_std_hands:168] parsed 1024 hands from StdHands/random_0_1024.hands, start with: ['H4', 'DJ', 'C3', 'C6']
21/04/20 22:34:36 922 [INFO,benchmark:383] bench args: {'searcher': 'mcts', 'mcts_b': 0, 'mcts_k': 1, 'calc_score_mode': 1}
21/04/20 22:34:36 922 [INFO,benchmark:385] start benchmark against MrGreed for 512x2
21/04/20 22:34:52 353 [INFO,train:73] dloss at 100: 0.0005 0.0399 0.0122
21/04/20 22:34:53 988 [INFO,train:102] 100: 0.431 39.40 9984 156
21/04/20 22:34:53 988 [INFO,train:109]         epoch 100 age 0: 0.228 19.00
21/04/20 22:34:55 754 [INFO,train:109]         epoch 100 age 1: 0.150 11.86
21/04/20 22:34:57 379 [INFO,train:109]         epoch 100 age 2: 0.124 8.56
21/04/20 22:42:36 111 [INFO,train:73] dloss at 120: 0.0008 0.0454 0.0174
21/04/20 22:42:37 683 [INFO,train:102] 120: 0.430 39.80 9984 156
21/04/20 22:42:37 683 [INFO,train:109]         epoch 120 age 0: 0.227 19.00
21/04/20 22:42:39 265 [INFO,train:109]         epoch 120 age 1: 0.152 11.17
21/04/20 22:42:40 854 [INFO,train:109]         epoch 120 age 2: 0.124 8.41
21/04/20 22:48:54 592 [INFO,bench_stat:198] epoch: 100
21/04/20 22:48:54 592 [INFO,bench_stat:199] benchmark result: -65.77 6.67
21/04/20 22:50:12 353 [INFO,train:73] dloss at 140: 0.0008 0.0429 0.0188
21/04/20 22:50:13 768 [INFO,train:102] 140: 0.441 38.20 9984 156
21/04/20 22:50:13 768 [INFO,train:109]         epoch 140 age 0: 0.232 18.21
21/04/20 22:50:15 180 [INFO,train:109]         epoch 140 age 1: 0.155 10.72
21/04/20 22:50:16 588 [INFO,train:109]         epoch 140 age 2: 0.127 8.17
21/04/20 22:57:13 452 [INFO,train:73] dloss at 160: 0.0009 0.0426 0.0204
21/04/20 22:57:14 849 [INFO,train:102] 160: 0.465 42.87 9984 156
21/04/20 22:57:14 849 [INFO,train:109]         epoch 160 age 0: 0.243 20.31
21/04/20 22:57:16 241 [INFO,train:109]         epoch 160 age 1: 0.163 12.25
21/04/20 22:57:17 634 [INFO,train:109]         epoch 160 age 2: 0.130 9.27
21/04/20 23:04:20 939 [INFO,train:73] dloss at 180: 0.0012 0.0377 0.0305
21/04/20 23:04:22 364 [INFO,train:102] 180: 0.469 36.46 9984 156
21/04/20 23:04:22 365 [INFO,train:109]         epoch 180 age 0: 0.245 17.48
21/04/20 23:04:23 792 [INFO,train:109]         epoch 180 age 1: 0.158 10.45
21/04/20 23:04:25 211 [INFO,train:109]         epoch 180 age 2: 0.128 7.92
21/04/20 23:11:22 476 [INFO,read_std_hands:168] parsed 1024 hands from StdHands/random_0_1024.hands, start with: ['H4', 'DJ', 'C3', 'C6']
21/04/20 23:11:22 477 [INFO,benchmark:383] bench args: {'searcher': 'mcts', 'mcts_b': 0, 'mcts_k': 1, 'calc_score_mode': 1}
21/04/20 23:11:22 477 [INFO,benchmark:385] start benchmark against MrGreed for 512x2
21/04/20 23:11:38 481 [INFO,train:73] dloss at 200: 0.0008 0.0415 0.0183
21/04/20 23:11:40 084 [INFO,train:102] 200: 0.469 39.16 9984 156
21/04/20 23:11:40 084 [INFO,train:109]         epoch 200 age 0: 0.241 18.18
21/04/20 23:11:41 686 [INFO,train:109]         epoch 200 age 1: 0.161 10.92
21/04/20 23:11:43 285 [INFO,train:109]         epoch 200 age 2: 0.129 8.20
21/04/20 23:19:35 553 [INFO,train:73] dloss at 220: 0.0010 0.0469 0.0206
21/04/20 23:19:37 122 [INFO,train:102] 220: 0.456 37.41 9984 156
21/04/20 23:19:37 122 [INFO,train:109]         epoch 220 age 0: 0.238 17.89
21/04/20 23:19:38 706 [INFO,train:109]         epoch 220 age 1: 0.161 10.64
21/04/20 23:19:40 280 [INFO,train:109]         epoch 220 age 2: 0.132 7.95
21/04/20 23:25:51 652 [INFO,bench_stat:198] epoch: 200
21/04/20 23:25:51 653 [INFO,bench_stat:199] benchmark result: -57.99 6.78
21/04/20 23:27:20 345 [INFO,train:73] dloss at 240: 0.0005 0.0434 0.0121
21/04/20 23:27:21 754 [INFO,train:102] 240: 0.504 40.71 9984 156
21/04/20 23:27:21 754 [INFO,train:109]         epoch 240 age 0: 0.255 18.36
21/04/20 23:27:23 160 [INFO,train:109]         epoch 240 age 1: 0.165 10.60
21/04/20 23:27:24 577 [INFO,train:109]         epoch 240 age 2: 0.131 7.70
21/04/20 23:34:28 406 [INFO,train:73] dloss at 260: 0.0009 0.0419 0.0205
21/04/20 23:34:29 810 [INFO,train:102] 260: 0.471 38.52 9984 156
21/04/20 23:34:29 810 [INFO,train:109]         epoch 260 age 0: 0.239 17.76
21/04/20 23:34:31 214 [INFO,train:109]         epoch 260 age 1: 0.159 10.61
21/04/20 23:34:32 614 [INFO,train:109]         epoch 260 age 2: 0.125 8.01
21/04/20 23:41:31 925 [INFO,train:73] dloss at 280: 0.0011 0.0386 0.0275
21/04/20 23:41:33 351 [INFO,train:102] 280: 0.471 39.58 9984 156
21/04/20 23:41:33 352 [INFO,train:109]         epoch 280 age 0: 0.246 18.32
21/04/20 23:41:34 777 [INFO,train:109]         epoch 280 age 1: 0.162 10.92
21/04/20 23:41:36 212 [INFO,train:109]         epoch 280 age 2: 0.128 7.86
21/04/20 23:48:25 378 [INFO,read_std_hands:168] parsed 1024 hands from StdHands/random_0_1024.hands, start with: ['H4', 'DJ', 'C3', 'C6']
21/04/20 23:48:25 378 [INFO,benchmark:383] bench args: {'searcher': 'mcts', 'mcts_b': 0, 'mcts_k': 1, 'calc_score_mode': 1}
21/04/20 23:48:25 378 [INFO,benchmark:385] start benchmark against MrGreed for 512x2
21/04/20 23:48:40 039 [INFO,train:73] dloss at 300: 0.0005 0.0347 0.0157
21/04/20 23:48:41 622 [INFO,train:102] 300: 0.470 36.83 9984 156
21/04/20 23:48:41 622 [INFO,train:109]         epoch 300 age 0: 0.243 17.50
21/04/20 23:48:43 211 [INFO,train:109]         epoch 300 age 1: 0.160 10.06
21/04/20 23:48:44 792 [INFO,train:109]         epoch 300 age 2: 0.129 7.30
21/04/20 23:56:22 768 [INFO,train:73] dloss at 320: 0.0008 0.0478 0.0169
21/04/20 23:56:24 349 [INFO,train:102] 320: 0.460 35.99 9984 156
21/04/20 23:56:24 350 [INFO,train:109]         epoch 320 age 0: 0.237 16.72
21/04/20 23:56:25 935 [INFO,train:109]         epoch 320 age 1: 0.153 9.63
21/04/20 23:56:27 525 [INFO,train:109]         epoch 320 age 2: 0.121 7.03
21/04/21 00:02:46 065 [INFO,bench_stat:198] epoch: 300
21/04/21 00:02:46 065 [INFO,bench_stat:199] benchmark result: -38.65 6.68
21/04/21 00:04:04 510 [INFO,train:73] dloss at 340: 0.0006 0.0345 0.0174
21/04/21 00:04:05 905 [INFO,train:102] 340: 0.494 36.82 9984 156
21/04/21 00:04:05 905 [INFO,train:109]         epoch 340 age 0: 0.249 17.67
21/04/21 00:04:07 297 [INFO,train:109]         epoch 340 age 1: 0.161 10.68
21/04/21 00:04:08 688 [INFO,train:109]         epoch 340 age 2: 0.127 7.63
21/04/21 00:11:10 408 [INFO,train:73] dloss at 360: 0.0007 0.0380 0.0182
21/04/21 00:11:11 827 [INFO,train:102] 360: 0.472 36.89 9984 156
21/04/21 00:11:11 827 [INFO,train:109]         epoch 360 age 0: 0.240 17.21
21/04/21 00:11:13 245 [INFO,train:109]         epoch 360 age 1: 0.158 9.59
21/04/21 00:11:14 659 [INFO,train:109]         epoch 360 age 2: 0.125 7.10
21/04/21 00:18:23 315 [INFO,train:73] dloss at 380: 0.0007 0.0405 0.0185
21/04/21 00:18:24 734 [INFO,train:102] 380: 0.475 38.17 9984 156
21/04/21 00:18:24 734 [INFO,train:109]         epoch 380 age 0: 0.242 17.79
21/04/21 00:18:26 135 [INFO,train:109]         epoch 380 age 1: 0.155 10.30
21/04/21 00:18:27 560 [INFO,train:109]         epoch 380 age 2: 0.125 7.51
21/04/21 00:25:19 611 [INFO,read_std_hands:168] parsed 1024 hands from StdHands/random_0_1024.hands, start with: ['H4', 'DJ', 'C3', 'C6']
21/04/21 00:25:19 611 [INFO,benchmark:383] bench args: {'searcher': 'mcts', 'mcts_b': 0, 'mcts_k': 1, 'calc_score_mode': 1}
21/04/21 00:25:19 612 [INFO,benchmark:385] start benchmark against MrGreed for 512x2
21/04/21 00:25:35 456 [INFO,train:73] dloss at 400: 0.0007 0.0373 0.0187
21/04/21 00:25:37 024 [INFO,train:102] 400: 0.468 36.53 9984 156
21/04/21 00:25:37 024 [INFO,train:109]         epoch 400 age 0: 0.241 17.12
21/04/21 00:25:38 595 [INFO,train:109]         epoch 400 age 1: 0.160 9.77
21/04/21 00:25:40 175 [INFO,train:109]         epoch 400 age 2: 0.128 7.37
21/04/21 00:33:28 257 [INFO,train:73] dloss at 420: 0.0009 0.0406 0.0226
21/04/21 00:33:29 835 [INFO,train:102] 420: 0.475 38.38 9984 156
21/04/21 00:33:29 835 [INFO,train:109]         epoch 420 age 0: 0.242 17.78
21/04/21 00:33:31 410 [INFO,train:109]         epoch 420 age 1: 0.156 10.20
21/04/21 00:33:32 978 [INFO,train:109]         epoch 420 age 2: 0.125 7.34
21/04/21 00:40:18 253 [INFO,bench_stat:198] epoch: 400
21/04/21 00:40:18 253 [INFO,bench_stat:199] benchmark result: -46.18 6.59
21/04/21 00:41:17 704 [INFO,train:73] dloss at 440: 0.0011 0.0434 0.0263
21/04/21 00:41:19 126 [INFO,train:102] 440: 0.463 35.01 9984 156
21/04/21 00:41:19 126 [INFO,train:109]         epoch 440 age 0: 0.239 16.41
21/04/21 00:41:20 541 [INFO,train:109]         epoch 440 age 1: 0.158 9.02
21/04/21 00:41:21 967 [INFO,train:109]         epoch 440 age 2: 0.126 6.63
21/04/21 00:48:16 200 [INFO,train:73] dloss at 460: 0.0006 0.0350 0.0177
21/04/21 00:48:17 624 [INFO,train:102] 460: 0.447 37.62 9984 156
21/04/21 00:48:17 624 [INFO,train:109]         epoch 460 age 0: 0.228 17.66
21/04/21 00:48:19 021 [INFO,train:109]         epoch 460 age 1: 0.148 10.04
21/04/21 00:48:20 437 [INFO,train:109]         epoch 460 age 2: 0.117 7.25
21/04/21 00:55:23 414 [INFO,train:73] dloss at 480: 0.0007 0.0438 0.0163
21/04/21 00:55:24 814 [INFO,train:102] 480: 0.490 36.89 9984 156
21/04/21 00:55:24 814 [INFO,train:109]         epoch 480 age 0: 0.242 17.31
21/04/21 00:55:26 201 [INFO,train:109]         epoch 480 age 1: 0.156 10.28
21/04/21 00:55:27 591 [INFO,train:109]         epoch 480 age 2: 0.122 7.51
21/04/21 01:02:10 320 [INFO,read_std_hands:168] parsed 1024 hands from StdHands/random_0_1024.hands, start with: ['H4', 'DJ', 'C3', 'C6']
21/04/21 01:02:10 320 [INFO,benchmark:383] bench args: {'searcher': 'mcts', 'mcts_b': 0, 'mcts_k': 1, 'calc_score_mode': 1}
21/04/21 01:02:10 321 [INFO,benchmark:385] start benchmark against MrGreed for 512x2
21/04/21 01:02:25 072 [INFO,train:73] dloss at 500: 0.0007 0.0355 0.0210
21/04/21 01:02:26 658 [INFO,train:102] 500: 0.454 35.51 9984 156
21/04/21 01:02:26 658 [INFO,train:109]         epoch 500 age 0: 0.232 16.83
21/04/21 01:02:28 242 [INFO,train:109]         epoch 500 age 1: 0.149 9.75
21/04/21 01:02:29 820 [INFO,train:109]         epoch 500 age 2: 0.119 6.95
21/04/21 01:10:10 735 [INFO,train:73] dloss at 520: 0.0008 0.0389 0.0194
21/04/21 01:10:12 331 [INFO,train:102] 520: 0.445 32.63 9984 156
21/04/21 01:10:12 331 [INFO,train:109]         epoch 520 age 0: 0.229 15.72
21/04/21 01:10:13 924 [INFO,train:109]         epoch 520 age 1: 0.147 8.85
21/04/21 01:10:15 521 [INFO,train:109]         epoch 520 age 2: 0.119 6.69
21/04/21 01:16:33 472 [INFO,bench_stat:198] epoch: 500
21/04/21 01:16:33 473 [INFO,bench_stat:199] benchmark result: -41.68 6.75
21/04/21 01:17:47 694 [INFO,train:73] dloss at 540: 0.0007 0.0456 0.0154
21/04/21 01:17:49 119 [INFO,train:102] 540: 0.449 33.97 9984 156
21/04/21 01:17:49 120 [INFO,train:109]         epoch 540 age 0: 0.227 15.70
21/04/21 01:17:50 556 [INFO,train:109]         epoch 540 age 1: 0.145 9.09
21/04/21 01:17:51 978 [INFO,train:109]         epoch 540 age 2: 0.116 6.67
21/04/21 01:24:55 396 [INFO,train:73] dloss at 560: 0.0006 0.0346 0.0161
21/04/21 01:24:56 815 [INFO,train:102] 560: 0.418 37.67 9984 156
21/04/21 01:24:56 815 [INFO,train:109]         epoch 560 age 0: 0.215 17.01
21/04/21 01:24:58 212 [INFO,train:109]         epoch 560 age 1: 0.140 9.56
21/04/21 01:24:59 611 [INFO,train:109]         epoch 560 age 2: 0.111 6.58
21/04/21 01:31:53 259 [INFO,train:73] dloss at 580: 0.0004 0.0377 0.0108
21/04/21 01:31:54 653 [INFO,train:102] 580: 0.425 37.27 9984 156
21/04/21 01:31:54 653 [INFO,train:109]         epoch 580 age 0: 0.217 16.92
21/04/21 01:31:56 044 [INFO,train:109]         epoch 580 age 1: 0.139 9.55
21/04/21 01:31:57 436 [INFO,train:109]         epoch 580 age 2: 0.110 6.88
21/04/21 01:38:41 650 [INFO,read_std_hands:168] parsed 1024 hands from StdHands/random_0_1024.hands, start with: ['H4', 'DJ', 'C3', 'C6']
21/04/21 01:38:41 650 [INFO,benchmark:383] bench args: {'searcher': 'mcts', 'mcts_b': 0, 'mcts_k': 1, 'calc_score_mode': 1}
21/04/21 01:38:41 650 [INFO,benchmark:385] start benchmark against MrGreed for 512x2
21/04/21 01:38:57 194 [INFO,train:73] dloss at 600: 0.0008 0.0383 0.0199
21/04/21 01:38:58 785 [INFO,train:102] 600: 0.447 36.83 9984 156
21/04/21 01:38:58 785 [INFO,train:109]         epoch 600 age 0: 0.223 17.03
21/04/21 01:39:00 379 [INFO,train:109]         epoch 600 age 1: 0.142 9.78
21/04/21 01:39:01 964 [INFO,train:109]         epoch 600 age 2: 0.112 7.13
21/04/21 01:39:01 964 [INFO,train:114] update train phase, loss2_weight: 0.03, data_rounds: 128, review_number: 2, age_in_epoch: 3
21/04/21 01:52:31 635 [INFO,bench_stat:198] epoch: 600
21/04/21 01:52:31 635 [INFO,bench_stat:199] benchmark result: -27.90 6.55
21/04/21 01:53:14 827 [INFO,train:73] dloss at 620: 0.0010 0.0538 0.0179
21/04/21 01:53:16 706 [INFO,train:102] 620: 0.447 34.77 13312 208
21/04/21 01:53:16 706 [INFO,train:109]         epoch 620 age 0: 0.301 22.26
21/04/21 01:53:18 595 [INFO,train:109]         epoch 620 age 1: 0.199 13.17
21/04/21 01:53:20 469 [INFO,train:109]         epoch 620 age 2: 0.154 9.31
21/04/21 02:06:31 371 [INFO,train:73] dloss at 640: 0.0010 0.0441 0.0234
21/04/21 02:06:33 255 [INFO,train:102] 640: 0.442 36.81 13312 208
21/04/21 02:06:33 255 [INFO,train:109]         epoch 640 age 0: 0.297 22.96
21/04/21 02:06:35 137 [INFO,train:109]         epoch 640 age 1: 0.196 13.99
21/04/21 02:06:37 018 [INFO,train:109]         epoch 640 age 2: 0.154 10.00
21/04/21 02:19:49 913 [INFO,train:73] dloss at 660: 0.0008 0.0463 0.0172
21/04/21 02:19:51 817 [INFO,train:102] 660: 0.437 35.11 13312 208
21/04/21 02:19:51 817 [INFO,train:109]         epoch 660 age 0: 0.297 22.01
21/04/21 02:19:53 716 [INFO,train:109]         epoch 660 age 1: 0.193 12.90
21/04/21 02:19:55 614 [INFO,train:109]         epoch 660 age 2: 0.148 8.84
21/04/21 02:33:24 789 [INFO,train:73] dloss at 680: 0.0006 0.0439 0.0126
21/04/21 02:33:26 699 [INFO,train:102] 680: 0.431 34.69 13312 208
21/04/21 02:33:26 699 [INFO,train:109]         epoch 680 age 0: 0.290 21.71
21/04/21 02:33:28 612 [INFO,train:109]         epoch 680 age 1: 0.187 12.66
21/04/21 02:33:30 504 [INFO,train:109]         epoch 680 age 2: 0.144 8.61
21/04/21 02:46:26 370 [INFO,read_std_hands:168] parsed 1024 hands from StdHands/random_0_1024.hands, start with: ['H4', 'DJ', 'C3', 'C6']
21/04/21 02:46:26 370 [INFO,benchmark:383] bench args: {'searcher': 'mcts', 'mcts_b': 0, 'mcts_k': 1, 'calc_score_mode': 1}
21/04/21 02:46:26 370 [INFO,benchmark:385] start benchmark against MrGreed for 512x2
21/04/21 02:46:59 550 [INFO,train:73] dloss at 700: 0.0008 0.0508 0.0149
21/04/21 02:47:01 651 [INFO,train:102] 700: 0.446 35.73 13312 208
21/04/21 02:47:01 651 [INFO,train:109]         epoch 700 age 0: 0.298 22.10
21/04/21 02:47:03 772 [INFO,train:109]         epoch 700 age 1: 0.194 13.07
21/04/21 02:47:05 874 [INFO,train:109]         epoch 700 age 2: 0.152 8.91
21/04/21 03:01:07 455 [INFO,bench_stat:198] epoch: 700
21/04/21 03:01:07 455 [INFO,bench_stat:199] benchmark result: -28.69 6.20
21/04/21 03:01:39 948 [INFO,train:73] dloss at 720: 0.0009 0.0381 0.0231
21/04/21 03:01:41 856 [INFO,train:102] 720: 0.438 32.34 13312 208
21/04/21 03:01:41 856 [INFO,train:109]         epoch 720 age 0: 0.292 20.46
21/04/21 03:01:43 752 [INFO,train:109]         epoch 720 age 1: 0.191 11.76
21/04/21 03:01:45 650 [INFO,train:109]         epoch 720 age 2: 0.149 8.09
21/04/21 03:15:01 513 [INFO,train:73] dloss at 740: 0.0012 0.0377 0.0314
21/04/21 03:15:03 404 [INFO,train:102] 740: 0.438 34.49 13312 208
21/04/21 03:15:03 404 [INFO,train:109]         epoch 740 age 0: 0.293 21.42
21/04/21 03:15:05 291 [INFO,train:109]         epoch 740 age 1: 0.194 12.69
21/04/21 03:15:07 176 [INFO,train:109]         epoch 740 age 2: 0.153 8.63
21/04/21 03:28:33 537 [INFO,train:73] dloss at 760: 0.0010 0.0406 0.0255
21/04/21 03:28:35 443 [INFO,train:102] 760: 0.419 31.49 13312 208
21/04/21 03:28:35 443 [INFO,train:109]         epoch 760 age 0: 0.279 19.80
21/04/21 03:28:37 347 [INFO,train:109]         epoch 760 age 1: 0.180 11.78
21/04/21 03:28:39 251 [INFO,train:109]         epoch 760 age 2: 0.139 8.04
21/04/21 03:42:09 223 [INFO,train:73] dloss at 780: 0.0008 0.0445 0.0186
21/04/21 03:42:11 134 [INFO,train:102] 780: 0.455 31.99 13312 208
21/04/21 03:42:11 134 [INFO,train:109]         epoch 780 age 0: 0.298 20.12
21/04/21 03:42:13 038 [INFO,train:109]         epoch 780 age 1: 0.193 11.68
21/04/21 03:42:14 924 [INFO,train:109]         epoch 780 age 2: 0.148 8.09
21/04/21 03:55:04 885 [INFO,read_std_hands:168] parsed 1024 hands from StdHands/random_0_1024.hands, start with: ['H4', 'DJ', 'C3', 'C6']
21/04/21 03:55:04 885 [INFO,benchmark:383] bench args: {'searcher': 'mcts', 'mcts_b': 0, 'mcts_k': 1, 'calc_score_mode': 1}
21/04/21 03:55:04 885 [INFO,benchmark:385] start benchmark against MrGreed for 512x2
21/04/21 03:55:39 014 [INFO,train:73] dloss at 800: 0.0007 0.0386 0.0172
21/04/21 03:55:41 123 [INFO,train:102] 800: 0.424 33.68 13312 208
21/04/21 03:55:41 123 [INFO,train:109]         epoch 800 age 0: 0.282 21.05
21/04/21 03:55:43 239 [INFO,train:109]         epoch 800 age 1: 0.181 11.90
21/04/21 03:55:45 355 [INFO,train:109]         epoch 800 age 2: 0.140 8.37
21/04/21 04:09:18 093 [INFO,bench_stat:198] epoch: 800
21/04/21 04:09:18 093 [INFO,bench_stat:199] benchmark result: -9.08 6.61
21/04/21 04:10:10 370 [INFO,train:73] dloss at 820: 0.0005 0.0413 0.0120
21/04/21 04:10:12 242 [INFO,train:102] 820: 0.404 30.78 13312 208
21/04/21 04:10:12 242 [INFO,train:109]         epoch 820 age 0: 0.270 19.64
21/04/21 04:10:14 122 [INFO,train:109]         epoch 820 age 1: 0.173 11.47
21/04/21 04:10:15 991 [INFO,train:109]         epoch 820 age 2: 0.133 8.04
21/04/21 04:23:19 722 [INFO,train:73] dloss at 840: 0.0007 0.0371 0.0197
21/04/21 04:23:21 613 [INFO,train:102] 840: 0.423 30.94 13312 208
21/04/21 04:23:21 613 [INFO,train:109]         epoch 840 age 0: 0.282 19.33
21/04/21 04:23:23 505 [INFO,train:109]         epoch 840 age 1: 0.180 11.31
21/04/21 04:23:25 387 [INFO,train:109]         epoch 840 age 2: 0.139 7.89
21/04/21 04:36:38 418 [INFO,train:73] dloss at 860: 0.0010 0.0416 0.0248
21/04/21 04:36:40 309 [INFO,train:102] 860: 0.430 33.06 13312 208
21/04/21 04:36:40 309 [INFO,train:109]         epoch 860 age 0: 0.283 20.66
21/04/21 04:36:42 199 [INFO,train:109]         epoch 860 age 1: 0.183 12.05
21/04/21 04:36:44 090 [INFO,train:109]         epoch 860 age 2: 0.141 8.48
21/04/21 04:50:03 771 [INFO,train:73] dloss at 880: 0.0007 0.0689 0.0105
21/04/21 04:50:05 644 [INFO,train:102] 880: 0.411 31.94 13312 208
21/04/21 04:50:05 644 [INFO,train:109]         epoch 880 age 0: 0.273 19.90
21/04/21 04:50:07 507 [INFO,train:109]         epoch 880 age 1: 0.172 11.80
21/04/21 04:50:09 373 [INFO,train:109]         epoch 880 age 2: 0.132 7.94
21/04/21 05:02:42 498 [INFO,read_std_hands:168] parsed 1024 hands from StdHands/random_0_1024.hands, start with: ['H4', 'DJ', 'C3', 'C6']
21/04/21 05:02:42 498 [INFO,benchmark:383] bench args: {'searcher': 'mcts', 'mcts_b': 0, 'mcts_k': 1, 'calc_score_mode': 1}
21/04/21 05:02:42 498 [INFO,benchmark:385] start benchmark against MrGreed for 512x2
21/04/21 05:03:16 096 [INFO,train:73] dloss at 900: 0.0006 0.0437 0.0136
21/04/21 05:03:18 200 [INFO,train:102] 900: 0.400 30.20 13312 208
21/04/21 05:03:18 200 [INFO,train:109]         epoch 900 age 0: 0.268 18.97
21/04/21 05:03:20 293 [INFO,train:109]         epoch 900 age 1: 0.174 11.46
21/04/21 05:03:22 396 [INFO,train:109]         epoch 900 age 2: 0.135 8.25
21/04/21 05:16:52 440 [INFO,bench_stat:198] epoch: 900
21/04/21 05:16:52 441 [INFO,bench_stat:199] benchmark result: 3.04 6.31
21/04/21 05:17:49 206 [INFO,train:73] dloss at 920: 0.0008 0.0413 0.0183
21/04/21 05:17:51 099 [INFO,train:102] 920: 0.414 33.60 13312 208
21/04/21 05:17:51 099 [INFO,train:109]         epoch 920 age 0: 0.275 20.79
21/04/21 05:17:52 982 [INFO,train:109]         epoch 920 age 1: 0.178 12.27
21/04/21 05:17:54 867 [INFO,train:109]         epoch 920 age 2: 0.136 8.41
21/04/21 05:31:01 526 [INFO,train:73] dloss at 940: 0.0008 0.0388 0.0204
21/04/21 05:31:03 406 [INFO,train:102] 940: 0.407 32.56 13312 208
21/04/21 05:31:03 406 [INFO,train:109]         epoch 940 age 0: 0.270 20.27
21/04/21 05:31:05 280 [INFO,train:109]         epoch 940 age 1: 0.175 11.83
21/04/21 05:31:07 166 [INFO,train:109]         epoch 940 age 2: 0.135 8.27
21/04/21 05:44:08 984 [INFO,train:73] dloss at 960: 0.0011 0.0413 0.0275
21/04/21 05:44:10 864 [INFO,train:102] 960: 0.416 33.79 13312 208
21/04/21 05:44:10 864 [INFO,train:109]         epoch 960 age 0: 0.275 20.90
21/04/21 05:44:12 738 [INFO,train:109]         epoch 960 age 1: 0.176 12.08
21/04/21 05:44:14 613 [INFO,train:109]         epoch 960 age 2: 0.134 7.87
21/04/21 05:57:28 399 [INFO,train:73] dloss at 980: 0.0008 0.0398 0.0198
21/04/21 05:57:30 267 [INFO,train:102] 980: 0.419 34.38 13312 208
21/04/21 05:57:30 267 [INFO,train:109]         epoch 980 age 0: 0.276 21.08
21/04/21 05:57:32 135 [INFO,train:109]         epoch 980 age 1: 0.176 12.44
21/04/21 05:57:33 997 [INFO,train:109]         epoch 980 age 2: 0.135 8.29
21/04/21 06:10:16 710 [INFO,read_std_hands:168] parsed 1024 hands from StdHands/random_0_1024.hands, start with: ['H4', 'DJ', 'C3', 'C6']
21/04/21 06:10:16 710 [INFO,benchmark:383] bench args: {'searcher': 'mcts', 'mcts_b': 0, 'mcts_k': 1, 'calc_score_mode': 1}
21/04/21 06:10:16 710 [INFO,benchmark:385] start benchmark against MrGreed for 512x2
21/04/21 06:10:49 892 [INFO,train:73] dloss at 1000: 0.0007 0.0397 0.0177
21/04/21 06:10:52 011 [INFO,train:102] 1000: 0.410 33.80 13312 208
21/04/21 06:10:52 011 [INFO,train:109]         epoch 1000 age 0: 0.271 20.73
21/04/21 06:10:54 124 [INFO,train:109]         epoch 1000 age 1: 0.177 12.01
21/04/21 06:10:56 236 [INFO,train:109]         epoch 1000 age 2: 0.136 8.19
21/04/21 06:24:53 281 [INFO,bench_stat:198] epoch: 1000
21/04/21 06:24:53 281 [INFO,bench_stat:199] benchmark result: 4.63 7.05
21/04/21 06:25:25 469 [INFO,train:73] dloss at 1020: 0.0008 0.0404 0.0204
21/04/21 06:25:27 343 [INFO,train:102] 1020: 0.399 32.71 13312 208
21/04/21 06:25:27 343 [INFO,train:109]         epoch 1020 age 0: 0.268 20.34
21/04/21 06:25:29 229 [INFO,train:109]         epoch 1020 age 1: 0.170 12.12
21/04/21 06:25:31 101 [INFO,train:109]         epoch 1020 age 2: 0.132 8.35
21/04/21 06:38:34 884 [INFO,train:73] dloss at 1040: 0.0006 0.0598 0.0099
21/04/21 06:38:36 765 [INFO,train:102] 1040: 0.410 30.08 13312 208
21/04/21 06:38:36 765 [INFO,train:109]         epoch 1040 age 0: 0.271 19.02
21/04/21 06:38:38 658 [INFO,train:109]         epoch 1040 age 1: 0.170 11.06
21/04/21 06:38:40 518 [INFO,train:109]         epoch 1040 age 2: 0.129 7.66
21/04/21 06:51:57 218 [INFO,train:73] dloss at 1060: 0.0009 0.0430 0.0206
21/04/21 06:51:59 115 [INFO,train:102] 1060: 0.415 32.09 13312 208
21/04/21 06:51:59 115 [INFO,train:109]         epoch 1060 age 0: 0.272 19.93
21/04/21 06:52:01 007 [INFO,train:109]         epoch 1060 age 1: 0.176 11.41
21/04/21 06:52:02 899 [INFO,train:109]         epoch 1060 age 2: 0.134 8.16
21/04/21 07:05:03 762 [INFO,train:73] dloss at 1080: 0.0006 0.0391 0.0151
21/04/21 07:05:05 635 [INFO,train:102] 1080: 0.402 30.68 13312 208
21/04/21 07:05:05 635 [INFO,train:109]         epoch 1080 age 0: 0.268 19.53
21/04/21 07:05:07 508 [INFO,train:109]         epoch 1080 age 1: 0.171 11.33
21/04/21 07:05:09 393 [INFO,train:109]         epoch 1080 age 2: 0.133 8.30
21/04/21 07:17:56 529 [INFO,read_std_hands:168] parsed 1024 hands from StdHands/random_0_1024.hands, start with: ['H4', 'DJ', 'C3', 'C6']
21/04/21 07:17:56 529 [INFO,benchmark:383] bench args: {'searcher': 'mcts', 'mcts_b': 0, 'mcts_k': 1, 'calc_score_mode': 1}
21/04/21 07:17:56 529 [INFO,benchmark:385] start benchmark against MrGreed for 512x2
21/04/21 07:18:31 631 [INFO,train:73] dloss at 1100: 0.0010 0.0425 0.0247
21/04/21 07:18:33 745 [INFO,train:102] 1100: 0.410 31.25 13312 208
21/04/21 07:18:33 745 [INFO,train:109]         epoch 1100 age 0: 0.271 19.72
21/04/21 07:18:35 855 [INFO,train:109]         epoch 1100 age 1: 0.173 11.52
21/04/21 07:18:37 965 [INFO,train:109]         epoch 1100 age 2: 0.134 7.94
21/04/21 07:32:31 750 [INFO,bench_stat:198] epoch: 1100
21/04/21 07:32:31 751 [INFO,bench_stat:199] benchmark result: 10.30 6.68
21/04/21 07:33:17 711 [INFO,train:73] dloss at 1120: 0.0008 0.0422 0.0198
21/04/21 07:33:19 609 [INFO,train:102] 1120: 0.405 29.89 13312 208
21/04/21 07:33:19 609 [INFO,train:109]         epoch 1120 age 0: 0.274 19.03
21/04/21 07:33:21 510 [INFO,train:109]         epoch 1120 age 1: 0.176 10.89
21/04/21 07:33:23 400 [INFO,train:109]         epoch 1120 age 2: 0.138 7.81
21/04/21 07:46:51 156 [INFO,train:73] dloss at 1140: 0.0006 0.0416 0.0137
21/04/21 07:46:53 030 [INFO,train:102] 1140: 0.413 32.64 13312 208
21/04/21 07:46:53 030 [INFO,train:109]         epoch 1140 age 0: 0.272 20.43
21/04/21 07:46:54 890 [INFO,train:109]         epoch 1140 age 1: 0.173 12.12
21/04/21 07:46:56 748 [INFO,train:109]         epoch 1140 age 2: 0.134 8.29
21/04/21 08:00:15 099 [INFO,train:73] dloss at 1160: 0.0007 0.0412 0.0165
21/04/21 08:00:16 988 [INFO,train:102] 1160: 0.404 29.62 13312 208
21/04/21 08:00:16 988 [INFO,train:109]         epoch 1160 age 0: 0.268 19.00
21/04/21 08:00:18 905 [INFO,train:109]         epoch 1160 age 1: 0.170 11.13
21/04/21 08:00:20 786 [INFO,train:109]         epoch 1160 age 2: 0.132 7.58
21/04/21 08:13:51 679 [INFO,train:73] dloss at 1180: 0.0006 0.0337 0.0166
21/04/21 08:13:53 618 [INFO,train:102] 1180: 0.394 30.38 13312 208
21/04/21 08:13:53 618 [INFO,train:109]         epoch 1180 age 0: 0.260 19.00
21/04/21 08:13:55 522 [INFO,train:109]         epoch 1180 age 1: 0.166 10.85
21/04/21 08:13:57 425 [INFO,train:109]         epoch 1180 age 2: 0.128 7.72
21/04/21 08:26:45 955 [INFO,read_std_hands:168] parsed 1024 hands from StdHands/random_0_1024.hands, start with: ['H4', 'DJ', 'C3', 'C6']
21/04/21 08:26:45 955 [INFO,benchmark:383] bench args: {'searcher': 'mcts', 'mcts_b': 0, 'mcts_k': 1, 'calc_score_mode': 1}
21/04/21 08:26:45 955 [INFO,benchmark:385] start benchmark against MrGreed for 512x2
21/04/21 08:27:20 201 [INFO,train:73] dloss at 1200: 0.0007 0.0380 0.0183
21/04/21 08:27:22 318 [INFO,train:102] 1200: 0.409 31.75 13312 208
21/04/21 08:27:22 318 [INFO,train:109]         epoch 1200 age 0: 0.266 19.67
21/04/21 08:27:24 459 [INFO,train:109]         epoch 1200 age 1: 0.167 11.44
21/04/21 08:27:26 580 [INFO,train:109]         epoch 1200 age 2: 0.127 7.94
21/04/21 08:27:26 580 [INFO,train:114] update train phase, loss2_weight: 0.03, data_rounds: 256, review_number: 1, age_in_epoch: 3
21/04/21 08:40:51 640 [INFO,bench_stat:198] epoch: 1200
21/04/21 08:40:51 640 [INFO,bench_stat:199] benchmark result: 12.35 6.55
21/04/21 08:53:33 115 [INFO,train:73] dloss at 1220: 0.0009 0.0473 0.0180
21/04/21 08:53:35 010 [INFO,train:102] 1220: 0.381 27.32 13312 208
21/04/21 08:53:35 010 [INFO,train:109]         epoch 1220 age 0: 0.381 27.32
21/04/21 08:53:36 900 [INFO,train:109]         epoch 1220 age 1: 0.271 16.72
21/04/21 08:53:38 790 [INFO,train:109]         epoch 1220 age 2: 0.210 11.37
21/04/21 09:18:24 663 [INFO,train:73] dloss at 1240: 0.0011 0.0398 0.0267
21/04/21 09:18:26 547 [INFO,train:102] 1240: 0.349 26.20 13312 208
21/04/21 09:18:26 547 [INFO,train:109]         epoch 1240 age 0: 0.349 26.20
21/04/21 09:18:28 426 [INFO,train:109]         epoch 1240 age 1: 0.246 16.49
21/04/21 09:18:30 307 [INFO,train:109]         epoch 1240 age 2: 0.191 11.15
21/04/21 09:43:11 916 [INFO,train:73] dloss at 1260: 0.0009 0.0551 0.0155
21/04/21 09:43:13 802 [INFO,train:102] 1260: 0.357 27.94 13312 208
21/04/21 09:43:13 802 [INFO,train:109]         epoch 1260 age 0: 0.357 27.94
21/04/21 09:43:15 678 [INFO,train:109]         epoch 1260 age 1: 0.256 16.93
21/04/21 09:43:17 549 [INFO,train:109]         epoch 1260 age 2: 0.201 11.52
21/04/21 10:07:59 773 [INFO,train:73] dloss at 1280: 0.0008 0.0457 0.0165
21/04/21 10:08:01 685 [INFO,train:102] 1280: 0.356 28.37 13312 208
21/04/21 10:08:01 685 [INFO,train:109]         epoch 1280 age 0: 0.356 28.37
21/04/21 10:08:03 584 [INFO,train:109]         epoch 1280 age 1: 0.258 16.84
21/04/21 10:08:05 482 [INFO,train:109]         epoch 1280 age 2: 0.203 11.48
21/04/21 10:31:52 897 [INFO,read_std_hands:168] parsed 1024 hands from StdHands/random_0_1024.hands, start with: ['H4', 'DJ', 'C3', 'C6']
21/04/21 10:31:52 898 [INFO,benchmark:383] bench args: {'searcher': 'mcts', 'mcts_b': 0, 'mcts_k': 1, 'calc_score_mode': 1}
21/04/21 10:31:52 898 [INFO,benchmark:385] start benchmark against MrGreed for 512x2
21/04/21 10:33:03 486 [INFO,train:73] dloss at 1300: 0.0011 0.0419 0.0256
21/04/21 10:33:05 589 [INFO,train:102] 1300: 0.350 27.63 13312 208
21/04/21 10:33:05 590 [INFO,train:109]         epoch 1300 age 0: 0.350 27.63
21/04/21 10:33:07 695 [INFO,train:109]         epoch 1300 age 1: 0.251 16.65
21/04/21 10:33:09 813 [INFO,train:109]         epoch 1300 age 2: 0.198 11.44
21/04/21 10:46:15 717 [INFO,bench_stat:198] epoch: 1300
21/04/21 10:46:15 717 [INFO,bench_stat:199] benchmark result: 1.39 6.43
21/04/21 10:59:21 631 [INFO,train:73] dloss at 1320: 0.0005 0.0395 0.0135
21/04/21 10:59:23 517 [INFO,train:102] 1320: 0.350 26.42 13312 208
21/04/21 10:59:23 517 [INFO,train:109]         epoch 1320 age 0: 0.350 26.42
21/04/21 10:59:25 399 [INFO,train:109]         epoch 1320 age 1: 0.252 15.90
21/04/21 10:59:27 281 [INFO,train:109]         epoch 1320 age 2: 0.199 10.90
21/04/21 11:24:17 954 [INFO,train:73] dloss at 1340: 0.0006 0.0414 0.0143
21/04/21 11:24:19 866 [INFO,train:102] 1340: 0.338 25.98 13312 208
21/04/21 11:24:19 866 [INFO,train:109]         epoch 1340 age 0: 0.338 25.98
21/04/21 11:24:21 752 [INFO,train:109]         epoch 1340 age 1: 0.239 15.50
21/04/21 11:24:23 639 [INFO,train:109]         epoch 1340 age 2: 0.189 10.60
21/04/21 11:49:16 083 [INFO,train:73] dloss at 1360: 0.0006 0.0420 0.0153
21/04/21 11:49:17 984 [INFO,train:102] 1360: 0.341 25.82 13312 208
21/04/21 11:49:17 984 [INFO,train:109]         epoch 1360 age 0: 0.341 25.82
21/04/21 11:49:19 902 [INFO,train:109]         epoch 1360 age 1: 0.244 15.56
21/04/21 11:49:21 808 [INFO,train:109]         epoch 1360 age 2: 0.192 10.78
21/04/21 12:13:57 751 [INFO,train:73] dloss at 1380: 0.0007 0.0423 0.0175
21/04/21 12:13:59 623 [INFO,train:102] 1380: 0.340 26.44 13312 208
21/04/21 12:13:59 624 [INFO,train:109]         epoch 1380 age 0: 0.340 26.44
21/04/21 12:14:01 491 [INFO,train:109]         epoch 1380 age 1: 0.247 16.02
21/04/21 12:14:03 357 [INFO,train:109]         epoch 1380 age 2: 0.199 11.50
21/04/21 12:38:16 919 [INFO,read_std_hands:168] parsed 1024 hands from StdHands/random_0_1024.hands, start with: ['H4', 'DJ', 'C3', 'C6']
21/04/21 12:38:16 919 [INFO,benchmark:383] bench args: {'searcher': 'mcts', 'mcts_b': 0, 'mcts_k': 1, 'calc_score_mode': 1}
21/04/21 12:38:16 920 [INFO,benchmark:385] start benchmark against MrGreed for 512x2
21/04/21 12:39:31 183 [INFO,train:73] dloss at 1400: 0.0009 0.0622 0.0150
21/04/21 12:39:33 329 [INFO,train:102] 1400: 0.328 26.27 13312 208
21/04/21 12:39:33 329 [INFO,train:109]         epoch 1400 age 0: 0.328 26.27
21/04/21 12:39:35 471 [INFO,train:109]         epoch 1400 age 1: 0.229 16.37
21/04/21 12:39:37 615 [INFO,train:109]         epoch 1400 age 2: 0.182 11.20
21/04/21 12:52:35 417 [INFO,bench_stat:198] epoch: 1400
21/04/21 12:52:35 418 [INFO,bench_stat:199] benchmark result: 21.35 6.41
21/04/21 13:05:46 910 [INFO,train:73] dloss at 1420: 0.0008 0.0421 0.0200
21/04/21 13:05:48 825 [INFO,train:102] 1420: 0.330 25.66 13312 208
21/04/21 13:05:48 825 [INFO,train:109]         epoch 1420 age 0: 0.330 25.66
21/04/21 13:05:50 718 [INFO,train:109]         epoch 1420 age 1: 0.236 15.61
21/04/21 13:05:52 610 [INFO,train:109]         epoch 1420 age 2: 0.189 10.95
21/04/21 13:30:37 769 [INFO,train:73] dloss at 1440: 0.0008 0.0470 0.0173
21/04/21 13:30:39 652 [INFO,train:102] 1440: 0.327 26.65 13312 208
21/04/21 13:30:39 652 [INFO,train:109]         epoch 1440 age 0: 0.327 26.65
21/04/21 13:30:41 527 [INFO,train:109]         epoch 1440 age 1: 0.233 16.20
21/04/21 13:30:43 401 [INFO,train:109]         epoch 1440 age 2: 0.185 11.40
21/04/21 13:55:37 832 [INFO,train:73] dloss at 1460: 0.0009 0.0463 0.0193
21/04/21 13:55:39 733 [INFO,train:102] 1460: 0.338 27.47 13312 208
21/04/21 13:55:39 733 [INFO,train:109]         epoch 1460 age 0: 0.338 27.47
21/04/21 13:55:41 618 [INFO,train:109]         epoch 1460 age 1: 0.241 16.50
21/04/21 13:55:43 498 [INFO,train:109]         epoch 1460 age 2: 0.191 11.86
21/04/21 14:20:48 650 [INFO,train:73] dloss at 1480: 0.0006 0.0404 0.0138
21/04/21 14:20:50 549 [INFO,train:102] 1480: 0.328 25.67 13312 208
21/04/21 14:20:50 549 [INFO,train:109]         epoch 1480 age 0: 0.328 25.67
21/04/21 14:20:52 440 [INFO,train:109]         epoch 1480 age 1: 0.235 15.26
21/04/21 14:20:54 332 [INFO,train:109]         epoch 1480 age 2: 0.186 10.60
21/04/21 14:44:38 246 [INFO,read_std_hands:168] parsed 1024 hands from StdHands/random_0_1024.hands, start with: ['H4', 'DJ', 'C3', 'C6']
21/04/21 14:44:38 246 [INFO,benchmark:383] bench args: {'searcher': 'mcts', 'mcts_b': 0, 'mcts_k': 1, 'calc_score_mode': 1}
21/04/21 14:44:38 246 [INFO,benchmark:385] start benchmark against MrGreed for 512x2
21/04/21 14:45:52 469 [INFO,train:73] dloss at 1500: 0.0006 0.0373 0.0161
21/04/21 14:45:54 600 [INFO,train:102] 1500: 0.328 24.52 13312 208
21/04/21 14:45:54 600 [INFO,train:109]         epoch 1500 age 0: 0.328 24.52
21/04/21 14:45:56 715 [INFO,train:109]         epoch 1500 age 1: 0.233 14.87
21/04/21 14:45:58 822 [INFO,train:109]         epoch 1500 age 2: 0.184 10.17
21/04/21 14:59:12 452 [INFO,bench_stat:198] epoch: 1500
21/04/21 14:59:12 452 [INFO,bench_stat:199] benchmark result: 24.58 6.71
21/04/21 15:12:06 828 [INFO,train:73] dloss at 1520: 0.0006 0.0538 0.0117
21/04/21 15:12:08 722 [INFO,train:102] 1520: 0.337 27.30 13312 208
21/04/21 15:12:08 722 [INFO,train:109]         epoch 1520 age 0: 0.337 27.30
21/04/21 15:12:10 617 [INFO,train:109]         epoch 1520 age 1: 0.244 16.51
21/04/21 15:12:12 514 [INFO,train:109]         epoch 1520 age 2: 0.196 11.31
21/04/21 15:37:22 951 [INFO,train:73] dloss at 1540: 0.0008 0.0474 0.0172
21/04/21 15:37:24 871 [INFO,train:102] 1540: 0.315 25.16 13312 208
21/04/21 15:37:24 871 [INFO,train:109]         epoch 1540 age 0: 0.315 25.16
21/04/21 15:37:26 778 [INFO,train:109]         epoch 1540 age 1: 0.223 15.38
21/04/21 15:37:28 679 [INFO,train:109]         epoch 1540 age 2: 0.179 10.63
21/04/21 16:02:57 359 [INFO,train:73] dloss at 1560: 0.0007 0.0414 0.0180
21/04/21 16:02:59 280 [INFO,train:102] 1560: 0.322 26.62 13312 208
21/04/21 16:02:59 281 [INFO,train:109]         epoch 1560 age 0: 0.322 26.62
21/04/21 16:03:01 196 [INFO,train:109]         epoch 1560 age 1: 0.232 15.92
21/04/21 16:03:03 107 [INFO,train:109]         epoch 1560 age 2: 0.187 11.11
21/04/21 16:28:12 141 [INFO,train:73] dloss at 1580: 0.0006 0.0484 0.0132
21/04/21 16:28:14 029 [INFO,train:102] 1580: 0.328 26.64 13312 208
21/04/21 16:28:14 029 [INFO,train:109]         epoch 1580 age 0: 0.328 26.64
21/04/21 16:28:15 901 [INFO,train:109]         epoch 1580 age 1: 0.233 16.05
21/04/21 16:28:17 773 [INFO,train:109]         epoch 1580 age 2: 0.185 11.08
21/04/21 16:51:48 669 [INFO,read_std_hands:168] parsed 1024 hands from StdHands/random_0_1024.hands, start with: ['H4', 'DJ', 'C3', 'C6']
21/04/21 16:51:48 669 [INFO,benchmark:383] bench args: {'searcher': 'mcts', 'mcts_b': 0, 'mcts_k': 1, 'calc_score_mode': 1}
21/04/21 16:51:48 669 [INFO,benchmark:385] start benchmark against MrGreed for 512x2
21/04/21 16:52:59 881 [INFO,train:73] dloss at 1600: 0.0006 0.0482 0.0123
21/04/21 16:53:02 036 [INFO,train:102] 1600: 0.329 26.64 13312 208
21/04/21 16:53:02 037 [INFO,train:109]         epoch 1600 age 0: 0.329 26.64
21/04/21 16:53:04 356 [INFO,train:109]         epoch 1600 age 1: 0.236 15.84
21/04/21 16:53:06 735 [INFO,train:109]         epoch 1600 age 2: 0.189 10.98
21/04/21 17:06:09 087 [INFO,bench_stat:198] epoch: 1600
21/04/21 17:06:09 087 [INFO,bench_stat:199] benchmark result: 28.22 6.38
21/04/21 17:19:37 428 [INFO,train:73] dloss at 1620: 0.0008 0.0468 0.0161
21/04/21 17:19:39 331 [INFO,train:102] 1620: 0.315 24.92 13312 208
21/04/21 17:19:39 331 [INFO,train:109]         epoch 1620 age 0: 0.315 24.92
21/04/21 17:19:41 230 [INFO,train:109]         epoch 1620 age 1: 0.227 15.30
21/04/21 17:19:43 124 [INFO,train:109]         epoch 1620 age 2: 0.182 10.84
21/04/21 17:44:50 551 [INFO,train:73] dloss at 1640: 0.0009 0.0432 0.0197
21/04/21 17:44:52 446 [INFO,train:102] 1640: 0.321 24.77 13312 208
21/04/21 17:44:52 446 [INFO,train:109]         epoch 1640 age 0: 0.321 24.77
21/04/21 17:44:54 343 [INFO,train:109]         epoch 1640 age 1: 0.229 15.05
21/04/21 17:44:56 227 [INFO,train:109]         epoch 1640 age 2: 0.183 10.44
21/04/21 18:09:52 957 [INFO,train:73] dloss at 1660: 0.0007 0.0527 0.0126
21/04/21 18:09:54 850 [INFO,train:102] 1660: 0.332 26.74 13312 208
21/04/21 18:09:54 850 [INFO,train:109]         epoch 1660 age 0: 0.332 26.74
21/04/21 18:09:56 736 [INFO,train:109]         epoch 1660 age 1: 0.238 16.22
21/04/21 18:09:58 625 [INFO,train:109]         epoch 1660 age 2: 0.190 11.32
21/04/21 18:34:36 610 [INFO,train:73] dloss at 1680: 0.0009 0.0569 0.0164
21/04/21 18:34:38 484 [INFO,train:102] 1680: 0.338 27.50 13312 208
21/04/21 18:34:38 484 [INFO,train:109]         epoch 1680 age 0: 0.338 27.50
21/04/21 18:34:40 350 [INFO,train:109]         epoch 1680 age 1: 0.246 16.13
21/04/21 18:34:42 230 [INFO,train:109]         epoch 1680 age 2: 0.200 11.30
21/04/21 18:58:32 752 [INFO,read_std_hands:168] parsed 1024 hands from StdHands/random_0_1024.hands, start with: ['H4', 'DJ', 'C3', 'C6']
21/04/21 18:58:32 752 [INFO,benchmark:383] bench args: {'searcher': 'mcts', 'mcts_b': 0, 'mcts_k': 1, 'calc_score_mode': 1}
21/04/21 18:58:32 752 [INFO,benchmark:385] start benchmark against MrGreed for 512x2
21/04/21 18:59:47 879 [INFO,train:73] dloss at 1700: 0.0007 0.0487 0.0138
21/04/21 18:59:50 012 [INFO,train:102] 1700: 0.328 26.74 13312 208
21/04/21 18:59:50 012 [INFO,train:109]         epoch 1700 age 0: 0.328 26.74
21/04/21 18:59:52 163 [INFO,train:109]         epoch 1700 age 1: 0.233 16.36
21/04/21 18:59:54 305 [INFO,train:109]         epoch 1700 age 2: 0.187 11.78
21/04/21 19:13:03 490 [INFO,bench_stat:198] epoch: 1700
21/04/21 19:13:03 490 [INFO,bench_stat:199] benchmark result: 33.56 6.86
21/04/21 19:26:00 731 [INFO,train:73] dloss at 1720: 0.0008 0.0443 0.0190
21/04/21 19:26:02 624 [INFO,train:102] 1720: 0.317 25.99 13312 208
21/04/21 19:26:02 624 [INFO,train:109]         epoch 1720 age 0: 0.317 25.99
21/04/21 19:26:04 493 [INFO,train:109]         epoch 1720 age 1: 0.228 15.53
21/04/21 19:26:06 363 [INFO,train:109]         epoch 1720 age 2: 0.185 10.74
21/04/21 19:51:08 471 [INFO,train:73] dloss at 1740: 0.0006 0.0433 0.0131
21/04/21 19:51:10 353 [INFO,train:102] 1740: 0.322 27.35 13312 208
21/04/21 19:51:10 353 [INFO,train:109]         epoch 1740 age 0: 0.322 27.35
21/04/21 19:51:12 232 [INFO,train:109]         epoch 1740 age 1: 0.230 16.45
21/04/21 19:51:14 110 [INFO,train:109]         epoch 1740 age 2: 0.185 11.55
21/04/21 20:15:50 872 [INFO,train:73] dloss at 1760: 0.0006 0.0555 0.0112
21/04/21 20:15:52 758 [INFO,train:102] 1760: 0.318 26.13 13312 208
21/04/21 20:15:52 758 [INFO,train:109]         epoch 1760 age 0: 0.318 26.13
21/04/21 20:15:54 640 [INFO,train:109]         epoch 1760 age 1: 0.228 16.17
21/04/21 20:15:56 529 [INFO,train:109]         epoch 1760 age 2: 0.185 10.90
21/04/21 20:41:08 180 [INFO,train:73] dloss at 1780: 0.0006 0.0454 0.0138
21/04/21 20:41:10 097 [INFO,train:102] 1780: 0.311 25.46 13312 208
21/04/21 20:41:10 097 [INFO,train:109]         epoch 1780 age 0: 0.311 25.46
21/04/21 20:41:11 989 [INFO,train:109]         epoch 1780 age 1: 0.224 15.96
21/04/21 20:41:13 889 [INFO,train:109]         epoch 1780 age 2: 0.181 10.88
21/04/21 21:05:05 086 [INFO,read_std_hands:168] parsed 1024 hands from StdHands/random_0_1024.hands, start with: ['H4', 'DJ', 'C3', 'C6']
21/04/21 21:05:05 087 [INFO,benchmark:383] bench args: {'searcher': 'mcts', 'mcts_b': 0, 'mcts_k': 1, 'calc_score_mode': 1}
21/04/21 21:05:05 087 [INFO,benchmark:385] start benchmark against MrGreed for 512x2
21/04/21 21:06:19 535 [INFO,train:73] dloss at 1800: 0.0005 0.0393 0.0120
21/04/21 21:06:21 655 [INFO,train:102] 1800: 0.308 25.20 13312 208
21/04/21 21:06:21 655 [INFO,train:109]         epoch 1800 age 0: 0.308 25.20
21/04/21 21:06:23 757 [INFO,train:109]         epoch 1800 age 1: 0.222 15.26
21/04/21 21:06:25 851 [INFO,train:109]         epoch 1800 age 2: 0.179 11.06
21/04/21 21:06:25 851 [INFO,train:114] update train phase, loss2_weight: 0.03, data_rounds: 512, review_number: 0, age_in_epoch: 3
21/04/21 21:18:02 400 [INFO,bench_stat:198] epoch: 1800
21/04/21 21:18:02 400 [INFO,bench_stat:199] benchmark result: 13.90 6.67
