21/04/11 15:56:44 719 [INFO,main:107] BETA: 0.20, VALUE_RENORMAL: 10, MCTS_EXPL: 30, BENCH_SMP_B: 5, BENCH_SMP_K: 0.0
21/04/11 15:56:44 783 [INFO,main:119] start_from: PV_NET_6-17-9315381-Rand.pkl
21/04/11 15:56:44 784 [INFO,train:22] loss2_weight: 0.03, data_rounds: 64, review_number: 3, age_in_epoch: 3
21/04/11 15:56:44 784 [INFO,train:23] optimizer: {'lr': 0.0001, 'betas': (0.3, 0.999), 'eps': 1e-07, 'weight_decay': 0.0001, 'amsgrad': False}
21/04/11 15:56:44 784 [INFO,train:24] {'searcher': 'ab-tree', 'tree_deep': 5, 'calc_score_mode': 1, 'benchmark_N1': 512}
21/04/11 15:56:50 136 [INFO,read_std_hands:220] parsed 1024 hands from StdHands/random_0_1024.hands, start with: ['H4', 'DJ', 'C3', 'C6']
21/04/11 15:56:50 136 [INFO,benchmark:380] bench args: {'searcher': 'mcts', 'mcts_b': 0, 'mcts_k': 1, 'calc_score_mode': 1}
21/04/11 15:56:50 136 [INFO,benchmark:382] start benchmark against MrGreed for 512x2
21/04/11 16:09:08 448 [INFO,bench_stat:250] epoch: 0
21/04/11 16:09:08 448 [INFO,bench_stat:251] benchmark result: -262.97 7.18
21/04/11 16:17:59 802 [INFO,train:64] dloss at 0: 0.0000 0.0004 0.0920
21/04/11 16:18:00 091 [INFO,train:93] 0: 1.083 66.71 3328 52
21/04/11 16:18:00 091 [INFO,train:100]         epoch 0 age 0: 1.083 66.71
21/04/11 16:18:00 375 [INFO,train:100]         epoch 0 age 1: 0.414 66.06
21/04/11 16:18:00 691 [INFO,train:100]         epoch 0 age 2: 0.404 64.80
21/04/11 16:34:40 759 [INFO,train:64] dloss at 1: 0.0000 0.0072 0.0063
21/04/11 16:34:41 370 [INFO,train:93] 1: 0.458 59.22 6656 104
21/04/11 16:34:41 370 [INFO,train:100]         epoch 1 age 0: 0.431 62.01
21/04/11 16:34:41 953 [INFO,train:100]         epoch 1 age 1: 0.408 57.36
21/04/11 16:34:42 542 [INFO,train:100]         epoch 1 age 2: 0.385 52.63
21/04/11 16:51:11 940 [INFO,train:64] dloss at 2: 0.0002 0.0491 0.0031
21/04/11 16:51:12 832 [INFO,train:93] 2: 0.494 61.22 9984 156
21/04/11 16:51:12 832 [INFO,train:100]         epoch 2 age 0: 0.421 55.50
21/04/11 16:51:13 711 [INFO,train:100]         epoch 2 age 1: 0.399 50.23
21/04/11 16:51:14 588 [INFO,train:100]         epoch 2 age 2: 0.381 45.93
21/04/11 17:08:23 403 [INFO,train:64] dloss at 3: 0.0003 0.0615 0.0046
21/04/11 17:08:24 281 [INFO,train:93] 3: 0.646 63.01 9984 156
21/04/11 17:08:24 281 [INFO,train:100]         epoch 3 age 0: 0.470 51.62
21/04/11 17:08:25 157 [INFO,train:100]         epoch 3 age 1: 0.453 46.82
21/04/11 17:08:26 034 [INFO,train:100]         epoch 3 age 2: 0.436 43.01
21/04/11 17:25:39 040 [INFO,train:64] dloss at 4: 0.0004 0.0748 0.0058
21/04/11 17:25:39 907 [INFO,train:93] 4: 0.683 64.25 9984 156
21/04/11 17:25:39 907 [INFO,train:100]         epoch 4 age 0: 0.518 50.09
21/04/11 17:25:40 771 [INFO,train:100]         epoch 4 age 1: 0.491 44.01
21/04/11 17:25:41 649 [INFO,train:100]         epoch 4 age 2: 0.474 39.30
21/04/11 17:41:20 021 [INFO,train:64] dloss at 5: 0.0005 0.0863 0.0053
21/04/11 17:41:20 892 [INFO,train:93] 5: 0.660 76.00 9984 156
21/04/11 17:41:20 892 [INFO,train:100]         epoch 5 age 0: 0.536 51.53
21/04/11 17:41:21 757 [INFO,train:100]         epoch 5 age 1: 0.507 44.46
21/04/11 17:41:22 622 [INFO,train:100]         epoch 5 age 2: 0.487 38.13
21/04/11 19:06:26 586 [INFO,train:64] dloss at 10: 0.0018 0.1356 0.0136
21/04/11 19:06:27 467 [INFO,train:93] 10: 0.693 67.05 9984 156
21/04/11 19:06:27 467 [INFO,train:100]         epoch 10 age 0: 0.555 40.80
21/04/11 19:06:28 347 [INFO,train:100]         epoch 10 age 1: 0.505 32.35
21/04/11 19:06:29 225 [INFO,train:100]         epoch 10 age 2: 0.470 26.99
21/04/11 20:47:29 929 [INFO,train:64] dloss at 15: 0.0015 0.0891 0.0163
21/04/11 20:47:31 409 [INFO,train:93] 15: 0.733 66.21 9984 156
21/04/11 20:47:31 409 [INFO,train:100]         epoch 15 age 0: 0.498 38.72
21/04/11 20:47:32 911 [INFO,train:100]         epoch 15 age 1: 0.411 28.38
21/04/11 20:47:34 364 [INFO,train:100]         epoch 15 age 2: 0.357 22.99
21/04/11 22:32:38 737 [INFO,read_std_hands:209] parsed 1024 hands from StdHands/random_0_1024.hands, start with: ['H4', 'DJ', 'C3', 'C6']
21/04/11 22:32:38 738 [INFO,benchmark:380] bench args: {'searcher': 'mcts', 'mcts_b': 0, 'mcts_k': 1, 'calc_score_mode': 1}
21/04/11 22:32:38 738 [INFO,benchmark:382] start benchmark against MrGreed for 512x2
21/04/11 22:51:05 073 [INFO,bench_stat:239] epoch: 20
21/04/11 22:51:05 073 [INFO,bench_stat:240] benchmark result: -231.12 7.34
21/04/11 23:00:45 671 [INFO,train:64] dloss at 20: 0.0014 0.0899 0.0157
21/04/11 23:00:47 426 [INFO,train:93] 20: 0.780 69.03 9984 156
21/04/11 23:00:47 426 [INFO,train:100]         epoch 20 age 0: 0.459 34.59
21/04/11 23:00:49 200 [INFO,train:100]         epoch 20 age 1: 0.339 22.89
21/04/11 23:00:50 975 [INFO,train:100]         epoch 20 age 2: 0.290 17.74
21/04/12 06:42:28 502 [INFO,read_std_hands:209] parsed 1024 hands from StdHands/random_0_1024.hands, start with: ['H4', 'DJ', 'C3', 'C6']
21/04/12 06:42:28 502 [INFO,benchmark:380] bench args: {'searcher': 'mcts', 'mcts_b': 0, 'mcts_k': 1, 'calc_score_mode': 1}
21/04/12 06:42:28 502 [INFO,benchmark:382] start benchmark against MrGreed for 512x2
21/04/12 07:00:56 119 [INFO,bench_stat:239] epoch: 40
21/04/12 07:00:56 120 [INFO,bench_stat:240] benchmark result: -213.94 7.52
21/04/12 07:15:34 946 [INFO,train:64] dloss at 40: 0.0015 0.0458 0.0317
21/04/12 07:15:36 128 [INFO,train:93] 40: 0.769 71.35 9984 156
21/04/12 07:15:36 128 [INFO,train:100]         epoch 40 age 0: 0.394 33.68
21/04/12 07:15:37 305 [INFO,train:100]         epoch 40 age 1: 0.257 20.90
21/04/12 07:15:38 479 [INFO,train:100]         epoch 40 age 2: 0.204 15.91
